[4.159s] DEBUG:colcon:Command line arguments: ['/usr/bin/colcon', 'build']
[4.159s] DEBUG:colcon:Parsed command line arguments: Namespace(log_base=None, log_level=None, verb_name='build', build_base='build', install_base='install', merge_install=False, symlink_install=False, test_result_base=None, continue_on_error=False, executor='parallel', parallel_workers=4, event_handlers=None, ignore_user_meta=False, metas=['./colcon.meta'], base_paths=['.'], packages_ignore=None, packages_ignore_regex=None, paths=None, packages_up_to=None, packages_up_to_regex=None, packages_above=None, packages_above_and_dependencies=None, packages_above_depth=None, packages_select_by_dep=None, packages_skip_by_dep=None, packages_skip_up_to=None, packages_select_build_failed=False, packages_skip_build_finished=False, packages_select_test_failures=False, packages_skip_test_passed=False, packages_select=None, packages_skip=None, packages_select_regex=None, packages_skip_regex=None, packages_start=None, packages_end=None, allow_overriding=[], cmake_args=None, cmake_target=None, cmake_target_skip_unavailable=False, cmake_clean_cache=False, cmake_clean_first=False, cmake_force_configure=False, ament_cmake_args=None, catkin_cmake_args=None, catkin_skip_building_tests=False, verb_parser=<colcon_defaults.argument_parser.defaults.DefaultArgumentsDecorator object at 0x7f1fbaf7bb80>, verb_extension=<colcon_core.verb.build.BuildVerb object at 0x7f1fbb0c3100>, main=<bound method BuildVerb.main of <colcon_core.verb.build.BuildVerb object at 0x7f1fbb0c3100>>)
[4.334s] Level 1:colcon.colcon_core.package_discovery:discover_packages(colcon_meta) check parameters
[4.334s] Level 1:colcon.colcon_core.package_discovery:discover_packages(recursive) check parameters
[4.335s] Level 1:colcon.colcon_core.package_discovery:discover_packages(ignore) check parameters
[4.335s] Level 1:colcon.colcon_core.package_discovery:discover_packages(path) check parameters
[4.335s] Level 1:colcon.colcon_core.package_discovery:discover_packages(colcon_meta) discover
[4.335s] Level 1:colcon.colcon_core.package_discovery:discover_packages(recursive) discover
[4.335s] INFO:colcon.colcon_core.package_discovery:Crawling recursively for packages in '/home/riser14/ros_ws'
[4.335s] Level 1:colcon.colcon_core.package_identification:_identify(.) by extensions ['ignore', 'ignore_ament_install']
[4.335s] Level 1:colcon.colcon_core.package_identification:_identify(.) by extension 'ignore'
[4.335s] Level 1:colcon.colcon_core.package_identification:_identify(.) by extension 'ignore_ament_install'
[4.336s] Level 1:colcon.colcon_core.package_identification:_identify(.) by extensions ['colcon_pkg']
[4.336s] Level 1:colcon.colcon_core.package_identification:_identify(.) by extension 'colcon_pkg'
[4.336s] Level 1:colcon.colcon_core.package_identification:_identify(.) by extensions ['colcon_meta']
[4.336s] Level 1:colcon.colcon_core.package_identification:_identify(.) by extension 'colcon_meta'
[4.336s] Level 1:colcon.colcon_core.package_identification:_identify(.) by extensions ['ros']
[4.336s] Level 1:colcon.colcon_core.package_identification:_identify(.) by extension 'ros'
[4.369s] Level 1:colcon.colcon_core.package_identification:_identify(.) by extensions ['cmake', 'python']
[4.369s] Level 1:colcon.colcon_core.package_identification:_identify(.) by extension 'cmake'
[4.369s] Level 1:colcon.colcon_core.package_identification:_identify(.) by extension 'python'
[4.370s] Level 1:colcon.colcon_core.package_identification:_identify(.) by extensions ['python_setup_py']
[4.370s] Level 1:colcon.colcon_core.package_identification:_identify(.) by extension 'python_setup_py'
[4.370s] Level 1:colcon.colcon_core.package_identification:_identify(build) by extensions ['ignore', 'ignore_ament_install']
[4.370s] Level 1:colcon.colcon_core.package_identification:_identify(build) by extension 'ignore'
[4.370s] Level 1:colcon.colcon_core.package_identification:_identify(build) ignored
[4.370s] Level 1:colcon.colcon_core.package_identification:_identify(install) by extensions ['ignore', 'ignore_ament_install']
[4.370s] Level 1:colcon.colcon_core.package_identification:_identify(install) by extension 'ignore'
[4.370s] Level 1:colcon.colcon_core.package_identification:_identify(install) ignored
[4.371s] Level 1:colcon.colcon_core.package_identification:_identify(log) by extensions ['ignore', 'ignore_ament_install']
[4.371s] Level 1:colcon.colcon_core.package_identification:_identify(log) by extension 'ignore'
[4.371s] Level 1:colcon.colcon_core.package_identification:_identify(log) ignored
[4.371s] Level 1:colcon.colcon_core.package_identification:_identify(src) by extensions ['ignore', 'ignore_ament_install']
[4.371s] Level 1:colcon.colcon_core.package_identification:_identify(src) by extension 'ignore'
[4.371s] Level 1:colcon.colcon_core.package_identification:_identify(src) by extension 'ignore_ament_install'
[4.371s] Level 1:colcon.colcon_core.package_identification:_identify(src) by extensions ['colcon_pkg']
[4.371s] Level 1:colcon.colcon_core.package_identification:_identify(src) by extension 'colcon_pkg'
[4.371s] Level 1:colcon.colcon_core.package_identification:_identify(src) by extensions ['colcon_meta']
[4.371s] Level 1:colcon.colcon_core.package_identification:_identify(src) by extension 'colcon_meta'
[4.372s] Level 1:colcon.colcon_core.package_identification:_identify(src) by extensions ['ros']
[4.372s] Level 1:colcon.colcon_core.package_identification:_identify(src) by extension 'ros'
[4.372s] Level 1:colcon.colcon_core.package_identification:_identify(src) by extensions ['cmake', 'python']
[4.372s] Level 1:colcon.colcon_core.package_identification:_identify(src) by extension 'cmake'
[4.372s] Level 1:colcon.colcon_core.package_identification:_identify(src) by extension 'python'
[4.372s] Level 1:colcon.colcon_core.package_identification:_identify(src) by extensions ['python_setup_py']
[4.372s] Level 1:colcon.colcon_core.package_identification:_identify(src) by extension 'python_setup_py'
[4.372s] Level 1:colcon.colcon_core.package_identification:_identify(src/my_package) by extensions ['ignore', 'ignore_ament_install']
[4.372s] Level 1:colcon.colcon_core.package_identification:_identify(src/my_package) by extension 'ignore'
[4.372s] Level 1:colcon.colcon_core.package_identification:_identify(src/my_package) by extension 'ignore_ament_install'
[4.372s] Level 1:colcon.colcon_core.package_identification:_identify(src/my_package) by extensions ['colcon_pkg']
[4.373s] Level 1:colcon.colcon_core.package_identification:_identify(src/my_package) by extension 'colcon_pkg'
[4.373s] Level 1:colcon.colcon_core.package_identification:_identify(src/my_package) by extensions ['colcon_meta']
[4.373s] Level 1:colcon.colcon_core.package_identification:_identify(src/my_package) by extension 'colcon_meta'
[4.373s] Level 1:colcon.colcon_core.package_identification:_identify(src/my_package) by extensions ['ros']
[4.373s] Level 1:colcon.colcon_core.package_identification:_identify(src/my_package) by extension 'ros'
[4.380s] DEBUG:colcon.colcon_core.package_identification:Package 'src/my_package' with type 'ros.ament_python' and name 'my_package'
[4.380s] Level 1:colcon.colcon_core.package_identification:_identify(src/py_pubsub) by extensions ['ignore', 'ignore_ament_install']
[4.381s] Level 1:colcon.colcon_core.package_identification:_identify(src/py_pubsub) by extension 'ignore'
[4.381s] Level 1:colcon.colcon_core.package_identification:_identify(src/py_pubsub) by extension 'ignore_ament_install'
[4.381s] Level 1:colcon.colcon_core.package_identification:_identify(src/py_pubsub) by extensions ['colcon_pkg']
[4.381s] Level 1:colcon.colcon_core.package_identification:_identify(src/py_pubsub) by extension 'colcon_pkg'
[4.382s] Level 1:colcon.colcon_core.package_identification:_identify(src/py_pubsub) by extensions ['colcon_meta']
[4.382s] Level 1:colcon.colcon_core.package_identification:_identify(src/py_pubsub) by extension 'colcon_meta'
[4.382s] Level 1:colcon.colcon_core.package_identification:_identify(src/py_pubsub) by extensions ['ros']
[4.382s] Level 1:colcon.colcon_core.package_identification:_identify(src/py_pubsub) by extension 'ros'
[4.383s] DEBUG:colcon.colcon_core.package_identification:Package 'src/py_pubsub' with type 'ros.ament_python' and name 'py_pubsub'
[4.383s] Level 1:colcon.colcon_core.package_discovery:discover_packages(recursive) using defaults
[4.383s] Level 1:colcon.colcon_core.package_discovery:discover_packages(ignore) discover
[4.384s] Level 1:colcon.colcon_core.package_discovery:discover_packages(ignore) using defaults
[4.384s] Level 1:colcon.colcon_core.package_discovery:discover_packages(path) discover
[4.384s] Level 1:colcon.colcon_core.package_discovery:discover_packages(path) using defaults
[4.752s] Level 1:colcon.colcon_core.package_discovery:discover_packages(prefix_path) check parameters
[4.752s] Level 1:colcon.colcon_core.package_discovery:discover_packages(prefix_path) discover
[4.872s] DEBUG:colcon.colcon_installed_package_information.package_discovery:Found 1 installed packages in /home/riser14/picture_ws/install
[4.928s] DEBUG:colcon.colcon_installed_package_information.package_discovery:Found 2 installed packages in /home/riser14/ros_ws/install
[5.016s] DEBUG:colcon.colcon_installed_package_information.package_discovery:Found 386 installed packages in /opt/ros/humble
[5.020s] Level 1:colcon.colcon_core.package_discovery:discover_packages(prefix_path) using defaults
[5.404s] Level 5:colcon.colcon_core.verb:set package 'my_package' build argument 'cmake_args' from command line to 'None'
[5.404s] Level 5:colcon.colcon_core.verb:set package 'my_package' build argument 'cmake_target' from command line to 'None'
[5.404s] Level 5:colcon.colcon_core.verb:set package 'my_package' build argument 'cmake_target_skip_unavailable' from command line to 'False'
[5.405s] Level 5:colcon.colcon_core.verb:set package 'my_package' build argument 'cmake_clean_cache' from command line to 'False'
[5.405s] Level 5:colcon.colcon_core.verb:set package 'my_package' build argument 'cmake_clean_first' from command line to 'False'
[5.405s] Level 5:colcon.colcon_core.verb:set package 'my_package' build argument 'cmake_force_configure' from command line to 'False'
[5.405s] Level 5:colcon.colcon_core.verb:set package 'my_package' build argument 'ament_cmake_args' from command line to 'None'
[5.405s] Level 5:colcon.colcon_core.verb:set package 'my_package' build argument 'catkin_cmake_args' from command line to 'None'
[5.405s] Level 5:colcon.colcon_core.verb:set package 'my_package' build argument 'catkin_skip_building_tests' from command line to 'False'
[5.405s] DEBUG:colcon.colcon_core.verb:Building package 'my_package' with the following arguments: {'ament_cmake_args': None, 'build_base': '/home/riser14/ros_ws/build/my_package', 'catkin_cmake_args': None, 'catkin_skip_building_tests': False, 'cmake_args': None, 'cmake_clean_cache': False, 'cmake_clean_first': False, 'cmake_force_configure': False, 'cmake_target': None, 'cmake_target_skip_unavailable': False, 'install_base': '/home/riser14/ros_ws/install/my_package', 'merge_install': False, 'path': '/home/riser14/ros_ws/src/my_package', 'symlink_install': False, 'test_result_base': None}
[5.469s] Level 5:colcon.colcon_core.verb:set package 'py_pubsub' build argument 'cmake_args' from command line to 'None'
[5.469s] Level 5:colcon.colcon_core.verb:set package 'py_pubsub' build argument 'cmake_target' from command line to 'None'
[5.469s] Level 5:colcon.colcon_core.verb:set package 'py_pubsub' build argument 'cmake_target_skip_unavailable' from command line to 'False'
[5.469s] Level 5:colcon.colcon_core.verb:set package 'py_pubsub' build argument 'cmake_clean_cache' from command line to 'False'
[5.469s] Level 5:colcon.colcon_core.verb:set package 'py_pubsub' build argument 'cmake_clean_first' from command line to 'False'
[5.469s] Level 5:colcon.colcon_core.verb:set package 'py_pubsub' build argument 'cmake_force_configure' from command line to 'False'
[5.470s] Level 5:colcon.colcon_core.verb:set package 'py_pubsub' build argument 'ament_cmake_args' from command line to 'None'
[5.470s] Level 5:colcon.colcon_core.verb:set package 'py_pubsub' build argument 'catkin_cmake_args' from command line to 'None'
[5.470s] Level 5:colcon.colcon_core.verb:set package 'py_pubsub' build argument 'catkin_skip_building_tests' from command line to 'False'
[5.470s] DEBUG:colcon.colcon_core.verb:Building package 'py_pubsub' with the following arguments: {'ament_cmake_args': None, 'build_base': '/home/riser14/ros_ws/build/py_pubsub', 'catkin_cmake_args': None, 'catkin_skip_building_tests': False, 'cmake_args': None, 'cmake_clean_cache': False, 'cmake_clean_first': False, 'cmake_force_configure': False, 'cmake_target': None, 'cmake_target_skip_unavailable': False, 'install_base': '/home/riser14/ros_ws/install/py_pubsub', 'merge_install': False, 'path': '/home/riser14/ros_ws/src/py_pubsub', 'symlink_install': False, 'test_result_base': None}
[5.534s] INFO:colcon.colcon_core.executor:Executing jobs using 'parallel' executor
[5.595s] DEBUG:colcon.colcon_parallel_executor.executor.parallel:run_until_complete
[5.596s] INFO:colcon.colcon_ros.task.ament_python.build:Building ROS package in '/home/riser14/ros_ws/src/my_package' with build type 'ament_python'
[5.597s] Level 1:colcon.colcon_core.shell:create_environment_hook('my_package', 'ament_prefix_path')
[5.669s] INFO:colcon.colcon_core.plugin_system:Skipping extension 'colcon_core.shell.bat': Not used on non-Windows systems
[5.669s] INFO:colcon.colcon_core.shell:Creating environment hook '/home/riser14/ros_ws/install/my_package/share/my_package/hook/ament_prefix_path.ps1'
[5.672s] INFO:colcon.colcon_core.shell:Creating environment descriptor '/home/riser14/ros_ws/install/my_package/share/my_package/hook/ament_prefix_path.dsv'
[5.674s] INFO:colcon.colcon_core.shell:Creating environment hook '/home/riser14/ros_ws/install/my_package/share/my_package/hook/ament_prefix_path.sh'
[5.742s] INFO:colcon.colcon_core.shell:Skip shell extension 'powershell' for command environment: Not usable outside of PowerShell
[5.742s] DEBUG:colcon.colcon_core.shell:Skip shell extension 'dsv' for command environment
[6.027s] INFO:colcon.colcon_ros.task.ament_python.build:Building ROS package in '/home/riser14/ros_ws/src/py_pubsub' with build type 'ament_python'
[6.028s] Level 1:colcon.colcon_core.shell:create_environment_hook('py_pubsub', 'ament_prefix_path')
[6.092s] INFO:colcon.colcon_core.shell:Creating environment hook '/home/riser14/ros_ws/install/py_pubsub/share/py_pubsub/hook/ament_prefix_path.ps1'
[6.094s] INFO:colcon.colcon_core.shell:Creating environment descriptor '/home/riser14/ros_ws/install/py_pubsub/share/py_pubsub/hook/ament_prefix_path.dsv'
[6.097s] INFO:colcon.colcon_core.shell:Creating environment hook '/home/riser14/ros_ws/install/py_pubsub/share/py_pubsub/hook/ament_prefix_path.sh'
[6.160s] INFO:colcon.colcon_core.shell:Skip shell extension 'powershell' for command environment: Not usable outside of PowerShell
[6.160s] DEBUG:colcon.colcon_core.shell:Skip shell extension 'dsv' for command environment
[7.567s] INFO:colcon.colcon_core.task.python.build:Building Python package in '/home/riser14/ros_ws/src/my_package'
[7.631s] INFO:colcon.colcon_core.shell:Skip shell extension 'powershell' for command environment: Not usable outside of PowerShell
[7.631s] DEBUG:colcon.colcon_core.shell:Skip shell extension 'dsv' for command environment
[9.026s] INFO:colcon.colcon_core.task.python.build:Building Python package in '/home/riser14/ros_ws/src/py_pubsub'
[9.090s] INFO:colcon.colcon_core.shell:Skip shell extension 'powershell' for command environment: Not usable outside of PowerShell
[9.090s] DEBUG:colcon.colcon_core.shell:Skip shell extension 'dsv' for command environment
[10.953s] DEBUG:colcon.colcon_core.event_handler.log_command:Invoking command in '/home/riser14/ros_ws/src/my_package': PYTHONPATH=/home/riser14/ros_ws/build/my_package/prefix_override:/home/riser14/ros_ws/install/my_package/lib/python3.10/site-packages:${PYTHONPATH} /usr/bin/python3 setup.py egg_info --egg-base ../../build/my_package build --build-base /home/riser14/ros_ws/build/my_package/build install --record /home/riser14/ros_ws/build/my_package/install.log --single-version-externally-managed
[10.979s] DEBUG:colcon.colcon_core.event_handler.log_command:Invoking command in '/home/riser14/ros_ws/src/py_pubsub': PYTHONPATH=/home/riser14/ros_ws/build/py_pubsub/prefix_override:/home/riser14/ros_ws/install/py_pubsub/lib/python3.10/site-packages:${PYTHONPATH} /usr/bin/python3 setup.py egg_info --egg-base ../../build/py_pubsub build --build-base /home/riser14/ros_ws/build/py_pubsub/build install --record /home/riser14/ros_ws/build/py_pubsub/install.log --single-version-externally-managed
[12.906s] DEBUG:colcon.colcon_core.event_handler.log_command:Invoked command in '/home/riser14/ros_ws/src/my_package' returned '0': PYTHONPATH=/home/riser14/ros_ws/build/my_package/prefix_override:/home/riser14/ros_ws/install/my_package/lib/python3.10/site-packages:${PYTHONPATH} /usr/bin/python3 setup.py egg_info --egg-base ../../build/my_package build --build-base /home/riser14/ros_ws/build/my_package/build install --record /home/riser14/ros_ws/build/my_package/install.log --single-version-externally-managed
[12.995s] Level 1:colcon.colcon_core.environment:checking '/home/riser14/ros_ws/install/my_package' for CMake module files
[12.996s] Level 1:colcon.colcon_core.environment:checking '/home/riser14/ros_ws/install/my_package' for CMake config files
[12.997s] Level 1:colcon.colcon_core.environment:checking '/home/riser14/ros_ws/install/my_package/lib'
[12.997s] Level 1:colcon.colcon_core.environment:checking '/home/riser14/ros_ws/install/my_package/bin'
[12.997s] Level 1:colcon.colcon_core.environment:checking '/home/riser14/ros_ws/install/my_package/lib/pkgconfig/my_package.pc'
[12.998s] Level 1:colcon.colcon_core.environment:checking '/home/riser14/ros_ws/install/my_package/lib/python3.10/site-packages'
[12.998s] Level 1:colcon.colcon_core.shell:create_environment_hook('my_package', 'pythonpath')
[13.091s] INFO:colcon.colcon_core.shell:Creating environment hook '/home/riser14/ros_ws/install/my_package/share/my_package/hook/pythonpath.ps1'
[13.095s] INFO:colcon.colcon_core.shell:Creating environment descriptor '/home/riser14/ros_ws/install/my_package/share/my_package/hook/pythonpath.dsv'
[13.095s] INFO:colcon.colcon_core.shell:Creating environment hook '/home/riser14/ros_ws/install/my_package/share/my_package/hook/pythonpath.sh'
[13.096s] Level 1:colcon.colcon_core.environment:checking '/home/riser14/ros_ws/install/my_package/bin'
[13.096s] Level 1:colcon.colcon_core.environment:create_environment_scripts_only(my_package)
[13.158s] INFO:colcon.colcon_core.shell:Creating package script '/home/riser14/ros_ws/install/my_package/share/my_package/package.ps1'
[13.162s] INFO:colcon.colcon_core.shell:Creating package descriptor '/home/riser14/ros_ws/install/my_package/share/my_package/package.dsv'
[13.164s] INFO:colcon.colcon_core.shell:Creating package script '/home/riser14/ros_ws/install/my_package/share/my_package/package.sh'
[13.166s] INFO:colcon.colcon_core.shell:Creating package script '/home/riser14/ros_ws/install/my_package/share/my_package/package.bash'
[13.168s] INFO:colcon.colcon_core.shell:Creating package script '/home/riser14/ros_ws/install/my_package/share/my_package/package.zsh'
[13.169s] Level 1:colcon.colcon_core.environment:create_file_with_runtime_dependencies(/home/riser14/ros_ws/install/my_package/share/colcon-core/packages/my_package)
[13.172s] DEBUG:colcon.colcon_core.event_handler.log_command:Invoked command in '/home/riser14/ros_ws/src/py_pubsub' returned '0': PYTHONPATH=/home/riser14/ros_ws/build/py_pubsub/prefix_override:/home/riser14/ros_ws/install/py_pubsub/lib/python3.10/site-packages:${PYTHONPATH} /usr/bin/python3 setup.py egg_info --egg-base ../../build/py_pubsub build --build-base /home/riser14/ros_ws/build/py_pubsub/build install --record /home/riser14/ros_ws/build/py_pubsub/install.log --single-version-externally-managed
[13.256s] Level 1:colcon.colcon_core.environment:checking '/home/riser14/ros_ws/install/py_pubsub' for CMake module files
[13.258s] Level 1:colcon.colcon_core.environment:checking '/home/riser14/ros_ws/install/py_pubsub' for CMake config files
[13.259s] Level 1:colcon.colcon_core.environment:checking '/home/riser14/ros_ws/install/py_pubsub/lib'
[13.259s] Level 1:colcon.colcon_core.environment:checking '/home/riser14/ros_ws/install/py_pubsub/bin'
[13.259s] Level 1:colcon.colcon_core.environment:checking '/home/riser14/ros_ws/install/py_pubsub/lib/pkgconfig/py_pubsub.pc'
[13.260s] Level 1:colcon.colcon_core.environment:checking '/home/riser14/ros_ws/install/py_pubsub/lib/python3.10/site-packages'
[13.260s] Level 1:colcon.colcon_core.shell:create_environment_hook('py_pubsub', 'pythonpath')
[13.326s] INFO:colcon.colcon_core.shell:Creating environment hook '/home/riser14/ros_ws/install/py_pubsub/share/py_pubsub/hook/pythonpath.ps1'
[13.328s] INFO:colcon.colcon_core.shell:Creating environment descriptor '/home/riser14/ros_ws/install/py_pubsub/share/py_pubsub/hook/pythonpath.dsv'
[13.331s] INFO:colcon.colcon_core.shell:Creating environment hook '/home/riser14/ros_ws/install/py_pubsub/share/py_pubsub/hook/pythonpath.sh'
[13.334s] Level 1:colcon.colcon_core.environment:checking '/home/riser14/ros_ws/install/py_pubsub/bin'
[13.334s] Level 1:colcon.colcon_core.environment:create_environment_scripts_only(py_pubsub)
[13.400s] INFO:colcon.colcon_core.shell:Creating package script '/home/riser14/ros_ws/install/py_pubsub/share/py_pubsub/package.ps1'
[13.402s] INFO:colcon.colcon_core.shell:Creating package descriptor '/home/riser14/ros_ws/install/py_pubsub/share/py_pubsub/package.dsv'
[13.403s] INFO:colcon.colcon_core.shell:Creating package script '/home/riser14/ros_ws/install/py_pubsub/share/py_pubsub/package.sh'
[13.407s] INFO:colcon.colcon_core.shell:Creating package script '/home/riser14/ros_ws/install/py_pubsub/share/py_pubsub/package.bash'
[13.409s] INFO:colcon.colcon_core.shell:Creating package script '/home/riser14/ros_ws/install/py_pubsub/share/py_pubsub/package.zsh'
[13.411s] Level 1:colcon.colcon_core.environment:create_file_with_runtime_dependencies(/home/riser14/ros_ws/install/py_pubsub/share/colcon-core/packages/py_pubsub)
[13.412s] DEBUG:colcon.colcon_parallel_executor.executor.parallel:closing loop
[13.413s] DEBUG:colcon.colcon_parallel_executor.executor.parallel:loop closed
[13.414s] DEBUG:colcon.colcon_parallel_executor.executor.parallel:run_until_complete finished with '0'
[13.414s] DEBUG:colcon.colcon_core.event_reactor:joining thread
[13.522s] INFO:colcon.colcon_core.plugin_system:Skipping extension 'colcon_notification.desktop_notification.terminal_notifier': Not used on non-Darwin systems
[13.522s] INFO:colcon.colcon_core.plugin_system:Skipping extension 'colcon_notification.desktop_notification.win32': Not used on non-Windows systems
[13.522s] INFO:colcon.colcon_notification.desktop_notification:Sending desktop notification using 'notify2'
[13.562s] DEBUG:colcon.colcon_core.event_reactor:joined thread
[13.647s] INFO:colcon.colcon_core.shell:Creating prefix script '/home/riser14/ros_ws/install/local_setup.ps1'
[13.648s] INFO:colcon.colcon_core.shell:Creating prefix util module '/home/riser14/ros_ws/install/_local_setup_util_ps1.py'
[13.651s] INFO:colcon.colcon_core.shell:Creating prefix chain script '/home/riser14/ros_ws/install/setup.ps1'
[13.732s] INFO:colcon.colcon_core.shell:Creating prefix script '/home/riser14/ros_ws/install/local_setup.sh'
[13.737s] INFO:colcon.colcon_core.shell:Creating prefix util module '/home/riser14/ros_ws/install/_local_setup_util_sh.py'
[13.739s] INFO:colcon.colcon_core.shell:Creating prefix chain script '/home/riser14/ros_ws/install/setup.sh'
[13.816s] INFO:colcon.colcon_core.shell:Creating prefix script '/home/riser14/ros_ws/install/local_setup.bash'
[13.817s] INFO:colcon.colcon_core.shell:Creating prefix chain script '/home/riser14/ros_ws/install/setup.bash'
[13.921s] INFO:colcon.colcon_core.shell:Creating prefix script '/home/riser14/ros_ws/install/local_setup.zsh'
[13.922s] INFO:colcon.colcon_core.shell:Creating prefix chain script '/home/riser14/ros_ws/install/setup.zsh'
