[1.671s] Invoking command in '/home/riser14/ros_ws/src/py_pubsub': PYTHONPATH=/home/riser14/ros_ws/build/py_pubsub/prefix_override:/home/riser14/ros_ws/install/py_pubsub/lib/python3.10/site-packages:${PYTHONPATH} /usr/bin/python3 setup.py egg_info --egg-base ../../build/py_pubsub build --build-base /home/riser14/ros_ws/build/py_pubsub/build install --record /home/riser14/ros_ws/build/py_pubsub/install.log --single-version-externally-managed
[2.020s] running egg_info
[2.021s] writing ../../build/py_pubsub/py_pubsub.egg-info/PKG-INFO
[2.021s] writing dependency_links to ../../build/py_pubsub/py_pubsub.egg-info/dependency_links.txt
[2.022s] writing entry points to ../../build/py_pubsub/py_pubsub.egg-info/entry_points.txt
[2.022s] writing requirements to ../../build/py_pubsub/py_pubsub.egg-info/requires.txt
[2.022s] writing top-level names to ../../build/py_pubsub/py_pubsub.egg-info/top_level.txt
[2.079s] listing git files failed - pretending there aren't any
[2.222s] reading manifest file '../../build/py_pubsub/py_pubsub.egg-info/SOURCES.txt'
[2.223s] writing manifest file '../../build/py_pubsub/py_pubsub.egg-info/SOURCES.txt'
[2.224s] running build
[2.224s] running build_py
[2.225s] copying py_pubsub/camera_recording.py -> /home/riser14/ros_ws/build/py_pubsub/build/lib/py_pubsub
[2.226s] running install
[2.226s] running install_lib
[2.228s] copying /home/riser14/ros_ws/build/py_pubsub/build/lib/py_pubsub/camera_recording.py -> /home/riser14/ros_ws/install/py_pubsub/lib/python3.10/site-packages/py_pubsub
[2.229s] byte-compiling /home/riser14/ros_ws/install/py_pubsub/lib/python3.10/site-packages/py_pubsub/camera_recording.py to camera_recording.cpython-310.pyc
[2.230s] running install_data
[2.231s] running install_egg_info
[2.232s] removing '/home/riser14/ros_ws/install/py_pubsub/lib/python3.10/site-packages/py_pubsub-0.0.0-py3.10.egg-info' (and everything under it)
[2.233s] Copying ../../build/py_pubsub/py_pubsub.egg-info to /home/riser14/ros_ws/install/py_pubsub/lib/python3.10/site-packages/py_pubsub-0.0.0-py3.10.egg-info
[2.234s] running install_scripts
[2.257s] Installing camera_record script to /home/riser14/ros_ws/install/py_pubsub/lib/py_pubsub
[2.258s] Installing capture script to /home/riser14/ros_ws/install/py_pubsub/lib/py_pubsub
[2.258s] Installing compare_feature script to /home/riser14/ros_ws/install/py_pubsub/lib/py_pubsub
[2.258s] Installing compare_mean_error script to /home/riser14/ros_ws/install/py_pubsub/lib/py_pubsub
[2.259s] Installing control_mpc script to /home/riser14/ros_ws/install/py_pubsub/lib/py_pubsub
[2.259s] Installing control_nmpc script to /home/riser14/ros_ws/install/py_pubsub/lib/py_pubsub
[2.259s] Installing drift_measure script to /home/riser14/ros_ws/install/py_pubsub/lib/py_pubsub
[2.259s] Installing follow script to /home/riser14/ros_ws/install/py_pubsub/lib/py_pubsub
[2.260s] Installing full_record script to /home/riser14/ros_ws/install/py_pubsub/lib/py_pubsub
[2.260s] Installing listener script to /home/riser14/ros_ws/install/py_pubsub/lib/py_pubsub
[2.260s] Installing pid script to /home/riser14/ros_ws/install/py_pubsub/lib/py_pubsub
[2.260s] Installing pose_sub script to /home/riser14/ros_ws/install/py_pubsub/lib/py_pubsub
[2.260s] writing list of installed files to '/home/riser14/ros_ws/build/py_pubsub/install.log'
[2.378s] Invoked command in '/home/riser14/ros_ws/src/py_pubsub' returned '0': PYTHONPATH=/home/riser14/ros_ws/build/py_pubsub/prefix_override:/home/riser14/ros_ws/install/py_pubsub/lib/python3.10/site-packages:${PYTHONPATH} /usr/bin/python3 setup.py egg_info --egg-base ../../build/py_pubsub build --build-base /home/riser14/ros_ws/build/py_pubsub/build install --record /home/riser14/ros_ws/build/py_pubsub/install.log --single-version-externally-managed
