[1.799s] Invoking command in '/home/riser14/ros_ws/src/py_pubsub': PYTHONPATH=/home/riser14/ros_ws/build/py_pubsub/prefix_override:/home/riser14/ros_ws/install/py_pubsub/lib/python3.10/site-packages:${PYTHONPATH} /usr/bin/python3 setup.py egg_info --egg-base ../../build/py_pubsub build --build-base /home/riser14/ros_ws/build/py_pubsub/build install --record /home/riser14/ros_ws/build/py_pubsub/install.log --single-version-externally-managed
[2.162s] running egg_info
[2.163s] writing ../../build/py_pubsub/py_pubsub.egg-info/PKG-INFO
[2.163s] writing dependency_links to ../../build/py_pubsub/py_pubsub.egg-info/dependency_links.txt
[2.163s] writing entry points to ../../build/py_pubsub/py_pubsub.egg-info/entry_points.txt
[2.164s] writing requirements to ../../build/py_pubsub/py_pubsub.egg-info/requires.txt
[2.164s] writing top-level names to ../../build/py_pubsub/py_pubsub.egg-info/top_level.txt
[2.221s] listing git files failed - pretending there aren't any
[2.379s] reading manifest file '../../build/py_pubsub/py_pubsub.egg-info/SOURCES.txt'
[2.381s] writing manifest file '../../build/py_pubsub/py_pubsub.egg-info/SOURCES.txt'
[2.381s] running build
[2.382s] running build_py
[2.383s] copying py_pubsub/camera_recording.py -> /home/riser14/ros_ws/build/py_pubsub/build/lib/py_pubsub
[2.384s] running install
[2.384s] running install_lib
[2.386s] copying /home/riser14/ros_ws/build/py_pubsub/build/lib/py_pubsub/camera_recording.py -> /home/riser14/ros_ws/install/py_pubsub/lib/python3.10/site-packages/py_pubsub
[2.387s] byte-compiling /home/riser14/ros_ws/install/py_pubsub/lib/python3.10/site-packages/py_pubsub/camera_recording.py to camera_recording.cpython-310.pyc
[2.389s] running install_data
[2.390s] running install_egg_info
[2.391s] removing '/home/riser14/ros_ws/install/py_pubsub/lib/python3.10/site-packages/py_pubsub-0.0.0-py3.10.egg-info' (and everything under it)
[2.392s] Copying ../../build/py_pubsub/py_pubsub.egg-info to /home/riser14/ros_ws/install/py_pubsub/lib/python3.10/site-packages/py_pubsub-0.0.0-py3.10.egg-info
[2.393s] running install_scripts
[2.428s] Installing camera_record script to /home/riser14/ros_ws/install/py_pubsub/lib/py_pubsub
[2.428s] Installing capture script to /home/riser14/ros_ws/install/py_pubsub/lib/py_pubsub
[2.429s] Installing compare_feature script to /home/riser14/ros_ws/install/py_pubsub/lib/py_pubsub
[2.429s] Installing compare_mean_error script to /home/riser14/ros_ws/install/py_pubsub/lib/py_pubsub
[2.429s] Installing control_mpc script to /home/riser14/ros_ws/install/py_pubsub/lib/py_pubsub
[2.429s] Installing control_nmpc script to /home/riser14/ros_ws/install/py_pubsub/lib/py_pubsub
[2.429s] Installing drift_measure script to /home/riser14/ros_ws/install/py_pubsub/lib/py_pubsub
[2.430s] Installing full_record script to /home/riser14/ros_ws/install/py_pubsub/lib/py_pubsub
[2.430s] Installing listener script to /home/riser14/ros_ws/install/py_pubsub/lib/py_pubsub
[2.430s] Installing pid script to /home/riser14/ros_ws/install/py_pubsub/lib/py_pubsub
[2.430s] Installing pose_sub script to /home/riser14/ros_ws/install/py_pubsub/lib/py_pubsub
[2.430s] Installing waypoint follow script to /home/riser14/ros_ws/install/py_pubsub/lib/py_pubsub
[2.431s] writing list of installed files to '/home/riser14/ros_ws/build/py_pubsub/install.log'
[2.557s] Invoked command in '/home/riser14/ros_ws/src/py_pubsub' returned '0': PYTHONPATH=/home/riser14/ros_ws/build/py_pubsub/prefix_override:/home/riser14/ros_ws/install/py_pubsub/lib/python3.10/site-packages:${PYTHONPATH} /usr/bin/python3 setup.py egg_info --egg-base ../../build/py_pubsub build --build-base /home/riser14/ros_ws/build/py_pubsub/build install --record /home/riser14/ros_ws/build/py_pubsub/install.log --single-version-externally-managed
