[2.252s] Invoking command in '/home/riser14/ros_ws/src/my_package': PYTHONPATH=/home/riser14/ros_ws/build/my_package/prefix_override:/home/riser14/ros_ws/install/my_package/lib/python3.10/site-packages:${PYTHONPATH} /usr/bin/python3 setup.py egg_info --egg-base ../../build/my_package build --build-base /home/riser14/ros_ws/build/my_package/build install --record /home/riser14/ros_ws/build/my_package/install.log --single-version-externally-managed
[2.624s] running egg_info
[2.625s] writing ../../build/my_package/my_package.egg-info/PKG-INFO
[2.625s] writing dependency_links to ../../build/my_package/my_package.egg-info/dependency_links.txt
[2.626s] writing entry points to ../../build/my_package/my_package.egg-info/entry_points.txt
[2.626s] writing requirements to ../../build/my_package/my_package.egg-info/requires.txt
[2.627s] writing top-level names to ../../build/my_package/my_package.egg-info/top_level.txt
[2.706s] listing git files failed - pretending there aren't any
[3.234s] reading manifest file '../../build/my_package/my_package.egg-info/SOURCES.txt'
[3.257s] writing manifest file '../../build/my_package/my_package.egg-info/SOURCES.txt'
[3.257s] running build
[3.258s] running build_py
[3.258s] running install
[3.258s] running install_lib
[3.260s] running install_data
[3.261s] running install_egg_info
[3.262s] removing '/home/riser14/ros_ws/install/my_package/lib/python3.10/site-packages/my_package-0.0.0-py3.10.egg-info' (and everything under it)
[3.301s] Copying ../../build/my_package/my_package.egg-info to /home/riser14/ros_ws/install/my_package/lib/python3.10/site-packages/my_package-0.0.0-py3.10.egg-info
[3.331s] running install_scripts
[3.356s] Installing my_node script to /home/riser14/ros_ws/install/my_package/lib/my_package
[3.356s] writing list of installed files to '/home/riser14/ros_ws/build/my_package/install.log'
[3.567s] Invoked command in '/home/riser14/ros_ws/src/my_package' returned '0': PYTHONPATH=/home/riser14/ros_ws/build/my_package/prefix_override:/home/riser14/ros_ws/install/my_package/lib/python3.10/site-packages:${PYTHONPATH} /usr/bin/python3 setup.py egg_info --egg-base ../../build/my_package build --build-base /home/riser14/ros_ws/build/my_package/build install --record /home/riser14/ros_ws/build/my_package/install.log --single-version-externally-managed
