[9.076s] Invoking command in '/home/riser14/ros_ws/src/my_package': PYTHONPATH=/home/riser14/ros_ws/build/my_package/prefix_override:/home/riser14/ros_ws/install/my_package/lib/python3.10/site-packages:${PYTHONPATH} /usr/bin/python3 setup.py egg_info --egg-base ../../build/my_package build --build-base /home/riser14/ros_ws/build/my_package/build install --record /home/riser14/ros_ws/build/my_package/install.log --single-version-externally-managed
[10.639s] running egg_info
[10.643s] writing ../../build/my_package/my_package.egg-info/PKG-INFO
[10.645s] writing dependency_links to ../../build/my_package/my_package.egg-info/dependency_links.txt
[10.647s] writing entry points to ../../build/my_package/my_package.egg-info/entry_points.txt
[10.651s] writing requirements to ../../build/my_package/my_package.egg-info/requires.txt
[10.661s] writing top-level names to ../../build/my_package/my_package.egg-info/top_level.txt
[10.933s] listing git files failed - pretending there aren't any
[11.560s] reading manifest file '../../build/my_package/my_package.egg-info/SOURCES.txt'
[11.564s] writing manifest file '../../build/my_package/my_package.egg-info/SOURCES.txt'
[11.564s] running build
[11.564s] running build_py
[11.567s] running install
[11.568s] running install_lib
[11.571s] running install_data
[11.572s] running install_egg_info
[11.575s] removing '/home/riser14/ros_ws/install/my_package/lib/python3.10/site-packages/my_package-0.0.0-py3.10.egg-info' (and everything under it)
[11.578s] Copying ../../build/my_package/my_package.egg-info to /home/riser14/ros_ws/install/my_package/lib/python3.10/site-packages/my_package-0.0.0-py3.10.egg-info
[11.579s] running install_scripts
[11.732s] Installing my_node script to /home/riser14/ros_ws/install/my_package/lib/my_package
[11.733s] writing list of installed files to '/home/riser14/ros_ws/build/my_package/install.log'
[11.876s] Invoked command in '/home/riser14/ros_ws/src/my_package' returned '0': PYTHONPATH=/home/riser14/ros_ws/build/my_package/prefix_override:/home/riser14/ros_ws/install/my_package/lib/python3.10/site-packages:${PYTHONPATH} /usr/bin/python3 setup.py egg_info --egg-base ../../build/my_package build --build-base /home/riser14/ros_ws/build/my_package/build install --record /home/riser14/ros_ws/build/my_package/install.log --single-version-externally-managed
