[1.507s] DEBUG:colcon:Command line arguments: ['/usr/bin/colcon', 'build']
[1.507s] DEBUG:colcon:Parsed command line arguments: Namespace(log_base=None, log_level=None, verb_name='build', build_base='build', install_base='install', merge_install=False, symlink_install=False, test_result_base=None, continue_on_error=False, executor='parallel', parallel_workers=4, event_handlers=None, ignore_user_meta=False, metas=['./colcon.meta'], base_paths=['.'], packages_ignore=None, packages_ignore_regex=None, paths=None, packages_up_to=None, packages_up_to_regex=None, packages_above=None, packages_above_and_dependencies=None, packages_above_depth=None, packages_select_by_dep=None, packages_skip_by_dep=None, packages_skip_up_to=None, packages_select_build_failed=False, packages_skip_build_finished=False, packages_select_test_failures=False, packages_skip_test_passed=False, packages_select=None, packages_skip=None, packages_select_regex=None, packages_skip_regex=None, packages_start=None, packages_end=None, allow_overriding=[], cmake_args=None, cmake_target=None, cmake_target_skip_unavailable=False, cmake_clean_cache=False, cmake_clean_first=False, cmake_force_configure=False, ament_cmake_args=None, catkin_cmake_args=None, catkin_skip_building_tests=False, verb_parser=<colcon_defaults.argument_parser.defaults.DefaultArgumentsDecorator object at 0x7ff6aaa83bb0>, verb_extension=<colcon_core.verb.build.BuildVerb object at 0x7ff6aabc5b40>, main=<bound method BuildVerb.main of <colcon_core.verb.build.BuildVerb object at 0x7ff6aabc5b40>>)
[1.586s] Level 1:colcon.colcon_core.package_discovery:discover_packages(colcon_meta) check parameters
[1.586s] Level 1:colcon.colcon_core.package_discovery:discover_packages(recursive) check parameters
[1.586s] Level 1:colcon.colcon_core.package_discovery:discover_packages(ignore) check parameters
[1.586s] Level 1:colcon.colcon_core.package_discovery:discover_packages(path) check parameters
[1.586s] Level 1:colcon.colcon_core.package_discovery:discover_packages(colcon_meta) discover
[1.586s] Level 1:colcon.colcon_core.package_discovery:discover_packages(recursive) discover
[1.586s] INFO:colcon.colcon_core.package_discovery:Crawling recursively for packages in '/home/riser14/ros_ws'
[1.586s] Level 1:colcon.colcon_core.package_identification:_identify(.) by extensions ['ignore', 'ignore_ament_install']
[1.587s] Level 1:colcon.colcon_core.package_identification:_identify(.) by extension 'ignore'
[1.587s] Level 1:colcon.colcon_core.package_identification:_identify(.) by extension 'ignore_ament_install'
[1.587s] Level 1:colcon.colcon_core.package_identification:_identify(.) by extensions ['colcon_pkg']
[1.587s] Level 1:colcon.colcon_core.package_identification:_identify(.) by extension 'colcon_pkg'
[1.587s] Level 1:colcon.colcon_core.package_identification:_identify(.) by extensions ['colcon_meta']
[1.587s] Level 1:colcon.colcon_core.package_identification:_identify(.) by extension 'colcon_meta'
[1.587s] Level 1:colcon.colcon_core.package_identification:_identify(.) by extensions ['ros']
[1.587s] Level 1:colcon.colcon_core.package_identification:_identify(.) by extension 'ros'
[1.645s] Level 1:colcon.colcon_core.package_identification:_identify(.) by extensions ['cmake', 'python']
[1.645s] Level 1:colcon.colcon_core.package_identification:_identify(.) by extension 'cmake'
[1.645s] Level 1:colcon.colcon_core.package_identification:_identify(.) by extension 'python'
[1.645s] Level 1:colcon.colcon_core.package_identification:_identify(.) by extensions ['python_setup_py']
[1.646s] Level 1:colcon.colcon_core.package_identification:_identify(.) by extension 'python_setup_py'
[1.646s] Level 1:colcon.colcon_core.package_identification:_identify(Reference_Images) by extensions ['ignore', 'ignore_ament_install']
[1.646s] Level 1:colcon.colcon_core.package_identification:_identify(Reference_Images) by extension 'ignore'
[1.646s] Level 1:colcon.colcon_core.package_identification:_identify(Reference_Images) by extension 'ignore_ament_install'
[1.646s] Level 1:colcon.colcon_core.package_identification:_identify(Reference_Images) by extensions ['colcon_pkg']
[1.646s] Level 1:colcon.colcon_core.package_identification:_identify(Reference_Images) by extension 'colcon_pkg'
[1.646s] Level 1:colcon.colcon_core.package_identification:_identify(Reference_Images) by extensions ['colcon_meta']
[1.646s] Level 1:colcon.colcon_core.package_identification:_identify(Reference_Images) by extension 'colcon_meta'
[1.646s] Level 1:colcon.colcon_core.package_identification:_identify(Reference_Images) by extensions ['ros']
[1.646s] Level 1:colcon.colcon_core.package_identification:_identify(Reference_Images) by extension 'ros'
[1.646s] Level 1:colcon.colcon_core.package_identification:_identify(Reference_Images) by extensions ['cmake', 'python']
[1.646s] Level 1:colcon.colcon_core.package_identification:_identify(Reference_Images) by extension 'cmake'
[1.646s] Level 1:colcon.colcon_core.package_identification:_identify(Reference_Images) by extension 'python'
[1.646s] Level 1:colcon.colcon_core.package_identification:_identify(Reference_Images) by extensions ['python_setup_py']
[1.646s] Level 1:colcon.colcon_core.package_identification:_identify(Reference_Images) by extension 'python_setup_py'
[1.646s] Level 1:colcon.colcon_core.package_identification:_identify(True_path_images) by extensions ['ignore', 'ignore_ament_install']
[1.647s] Level 1:colcon.colcon_core.package_identification:_identify(True_path_images) by extension 'ignore'
[1.647s] Level 1:colcon.colcon_core.package_identification:_identify(True_path_images) by extension 'ignore_ament_install'
[1.647s] Level 1:colcon.colcon_core.package_identification:_identify(True_path_images) by extensions ['colcon_pkg']
[1.647s] Level 1:colcon.colcon_core.package_identification:_identify(True_path_images) by extension 'colcon_pkg'
[1.647s] Level 1:colcon.colcon_core.package_identification:_identify(True_path_images) by extensions ['colcon_meta']
[1.647s] Level 1:colcon.colcon_core.package_identification:_identify(True_path_images) by extension 'colcon_meta'
[1.647s] Level 1:colcon.colcon_core.package_identification:_identify(True_path_images) by extensions ['ros']
[1.647s] Level 1:colcon.colcon_core.package_identification:_identify(True_path_images) by extension 'ros'
[1.647s] Level 1:colcon.colcon_core.package_identification:_identify(True_path_images) by extensions ['cmake', 'python']
[1.647s] Level 1:colcon.colcon_core.package_identification:_identify(True_path_images) by extension 'cmake'
[1.647s] Level 1:colcon.colcon_core.package_identification:_identify(True_path_images) by extension 'python'
[1.647s] Level 1:colcon.colcon_core.package_identification:_identify(True_path_images) by extensions ['python_setup_py']
[1.647s] Level 1:colcon.colcon_core.package_identification:_identify(True_path_images) by extension 'python_setup_py'
[1.647s] Level 1:colcon.colcon_core.package_identification:_identify(build) by extensions ['ignore', 'ignore_ament_install']
[1.647s] Level 1:colcon.colcon_core.package_identification:_identify(build) by extension 'ignore'
[1.647s] Level 1:colcon.colcon_core.package_identification:_identify(build) ignored
[1.648s] Level 1:colcon.colcon_core.package_identification:_identify(install) by extensions ['ignore', 'ignore_ament_install']
[1.648s] Level 1:colcon.colcon_core.package_identification:_identify(install) by extension 'ignore'
[1.648s] Level 1:colcon.colcon_core.package_identification:_identify(install) ignored
[1.648s] Level 1:colcon.colcon_core.package_identification:_identify(log) by extensions ['ignore', 'ignore_ament_install']
[1.648s] Level 1:colcon.colcon_core.package_identification:_identify(log) by extension 'ignore'
[1.648s] Level 1:colcon.colcon_core.package_identification:_identify(log) ignored
[1.648s] Level 1:colcon.colcon_core.package_identification:_identify(src) by extensions ['ignore', 'ignore_ament_install']
[1.648s] Level 1:colcon.colcon_core.package_identification:_identify(src) by extension 'ignore'
[1.648s] Level 1:colcon.colcon_core.package_identification:_identify(src) by extension 'ignore_ament_install'
[1.648s] Level 1:colcon.colcon_core.package_identification:_identify(src) by extensions ['colcon_pkg']
[1.648s] Level 1:colcon.colcon_core.package_identification:_identify(src) by extension 'colcon_pkg'
[1.649s] Level 1:colcon.colcon_core.package_identification:_identify(src) by extensions ['colcon_meta']
[1.649s] Level 1:colcon.colcon_core.package_identification:_identify(src) by extension 'colcon_meta'
[1.649s] Level 1:colcon.colcon_core.package_identification:_identify(src) by extensions ['ros']
[1.649s] Level 1:colcon.colcon_core.package_identification:_identify(src) by extension 'ros'
[1.649s] Level 1:colcon.colcon_core.package_identification:_identify(src) by extensions ['cmake', 'python']
[1.649s] Level 1:colcon.colcon_core.package_identification:_identify(src) by extension 'cmake'
[1.649s] Level 1:colcon.colcon_core.package_identification:_identify(src) by extension 'python'
[1.649s] Level 1:colcon.colcon_core.package_identification:_identify(src) by extensions ['python_setup_py']
[1.649s] Level 1:colcon.colcon_core.package_identification:_identify(src) by extension 'python_setup_py'
[1.649s] Level 1:colcon.colcon_core.package_identification:_identify(src/my_package) by extensions ['ignore', 'ignore_ament_install']
[1.649s] Level 1:colcon.colcon_core.package_identification:_identify(src/my_package) by extension 'ignore'
[1.649s] Level 1:colcon.colcon_core.package_identification:_identify(src/my_package) by extension 'ignore_ament_install'
[1.649s] Level 1:colcon.colcon_core.package_identification:_identify(src/my_package) by extensions ['colcon_pkg']
[1.649s] Level 1:colcon.colcon_core.package_identification:_identify(src/my_package) by extension 'colcon_pkg'
[1.649s] Level 1:colcon.colcon_core.package_identification:_identify(src/my_package) by extensions ['colcon_meta']
[1.649s] Level 1:colcon.colcon_core.package_identification:_identify(src/my_package) by extension 'colcon_meta'
[1.649s] Level 1:colcon.colcon_core.package_identification:_identify(src/my_package) by extensions ['ros']
[1.649s] Level 1:colcon.colcon_core.package_identification:_identify(src/my_package) by extension 'ros'
[1.674s] DEBUG:colcon.colcon_core.package_identification:Package 'src/my_package' with type 'ros.ament_python' and name 'my_package'
[1.675s] Level 1:colcon.colcon_core.package_identification:_identify(src/py_pubsub) by extensions ['ignore', 'ignore_ament_install']
[1.675s] Level 1:colcon.colcon_core.package_identification:_identify(src/py_pubsub) by extension 'ignore'
[1.675s] Level 1:colcon.colcon_core.package_identification:_identify(src/py_pubsub) by extension 'ignore_ament_install'
[1.675s] Level 1:colcon.colcon_core.package_identification:_identify(src/py_pubsub) by extensions ['colcon_pkg']
[1.675s] Level 1:colcon.colcon_core.package_identification:_identify(src/py_pubsub) by extension 'colcon_pkg'
[1.675s] Level 1:colcon.colcon_core.package_identification:_identify(src/py_pubsub) by extensions ['colcon_meta']
[1.675s] Level 1:colcon.colcon_core.package_identification:_identify(src/py_pubsub) by extension 'colcon_meta'
[1.675s] Level 1:colcon.colcon_core.package_identification:_identify(src/py_pubsub) by extensions ['ros']
[1.675s] Level 1:colcon.colcon_core.package_identification:_identify(src/py_pubsub) by extension 'ros'
[1.677s] DEBUG:colcon.colcon_core.package_identification:Package 'src/py_pubsub' with type 'ros.ament_python' and name 'py_pubsub'
[1.677s] Level 1:colcon.colcon_core.package_discovery:discover_packages(recursive) using defaults
[1.677s] Level 1:colcon.colcon_core.package_discovery:discover_packages(ignore) discover
[1.677s] Level 1:colcon.colcon_core.package_discovery:discover_packages(ignore) using defaults
[1.677s] Level 1:colcon.colcon_core.package_discovery:discover_packages(path) discover
[1.677s] Level 1:colcon.colcon_core.package_discovery:discover_packages(path) using defaults
[1.863s] Level 1:colcon.colcon_core.package_discovery:discover_packages(prefix_path) check parameters
[1.864s] Level 1:colcon.colcon_core.package_discovery:discover_packages(prefix_path) discover
[1.911s] DEBUG:colcon.colcon_installed_package_information.package_discovery:Found 3 installed packages in /home/riser14/turtlebot3_ws/install
[1.932s] DEBUG:colcon.colcon_installed_package_information.package_discovery:Found 1 installed packages in /home/riser14/picture_ws/install
[1.965s] DEBUG:colcon.colcon_installed_package_information.package_discovery:Found 2 installed packages in /home/riser14/ros_ws/install
[1.988s] DEBUG:colcon.colcon_installed_package_information.package_discovery:Found 386 installed packages in /opt/ros/humble
[1.990s] Level 1:colcon.colcon_core.package_discovery:discover_packages(prefix_path) using defaults
[2.131s] Level 5:colcon.colcon_core.verb:set package 'my_package' build argument 'cmake_args' from command line to 'None'
[2.131s] Level 5:colcon.colcon_core.verb:set package 'my_package' build argument 'cmake_target' from command line to 'None'
[2.131s] Level 5:colcon.colcon_core.verb:set package 'my_package' build argument 'cmake_target_skip_unavailable' from command line to 'False'
[2.131s] Level 5:colcon.colcon_core.verb:set package 'my_package' build argument 'cmake_clean_cache' from command line to 'False'
[2.132s] Level 5:colcon.colcon_core.verb:set package 'my_package' build argument 'cmake_clean_first' from command line to 'False'
[2.132s] Level 5:colcon.colcon_core.verb:set package 'my_package' build argument 'cmake_force_configure' from command line to 'False'
[2.132s] Level 5:colcon.colcon_core.verb:set package 'my_package' build argument 'ament_cmake_args' from command line to 'None'
[2.132s] Level 5:colcon.colcon_core.verb:set package 'my_package' build argument 'catkin_cmake_args' from command line to 'None'
[2.132s] Level 5:colcon.colcon_core.verb:set package 'my_package' build argument 'catkin_skip_building_tests' from command line to 'False'
[2.132s] DEBUG:colcon.colcon_core.verb:Building package 'my_package' with the following arguments: {'ament_cmake_args': None, 'build_base': '/home/riser14/ros_ws/build/my_package', 'catkin_cmake_args': None, 'catkin_skip_building_tests': False, 'cmake_args': None, 'cmake_clean_cache': False, 'cmake_clean_first': False, 'cmake_force_configure': False, 'cmake_target': None, 'cmake_target_skip_unavailable': False, 'install_base': '/home/riser14/ros_ws/install/my_package', 'merge_install': False, 'path': '/home/riser14/ros_ws/src/my_package', 'symlink_install': False, 'test_result_base': None}
[2.153s] Level 5:colcon.colcon_core.verb:set package 'py_pubsub' build argument 'cmake_args' from command line to 'None'
[2.153s] Level 5:colcon.colcon_core.verb:set package 'py_pubsub' build argument 'cmake_target' from command line to 'None'
[2.153s] Level 5:colcon.colcon_core.verb:set package 'py_pubsub' build argument 'cmake_target_skip_unavailable' from command line to 'False'
[2.153s] Level 5:colcon.colcon_core.verb:set package 'py_pubsub' build argument 'cmake_clean_cache' from command line to 'False'
[2.153s] Level 5:colcon.colcon_core.verb:set package 'py_pubsub' build argument 'cmake_clean_first' from command line to 'False'
[2.153s] Level 5:colcon.colcon_core.verb:set package 'py_pubsub' build argument 'cmake_force_configure' from command line to 'False'
[2.153s] Level 5:colcon.colcon_core.verb:set package 'py_pubsub' build argument 'ament_cmake_args' from command line to 'None'
[2.154s] Level 5:colcon.colcon_core.verb:set package 'py_pubsub' build argument 'catkin_cmake_args' from command line to 'None'
[2.154s] Level 5:colcon.colcon_core.verb:set package 'py_pubsub' build argument 'catkin_skip_building_tests' from command line to 'False'
[2.154s] DEBUG:colcon.colcon_core.verb:Building package 'py_pubsub' with the following arguments: {'ament_cmake_args': None, 'build_base': '/home/riser14/ros_ws/build/py_pubsub', 'catkin_cmake_args': None, 'catkin_skip_building_tests': False, 'cmake_args': None, 'cmake_clean_cache': False, 'cmake_clean_first': False, 'cmake_force_configure': False, 'cmake_target': None, 'cmake_target_skip_unavailable': False, 'install_base': '/home/riser14/ros_ws/install/py_pubsub', 'merge_install': False, 'path': '/home/riser14/ros_ws/src/py_pubsub', 'symlink_install': False, 'test_result_base': None}
[2.175s] INFO:colcon.colcon_core.executor:Executing jobs using 'parallel' executor
[2.202s] DEBUG:colcon.colcon_parallel_executor.executor.parallel:run_until_complete
[2.203s] INFO:colcon.colcon_ros.task.ament_python.build:Building ROS package in '/home/riser14/ros_ws/src/my_package' with build type 'ament_python'
[2.203s] Level 1:colcon.colcon_core.shell:create_environment_hook('my_package', 'ament_prefix_path')
[2.232s] INFO:colcon.colcon_core.plugin_system:Skipping extension 'colcon_core.shell.bat': Not used on non-Windows systems
[2.232s] INFO:colcon.colcon_core.shell:Creating environment hook '/home/riser14/ros_ws/install/my_package/share/my_package/hook/ament_prefix_path.ps1'
[2.233s] INFO:colcon.colcon_core.shell:Creating environment descriptor '/home/riser14/ros_ws/install/my_package/share/my_package/hook/ament_prefix_path.dsv'
[2.233s] INFO:colcon.colcon_core.shell:Creating environment hook '/home/riser14/ros_ws/install/my_package/share/my_package/hook/ament_prefix_path.sh'
[2.262s] INFO:colcon.colcon_core.shell:Skip shell extension 'powershell' for command environment: Not usable outside of PowerShell
[2.263s] DEBUG:colcon.colcon_core.shell:Skip shell extension 'dsv' for command environment
[2.397s] INFO:colcon.colcon_ros.task.ament_python.build:Building ROS package in '/home/riser14/ros_ws/src/py_pubsub' with build type 'ament_python'
[2.397s] Level 1:colcon.colcon_core.shell:create_environment_hook('py_pubsub', 'ament_prefix_path')
[2.421s] INFO:colcon.colcon_core.shell:Creating environment hook '/home/riser14/ros_ws/install/py_pubsub/share/py_pubsub/hook/ament_prefix_path.ps1'
[2.422s] INFO:colcon.colcon_core.shell:Creating environment descriptor '/home/riser14/ros_ws/install/py_pubsub/share/py_pubsub/hook/ament_prefix_path.dsv'
[2.422s] INFO:colcon.colcon_core.shell:Creating environment hook '/home/riser14/ros_ws/install/py_pubsub/share/py_pubsub/hook/ament_prefix_path.sh'
[2.445s] INFO:colcon.colcon_core.shell:Skip shell extension 'powershell' for command environment: Not usable outside of PowerShell
[2.445s] DEBUG:colcon.colcon_core.shell:Skip shell extension 'dsv' for command environment
[2.918s] INFO:colcon.colcon_core.task.python.build:Building Python package in '/home/riser14/ros_ws/src/my_package'
[2.940s] INFO:colcon.colcon_core.shell:Skip shell extension 'powershell' for command environment: Not usable outside of PowerShell
[2.940s] DEBUG:colcon.colcon_core.shell:Skip shell extension 'dsv' for command environment
[3.417s] INFO:colcon.colcon_core.task.python.build:Building Python package in '/home/riser14/ros_ws/src/py_pubsub'
[3.438s] INFO:colcon.colcon_core.shell:Skip shell extension 'powershell' for command environment: Not usable outside of PowerShell
[3.438s] DEBUG:colcon.colcon_core.shell:Skip shell extension 'dsv' for command environment
[4.073s] DEBUG:colcon.colcon_core.event_handler.log_command:Invoking command in '/home/riser14/ros_ws/src/py_pubsub': PYTHONPATH=/home/riser14/ros_ws/build/py_pubsub/prefix_override:/home/riser14/ros_ws/install/py_pubsub/lib/python3.10/site-packages:${PYTHONPATH} /usr/bin/python3 setup.py egg_info --egg-base ../../build/py_pubsub build --build-base /home/riser14/ros_ws/build/py_pubsub/build install --record /home/riser14/ros_ws/build/py_pubsub/install.log --single-version-externally-managed
[4.079s] DEBUG:colcon.colcon_core.event_handler.log_command:Invoking command in '/home/riser14/ros_ws/src/my_package': PYTHONPATH=/home/riser14/ros_ws/build/my_package/prefix_override:/home/riser14/ros_ws/install/my_package/lib/python3.10/site-packages:${PYTHONPATH} /usr/bin/python3 setup.py egg_info --egg-base ../../build/my_package build --build-base /home/riser14/ros_ws/build/my_package/build install --record /home/riser14/ros_ws/build/my_package/install.log --single-version-externally-managed
[5.016s] DEBUG:colcon.colcon_core.event_handler.log_command:Invoked command in '/home/riser14/ros_ws/src/my_package' returned '0': PYTHONPATH=/home/riser14/ros_ws/build/my_package/prefix_override:/home/riser14/ros_ws/install/my_package/lib/python3.10/site-packages:${PYTHONPATH} /usr/bin/python3 setup.py egg_info --egg-base ../../build/my_package build --build-base /home/riser14/ros_ws/build/my_package/build install --record /home/riser14/ros_ws/build/my_package/install.log --single-version-externally-managed
[5.051s] Level 1:colcon.colcon_core.environment:checking '/home/riser14/ros_ws/install/my_package' for CMake module files
[5.052s] Level 1:colcon.colcon_core.environment:checking '/home/riser14/ros_ws/install/my_package' for CMake config files
[5.053s] Level 1:colcon.colcon_core.environment:checking '/home/riser14/ros_ws/install/my_package/lib'
[5.053s] Level 1:colcon.colcon_core.environment:checking '/home/riser14/ros_ws/install/my_package/bin'
[5.053s] Level 1:colcon.colcon_core.environment:checking '/home/riser14/ros_ws/install/my_package/lib/pkgconfig/my_package.pc'
[5.054s] Level 1:colcon.colcon_core.environment:checking '/home/riser14/ros_ws/install/my_package/lib/python3.10/site-packages'
[5.054s] Level 1:colcon.colcon_core.shell:create_environment_hook('my_package', 'pythonpath')
[5.087s] INFO:colcon.colcon_core.shell:Creating environment hook '/home/riser14/ros_ws/install/my_package/share/my_package/hook/pythonpath.ps1'
[5.088s] INFO:colcon.colcon_core.shell:Creating environment descriptor '/home/riser14/ros_ws/install/my_package/share/my_package/hook/pythonpath.dsv'
[5.089s] INFO:colcon.colcon_core.shell:Creating environment hook '/home/riser14/ros_ws/install/my_package/share/my_package/hook/pythonpath.sh'
[5.090s] Level 1:colcon.colcon_core.environment:checking '/home/riser14/ros_ws/install/my_package/bin'
[5.090s] Level 1:colcon.colcon_core.environment:create_environment_scripts_only(my_package)
[5.122s] INFO:colcon.colcon_core.shell:Creating package script '/home/riser14/ros_ws/install/my_package/share/my_package/package.ps1'
[5.123s] INFO:colcon.colcon_core.shell:Creating package descriptor '/home/riser14/ros_ws/install/my_package/share/my_package/package.dsv'
[5.124s] INFO:colcon.colcon_core.shell:Creating package script '/home/riser14/ros_ws/install/my_package/share/my_package/package.sh'
[5.124s] INFO:colcon.colcon_core.shell:Creating package script '/home/riser14/ros_ws/install/my_package/share/my_package/package.bash'
[5.125s] INFO:colcon.colcon_core.shell:Creating package script '/home/riser14/ros_ws/install/my_package/share/my_package/package.zsh'
[5.126s] Level 1:colcon.colcon_core.environment:create_file_with_runtime_dependencies(/home/riser14/ros_ws/install/my_package/share/colcon-core/packages/my_package)
[5.131s] DEBUG:colcon.colcon_core.event_handler.log_command:Invoked command in '/home/riser14/ros_ws/src/py_pubsub' returned '0': PYTHONPATH=/home/riser14/ros_ws/build/py_pubsub/prefix_override:/home/riser14/ros_ws/install/py_pubsub/lib/python3.10/site-packages:${PYTHONPATH} /usr/bin/python3 setup.py egg_info --egg-base ../../build/py_pubsub build --build-base /home/riser14/ros_ws/build/py_pubsub/build install --record /home/riser14/ros_ws/build/py_pubsub/install.log --single-version-externally-managed
[5.157s] Level 1:colcon.colcon_core.environment:checking '/home/riser14/ros_ws/install/py_pubsub' for CMake module files
[5.158s] Level 1:colcon.colcon_core.environment:checking '/home/riser14/ros_ws/install/py_pubsub' for CMake config files
[5.158s] Level 1:colcon.colcon_core.environment:checking '/home/riser14/ros_ws/install/py_pubsub/lib'
[5.159s] Level 1:colcon.colcon_core.environment:checking '/home/riser14/ros_ws/install/py_pubsub/bin'
[5.159s] Level 1:colcon.colcon_core.environment:checking '/home/riser14/ros_ws/install/py_pubsub/lib/pkgconfig/py_pubsub.pc'
[5.159s] Level 1:colcon.colcon_core.environment:checking '/home/riser14/ros_ws/install/py_pubsub/lib/python3.10/site-packages'
[5.159s] Level 1:colcon.colcon_core.shell:create_environment_hook('py_pubsub', 'pythonpath')
[5.181s] INFO:colcon.colcon_core.shell:Creating environment hook '/home/riser14/ros_ws/install/py_pubsub/share/py_pubsub/hook/pythonpath.ps1'
[5.181s] INFO:colcon.colcon_core.shell:Creating environment descriptor '/home/riser14/ros_ws/install/py_pubsub/share/py_pubsub/hook/pythonpath.dsv'
[5.182s] INFO:colcon.colcon_core.shell:Creating environment hook '/home/riser14/ros_ws/install/py_pubsub/share/py_pubsub/hook/pythonpath.sh'
[5.182s] Level 1:colcon.colcon_core.environment:checking '/home/riser14/ros_ws/install/py_pubsub/bin'
[5.182s] Level 1:colcon.colcon_core.environment:create_environment_scripts_only(py_pubsub)
[5.204s] INFO:colcon.colcon_core.shell:Creating package script '/home/riser14/ros_ws/install/py_pubsub/share/py_pubsub/package.ps1'
[5.204s] INFO:colcon.colcon_core.shell:Creating package descriptor '/home/riser14/ros_ws/install/py_pubsub/share/py_pubsub/package.dsv'
[5.205s] INFO:colcon.colcon_core.shell:Creating package script '/home/riser14/ros_ws/install/py_pubsub/share/py_pubsub/package.sh'
[5.205s] INFO:colcon.colcon_core.shell:Creating package script '/home/riser14/ros_ws/install/py_pubsub/share/py_pubsub/package.bash'
[5.206s] INFO:colcon.colcon_core.shell:Creating package script '/home/riser14/ros_ws/install/py_pubsub/share/py_pubsub/package.zsh'
[5.206s] Level 1:colcon.colcon_core.environment:create_file_with_runtime_dependencies(/home/riser14/ros_ws/install/py_pubsub/share/colcon-core/packages/py_pubsub)
[5.206s] DEBUG:colcon.colcon_parallel_executor.executor.parallel:closing loop
[5.207s] DEBUG:colcon.colcon_parallel_executor.executor.parallel:loop closed
[5.207s] DEBUG:colcon.colcon_parallel_executor.executor.parallel:run_until_complete finished with '0'
[5.207s] DEBUG:colcon.colcon_core.event_reactor:joining thread
[5.263s] INFO:colcon.colcon_core.plugin_system:Skipping extension 'colcon_notification.desktop_notification.terminal_notifier': Not used on non-Darwin systems
[5.263s] INFO:colcon.colcon_core.plugin_system:Skipping extension 'colcon_notification.desktop_notification.win32': Not used on non-Windows systems
[5.263s] INFO:colcon.colcon_notification.desktop_notification:Sending desktop notification using 'notify2'
[5.276s] DEBUG:colcon.colcon_core.event_reactor:joined thread
[5.298s] INFO:colcon.colcon_core.shell:Creating prefix script '/home/riser14/ros_ws/install/local_setup.ps1'
[5.299s] INFO:colcon.colcon_core.shell:Creating prefix util module '/home/riser14/ros_ws/install/_local_setup_util_ps1.py'
[5.300s] INFO:colcon.colcon_core.shell:Creating prefix chain script '/home/riser14/ros_ws/install/setup.ps1'
[5.322s] INFO:colcon.colcon_core.shell:Creating prefix script '/home/riser14/ros_ws/install/local_setup.sh'
[5.323s] INFO:colcon.colcon_core.shell:Creating prefix util module '/home/riser14/ros_ws/install/_local_setup_util_sh.py'
[5.324s] INFO:colcon.colcon_core.shell:Creating prefix chain script '/home/riser14/ros_ws/install/setup.sh'
[5.347s] INFO:colcon.colcon_core.shell:Creating prefix script '/home/riser14/ros_ws/install/local_setup.bash'
[5.348s] INFO:colcon.colcon_core.shell:Creating prefix chain script '/home/riser14/ros_ws/install/setup.bash'
[5.370s] INFO:colcon.colcon_core.shell:Creating prefix script '/home/riser14/ros_ws/install/local_setup.zsh'
[5.371s] INFO:colcon.colcon_core.shell:Creating prefix chain script '/home/riser14/ros_ws/install/setup.zsh'
