[0.000000] (-) TimerEvent: {}
[0.000304] (my_package) JobQueued: {'identifier': 'my_package', 'dependencies': OrderedDict()}
[0.000358] (py_pubsub) JobQueued: {'identifier': 'py_pubsub', 'dependencies': OrderedDict()}
[0.000383] (my_package) JobStarted: {'identifier': 'my_package'}
[0.099065] (-) TimerEvent: {}
[0.199576] (-) TimerEvent: {}
[0.267285] (py_pubsub) JobStarted: {'identifier': 'py_pubsub'}
[0.299748] (-) TimerEvent: {}
[0.400088] (-) TimerEvent: {}
[0.500484] (-) TimerEvent: {}
[0.600802] (-) TimerEvent: {}
[0.701122] (-) TimerEvent: {}
[0.801447] (-) TimerEvent: {}
[0.901845] (-) TimerEvent: {}
[1.002184] (-) TimerEvent: {}
[1.102512] (-) TimerEvent: {}
[1.202839] (-) TimerEvent: {}
[1.303116] (-) TimerEvent: {}
[1.403574] (-) TimerEvent: {}
[1.503995] (-) TimerEvent: {}
[1.604566] (-) TimerEvent: {}
[1.704901] (-) TimerEvent: {}
[1.805285] (-) TimerEvent: {}
[1.905630] (-) TimerEvent: {}
[2.006059] (-) TimerEvent: {}
[2.106423] (-) TimerEvent: {}
[2.206733] (-) TimerEvent: {}
[2.307102] (-) TimerEvent: {}
[2.407412] (-) TimerEvent: {}
[2.475513] (py_pubsub) Command: {'cmd': ['/usr/bin/python3', 'setup.py', 'egg_info', '--egg-base', '../../build/py_pubsub', 'build', '--build-base', '/home/riser14/ros_ws/build/py_pubsub/build', 'install', '--record', '/home/riser14/ros_ws/build/py_pubsub/install.log', '--single-version-externally-managed'], 'cwd': '/home/riser14/ros_ws/src/py_pubsub', 'env': {'LANGUAGE': 'en_ZA:en', 'USER': 'riser14', 'XDG_SESSION_TYPE': 'wayland', 'SHLVL': '1', 'LD_LIBRARY_PATH': '/usr/lib/x86_64-linux-gnu/gazebo-11/plugins:/opt/ros/humble/opt/rviz_ogre_vendor/lib:/opt/ros/humble/lib/x86_64-linux-gnu:/opt/ros/humble/lib', 'HOME': '/home/riser14', 'OLDPWD': '/home/riser14', 'DESKTOP_SESSION': 'ubuntu', 'ROS_PYTHON_VERSION': '3', 'GNOME_SHELL_SESSION_MODE': 'ubuntu', 'GTK_MODULES': 'gail:atk-bridge', 'SYSTEMD_EXEC_PID': '1236', 'DBUS_SESSION_BUS_ADDRESS': 'unix:path=/run/user/1000/bus', 'COLORTERM': 'truecolor', 'IM_CONFIG_PHASE': '1', 'WAYLAND_DISPLAY': 'wayland-0', 'COLCON_PREFIX_PATH': '/home/riser14/ros_ws/install', 'ROS_DISTRO': 'humble', 'LOGNAME': 'riser14', '_': '/usr/bin/colcon', 'ROS_VERSION': '2', 'XDG_SESSION_CLASS': 'user', 'USERNAME': 'riser14', 'TERM': 'xterm-256color', 'GNOME_DESKTOP_SESSION_ID': 'this-is-deprecated', 'ROS_LOCALHOST_ONLY': '0', 'PATH': '/opt/ros/humble/bin:/home/riser14/.local/bin:/usr/local/sbin:/usr/local/bin:/usr/sbin:/usr/bin:/sbin:/bin:/usr/games:/usr/local/games:/snap/bin:/snap/bin', 'SESSION_MANAGER': 'local/riser14-Inspiron-5559:@/tmp/.ICE-unix/1200,unix/riser14-Inspiron-5559:/tmp/.ICE-unix/1200', 'XDG_MENU_PREFIX': 'gnome-', 'GNOME_TERMINAL_SCREEN': '/org/gnome/Terminal/screen/1119943a_c5a3_4840_84fa_06188bb2a658', 'GNOME_SETUP_DISPLAY': ':1', 'XDG_RUNTIME_DIR': '/run/user/1000', 'DISPLAY': ':0', 'LANG': 'en_US.UTF-8', 'XDG_CURRENT_DESKTOP': 'ubuntu:GNOME', 'RMW_IMPLEMENTATION': 'rmw_cyclonedds_cpp', 'XMODIFIERS': '@im=ibus', 'XDG_SESSION_DESKTOP': 'ubuntu', 'XAUTHORITY': '/run/user/1000/.mutter-Xwaylandauth.5HYSB2', 'GNOME_TERMINAL_SERVICE': ':1.423', 'SSH_AGENT_LAUNCHER': 'gnome-keyring', 'SSH_AUTH_SOCK': '/run/user/1000/keyring/ssh', 'AMENT_PREFIX_PATH': '/home/riser14/ros_ws/install/py_pubsub:/home/riser14/ros_ws/install/my_package:/opt/ros/humble', 'SHELL': '/bin/bash', 'QT_ACCESSIBILITY': '1', 'GDMSESSION': 'ubuntu', 'QT_IM_MODULE': 'ibus', 'PWD': '/home/riser14/ros_ws/build/py_pubsub', 'TURTLEBOT3_MODEL': 'waffle', 'LC_ALL': 'en_US.UTF-8', 'XDG_CONFIG_DIRS': '/etc/xdg/xdg-ubuntu:/etc/xdg', 'XDG_DATA_DIRS': '/usr/share/ubuntu:/usr/local/share/:/usr/share/:/var/lib/snapd/desktop', 'PYTHONPATH': '/home/riser14/ros_ws/build/py_pubsub/prefix_override:/home/riser14/ros_ws/install/py_pubsub/lib/python3.10/site-packages:/home/riser14/ros_ws/install/py_pubsub/lib/python3.10/site-packages:/home/riser14/ros_ws/install/my_package/lib/python3.10/site-packages:/opt/ros/humble/lib/python3.10/site-packages:/opt/ros/humble/local/lib/python3.10/dist-packages', 'COLCON': '1', 'VTE_VERSION': '6800'}, 'shell': False}
[2.479702] (my_package) Command: {'cmd': ['/usr/bin/python3', 'setup.py', 'egg_info', '--egg-base', '../../build/my_package', 'build', '--build-base', '/home/riser14/ros_ws/build/my_package/build', 'install', '--record', '/home/riser14/ros_ws/build/my_package/install.log', '--single-version-externally-managed'], 'cwd': '/home/riser14/ros_ws/src/my_package', 'env': {'LANGUAGE': 'en_ZA:en', 'USER': 'riser14', 'XDG_SESSION_TYPE': 'wayland', 'SHLVL': '1', 'LD_LIBRARY_PATH': '/usr/lib/x86_64-linux-gnu/gazebo-11/plugins:/opt/ros/humble/opt/rviz_ogre_vendor/lib:/opt/ros/humble/lib/x86_64-linux-gnu:/opt/ros/humble/lib', 'HOME': '/home/riser14', 'OLDPWD': '/home/riser14', 'DESKTOP_SESSION': 'ubuntu', 'ROS_PYTHON_VERSION': '3', 'GNOME_SHELL_SESSION_MODE': 'ubuntu', 'GTK_MODULES': 'gail:atk-bridge', 'SYSTEMD_EXEC_PID': '1236', 'DBUS_SESSION_BUS_ADDRESS': 'unix:path=/run/user/1000/bus', 'COLORTERM': 'truecolor', 'IM_CONFIG_PHASE': '1', 'WAYLAND_DISPLAY': 'wayland-0', 'COLCON_PREFIX_PATH': '/home/riser14/ros_ws/install', 'ROS_DISTRO': 'humble', 'LOGNAME': 'riser14', '_': '/usr/bin/colcon', 'ROS_VERSION': '2', 'XDG_SESSION_CLASS': 'user', 'USERNAME': 'riser14', 'TERM': 'xterm-256color', 'GNOME_DESKTOP_SESSION_ID': 'this-is-deprecated', 'ROS_LOCALHOST_ONLY': '0', 'PATH': '/opt/ros/humble/bin:/home/riser14/.local/bin:/usr/local/sbin:/usr/local/bin:/usr/sbin:/usr/bin:/sbin:/bin:/usr/games:/usr/local/games:/snap/bin:/snap/bin', 'SESSION_MANAGER': 'local/riser14-Inspiron-5559:@/tmp/.ICE-unix/1200,unix/riser14-Inspiron-5559:/tmp/.ICE-unix/1200', 'XDG_MENU_PREFIX': 'gnome-', 'GNOME_TERMINAL_SCREEN': '/org/gnome/Terminal/screen/1119943a_c5a3_4840_84fa_06188bb2a658', 'GNOME_SETUP_DISPLAY': ':1', 'XDG_RUNTIME_DIR': '/run/user/1000', 'DISPLAY': ':0', 'LANG': 'en_US.UTF-8', 'XDG_CURRENT_DESKTOP': 'ubuntu:GNOME', 'RMW_IMPLEMENTATION': 'rmw_cyclonedds_cpp', 'XMODIFIERS': '@im=ibus', 'XDG_SESSION_DESKTOP': 'ubuntu', 'XAUTHORITY': '/run/user/1000/.mutter-Xwaylandauth.5HYSB2', 'GNOME_TERMINAL_SERVICE': ':1.423', 'SSH_AGENT_LAUNCHER': 'gnome-keyring', 'SSH_AUTH_SOCK': '/run/user/1000/keyring/ssh', 'AMENT_PREFIX_PATH': '/home/riser14/ros_ws/install/py_pubsub:/home/riser14/ros_ws/install/my_package:/opt/ros/humble', 'SHELL': '/bin/bash', 'QT_ACCESSIBILITY': '1', 'GDMSESSION': 'ubuntu', 'QT_IM_MODULE': 'ibus', 'PWD': '/home/riser14/ros_ws/build/my_package', 'TURTLEBOT3_MODEL': 'waffle', 'LC_ALL': 'en_US.UTF-8', 'XDG_CONFIG_DIRS': '/etc/xdg/xdg-ubuntu:/etc/xdg', 'XDG_DATA_DIRS': '/usr/share/ubuntu:/usr/local/share/:/usr/share/:/var/lib/snapd/desktop', 'PYTHONPATH': '/home/riser14/ros_ws/build/my_package/prefix_override:/home/riser14/ros_ws/install/my_package/lib/python3.10/site-packages:/home/riser14/ros_ws/install/py_pubsub/lib/python3.10/site-packages:/home/riser14/ros_ws/install/my_package/lib/python3.10/site-packages:/opt/ros/humble/lib/python3.10/site-packages:/opt/ros/humble/local/lib/python3.10/dist-packages', 'COLCON': '1', 'VTE_VERSION': '6800'}, 'shell': False}
[2.507516] (-) TimerEvent: {}
[2.607847] (-) TimerEvent: {}
[2.708182] (-) TimerEvent: {}
[2.808519] (-) TimerEvent: {}
[2.834806] (my_package) StdoutLine: {'line': b'running egg_info\n'}
[2.835805] (my_package) StdoutLine: {'line': b'writing ../../build/my_package/my_package.egg-info/PKG-INFO\n'}
[2.835984] (py_pubsub) StdoutLine: {'line': b'running egg_info\n'}
[2.836922] (py_pubsub) StdoutLine: {'line': b'writing ../../build/py_pubsub/py_pubsub.egg-info/PKG-INFO\n'}
[2.837155] (py_pubsub) StdoutLine: {'line': b'writing dependency_links to ../../build/py_pubsub/py_pubsub.egg-info/dependency_links.txt\n'}
[2.837359] (py_pubsub) StdoutLine: {'line': b'writing entry points to ../../build/py_pubsub/py_pubsub.egg-info/entry_points.txt\n'}
[2.837532] (py_pubsub) StdoutLine: {'line': b'writing requirements to ../../build/py_pubsub/py_pubsub.egg-info/requires.txt\n'}
[2.837694] (py_pubsub) StdoutLine: {'line': b'writing top-level names to ../../build/py_pubsub/py_pubsub.egg-info/top_level.txt\n'}
[2.854975] (my_package) StdoutLine: {'line': b'writing dependency_links to ../../build/my_package/my_package.egg-info/dependency_links.txt\n'}
[2.855259] (my_package) StdoutLine: {'line': b'writing entry points to ../../build/my_package/my_package.egg-info/entry_points.txt\n'}
[2.855495] (my_package) StdoutLine: {'line': b'writing requirements to ../../build/my_package/my_package.egg-info/requires.txt\n'}
[2.855643] (my_package) StdoutLine: {'line': b'writing top-level names to ../../build/my_package/my_package.egg-info/top_level.txt\n'}
[2.908647] (-) TimerEvent: {}
[2.912889] (my_package) StderrLine: {'line': b"listing git files failed - pretending there aren't any\n"}
[2.913230] (py_pubsub) StderrLine: {'line': b"listing git files failed - pretending there aren't any\n"}
[3.008882] (-) TimerEvent: {}
[3.109314] (-) TimerEvent: {}
[3.209702] (-) TimerEvent: {}
[3.310023] (-) TimerEvent: {}
[3.410406] (-) TimerEvent: {}
[3.460715] (py_pubsub) StdoutLine: {'line': b"reading manifest file '../../build/py_pubsub/py_pubsub.egg-info/SOURCES.txt'\n"}
[3.460928] (my_package) StdoutLine: {'line': b"reading manifest file '../../build/my_package/my_package.egg-info/SOURCES.txt'\n"}
[3.469602] (py_pubsub) StdoutLine: {'line': b"writing manifest file '../../build/py_pubsub/py_pubsub.egg-info/SOURCES.txt'\n"}
[3.470048] (py_pubsub) StdoutLine: {'line': b'running build\n'}
[3.470195] (py_pubsub) StdoutLine: {'line': b'running build_py\n'}
[3.470799] (py_pubsub) StdoutLine: {'line': b'running install\n'}
[3.471261] (py_pubsub) StdoutLine: {'line': b'running install_lib\n'}
[3.472924] (py_pubsub) StdoutLine: {'line': b'running install_data\n'}
[3.473841] (py_pubsub) StdoutLine: {'line': b'running install_egg_info\n'}
[3.474915] (py_pubsub) StdoutLine: {'line': b"removing '/home/riser14/ros_ws/install/py_pubsub/lib/python3.10/site-packages/py_pubsub-0.0.0-py3.10.egg-info' (and everything under it)\n"}
[3.475257] (py_pubsub) StdoutLine: {'line': b'Copying ../../build/py_pubsub/py_pubsub.egg-info to /home/riser14/ros_ws/install/py_pubsub/lib/python3.10/site-packages/py_pubsub-0.0.0-py3.10.egg-info\n'}
[3.475514] (my_package) StdoutLine: {'line': b"writing manifest file '../../build/my_package/my_package.egg-info/SOURCES.txt'\n"}
[3.475730] (my_package) StdoutLine: {'line': b'running build\n'}
[3.475813] (my_package) StdoutLine: {'line': b'running build_py\n'}
[3.486720] (my_package) StdoutLine: {'line': b'running install\n'}
[3.487194] (my_package) StdoutLine: {'line': b'running install_lib\n'}
[3.488730] (my_package) StdoutLine: {'line': b'running install_data\n'}
[3.489383] (my_package) StdoutLine: {'line': b'running install_egg_info\n'}
[3.490246] (my_package) StdoutLine: {'line': b"removing '/home/riser14/ros_ws/install/my_package/lib/python3.10/site-packages/my_package-0.0.0-py3.10.egg-info' (and everything under it)\n"}
[3.490726] (my_package) StdoutLine: {'line': b'Copying ../../build/my_package/my_package.egg-info to /home/riser14/ros_ws/install/my_package/lib/python3.10/site-packages/my_package-0.0.0-py3.10.egg-info\n'}
[3.500354] (py_pubsub) StdoutLine: {'line': b'running install_scripts\n'}
[3.510534] (-) TimerEvent: {}
[3.515051] (my_package) StdoutLine: {'line': b'running install_scripts\n'}
[3.522469] (py_pubsub) StdoutLine: {'line': b'Installing control_mpc script to /home/riser14/ros_ws/install/py_pubsub/lib/py_pubsub\n'}
[3.522774] (py_pubsub) StdoutLine: {'line': b'Installing control_nmpc script to /home/riser14/ros_ws/install/py_pubsub/lib/py_pubsub\n'}
[3.522997] (py_pubsub) StdoutLine: {'line': b'Installing follow script to /home/riser14/ros_ws/install/py_pubsub/lib/py_pubsub\n'}
[3.523195] (py_pubsub) StdoutLine: {'line': b'Installing listener script to /home/riser14/ros_ws/install/py_pubsub/lib/py_pubsub\n'}
[3.523597] (py_pubsub) StdoutLine: {'line': b"writing list of installed files to '/home/riser14/ros_ws/build/py_pubsub/install.log'\n"}
[3.540054] (my_package) StdoutLine: {'line': b'Installing my_node script to /home/riser14/ros_ws/install/my_package/lib/my_package\n'}
[3.540466] (my_package) StdoutLine: {'line': b"writing list of installed files to '/home/riser14/ros_ws/build/my_package/install.log'\n"}
[3.565670] (py_pubsub) CommandEnded: {'returncode': 0}
[3.610761] (-) TimerEvent: {}
[3.711229] (-) TimerEvent: {}
[3.749472] (py_pubsub) JobEnded: {'identifier': 'py_pubsub', 'rc': 0}
[3.751143] (my_package) CommandEnded: {'returncode': 0}
[3.811433] (-) TimerEvent: {}
[3.824652] (my_package) JobEnded: {'identifier': 'my_package', 'rc': 0}
[3.825759] (-) EventReactorShutdown: {}
