[5.356s] Invoking command in '/home/riser14/ros_ws/src/my_package': PYTHONPATH=/home/riser14/ros_ws/build/my_package/prefix_override:/home/riser14/ros_ws/install/my_package/lib/python3.10/site-packages:${PYTHONPATH} /usr/bin/python3 setup.py egg_info --egg-base ../../build/my_package build --build-base /home/riser14/ros_ws/build/my_package/build install --record /home/riser14/ros_ws/build/my_package/install.log --single-version-externally-managed
[6.469s] running egg_info
[6.470s] writing ../../build/my_package/my_package.egg-info/PKG-INFO
[6.471s] writing dependency_links to ../../build/my_package/my_package.egg-info/dependency_links.txt
[6.471s] writing entry points to ../../build/my_package/my_package.egg-info/entry_points.txt
[6.471s] writing requirements to ../../build/my_package/my_package.egg-info/requires.txt
[6.471s] writing top-level names to ../../build/my_package/my_package.egg-info/top_level.txt
[6.636s] listing git files failed - pretending there aren't any
[7.073s] reading manifest file '../../build/my_package/my_package.egg-info/SOURCES.txt'
[7.076s] writing manifest file '../../build/my_package/my_package.egg-info/SOURCES.txt'
[7.077s] running build
[7.078s] running build_py
[7.078s] running install
[7.078s] running install_lib
[7.084s] running install_data
[7.085s] running install_egg_info
[7.087s] removing '/home/riser14/ros_ws/install/my_package/lib/python3.10/site-packages/my_package-0.0.0-py3.10.egg-info' (and everything under it)
[7.090s] Copying ../../build/my_package/my_package.egg-info to /home/riser14/ros_ws/install/my_package/lib/python3.10/site-packages/my_package-0.0.0-py3.10.egg-info
[7.100s] running install_scripts
[7.169s] Installing my_node script to /home/riser14/ros_ws/install/my_package/lib/my_package
[7.169s] writing list of installed files to '/home/riser14/ros_ws/build/my_package/install.log'
[7.309s] Invoked command in '/home/riser14/ros_ws/src/my_package' returned '0': PYTHONPATH=/home/riser14/ros_ws/build/my_package/prefix_override:/home/riser14/ros_ws/install/my_package/lib/python3.10/site-packages:${PYTHONPATH} /usr/bin/python3 setup.py egg_info --egg-base ../../build/my_package build --build-base /home/riser14/ros_ws/build/my_package/build install --record /home/riser14/ros_ws/build/my_package/install.log --single-version-externally-managed
