[4.012s] Invoking command in '/home/riser14/ros_ws/src/py_pubsub': PYTHONPATH=/home/riser14/ros_ws/build/py_pubsub/prefix_override:/home/riser14/ros_ws/install/py_pubsub/lib/python3.10/site-packages:${PYTHONPATH} /usr/bin/python3 setup.py egg_info --egg-base ../../build/py_pubsub build --build-base /home/riser14/ros_ws/build/py_pubsub/build install --record /home/riser14/ros_ws/build/py_pubsub/install.log --single-version-externally-managed
[5.060s] running egg_info
[5.060s] writing ../../build/py_pubsub/py_pubsub.egg-info/PKG-INFO
[5.060s] writing dependency_links to ../../build/py_pubsub/py_pubsub.egg-info/dependency_links.txt
[5.060s] writing entry points to ../../build/py_pubsub/py_pubsub.egg-info/entry_points.txt
[5.060s] writing requirements to ../../build/py_pubsub/py_pubsub.egg-info/requires.txt
[5.061s] writing top-level names to ../../build/py_pubsub/py_pubsub.egg-info/top_level.txt
[5.213s] listing git files failed - pretending there aren't any
[5.582s] reading manifest file '../../build/py_pubsub/py_pubsub.egg-info/SOURCES.txt'
[5.585s] writing manifest file '../../build/py_pubsub/py_pubsub.egg-info/SOURCES.txt'
[5.585s] running build
[5.585s] running build_py
[5.586s] copying py_pubsub/pose_subscriber.py -> /home/riser14/ros_ws/build/py_pubsub/build/lib/py_pubsub
[5.587s] running install
[5.588s] running install_lib
[5.593s] copying /home/riser14/ros_ws/build/py_pubsub/build/lib/py_pubsub/pose_subscriber.py -> /home/riser14/ros_ws/install/py_pubsub/lib/python3.10/site-packages/py_pubsub
[5.597s] byte-compiling /home/riser14/ros_ws/install/py_pubsub/lib/python3.10/site-packages/py_pubsub/pose_subscriber.py to pose_subscriber.cpython-310.pyc
[5.599s] running install_data
[5.609s] running install_egg_info
[5.609s] removing '/home/riser14/ros_ws/install/py_pubsub/lib/python3.10/site-packages/py_pubsub-0.0.0-py3.10.egg-info' (and everything under it)
[5.614s] Copying ../../build/py_pubsub/py_pubsub.egg-info to /home/riser14/ros_ws/install/py_pubsub/lib/python3.10/site-packages/py_pubsub-0.0.0-py3.10.egg-info
[5.620s] running install_scripts
[5.680s] Installing control_mpc script to /home/riser14/ros_ws/install/py_pubsub/lib/py_pubsub
[5.680s] Installing control_nmpc script to /home/riser14/ros_ws/install/py_pubsub/lib/py_pubsub
[5.681s] Installing follow script to /home/riser14/ros_ws/install/py_pubsub/lib/py_pubsub
[5.681s] Installing listener script to /home/riser14/ros_ws/install/py_pubsub/lib/py_pubsub
[5.681s] Installing pid script to /home/riser14/ros_ws/install/py_pubsub/lib/py_pubsub
[5.681s] Installing pose_sub script to /home/riser14/ros_ws/install/py_pubsub/lib/py_pubsub
[5.682s] writing list of installed files to '/home/riser14/ros_ws/build/py_pubsub/install.log'
[5.798s] Invoked command in '/home/riser14/ros_ws/src/py_pubsub' returned '0': PYTHONPATH=/home/riser14/ros_ws/build/py_pubsub/prefix_override:/home/riser14/ros_ws/install/py_pubsub/lib/python3.10/site-packages:${PYTHONPATH} /usr/bin/python3 setup.py egg_info --egg-base ../../build/py_pubsub build --build-base /home/riser14/ros_ws/build/py_pubsub/build install --record /home/riser14/ros_ws/build/py_pubsub/install.log --single-version-externally-managed
