[4.443s] Invoking command in '/home/riser14/ros_ws/src/my_package': PYTHONPATH=/home/riser14/ros_ws/build/my_package/prefix_override:/home/riser14/ros_ws/install/my_package/lib/python3.10/site-packages:${PYTHONPATH} /usr/bin/python3 setup.py egg_info --egg-base ../../build/my_package build --build-base /home/riser14/ros_ws/build/my_package/build install --record /home/riser14/ros_ws/build/my_package/install.log --single-version-externally-managed
[5.413s] running egg_info
[5.417s] writing ../../build/my_package/my_package.egg-info/PKG-INFO
[5.419s] writing dependency_links to ../../build/my_package/my_package.egg-info/dependency_links.txt
[5.419s] writing entry points to ../../build/my_package/my_package.egg-info/entry_points.txt
[5.420s] writing requirements to ../../build/my_package/my_package.egg-info/requires.txt
[5.420s] writing top-level names to ../../build/my_package/my_package.egg-info/top_level.txt
[5.577s] listing git files failed - pretending there aren't any
[5.967s] reading manifest file '../../build/my_package/my_package.egg-info/SOURCES.txt'
[5.969s] writing manifest file '../../build/my_package/my_package.egg-info/SOURCES.txt'
[5.969s] running build
[5.970s] running build_py
[5.970s] running install
[5.972s] running install_lib
[5.977s] running install_data
[5.978s] running install_egg_info
[5.980s] removing '/home/riser14/ros_ws/install/my_package/lib/python3.10/site-packages/my_package-0.0.0-py3.10.egg-info' (and everything under it)
[5.980s] Copying ../../build/my_package/my_package.egg-info to /home/riser14/ros_ws/install/my_package/lib/python3.10/site-packages/my_package-0.0.0-py3.10.egg-info
[5.982s] running install_scripts
[6.049s] Installing my_node script to /home/riser14/ros_ws/install/my_package/lib/my_package
[6.049s] writing list of installed files to '/home/riser14/ros_ws/build/my_package/install.log'
[6.257s] Invoked command in '/home/riser14/ros_ws/src/my_package' returned '0': PYTHONPATH=/home/riser14/ros_ws/build/my_package/prefix_override:/home/riser14/ros_ws/install/my_package/lib/python3.10/site-packages:${PYTHONPATH} /usr/bin/python3 setup.py egg_info --egg-base ../../build/my_package build --build-base /home/riser14/ros_ws/build/my_package/build install --record /home/riser14/ros_ws/build/my_package/install.log --single-version-externally-managed
