[7.848s] Invoking command in '/home/riser14/ros_ws/build/my_package': PYTHONPATH=/home/riser14/ros_ws/build/my_package/prefix_override:/home/riser14/ros_ws/install/my_package/lib/python3.10/site-packages:${PYTHONPATH} /usr/bin/python3 setup.py develop --uninstall --editable --build-directory /home/riser14/ros_ws/build/my_package/build
[10.082s] running develop
[11.994s] Invoked command in '/home/riser14/ros_ws/build/my_package' returned '0': PYTHONPATH=/home/riser14/ros_ws/build/my_package/prefix_override:/home/riser14/ros_ws/install/my_package/lib/python3.10/site-packages:${PYTHONPATH} /usr/bin/python3 setup.py develop --uninstall --editable --build-directory /home/riser14/ros_ws/build/my_package/build
[11.996s] Invoking command in '/home/riser14/ros_ws/src/my_package': PYTHONPATH=/home/riser14/ros_ws/build/my_package/prefix_override:/home/riser14/ros_ws/install/my_package/lib/python3.10/site-packages:${PYTHONPATH} /usr/bin/python3 setup.py egg_info --egg-base ../../build/my_package build --build-base /home/riser14/ros_ws/build/my_package/build install --record /home/riser14/ros_ws/build/my_package/install.log --single-version-externally-managed
[13.595s] running egg_info
[13.597s] writing ../../build/my_package/my_package.egg-info/PKG-INFO
[13.597s] writing dependency_links to ../../build/my_package/my_package.egg-info/dependency_links.txt
[13.598s] writing entry points to ../../build/my_package/my_package.egg-info/entry_points.txt
[13.598s] writing requirements to ../../build/my_package/my_package.egg-info/requires.txt
[13.598s] writing top-level names to ../../build/my_package/my_package.egg-info/top_level.txt
[13.915s] listing git files failed - pretending there aren't any
[14.548s] reading manifest file '../../build/my_package/my_package.egg-info/SOURCES.txt'
[14.554s] writing manifest file '../../build/my_package/my_package.egg-info/SOURCES.txt'
[14.554s] running build
[14.554s] running build_py
[14.555s] running install
[14.556s] running install_lib
[14.568s] running install_data
[14.573s] running install_egg_info
[14.578s] removing '/home/riser14/ros_ws/install/my_package/lib/python3.10/site-packages/my_package-0.0.0-py3.10.egg-info' (and everything under it)
[14.578s] Copying ../../build/my_package/my_package.egg-info to /home/riser14/ros_ws/install/my_package/lib/python3.10/site-packages/my_package-0.0.0-py3.10.egg-info
[14.578s] running install_scripts
[14.676s] Installing my_node script to /home/riser14/ros_ws/install/my_package/lib/my_package
[14.678s] writing list of installed files to '/home/riser14/ros_ws/build/my_package/install.log'
[14.827s] Invoked command in '/home/riser14/ros_ws/src/my_package' returned '0': PYTHONPATH=/home/riser14/ros_ws/build/my_package/prefix_override:/home/riser14/ros_ws/install/my_package/lib/python3.10/site-packages:${PYTHONPATH} /usr/bin/python3 setup.py egg_info --egg-base ../../build/my_package build --build-base /home/riser14/ros_ws/build/my_package/build install --record /home/riser14/ros_ws/build/my_package/install.log --single-version-externally-managed
