[8.898s] Invoking command in '/home/riser14/ros_ws/src/my_package': PYTHONPATH=/home/riser14/ros_ws/build/my_package/prefix_override:/home/riser14/ros_ws/install/my_package/lib/python3.10/site-packages:${PYTHONPATH} /usr/bin/python3 setup.py egg_info --egg-base ../../build/my_package build --build-base /home/riser14/ros_ws/build/my_package/build install --record /home/riser14/ros_ws/build/my_package/install.log --single-version-externally-managed
[10.560s] running egg_info
[10.564s] writing ../../build/my_package/my_package.egg-info/PKG-INFO
[10.574s] writing dependency_links to ../../build/my_package/my_package.egg-info/dependency_links.txt
[10.576s] writing entry points to ../../build/my_package/my_package.egg-info/entry_points.txt
[10.577s] writing requirements to ../../build/my_package/my_package.egg-info/requires.txt
[10.577s] writing top-level names to ../../build/my_package/my_package.egg-info/top_level.txt
[10.812s] listing git files failed - pretending there aren't any
[11.415s] reading manifest file '../../build/my_package/my_package.egg-info/SOURCES.txt'
[11.419s] writing manifest file '../../build/my_package/my_package.egg-info/SOURCES.txt'
[11.421s] running build
[11.421s] running build_py
[11.429s] running install
[11.432s] running install_lib
[11.435s] running install_data
[11.436s] running install_egg_info
[11.439s] removing '/home/riser14/ros_ws/install/my_package/lib/python3.10/site-packages/my_package-0.0.0-py3.10.egg-info' (and everything under it)
[11.439s] Copying ../../build/my_package/my_package.egg-info to /home/riser14/ros_ws/install/my_package/lib/python3.10/site-packages/my_package-0.0.0-py3.10.egg-info
[11.445s] running install_scripts
[11.537s] Installing my_node script to /home/riser14/ros_ws/install/my_package/lib/my_package
[11.539s] writing list of installed files to '/home/riser14/ros_ws/build/my_package/install.log'
[11.668s] Invoked command in '/home/riser14/ros_ws/src/my_package' returned '0': PYTHONPATH=/home/riser14/ros_ws/build/my_package/prefix_override:/home/riser14/ros_ws/install/my_package/lib/python3.10/site-packages:${PYTHONPATH} /usr/bin/python3 setup.py egg_info --egg-base ../../build/my_package build --build-base /home/riser14/ros_ws/build/my_package/build install --record /home/riser14/ros_ws/build/my_package/install.log --single-version-externally-managed
