[7.802s] Invoking command in '/home/riser14/ros_ws/src/my_package': PYTHONPATH=/home/riser14/ros_ws/build/my_package/prefix_override:/home/riser14/ros_ws/install/my_package/lib/python3.10/site-packages:${PYTHONPATH} /usr/bin/python3 setup.py egg_info --egg-base ../../build/my_package build --build-base /home/riser14/ros_ws/build/my_package/build install --record /home/riser14/ros_ws/build/my_package/install.log --single-version-externally-managed
[9.444s] running egg_info
[9.453s] writing ../../build/my_package/my_package.egg-info/PKG-INFO
[9.459s] writing dependency_links to ../../build/my_package/my_package.egg-info/dependency_links.txt
[9.468s] writing entry points to ../../build/my_package/my_package.egg-info/entry_points.txt
[9.471s] writing requirements to ../../build/my_package/my_package.egg-info/requires.txt
[9.475s] writing top-level names to ../../build/my_package/my_package.egg-info/top_level.txt
[9.682s] listing git files failed - pretending there aren't any
[10.177s] reading manifest file '../../build/my_package/my_package.egg-info/SOURCES.txt'
[10.217s] writing manifest file '../../build/my_package/my_package.egg-info/SOURCES.txt'
[10.217s] running build
[10.217s] running build_py
[10.217s] running install
[10.217s] running install_lib
[10.221s] running install_data
[10.223s] running install_egg_info
[10.235s] removing '/home/riser14/ros_ws/install/my_package/lib/python3.10/site-packages/my_package-0.0.0-py3.10.egg-info' (and everything under it)
[10.243s] Copying ../../build/my_package/my_package.egg-info to /home/riser14/ros_ws/install/my_package/lib/python3.10/site-packages/my_package-0.0.0-py3.10.egg-info
[10.255s] running install_scripts
[10.334s] Installing my_node script to /home/riser14/ros_ws/install/my_package/lib/my_package
[10.334s] writing list of installed files to '/home/riser14/ros_ws/build/my_package/install.log'
[10.638s] Invoked command in '/home/riser14/ros_ws/src/my_package' returned '0': PYTHONPATH=/home/riser14/ros_ws/build/my_package/prefix_override:/home/riser14/ros_ws/install/my_package/lib/python3.10/site-packages:${PYTHONPATH} /usr/bin/python3 setup.py egg_info --egg-base ../../build/my_package build --build-base /home/riser14/ros_ws/build/my_package/build install --record /home/riser14/ros_ws/build/my_package/install.log --single-version-externally-managed
