[7.104s] Invoking command in '/home/riser14/ros_ws/src/py_pubsub': PYTHONPATH=/home/riser14/ros_ws/build/py_pubsub/prefix_override:/home/riser14/ros_ws/install/py_pubsub/lib/python3.10/site-packages:${PYTHONPATH} /usr/bin/python3 setup.py egg_info --egg-base ../../build/py_pubsub build --build-base /home/riser14/ros_ws/build/py_pubsub/build install --record /home/riser14/ros_ws/build/py_pubsub/install.log --single-version-externally-managed
[9.304s] running egg_info
[9.309s] writing ../../build/py_pubsub/py_pubsub.egg-info/PKG-INFO
[9.310s] writing dependency_links to ../../build/py_pubsub/py_pubsub.egg-info/dependency_links.txt
[9.311s] writing entry points to ../../build/py_pubsub/py_pubsub.egg-info/entry_points.txt
[9.314s] writing requirements to ../../build/py_pubsub/py_pubsub.egg-info/requires.txt
[9.318s] writing top-level names to ../../build/py_pubsub/py_pubsub.egg-info/top_level.txt
[9.653s] listing git files failed - pretending there aren't any
[10.450s] reading manifest file '../../build/py_pubsub/py_pubsub.egg-info/SOURCES.txt'
[10.464s] writing manifest file '../../build/py_pubsub/py_pubsub.egg-info/SOURCES.txt'
[10.465s] running build
[10.465s] running build_py
[10.467s] running install
[10.468s] running install_lib
[10.477s] running install_data
[10.481s] running install_egg_info
[10.489s] removing '/home/riser14/ros_ws/install/py_pubsub/lib/python3.10/site-packages/py_pubsub-0.0.0-py3.10.egg-info' (and everything under it)
[10.501s] Copying ../../build/py_pubsub/py_pubsub.egg-info to /home/riser14/ros_ws/install/py_pubsub/lib/python3.10/site-packages/py_pubsub-0.0.0-py3.10.egg-info
[10.509s] running install_scripts
[10.624s] Installing control_mpc script to /home/riser14/ros_ws/install/py_pubsub/lib/py_pubsub
[10.624s] Installing control_nmpc script to /home/riser14/ros_ws/install/py_pubsub/lib/py_pubsub
[10.625s] Installing follow script to /home/riser14/ros_ws/install/py_pubsub/lib/py_pubsub
[10.625s] Installing listener script to /home/riser14/ros_ws/install/py_pubsub/lib/py_pubsub
[10.625s] writing list of installed files to '/home/riser14/ros_ws/build/py_pubsub/install.log'
[10.829s] Invoked command in '/home/riser14/ros_ws/src/py_pubsub' returned '0': PYTHONPATH=/home/riser14/ros_ws/build/py_pubsub/prefix_override:/home/riser14/ros_ws/install/py_pubsub/lib/python3.10/site-packages:${PYTHONPATH} /usr/bin/python3 setup.py egg_info --egg-base ../../build/py_pubsub build --build-base /home/riser14/ros_ws/build/py_pubsub/build install --record /home/riser14/ros_ws/build/py_pubsub/install.log --single-version-externally-managed
