[1.776s] Invoking command in '/home/riser14/ros_ws/build/py_pubsub': PYTHONPATH=/home/riser14/ros_ws/build/py_pubsub/prefix_override:/home/riser14/ros_ws/install/py_pubsub/lib/python3.10/site-packages:${PYTHONPATH} /usr/bin/python3 setup.py develop --uninstall --editable --build-directory /home/riser14/ros_ws/build/py_pubsub/build
[2.180s] running develop
[2.515s] Invoked command in '/home/riser14/ros_ws/build/py_pubsub' returned '0': PYTHONPATH=/home/riser14/ros_ws/build/py_pubsub/prefix_override:/home/riser14/ros_ws/install/py_pubsub/lib/python3.10/site-packages:${PYTHONPATH} /usr/bin/python3 setup.py develop --uninstall --editable --build-directory /home/riser14/ros_ws/build/py_pubsub/build
[2.516s] Invoking command in '/home/riser14/ros_ws/src/py_pubsub': PYTHONPATH=/home/riser14/ros_ws/build/py_pubsub/prefix_override:/home/riser14/ros_ws/install/py_pubsub/lib/python3.10/site-packages:${PYTHONPATH} /usr/bin/python3 setup.py egg_info --egg-base ../../build/py_pubsub build --build-base /home/riser14/ros_ws/build/py_pubsub/build install --record /home/riser14/ros_ws/build/py_pubsub/install.log --single-version-externally-managed
[2.898s] running egg_info
[2.899s] writing ../../build/py_pubsub/py_pubsub.egg-info/PKG-INFO
[2.899s] writing dependency_links to ../../build/py_pubsub/py_pubsub.egg-info/dependency_links.txt
[2.899s] writing entry points to ../../build/py_pubsub/py_pubsub.egg-info/entry_points.txt
[2.899s] writing requirements to ../../build/py_pubsub/py_pubsub.egg-info/requires.txt
[2.900s] writing top-level names to ../../build/py_pubsub/py_pubsub.egg-info/top_level.txt
[2.960s] listing git files failed - pretending there aren't any
[3.523s] reading manifest file '../../build/py_pubsub/py_pubsub.egg-info/SOURCES.txt'
[3.536s] writing manifest file '../../build/py_pubsub/py_pubsub.egg-info/SOURCES.txt'
[3.536s] running build
[3.536s] running build_py
[3.537s] copying py_pubsub/nmpc_0.py -> /home/riser14/ros_ws/build/py_pubsub/build/lib/py_pubsub
[3.537s] running install
[3.538s] running install_lib
[3.539s] copying /home/riser14/ros_ws/build/py_pubsub/build/lib/py_pubsub/nmpc_0.py -> /home/riser14/ros_ws/install/py_pubsub/lib/python3.10/site-packages/py_pubsub
[3.540s] byte-compiling /home/riser14/ros_ws/install/py_pubsub/lib/python3.10/site-packages/py_pubsub/nmpc_0.py to nmpc_0.cpython-310.pyc
[3.542s] running install_data
[3.543s] running install_egg_info
[3.544s] removing '/home/riser14/ros_ws/install/py_pubsub/lib/python3.10/site-packages/py_pubsub-0.0.0-py3.10.egg-info' (and everything under it)
[3.544s] Copying ../../build/py_pubsub/py_pubsub.egg-info to /home/riser14/ros_ws/install/py_pubsub/lib/python3.10/site-packages/py_pubsub-0.0.0-py3.10.egg-info
[3.545s] running install_scripts
[3.570s] Installing control script to /home/riser14/ros_ws/install/py_pubsub/lib/py_pubsub
[3.570s] Installing follow script to /home/riser14/ros_ws/install/py_pubsub/lib/py_pubsub
[3.570s] Installing listener script to /home/riser14/ros_ws/install/py_pubsub/lib/py_pubsub
[3.570s] Installing talker script to /home/riser14/ros_ws/install/py_pubsub/lib/py_pubsub
[3.571s] writing list of installed files to '/home/riser14/ros_ws/build/py_pubsub/install.log'
[3.612s] Invoked command in '/home/riser14/ros_ws/src/py_pubsub' returned '0': PYTHONPATH=/home/riser14/ros_ws/build/py_pubsub/prefix_override:/home/riser14/ros_ws/install/py_pubsub/lib/python3.10/site-packages:${PYTHONPATH} /usr/bin/python3 setup.py egg_info --egg-base ../../build/py_pubsub build --build-base /home/riser14/ros_ws/build/py_pubsub/build install --record /home/riser14/ros_ws/build/py_pubsub/install.log --single-version-externally-managed
