[1.794s] Invoking command in '/home/riser14/ros_ws/src/py_pubsub': PYTHONPATH=/home/riser14/ros_ws/build/py_pubsub/prefix_override:/home/riser14/ros_ws/install/py_pubsub/lib/python3.10/site-packages:${PYTHONPATH} /usr/bin/python3 setup.py egg_info --egg-base ../../build/py_pubsub build --build-base /home/riser14/ros_ws/build/py_pubsub/build install --record /home/riser14/ros_ws/build/py_pubsub/install.log --single-version-externally-managed
[2.351s] running egg_info
[2.353s] writing ../../build/py_pubsub/py_pubsub.egg-info/PKG-INFO
[2.354s] writing dependency_links to ../../build/py_pubsub/py_pubsub.egg-info/dependency_links.txt
[2.356s] writing entry points to ../../build/py_pubsub/py_pubsub.egg-info/entry_points.txt
[2.356s] writing requirements to ../../build/py_pubsub/py_pubsub.egg-info/requires.txt
[2.356s] writing top-level names to ../../build/py_pubsub/py_pubsub.egg-info/top_level.txt
[2.440s] listing git files failed - pretending there aren't any
[2.583s] reading manifest file '../../build/py_pubsub/py_pubsub.egg-info/SOURCES.txt'
[2.584s] writing manifest file '../../build/py_pubsub/py_pubsub.egg-info/SOURCES.txt'
[2.584s] running build
[2.584s] running build_py
[2.585s] copying py_pubsub/pid_control.py -> /home/riser14/ros_ws/build/py_pubsub/build/lib/py_pubsub
[2.586s] running install
[2.587s] running install_lib
[2.588s] copying /home/riser14/ros_ws/build/py_pubsub/build/lib/py_pubsub/pid_control.py -> /home/riser14/ros_ws/install/py_pubsub/lib/python3.10/site-packages/py_pubsub
[2.589s] byte-compiling /home/riser14/ros_ws/install/py_pubsub/lib/python3.10/site-packages/py_pubsub/pid_control.py to pid_control.cpython-310.pyc
[2.591s] running install_data
[2.592s] running install_egg_info
[2.592s] removing '/home/riser14/ros_ws/install/py_pubsub/lib/python3.10/site-packages/py_pubsub-0.0.0-py3.10.egg-info' (and everything under it)
[2.593s] Copying ../../build/py_pubsub/py_pubsub.egg-info to /home/riser14/ros_ws/install/py_pubsub/lib/python3.10/site-packages/py_pubsub-0.0.0-py3.10.egg-info
[2.595s] running install_scripts
[2.620s] Installing capture script to /home/riser14/ros_ws/install/py_pubsub/lib/py_pubsub
[2.620s] Installing compare_feature script to /home/riser14/ros_ws/install/py_pubsub/lib/py_pubsub
[2.620s] Installing compare_mean_error script to /home/riser14/ros_ws/install/py_pubsub/lib/py_pubsub
[2.621s] Installing control_mpc script to /home/riser14/ros_ws/install/py_pubsub/lib/py_pubsub
[2.621s] Installing control_nmpc script to /home/riser14/ros_ws/install/py_pubsub/lib/py_pubsub
[2.621s] Installing drift_measure script to /home/riser14/ros_ws/install/py_pubsub/lib/py_pubsub
[2.621s] Installing follow script to /home/riser14/ros_ws/install/py_pubsub/lib/py_pubsub
[2.621s] Installing full_record script to /home/riser14/ros_ws/install/py_pubsub/lib/py_pubsub
[2.621s] Installing listener script to /home/riser14/ros_ws/install/py_pubsub/lib/py_pubsub
[2.622s] Installing pid script to /home/riser14/ros_ws/install/py_pubsub/lib/py_pubsub
[2.622s] Installing pose_sub script to /home/riser14/ros_ws/install/py_pubsub/lib/py_pubsub
[2.623s] writing list of installed files to '/home/riser14/ros_ws/build/py_pubsub/install.log'
[2.662s] Invoked command in '/home/riser14/ros_ws/src/py_pubsub' returned '0': PYTHONPATH=/home/riser14/ros_ws/build/py_pubsub/prefix_override:/home/riser14/ros_ws/install/py_pubsub/lib/python3.10/site-packages:${PYTHONPATH} /usr/bin/python3 setup.py egg_info --egg-base ../../build/py_pubsub build --build-base /home/riser14/ros_ws/build/py_pubsub/build install --record /home/riser14/ros_ws/build/py_pubsub/install.log --single-version-externally-managed
