[1.652s] Invoking command in '/home/riser14/ros_ws/src/py_pubsub': PYTHONPATH=/home/riser14/ros_ws/build/py_pubsub/prefix_override:/home/riser14/ros_ws/install/py_pubsub/lib/python3.10/site-packages:${PYTHONPATH} /usr/bin/python3 setup.py egg_info --egg-base ../../build/py_pubsub build --build-base /home/riser14/ros_ws/build/py_pubsub/build install --record /home/riser14/ros_ws/build/py_pubsub/install.log --single-version-externally-managed
[2.023s] running egg_info
[2.024s] writing ../../build/py_pubsub/py_pubsub.egg-info/PKG-INFO
[2.024s] writing dependency_links to ../../build/py_pubsub/py_pubsub.egg-info/dependency_links.txt
[2.024s] writing entry points to ../../build/py_pubsub/py_pubsub.egg-info/entry_points.txt
[2.025s] writing requirements to ../../build/py_pubsub/py_pubsub.egg-info/requires.txt
[2.025s] writing top-level names to ../../build/py_pubsub/py_pubsub.egg-info/top_level.txt
[2.083s] listing git files failed - pretending there aren't any
[2.229s] reading manifest file '../../build/py_pubsub/py_pubsub.egg-info/SOURCES.txt'
[2.231s] writing manifest file '../../build/py_pubsub/py_pubsub.egg-info/SOURCES.txt'
[2.231s] running build
[2.231s] running build_py
[2.232s] copying py_pubsub/publisher_member_function.py -> /home/riser14/ros_ws/build/py_pubsub/build/lib/py_pubsub
[2.233s] running install
[2.234s] running install_lib
[2.235s] copying /home/riser14/ros_ws/build/py_pubsub/build/lib/py_pubsub/publisher_member_function.py -> /home/riser14/ros_ws/install/py_pubsub/lib/python3.10/site-packages/py_pubsub
[2.237s] byte-compiling /home/riser14/ros_ws/install/py_pubsub/lib/python3.10/site-packages/py_pubsub/publisher_member_function.py to publisher_member_function.cpython-310.pyc
[2.240s] running install_data
[2.241s] running install_egg_info
[2.242s] removing '/home/riser14/ros_ws/install/py_pubsub/lib/python3.10/site-packages/py_pubsub-0.0.0-py3.10.egg-info' (and everything under it)
[2.243s] Copying ../../build/py_pubsub/py_pubsub.egg-info to /home/riser14/ros_ws/install/py_pubsub/lib/python3.10/site-packages/py_pubsub-0.0.0-py3.10.egg-info
[2.244s] running install_scripts
[2.270s] Installing camera_record script to /home/riser14/ros_ws/install/py_pubsub/lib/py_pubsub
[2.272s] Installing capture script to /home/riser14/ros_ws/install/py_pubsub/lib/py_pubsub
[2.272s] Installing compare_feature script to /home/riser14/ros_ws/install/py_pubsub/lib/py_pubsub
[2.273s] Installing compare_mean_error script to /home/riser14/ros_ws/install/py_pubsub/lib/py_pubsub
[2.273s] Installing control_mpc script to /home/riser14/ros_ws/install/py_pubsub/lib/py_pubsub
[2.273s] Installing control_nmpc script to /home/riser14/ros_ws/install/py_pubsub/lib/py_pubsub
[2.273s] Installing drift_measure script to /home/riser14/ros_ws/install/py_pubsub/lib/py_pubsub
[2.273s] Installing full_record script to /home/riser14/ros_ws/install/py_pubsub/lib/py_pubsub
[2.273s] Installing listener script to /home/riser14/ros_ws/install/py_pubsub/lib/py_pubsub
[2.273s] Installing pid script to /home/riser14/ros_ws/install/py_pubsub/lib/py_pubsub
[2.274s] Installing pose_sub script to /home/riser14/ros_ws/install/py_pubsub/lib/py_pubsub
[2.274s] Installing visualisation script to /home/riser14/ros_ws/install/py_pubsub/lib/py_pubsub
[2.274s] Installing waypoint follow script to /home/riser14/ros_ws/install/py_pubsub/lib/py_pubsub
[2.274s] writing list of installed files to '/home/riser14/ros_ws/build/py_pubsub/install.log'
[2.375s] Invoked command in '/home/riser14/ros_ws/src/py_pubsub' returned '0': PYTHONPATH=/home/riser14/ros_ws/build/py_pubsub/prefix_override:/home/riser14/ros_ws/install/py_pubsub/lib/python3.10/site-packages:${PYTHONPATH} /usr/bin/python3 setup.py egg_info --egg-base ../../build/py_pubsub build --build-base /home/riser14/ros_ws/build/py_pubsub/build install --record /home/riser14/ros_ws/build/py_pubsub/install.log --single-version-externally-managed
