[1.378s] Invoking command in '/home/riser14/ros_ws/build/my_package': PYTHONPATH=/home/riser14/ros_ws/build/my_package/prefix_override:/home/riser14/ros_ws/install/my_package/lib/python3.10/site-packages:${PYTHONPATH} /usr/bin/python3 setup.py develop --uninstall --editable --build-directory /home/riser14/ros_ws/build/my_package/build
[1.783s] running develop
[2.108s] Invoked command in '/home/riser14/ros_ws/build/my_package' returned '0': PYTHONPATH=/home/riser14/ros_ws/build/my_package/prefix_override:/home/riser14/ros_ws/install/my_package/lib/python3.10/site-packages:${PYTHONPATH} /usr/bin/python3 setup.py develop --uninstall --editable --build-directory /home/riser14/ros_ws/build/my_package/build
[2.110s] Invoking command in '/home/riser14/ros_ws/src/my_package': PYTHONPATH=/home/riser14/ros_ws/build/my_package/prefix_override:/home/riser14/ros_ws/install/my_package/lib/python3.10/site-packages:${PYTHONPATH} /usr/bin/python3 setup.py egg_info --egg-base ../../build/my_package build --build-base /home/riser14/ros_ws/build/my_package/build install --record /home/riser14/ros_ws/build/my_package/install.log --single-version-externally-managed
[2.493s] running egg_info
[2.494s] writing ../../build/my_package/my_package.egg-info/PKG-INFO
[2.494s] writing dependency_links to ../../build/my_package/my_package.egg-info/dependency_links.txt
[2.495s] writing entry points to ../../build/my_package/my_package.egg-info/entry_points.txt
[2.495s] writing requirements to ../../build/my_package/my_package.egg-info/requires.txt
[2.495s] writing top-level names to ../../build/my_package/my_package.egg-info/top_level.txt
[2.559s] listing git files failed - pretending there aren't any
[2.707s] reading manifest file '../../build/my_package/my_package.egg-info/SOURCES.txt'
[2.709s] writing manifest file '../../build/my_package/my_package.egg-info/SOURCES.txt'
[2.709s] running build
[2.709s] running build_py
[2.709s] running install
[2.710s] running install_lib
[2.711s] running install_data
[2.712s] running install_egg_info
[2.713s] removing '/home/riser14/ros_ws/install/my_package/lib/python3.10/site-packages/my_package-0.0.0-py3.10.egg-info' (and everything under it)
[2.713s] Copying ../../build/my_package/my_package.egg-info to /home/riser14/ros_ws/install/my_package/lib/python3.10/site-packages/my_package-0.0.0-py3.10.egg-info
[2.715s] running install_scripts
[2.740s] Installing my_node script to /home/riser14/ros_ws/install/my_package/lib/my_package
[2.740s] writing list of installed files to '/home/riser14/ros_ws/build/my_package/install.log'
[2.784s] Invoked command in '/home/riser14/ros_ws/src/my_package' returned '0': PYTHONPATH=/home/riser14/ros_ws/build/my_package/prefix_override:/home/riser14/ros_ws/install/my_package/lib/python3.10/site-packages:${PYTHONPATH} /usr/bin/python3 setup.py egg_info --egg-base ../../build/my_package build --build-base /home/riser14/ros_ws/build/my_package/build install --record /home/riser14/ros_ws/build/my_package/install.log --single-version-externally-managed
