[2.105s] Invoking command in '/home/riser14/ros_ws/src/py_pubsub': PYTHONPATH=/home/riser14/ros_ws/build/py_pubsub/prefix_override:/home/riser14/ros_ws/install/py_pubsub/lib/python3.10/site-packages:${PYTHONPATH} /usr/bin/python3 setup.py egg_info --egg-base ../../build/py_pubsub build --build-base /home/riser14/ros_ws/build/py_pubsub/build install --record /home/riser14/ros_ws/build/py_pubsub/install.log --single-version-externally-managed
[2.467s] running egg_info
[2.468s] writing ../../build/py_pubsub/py_pubsub.egg-info/PKG-INFO
[2.468s] writing dependency_links to ../../build/py_pubsub/py_pubsub.egg-info/dependency_links.txt
[2.468s] writing entry points to ../../build/py_pubsub/py_pubsub.egg-info/entry_points.txt
[2.468s] writing requirements to ../../build/py_pubsub/py_pubsub.egg-info/requires.txt
[2.468s] writing top-level names to ../../build/py_pubsub/py_pubsub.egg-info/top_level.txt
[2.550s] listing git files failed - pretending there aren't any
[2.849s] reading manifest file '../../build/py_pubsub/py_pubsub.egg-info/SOURCES.txt'
[2.869s] writing manifest file '../../build/py_pubsub/py_pubsub.egg-info/SOURCES.txt'
[2.869s] running build
[2.869s] running build_py
[2.871s] running install
[2.871s] running install_lib
[2.874s] running install_data
[2.874s] running install_egg_info
[2.875s] removing '/home/riser14/ros_ws/install/py_pubsub/lib/python3.10/site-packages/py_pubsub-0.0.0-py3.10.egg-info' (and everything under it)
[2.876s] Copying ../../build/py_pubsub/py_pubsub.egg-info to /home/riser14/ros_ws/install/py_pubsub/lib/python3.10/site-packages/py_pubsub-0.0.0-py3.10.egg-info
[2.877s] running install_scripts
[2.901s] Installing capture script to /home/riser14/ros_ws/install/py_pubsub/lib/py_pubsub
[2.901s] Installing compare_feature script to /home/riser14/ros_ws/install/py_pubsub/lib/py_pubsub
[2.901s] Installing compare_mean_error script to /home/riser14/ros_ws/install/py_pubsub/lib/py_pubsub
[2.902s] Installing control_mpc script to /home/riser14/ros_ws/install/py_pubsub/lib/py_pubsub
[2.902s] Installing control_nmpc script to /home/riser14/ros_ws/install/py_pubsub/lib/py_pubsub
[2.902s] Installing follow script to /home/riser14/ros_ws/install/py_pubsub/lib/py_pubsub
[2.902s] Installing listener script to /home/riser14/ros_ws/install/py_pubsub/lib/py_pubsub
[2.903s] Installing pid script to /home/riser14/ros_ws/install/py_pubsub/lib/py_pubsub
[2.903s] Installing pose_sub script to /home/riser14/ros_ws/install/py_pubsub/lib/py_pubsub
[2.903s] writing list of installed files to '/home/riser14/ros_ws/build/py_pubsub/install.log'
[3.071s] Invoked command in '/home/riser14/ros_ws/src/py_pubsub' returned '0': PYTHONPATH=/home/riser14/ros_ws/build/py_pubsub/prefix_override:/home/riser14/ros_ws/install/py_pubsub/lib/python3.10/site-packages:${PYTHONPATH} /usr/bin/python3 setup.py egg_info --egg-base ../../build/py_pubsub build --build-base /home/riser14/ros_ws/build/py_pubsub/build install --record /home/riser14/ros_ws/build/py_pubsub/install.log --single-version-externally-managed
