[6.536s] DEBUG:colcon:Command line arguments: ['/usr/bin/colcon', 'build']
[6.536s] DEBUG:colcon:Parsed command line arguments: Namespace(log_base=None, log_level=None, verb_name='build', build_base='build', install_base='install', merge_install=False, symlink_install=False, test_result_base=None, continue_on_error=False, executor='parallel', parallel_workers=4, event_handlers=None, ignore_user_meta=False, metas=['./colcon.meta'], base_paths=['.'], packages_ignore=None, packages_ignore_regex=None, paths=None, packages_up_to=None, packages_up_to_regex=None, packages_above=None, packages_above_and_dependencies=None, packages_above_depth=None, packages_select_by_dep=None, packages_skip_by_dep=None, packages_skip_up_to=None, packages_select_build_failed=False, packages_skip_build_finished=False, packages_select_test_failures=False, packages_skip_test_passed=False, packages_select=None, packages_skip=None, packages_select_regex=None, packages_skip_regex=None, packages_start=None, packages_end=None, allow_overriding=[], cmake_args=None, cmake_target=None, cmake_target_skip_unavailable=False, cmake_clean_cache=False, cmake_clean_first=False, cmake_force_configure=False, ament_cmake_args=None, catkin_cmake_args=None, catkin_skip_building_tests=False, verb_parser=<colcon_defaults.argument_parser.defaults.DefaultArgumentsDecorator object at 0x7f4fb235fac0>, verb_extension=<colcon_core.verb.build.BuildVerb object at 0x7f4fb24c2620>, main=<bound method BuildVerb.main of <colcon_core.verb.build.BuildVerb object at 0x7f4fb24c2620>>)
[6.645s] Level 1:colcon.colcon_core.package_discovery:discover_packages(colcon_meta) check parameters
[6.645s] Level 1:colcon.colcon_core.package_discovery:discover_packages(recursive) check parameters
[6.645s] Level 1:colcon.colcon_core.package_discovery:discover_packages(ignore) check parameters
[6.645s] Level 1:colcon.colcon_core.package_discovery:discover_packages(path) check parameters
[6.645s] Level 1:colcon.colcon_core.package_discovery:discover_packages(colcon_meta) discover
[6.645s] Level 1:colcon.colcon_core.package_discovery:discover_packages(recursive) discover
[6.645s] INFO:colcon.colcon_core.package_discovery:Crawling recursively for packages in '/home/riser14/ros_ws'
[6.646s] Level 1:colcon.colcon_core.package_identification:_identify(.) by extensions ['ignore', 'ignore_ament_install']
[6.646s] Level 1:colcon.colcon_core.package_identification:_identify(.) by extension 'ignore'
[6.646s] Level 1:colcon.colcon_core.package_identification:_identify(.) by extension 'ignore_ament_install'
[6.646s] Level 1:colcon.colcon_core.package_identification:_identify(.) by extensions ['colcon_pkg']
[6.646s] Level 1:colcon.colcon_core.package_identification:_identify(.) by extension 'colcon_pkg'
[6.646s] Level 1:colcon.colcon_core.package_identification:_identify(.) by extensions ['colcon_meta']
[6.646s] Level 1:colcon.colcon_core.package_identification:_identify(.) by extension 'colcon_meta'
[6.646s] Level 1:colcon.colcon_core.package_identification:_identify(.) by extensions ['ros']
[6.646s] Level 1:colcon.colcon_core.package_identification:_identify(.) by extension 'ros'
[6.659s] Level 1:colcon.colcon_core.package_identification:_identify(.) by extensions ['cmake', 'python']
[6.659s] Level 1:colcon.colcon_core.package_identification:_identify(.) by extension 'cmake'
[6.659s] Level 1:colcon.colcon_core.package_identification:_identify(.) by extension 'python'
[6.659s] Level 1:colcon.colcon_core.package_identification:_identify(.) by extensions ['python_setup_py']
[6.659s] Level 1:colcon.colcon_core.package_identification:_identify(.) by extension 'python_setup_py'
[6.659s] Level 1:colcon.colcon_core.package_identification:_identify(Reference_Images) by extensions ['ignore', 'ignore_ament_install']
[6.659s] Level 1:colcon.colcon_core.package_identification:_identify(Reference_Images) by extension 'ignore'
[6.659s] Level 1:colcon.colcon_core.package_identification:_identify(Reference_Images) by extension 'ignore_ament_install'
[6.659s] Level 1:colcon.colcon_core.package_identification:_identify(Reference_Images) by extensions ['colcon_pkg']
[6.659s] Level 1:colcon.colcon_core.package_identification:_identify(Reference_Images) by extension 'colcon_pkg'
[6.659s] Level 1:colcon.colcon_core.package_identification:_identify(Reference_Images) by extensions ['colcon_meta']
[6.659s] Level 1:colcon.colcon_core.package_identification:_identify(Reference_Images) by extension 'colcon_meta'
[6.659s] Level 1:colcon.colcon_core.package_identification:_identify(Reference_Images) by extensions ['ros']
[6.659s] Level 1:colcon.colcon_core.package_identification:_identify(Reference_Images) by extension 'ros'
[6.660s] Level 1:colcon.colcon_core.package_identification:_identify(Reference_Images) by extensions ['cmake', 'python']
[6.660s] Level 1:colcon.colcon_core.package_identification:_identify(Reference_Images) by extension 'cmake'
[6.660s] Level 1:colcon.colcon_core.package_identification:_identify(Reference_Images) by extension 'python'
[6.660s] Level 1:colcon.colcon_core.package_identification:_identify(Reference_Images) by extensions ['python_setup_py']
[6.660s] Level 1:colcon.colcon_core.package_identification:_identify(Reference_Images) by extension 'python_setup_py'
[6.660s] Level 1:colcon.colcon_core.package_identification:_identify(build) by extensions ['ignore', 'ignore_ament_install']
[6.660s] Level 1:colcon.colcon_core.package_identification:_identify(build) by extension 'ignore'
[6.660s] Level 1:colcon.colcon_core.package_identification:_identify(build) ignored
[6.660s] Level 1:colcon.colcon_core.package_identification:_identify(install) by extensions ['ignore', 'ignore_ament_install']
[6.660s] Level 1:colcon.colcon_core.package_identification:_identify(install) by extension 'ignore'
[6.660s] Level 1:colcon.colcon_core.package_identification:_identify(install) ignored
[6.660s] Level 1:colcon.colcon_core.package_identification:_identify(log) by extensions ['ignore', 'ignore_ament_install']
[6.661s] Level 1:colcon.colcon_core.package_identification:_identify(log) by extension 'ignore'
[6.661s] Level 1:colcon.colcon_core.package_identification:_identify(log) ignored
[6.661s] Level 1:colcon.colcon_core.package_identification:_identify(src) by extensions ['ignore', 'ignore_ament_install']
[6.661s] Level 1:colcon.colcon_core.package_identification:_identify(src) by extension 'ignore'
[6.661s] Level 1:colcon.colcon_core.package_identification:_identify(src) by extension 'ignore_ament_install'
[6.661s] Level 1:colcon.colcon_core.package_identification:_identify(src) by extensions ['colcon_pkg']
[6.661s] Level 1:colcon.colcon_core.package_identification:_identify(src) by extension 'colcon_pkg'
[6.661s] Level 1:colcon.colcon_core.package_identification:_identify(src) by extensions ['colcon_meta']
[6.661s] Level 1:colcon.colcon_core.package_identification:_identify(src) by extension 'colcon_meta'
[6.661s] Level 1:colcon.colcon_core.package_identification:_identify(src) by extensions ['ros']
[6.661s] Level 1:colcon.colcon_core.package_identification:_identify(src) by extension 'ros'
[6.661s] Level 1:colcon.colcon_core.package_identification:_identify(src) by extensions ['cmake', 'python']
[6.661s] Level 1:colcon.colcon_core.package_identification:_identify(src) by extension 'cmake'
[6.661s] Level 1:colcon.colcon_core.package_identification:_identify(src) by extension 'python'
[6.661s] Level 1:colcon.colcon_core.package_identification:_identify(src) by extensions ['python_setup_py']
[6.661s] Level 1:colcon.colcon_core.package_identification:_identify(src) by extension 'python_setup_py'
[6.661s] Level 1:colcon.colcon_core.package_identification:_identify(src/my_package) by extensions ['ignore', 'ignore_ament_install']
[6.662s] Level 1:colcon.colcon_core.package_identification:_identify(src/my_package) by extension 'ignore'
[6.662s] Level 1:colcon.colcon_core.package_identification:_identify(src/my_package) by extension 'ignore_ament_install'
[6.662s] Level 1:colcon.colcon_core.package_identification:_identify(src/my_package) by extensions ['colcon_pkg']
[6.662s] Level 1:colcon.colcon_core.package_identification:_identify(src/my_package) by extension 'colcon_pkg'
[6.662s] Level 1:colcon.colcon_core.package_identification:_identify(src/my_package) by extensions ['colcon_meta']
[6.662s] Level 1:colcon.colcon_core.package_identification:_identify(src/my_package) by extension 'colcon_meta'
[6.662s] Level 1:colcon.colcon_core.package_identification:_identify(src/my_package) by extensions ['ros']
[6.662s] Level 1:colcon.colcon_core.package_identification:_identify(src/my_package) by extension 'ros'
[6.665s] DEBUG:colcon.colcon_core.package_identification:Package 'src/my_package' with type 'ros.ament_python' and name 'my_package'
[6.665s] Level 1:colcon.colcon_core.package_identification:_identify(src/py_pubsub) by extensions ['ignore', 'ignore_ament_install']
[6.666s] Level 1:colcon.colcon_core.package_identification:_identify(src/py_pubsub) by extension 'ignore'
[6.666s] Level 1:colcon.colcon_core.package_identification:_identify(src/py_pubsub) by extension 'ignore_ament_install'
[6.666s] Level 1:colcon.colcon_core.package_identification:_identify(src/py_pubsub) by extensions ['colcon_pkg']
[6.666s] Level 1:colcon.colcon_core.package_identification:_identify(src/py_pubsub) by extension 'colcon_pkg'
[6.666s] Level 1:colcon.colcon_core.package_identification:_identify(src/py_pubsub) by extensions ['colcon_meta']
[6.666s] Level 1:colcon.colcon_core.package_identification:_identify(src/py_pubsub) by extension 'colcon_meta'
[6.666s] Level 1:colcon.colcon_core.package_identification:_identify(src/py_pubsub) by extensions ['ros']
[6.666s] Level 1:colcon.colcon_core.package_identification:_identify(src/py_pubsub) by extension 'ros'
[6.667s] DEBUG:colcon.colcon_core.package_identification:Package 'src/py_pubsub' with type 'ros.ament_python' and name 'py_pubsub'
[6.667s] Level 1:colcon.colcon_core.package_discovery:discover_packages(recursive) using defaults
[6.667s] Level 1:colcon.colcon_core.package_discovery:discover_packages(ignore) discover
[6.667s] Level 1:colcon.colcon_core.package_discovery:discover_packages(ignore) using defaults
[6.667s] Level 1:colcon.colcon_core.package_discovery:discover_packages(path) discover
[6.667s] Level 1:colcon.colcon_core.package_discovery:discover_packages(path) using defaults
[6.820s] Level 1:colcon.colcon_core.package_discovery:discover_packages(prefix_path) check parameters
[6.820s] Level 1:colcon.colcon_core.package_discovery:discover_packages(prefix_path) discover
[6.871s] DEBUG:colcon.colcon_installed_package_information.package_discovery:Found 3 installed packages in /home/riser14/turtlebot3_ws/install
[6.891s] DEBUG:colcon.colcon_installed_package_information.package_discovery:Found 1 installed packages in /home/riser14/picture_ws/install
[6.923s] DEBUG:colcon.colcon_installed_package_information.package_discovery:Found 2 installed packages in /home/riser14/ros_ws/install
[6.945s] DEBUG:colcon.colcon_installed_package_information.package_discovery:Found 386 installed packages in /opt/ros/humble
[6.947s] Level 1:colcon.colcon_core.package_discovery:discover_packages(prefix_path) using defaults
[7.150s] Level 5:colcon.colcon_core.verb:set package 'my_package' build argument 'cmake_args' from command line to 'None'
[7.150s] Level 5:colcon.colcon_core.verb:set package 'my_package' build argument 'cmake_target' from command line to 'None'
[7.150s] Level 5:colcon.colcon_core.verb:set package 'my_package' build argument 'cmake_target_skip_unavailable' from command line to 'False'
[7.150s] Level 5:colcon.colcon_core.verb:set package 'my_package' build argument 'cmake_clean_cache' from command line to 'False'
[7.150s] Level 5:colcon.colcon_core.verb:set package 'my_package' build argument 'cmake_clean_first' from command line to 'False'
[7.150s] Level 5:colcon.colcon_core.verb:set package 'my_package' build argument 'cmake_force_configure' from command line to 'False'
[7.150s] Level 5:colcon.colcon_core.verb:set package 'my_package' build argument 'ament_cmake_args' from command line to 'None'
[7.150s] Level 5:colcon.colcon_core.verb:set package 'my_package' build argument 'catkin_cmake_args' from command line to 'None'
[7.150s] Level 5:colcon.colcon_core.verb:set package 'my_package' build argument 'catkin_skip_building_tests' from command line to 'False'
[7.150s] DEBUG:colcon.colcon_core.verb:Building package 'my_package' with the following arguments: {'ament_cmake_args': None, 'build_base': '/home/riser14/ros_ws/build/my_package', 'catkin_cmake_args': None, 'catkin_skip_building_tests': False, 'cmake_args': None, 'cmake_clean_cache': False, 'cmake_clean_first': False, 'cmake_force_configure': False, 'cmake_target': None, 'cmake_target_skip_unavailable': False, 'install_base': '/home/riser14/ros_ws/install/my_package', 'merge_install': False, 'path': '/home/riser14/ros_ws/src/my_package', 'symlink_install': False, 'test_result_base': None}
[7.172s] Level 5:colcon.colcon_core.verb:set package 'py_pubsub' build argument 'cmake_args' from command line to 'None'
[7.172s] Level 5:colcon.colcon_core.verb:set package 'py_pubsub' build argument 'cmake_target' from command line to 'None'
[7.172s] Level 5:colcon.colcon_core.verb:set package 'py_pubsub' build argument 'cmake_target_skip_unavailable' from command line to 'False'
[7.172s] Level 5:colcon.colcon_core.verb:set package 'py_pubsub' build argument 'cmake_clean_cache' from command line to 'False'
[7.172s] Level 5:colcon.colcon_core.verb:set package 'py_pubsub' build argument 'cmake_clean_first' from command line to 'False'
[7.172s] Level 5:colcon.colcon_core.verb:set package 'py_pubsub' build argument 'cmake_force_configure' from command line to 'False'
[7.172s] Level 5:colcon.colcon_core.verb:set package 'py_pubsub' build argument 'ament_cmake_args' from command line to 'None'
[7.172s] Level 5:colcon.colcon_core.verb:set package 'py_pubsub' build argument 'catkin_cmake_args' from command line to 'None'
[7.172s] Level 5:colcon.colcon_core.verb:set package 'py_pubsub' build argument 'catkin_skip_building_tests' from command line to 'False'
[7.172s] DEBUG:colcon.colcon_core.verb:Building package 'py_pubsub' with the following arguments: {'ament_cmake_args': None, 'build_base': '/home/riser14/ros_ws/build/py_pubsub', 'catkin_cmake_args': None, 'catkin_skip_building_tests': False, 'cmake_args': None, 'cmake_clean_cache': False, 'cmake_clean_first': False, 'cmake_force_configure': False, 'cmake_target': None, 'cmake_target_skip_unavailable': False, 'install_base': '/home/riser14/ros_ws/install/py_pubsub', 'merge_install': False, 'path': '/home/riser14/ros_ws/src/py_pubsub', 'symlink_install': False, 'test_result_base': None}
[7.192s] INFO:colcon.colcon_core.executor:Executing jobs using 'parallel' executor
[7.214s] DEBUG:colcon.colcon_parallel_executor.executor.parallel:run_until_complete
[7.214s] INFO:colcon.colcon_ros.task.ament_python.build:Building ROS package in '/home/riser14/ros_ws/src/my_package' with build type 'ament_python'
[7.214s] Level 1:colcon.colcon_core.shell:create_environment_hook('my_package', 'ament_prefix_path')
[7.278s] INFO:colcon.colcon_core.plugin_system:Skipping extension 'colcon_core.shell.bat': Not used on non-Windows systems
[7.278s] INFO:colcon.colcon_core.shell:Creating environment hook '/home/riser14/ros_ws/install/my_package/share/my_package/hook/ament_prefix_path.ps1'
[7.285s] INFO:colcon.colcon_core.shell:Creating environment descriptor '/home/riser14/ros_ws/install/my_package/share/my_package/hook/ament_prefix_path.dsv'
[7.303s] INFO:colcon.colcon_core.shell:Creating environment hook '/home/riser14/ros_ws/install/my_package/share/my_package/hook/ament_prefix_path.sh'
[7.326s] INFO:colcon.colcon_core.shell:Skip shell extension 'powershell' for command environment: Not usable outside of PowerShell
[7.326s] DEBUG:colcon.colcon_core.shell:Skip shell extension 'dsv' for command environment
[7.434s] INFO:colcon.colcon_ros.task.ament_python.build:Building ROS package in '/home/riser14/ros_ws/src/py_pubsub' with build type 'ament_python'
[7.435s] Level 1:colcon.colcon_core.shell:create_environment_hook('py_pubsub', 'ament_prefix_path')
[7.457s] INFO:colcon.colcon_core.shell:Creating environment hook '/home/riser14/ros_ws/install/py_pubsub/share/py_pubsub/hook/ament_prefix_path.ps1'
[7.457s] INFO:colcon.colcon_core.shell:Creating environment descriptor '/home/riser14/ros_ws/install/py_pubsub/share/py_pubsub/hook/ament_prefix_path.dsv'
[7.458s] INFO:colcon.colcon_core.shell:Creating environment hook '/home/riser14/ros_ws/install/py_pubsub/share/py_pubsub/hook/ament_prefix_path.sh'
[7.479s] INFO:colcon.colcon_core.shell:Skip shell extension 'powershell' for command environment: Not usable outside of PowerShell
[7.479s] DEBUG:colcon.colcon_core.shell:Skip shell extension 'dsv' for command environment
[8.013s] INFO:colcon.colcon_core.task.python.build:Building Python package in '/home/riser14/ros_ws/src/my_package'
[8.034s] INFO:colcon.colcon_core.shell:Skip shell extension 'powershell' for command environment: Not usable outside of PowerShell
[8.034s] DEBUG:colcon.colcon_core.shell:Skip shell extension 'dsv' for command environment
[8.515s] INFO:colcon.colcon_core.task.python.build:Building Python package in '/home/riser14/ros_ws/src/py_pubsub'
[8.536s] INFO:colcon.colcon_core.shell:Skip shell extension 'powershell' for command environment: Not usable outside of PowerShell
[8.536s] DEBUG:colcon.colcon_core.shell:Skip shell extension 'dsv' for command environment
[9.605s] DEBUG:colcon.colcon_core.event_handler.log_command:Invoking command in '/home/riser14/ros_ws/src/py_pubsub': PYTHONPATH=/home/riser14/ros_ws/build/py_pubsub/prefix_override:/home/riser14/ros_ws/install/py_pubsub/lib/python3.10/site-packages:${PYTHONPATH} /usr/bin/python3 setup.py egg_info --egg-base ../../build/py_pubsub build --build-base /home/riser14/ros_ws/build/py_pubsub/build install --record /home/riser14/ros_ws/build/py_pubsub/install.log --single-version-externally-managed
[9.609s] DEBUG:colcon.colcon_core.event_handler.log_command:Invoking command in '/home/riser14/ros_ws/src/my_package': PYTHONPATH=/home/riser14/ros_ws/build/my_package/prefix_override:/home/riser14/ros_ws/install/my_package/lib/python3.10/site-packages:${PYTHONPATH} /usr/bin/python3 setup.py egg_info --egg-base ../../build/my_package build --build-base /home/riser14/ros_ws/build/my_package/build install --record /home/riser14/ros_ws/build/my_package/install.log --single-version-externally-managed
[10.645s] DEBUG:colcon.colcon_core.event_handler.log_command:Invoked command in '/home/riser14/ros_ws/src/py_pubsub' returned '0': PYTHONPATH=/home/riser14/ros_ws/build/py_pubsub/prefix_override:/home/riser14/ros_ws/install/py_pubsub/lib/python3.10/site-packages:${PYTHONPATH} /usr/bin/python3 setup.py egg_info --egg-base ../../build/py_pubsub build --build-base /home/riser14/ros_ws/build/py_pubsub/build install --record /home/riser14/ros_ws/build/py_pubsub/install.log --single-version-externally-managed
[10.732s] Level 1:colcon.colcon_core.environment:checking '/home/riser14/ros_ws/install/py_pubsub' for CMake module files
[10.733s] Level 1:colcon.colcon_core.environment:checking '/home/riser14/ros_ws/install/py_pubsub' for CMake config files
[10.747s] Level 1:colcon.colcon_core.environment:checking '/home/riser14/ros_ws/install/py_pubsub/lib'
[10.747s] Level 1:colcon.colcon_core.environment:checking '/home/riser14/ros_ws/install/py_pubsub/bin'
[10.747s] Level 1:colcon.colcon_core.environment:checking '/home/riser14/ros_ws/install/py_pubsub/lib/pkgconfig/py_pubsub.pc'
[10.747s] Level 1:colcon.colcon_core.environment:checking '/home/riser14/ros_ws/install/py_pubsub/lib/python3.10/site-packages'
[10.747s] Level 1:colcon.colcon_core.shell:create_environment_hook('py_pubsub', 'pythonpath')
[10.769s] INFO:colcon.colcon_core.shell:Creating environment hook '/home/riser14/ros_ws/install/py_pubsub/share/py_pubsub/hook/pythonpath.ps1'
[10.769s] INFO:colcon.colcon_core.shell:Creating environment descriptor '/home/riser14/ros_ws/install/py_pubsub/share/py_pubsub/hook/pythonpath.dsv'
[10.770s] INFO:colcon.colcon_core.shell:Creating environment hook '/home/riser14/ros_ws/install/py_pubsub/share/py_pubsub/hook/pythonpath.sh'
[10.770s] Level 1:colcon.colcon_core.environment:checking '/home/riser14/ros_ws/install/py_pubsub/bin'
[10.770s] Level 1:colcon.colcon_core.environment:create_environment_scripts_only(py_pubsub)
[10.791s] INFO:colcon.colcon_core.shell:Creating package script '/home/riser14/ros_ws/install/py_pubsub/share/py_pubsub/package.ps1'
[10.792s] INFO:colcon.colcon_core.shell:Creating package descriptor '/home/riser14/ros_ws/install/py_pubsub/share/py_pubsub/package.dsv'
[10.792s] INFO:colcon.colcon_core.shell:Creating package script '/home/riser14/ros_ws/install/py_pubsub/share/py_pubsub/package.sh'
[10.793s] INFO:colcon.colcon_core.shell:Creating package script '/home/riser14/ros_ws/install/py_pubsub/share/py_pubsub/package.bash'
[10.794s] INFO:colcon.colcon_core.shell:Creating package script '/home/riser14/ros_ws/install/py_pubsub/share/py_pubsub/package.zsh'
[10.795s] Level 1:colcon.colcon_core.environment:create_file_with_runtime_dependencies(/home/riser14/ros_ws/install/py_pubsub/share/colcon-core/packages/py_pubsub)
[10.797s] DEBUG:colcon.colcon_core.event_handler.log_command:Invoked command in '/home/riser14/ros_ws/src/my_package' returned '0': PYTHONPATH=/home/riser14/ros_ws/build/my_package/prefix_override:/home/riser14/ros_ws/install/my_package/lib/python3.10/site-packages:${PYTHONPATH} /usr/bin/python3 setup.py egg_info --egg-base ../../build/my_package build --build-base /home/riser14/ros_ws/build/my_package/build install --record /home/riser14/ros_ws/build/my_package/install.log --single-version-externally-managed
[10.818s] Level 1:colcon.colcon_core.environment:checking '/home/riser14/ros_ws/install/my_package' for CMake module files
[10.819s] Level 1:colcon.colcon_core.environment:checking '/home/riser14/ros_ws/install/my_package' for CMake config files
[10.834s] Level 1:colcon.colcon_core.environment:checking '/home/riser14/ros_ws/install/my_package/lib'
[10.834s] Level 1:colcon.colcon_core.environment:checking '/home/riser14/ros_ws/install/my_package/bin'
[10.834s] Level 1:colcon.colcon_core.environment:checking '/home/riser14/ros_ws/install/my_package/lib/pkgconfig/my_package.pc'
[10.834s] Level 1:colcon.colcon_core.environment:checking '/home/riser14/ros_ws/install/my_package/lib/python3.10/site-packages'
[10.834s] Level 1:colcon.colcon_core.shell:create_environment_hook('my_package', 'pythonpath')
[10.858s] INFO:colcon.colcon_core.shell:Creating environment hook '/home/riser14/ros_ws/install/my_package/share/my_package/hook/pythonpath.ps1'
[10.858s] INFO:colcon.colcon_core.shell:Creating environment descriptor '/home/riser14/ros_ws/install/my_package/share/my_package/hook/pythonpath.dsv'
[10.859s] INFO:colcon.colcon_core.shell:Creating environment hook '/home/riser14/ros_ws/install/my_package/share/my_package/hook/pythonpath.sh'
[10.859s] Level 1:colcon.colcon_core.environment:checking '/home/riser14/ros_ws/install/my_package/bin'
[10.859s] Level 1:colcon.colcon_core.environment:create_environment_scripts_only(my_package)
[10.881s] INFO:colcon.colcon_core.shell:Creating package script '/home/riser14/ros_ws/install/my_package/share/my_package/package.ps1'
[10.881s] INFO:colcon.colcon_core.shell:Creating package descriptor '/home/riser14/ros_ws/install/my_package/share/my_package/package.dsv'
[10.882s] INFO:colcon.colcon_core.shell:Creating package script '/home/riser14/ros_ws/install/my_package/share/my_package/package.sh'
[10.882s] INFO:colcon.colcon_core.shell:Creating package script '/home/riser14/ros_ws/install/my_package/share/my_package/package.bash'
[10.883s] INFO:colcon.colcon_core.shell:Creating package script '/home/riser14/ros_ws/install/my_package/share/my_package/package.zsh'
[10.883s] Level 1:colcon.colcon_core.environment:create_file_with_runtime_dependencies(/home/riser14/ros_ws/install/my_package/share/colcon-core/packages/my_package)
[10.883s] DEBUG:colcon.colcon_parallel_executor.executor.parallel:closing loop
[10.884s] DEBUG:colcon.colcon_parallel_executor.executor.parallel:loop closed
[10.884s] DEBUG:colcon.colcon_parallel_executor.executor.parallel:run_until_complete finished with '0'
[10.884s] DEBUG:colcon.colcon_core.event_reactor:joining thread
[10.942s] INFO:colcon.colcon_core.plugin_system:Skipping extension 'colcon_notification.desktop_notification.terminal_notifier': Not used on non-Darwin systems
[10.942s] INFO:colcon.colcon_core.plugin_system:Skipping extension 'colcon_notification.desktop_notification.win32': Not used on non-Windows systems
[10.942s] INFO:colcon.colcon_notification.desktop_notification:Sending desktop notification using 'notify2'
[10.955s] DEBUG:colcon.colcon_core.event_reactor:joined thread
[10.979s] INFO:colcon.colcon_core.shell:Creating prefix script '/home/riser14/ros_ws/install/local_setup.ps1'
[10.994s] INFO:colcon.colcon_core.shell:Creating prefix util module '/home/riser14/ros_ws/install/_local_setup_util_ps1.py'
[10.995s] INFO:colcon.colcon_core.shell:Creating prefix chain script '/home/riser14/ros_ws/install/setup.ps1'
[11.021s] INFO:colcon.colcon_core.shell:Creating prefix script '/home/riser14/ros_ws/install/local_setup.sh'
[11.021s] INFO:colcon.colcon_core.shell:Creating prefix util module '/home/riser14/ros_ws/install/_local_setup_util_sh.py'
[11.022s] INFO:colcon.colcon_core.shell:Creating prefix chain script '/home/riser14/ros_ws/install/setup.sh'
[11.045s] INFO:colcon.colcon_core.shell:Creating prefix script '/home/riser14/ros_ws/install/local_setup.bash'
[11.058s] INFO:colcon.colcon_core.shell:Creating prefix chain script '/home/riser14/ros_ws/install/setup.bash'
[11.082s] INFO:colcon.colcon_core.shell:Creating prefix script '/home/riser14/ros_ws/install/local_setup.zsh'
[11.083s] INFO:colcon.colcon_core.shell:Creating prefix chain script '/home/riser14/ros_ws/install/setup.zsh'
