[0.000000] (-) TimerEvent: {}
[0.000219] (my_package) JobQueued: {'identifier': 'my_package', 'dependencies': OrderedDict()}
[0.000302] (py_pubsub) JobQueued: {'identifier': 'py_pubsub', 'dependencies': OrderedDict()}
[0.000389] (my_package) JobStarted: {'identifier': 'my_package'}
[0.098882] (-) TimerEvent: {}
[0.173750] (py_pubsub) JobStarted: {'identifier': 'py_pubsub'}
[0.199213] (-) TimerEvent: {}
[0.299838] (-) TimerEvent: {}
[0.400215] (-) TimerEvent: {}
[0.500569] (-) TimerEvent: {}
[0.600924] (-) TimerEvent: {}
[0.701298] (-) TimerEvent: {}
[0.801811] (-) TimerEvent: {}
[0.902151] (-) TimerEvent: {}
[1.002564] (-) TimerEvent: {}
[1.102875] (-) TimerEvent: {}
[1.203217] (-) TimerEvent: {}
[1.304081] (-) TimerEvent: {}
[1.405061] (-) TimerEvent: {}
[1.505581] (-) TimerEvent: {}
[1.605928] (-) TimerEvent: {}
[1.706231] (-) TimerEvent: {}
[1.798305] (py_pubsub) Command: {'cmd': ['/usr/bin/python3', 'setup.py', 'egg_info', '--egg-base', '../../build/py_pubsub', 'build', '--build-base', '/home/riser14/ros_ws/build/py_pubsub/build', 'install', '--record', '/home/riser14/ros_ws/build/py_pubsub/install.log', '--single-version-externally-managed'], 'cwd': '/home/riser14/ros_ws/src/py_pubsub', 'env': {'LANGUAGE': 'en_ZA:en', 'USER': 'riser14', 'XDG_SESSION_TYPE': 'wayland', 'SHLVL': '1', 'LD_LIBRARY_PATH': '/usr/lib/x86_64-linux-gnu/gazebo-11/plugins:/opt/ros/humble/opt/rviz_ogre_vendor/lib:/opt/ros/humble/lib/x86_64-linux-gnu:/opt/ros/humble/lib', 'HOME': '/home/riser14', 'DESKTOP_SESSION': 'ubuntu', 'ROS_PYTHON_VERSION': '3', 'GNOME_SHELL_SESSION_MODE': 'ubuntu', 'GTK_MODULES': 'gail:atk-bridge', 'SYSTEMD_EXEC_PID': '6084', 'DBUS_SESSION_BUS_ADDRESS': 'unix:path=/run/user/1000/bus', 'COLORTERM': 'truecolor', 'IM_CONFIG_PHASE': '1', 'WAYLAND_DISPLAY': 'wayland-0', 'COLCON_PREFIX_PATH': '/home/riser14/turtlebot3_ws/install:/home/riser14/picture_ws/install:/home/riser14/ros_ws/install', 'ROS_DISTRO': 'humble', 'LOGNAME': 'riser14', '_': '/usr/bin/colcon', 'ROS_VERSION': '2', 'XDG_SESSION_CLASS': 'user', 'USERNAME': 'riser14', 'TERM': 'xterm-256color', 'GAZEBO_MODEL_PATH': ':/opt/ros/humble/share/turtlebot3_gazebo/models', 'GNOME_DESKTOP_SESSION_ID': 'this-is-deprecated', 'ROS_LOCALHOST_ONLY': '0', 'PATH': '/opt/ros/humble/bin:/usr/local/sbin:/usr/local/bin:/usr/sbin:/usr/bin:/sbin:/bin:/usr/games:/usr/local/games:/snap/bin:/snap/bin', 'SESSION_MANAGER': 'local/riser14-Inspiron-5559:@/tmp/.ICE-unix/1202,unix/riser14-Inspiron-5559:/tmp/.ICE-unix/1202', 'XDG_MENU_PREFIX': 'gnome-', 'GNOME_TERMINAL_SCREEN': '/org/gnome/Terminal/screen/e20a22ec_5bc7_4ab8_a6fb_5cfc780d6086', 'GNOME_SETUP_DISPLAY': ':1', 'XDG_RUNTIME_DIR': '/run/user/1000', 'DISPLAY': ':0', 'LANG': 'en_US.UTF-8', 'XDG_CURRENT_DESKTOP': 'ubuntu:GNOME', 'RMW_IMPLEMENTATION': 'rmw_cyclonedds_cpp', 'XMODIFIERS': '@im=ibus', 'XDG_SESSION_DESKTOP': 'ubuntu', 'XAUTHORITY': '/run/user/1000/.mutter-Xwaylandauth.OS2JD2', 'GNOME_TERMINAL_SERVICE': ':1.108', 'SSH_AGENT_LAUNCHER': 'gnome-keyring', 'SSH_AUTH_SOCK': '/run/user/1000/keyring/ssh', 'AMENT_PREFIX_PATH': '/home/riser14/ros_ws/install/py_pubsub:/home/riser14/ros_ws/install/my_package:/home/riser14/turtlebot3_ws/install/turtlebot3_simulations:/home/riser14/turtlebot3_ws/install/turtlebot3_gazebo:/home/riser14/turtlebot3_ws/install/turtlebot3_fake_node:/home/riser14/picture_ws/install/my_camera:/opt/ros/humble', 'SHELL': '/bin/bash', 'QT_ACCESSIBILITY': '1', 'GDMSESSION': 'ubuntu', 'QT_IM_MODULE': 'ibus', 'PWD': '/home/riser14/ros_ws/build/py_pubsub', 'TURTLEBOT3_MODEL': 'waffle', 'LC_ALL': 'en_US.UTF-8', 'XDG_CONFIG_DIRS': '/etc/xdg/xdg-ubuntu:/etc/xdg', 'XDG_DATA_DIRS': '/usr/share/ubuntu:/usr/local/share/:/usr/share/:/var/lib/snapd/desktop', 'PYTHONPATH': '/home/riser14/ros_ws/build/py_pubsub/prefix_override:/home/riser14/ros_ws/install/py_pubsub/lib/python3.10/site-packages:/home/riser14/ros_ws/install/py_pubsub/lib/python3.10/site-packages:/home/riser14/ros_ws/install/my_package/lib/python3.10/site-packages:/home/riser14/picture_ws/install/my_camera/lib/python3.10/site-packages:/opt/ros/humble/lib/python3.10/site-packages:/opt/ros/humble/local/lib/python3.10/dist-packages', 'COLCON': '1', 'VTE_VERSION': '6800', 'CMAKE_PREFIX_PATH': '/home/riser14/turtlebot3_ws/install/turtlebot3_simulations:/home/riser14/turtlebot3_ws/install/turtlebot3_gazebo:/home/riser14/turtlebot3_ws/install/turtlebot3_fake_node'}, 'shell': False}
[1.803115] (my_package) Command: {'cmd': ['/usr/bin/python3', 'setup.py', 'egg_info', '--egg-base', '../../build/my_package', 'build', '--build-base', '/home/riser14/ros_ws/build/my_package/build', 'install', '--record', '/home/riser14/ros_ws/build/my_package/install.log', '--single-version-externally-managed'], 'cwd': '/home/riser14/ros_ws/src/my_package', 'env': {'LANGUAGE': 'en_ZA:en', 'USER': 'riser14', 'XDG_SESSION_TYPE': 'wayland', 'SHLVL': '1', 'LD_LIBRARY_PATH': '/usr/lib/x86_64-linux-gnu/gazebo-11/plugins:/opt/ros/humble/opt/rviz_ogre_vendor/lib:/opt/ros/humble/lib/x86_64-linux-gnu:/opt/ros/humble/lib', 'HOME': '/home/riser14', 'DESKTOP_SESSION': 'ubuntu', 'ROS_PYTHON_VERSION': '3', 'GNOME_SHELL_SESSION_MODE': 'ubuntu', 'GTK_MODULES': 'gail:atk-bridge', 'SYSTEMD_EXEC_PID': '6084', 'DBUS_SESSION_BUS_ADDRESS': 'unix:path=/run/user/1000/bus', 'COLORTERM': 'truecolor', 'IM_CONFIG_PHASE': '1', 'WAYLAND_DISPLAY': 'wayland-0', 'COLCON_PREFIX_PATH': '/home/riser14/turtlebot3_ws/install:/home/riser14/picture_ws/install:/home/riser14/ros_ws/install', 'ROS_DISTRO': 'humble', 'LOGNAME': 'riser14', '_': '/usr/bin/colcon', 'ROS_VERSION': '2', 'XDG_SESSION_CLASS': 'user', 'USERNAME': 'riser14', 'TERM': 'xterm-256color', 'GAZEBO_MODEL_PATH': ':/opt/ros/humble/share/turtlebot3_gazebo/models', 'GNOME_DESKTOP_SESSION_ID': 'this-is-deprecated', 'ROS_LOCALHOST_ONLY': '0', 'PATH': '/opt/ros/humble/bin:/usr/local/sbin:/usr/local/bin:/usr/sbin:/usr/bin:/sbin:/bin:/usr/games:/usr/local/games:/snap/bin:/snap/bin', 'SESSION_MANAGER': 'local/riser14-Inspiron-5559:@/tmp/.ICE-unix/1202,unix/riser14-Inspiron-5559:/tmp/.ICE-unix/1202', 'XDG_MENU_PREFIX': 'gnome-', 'GNOME_TERMINAL_SCREEN': '/org/gnome/Terminal/screen/e20a22ec_5bc7_4ab8_a6fb_5cfc780d6086', 'GNOME_SETUP_DISPLAY': ':1', 'XDG_RUNTIME_DIR': '/run/user/1000', 'DISPLAY': ':0', 'LANG': 'en_US.UTF-8', 'XDG_CURRENT_DESKTOP': 'ubuntu:GNOME', 'RMW_IMPLEMENTATION': 'rmw_cyclonedds_cpp', 'XMODIFIERS': '@im=ibus', 'XDG_SESSION_DESKTOP': 'ubuntu', 'XAUTHORITY': '/run/user/1000/.mutter-Xwaylandauth.OS2JD2', 'GNOME_TERMINAL_SERVICE': ':1.108', 'SSH_AGENT_LAUNCHER': 'gnome-keyring', 'SSH_AUTH_SOCK': '/run/user/1000/keyring/ssh', 'AMENT_PREFIX_PATH': '/home/riser14/ros_ws/install/py_pubsub:/home/riser14/ros_ws/install/my_package:/home/riser14/turtlebot3_ws/install/turtlebot3_simulations:/home/riser14/turtlebot3_ws/install/turtlebot3_gazebo:/home/riser14/turtlebot3_ws/install/turtlebot3_fake_node:/home/riser14/picture_ws/install/my_camera:/opt/ros/humble', 'SHELL': '/bin/bash', 'QT_ACCESSIBILITY': '1', 'GDMSESSION': 'ubuntu', 'QT_IM_MODULE': 'ibus', 'PWD': '/home/riser14/ros_ws/build/my_package', 'TURTLEBOT3_MODEL': 'waffle', 'LC_ALL': 'en_US.UTF-8', 'XDG_CONFIG_DIRS': '/etc/xdg/xdg-ubuntu:/etc/xdg', 'XDG_DATA_DIRS': '/usr/share/ubuntu:/usr/local/share/:/usr/share/:/var/lib/snapd/desktop', 'PYTHONPATH': '/home/riser14/ros_ws/build/my_package/prefix_override:/home/riser14/ros_ws/install/my_package/lib/python3.10/site-packages:/home/riser14/ros_ws/install/py_pubsub/lib/python3.10/site-packages:/home/riser14/ros_ws/install/my_package/lib/python3.10/site-packages:/home/riser14/picture_ws/install/my_camera/lib/python3.10/site-packages:/opt/ros/humble/lib/python3.10/site-packages:/opt/ros/humble/local/lib/python3.10/dist-packages', 'COLCON': '1', 'VTE_VERSION': '6800', 'CMAKE_PREFIX_PATH': '/home/riser14/turtlebot3_ws/install/turtlebot3_simulations:/home/riser14/turtlebot3_ws/install/turtlebot3_gazebo:/home/riser14/turtlebot3_ws/install/turtlebot3_fake_node'}, 'shell': False}
[1.806312] (-) TimerEvent: {}
[1.906718] (-) TimerEvent: {}
[2.007173] (-) TimerEvent: {}
[2.107667] (-) TimerEvent: {}
[2.208060] (-) TimerEvent: {}
[2.222116] (py_pubsub) StdoutLine: {'line': b'running egg_info\n'}
[2.223391] (py_pubsub) StdoutLine: {'line': b'writing ../../build/py_pubsub/py_pubsub.egg-info/PKG-INFO\n'}
[2.223673] (py_pubsub) StdoutLine: {'line': b'writing dependency_links to ../../build/py_pubsub/py_pubsub.egg-info/dependency_links.txt\n'}
[2.224018] (py_pubsub) StdoutLine: {'line': b'writing entry points to ../../build/py_pubsub/py_pubsub.egg-info/entry_points.txt\n'}
[2.224208] (py_pubsub) StdoutLine: {'line': b'writing requirements to ../../build/py_pubsub/py_pubsub.egg-info/requires.txt\n'}
[2.224392] (py_pubsub) StdoutLine: {'line': b'writing top-level names to ../../build/py_pubsub/py_pubsub.egg-info/top_level.txt\n'}
[2.225032] (my_package) StdoutLine: {'line': b'running egg_info\n'}
[2.226188] (my_package) StdoutLine: {'line': b'writing ../../build/my_package/my_package.egg-info/PKG-INFO\n'}
[2.226516] (my_package) StdoutLine: {'line': b'writing dependency_links to ../../build/my_package/my_package.egg-info/dependency_links.txt\n'}
[2.226793] (my_package) StdoutLine: {'line': b'writing entry points to ../../build/my_package/my_package.egg-info/entry_points.txt\n'}
[2.226998] (my_package) StdoutLine: {'line': b'writing requirements to ../../build/my_package/my_package.egg-info/requires.txt\n'}
[2.227171] (my_package) StdoutLine: {'line': b'writing top-level names to ../../build/my_package/my_package.egg-info/top_level.txt\n'}
[2.308176] (-) TimerEvent: {}
[2.319230] (py_pubsub) StderrLine: {'line': b"listing git files failed - pretending there aren't any\n"}
[2.320839] (my_package) StderrLine: {'line': b"listing git files failed - pretending there aren't any\n"}
[2.408291] (-) TimerEvent: {}
[2.461041] (py_pubsub) StdoutLine: {'line': b"reading manifest file '../../build/py_pubsub/py_pubsub.egg-info/SOURCES.txt'\n"}
[2.463570] (py_pubsub) StdoutLine: {'line': b"writing manifest file '../../build/py_pubsub/py_pubsub.egg-info/SOURCES.txt'\n"}
[2.464859] (py_pubsub) StdoutLine: {'line': b'running build\n'}
[2.465120] (py_pubsub) StdoutLine: {'line': b'running build_py\n'}
[2.465283] (my_package) StdoutLine: {'line': b"reading manifest file '../../build/my_package/my_package.egg-info/SOURCES.txt'\n"}
[2.465462] (py_pubsub) StdoutLine: {'line': b'copying py_pubsub/publisher_member_function.py -> /home/riser14/ros_ws/build/py_pubsub/build/lib/py_pubsub\n'}
[2.465598] (my_package) StdoutLine: {'line': b"writing manifest file '../../build/my_package/my_package.egg-info/SOURCES.txt'\n"}
[2.465763] (my_package) StdoutLine: {'line': b'running build\n'}
[2.465879] (my_package) StdoutLine: {'line': b'running build_py\n'}
[2.466137] (my_package) StdoutLine: {'line': b'running install\n'}
[2.466278] (py_pubsub) StdoutLine: {'line': b'running install\n'}
[2.466422] (py_pubsub) StdoutLine: {'line': b'running install_lib\n'}
[2.466549] (my_package) StdoutLine: {'line': b'running install_lib\n'}
[2.467234] (py_pubsub) StdoutLine: {'line': b'copying /home/riser14/ros_ws/build/py_pubsub/build/lib/py_pubsub/publisher_member_function.py -> /home/riser14/ros_ws/install/py_pubsub/lib/python3.10/site-packages/py_pubsub\n'}
[2.467986] (my_package) StdoutLine: {'line': b'running install_data\n'}
[2.468377] (py_pubsub) StdoutLine: {'line': b'byte-compiling /home/riser14/ros_ws/install/py_pubsub/lib/python3.10/site-packages/py_pubsub/publisher_member_function.py to publisher_member_function.cpython-310.pyc\n'}
[2.468921] (my_package) StdoutLine: {'line': b'running install_egg_info\n'}
[2.470100] (my_package) StdoutLine: {'line': b"removing '/home/riser14/ros_ws/install/my_package/lib/python3.10/site-packages/my_package-0.0.0-py3.10.egg-info' (and everything under it)\n"}
[2.470566] (my_package) StdoutLine: {'line': b'Copying ../../build/my_package/my_package.egg-info to /home/riser14/ros_ws/install/my_package/lib/python3.10/site-packages/my_package-0.0.0-py3.10.egg-info\n'}
[2.471224] (py_pubsub) StdoutLine: {'line': b'running install_data\n'}
[2.471889] (my_package) StdoutLine: {'line': b'running install_scripts\n'}
[2.472118] (py_pubsub) StdoutLine: {'line': b'running install_egg_info\n'}
[2.473025] (py_pubsub) StdoutLine: {'line': b"removing '/home/riser14/ros_ws/install/py_pubsub/lib/python3.10/site-packages/py_pubsub-0.0.0-py3.10.egg-info' (and everything under it)\n"}
[2.473488] (py_pubsub) StdoutLine: {'line': b'Copying ../../build/py_pubsub/py_pubsub.egg-info to /home/riser14/ros_ws/install/py_pubsub/lib/python3.10/site-packages/py_pubsub-0.0.0-py3.10.egg-info\n'}
[2.474542] (py_pubsub) StdoutLine: {'line': b'running install_scripts\n'}
[2.496947] (py_pubsub) StdoutLine: {'line': b'Installing camera_record script to /home/riser14/ros_ws/install/py_pubsub/lib/py_pubsub\n'}
[2.497336] (py_pubsub) StdoutLine: {'line': b'Installing capture script to /home/riser14/ros_ws/install/py_pubsub/lib/py_pubsub\n'}
[2.497654] (py_pubsub) StdoutLine: {'line': b'Installing compare_feature script to /home/riser14/ros_ws/install/py_pubsub/lib/py_pubsub\n'}
[2.497936] (py_pubsub) StdoutLine: {'line': b'Installing compare_mean_error script to /home/riser14/ros_ws/install/py_pubsub/lib/py_pubsub\n'}
[2.498218] (py_pubsub) StdoutLine: {'line': b'Installing control_mpc script to /home/riser14/ros_ws/install/py_pubsub/lib/py_pubsub\n'}
[2.498477] (py_pubsub) StdoutLine: {'line': b'Installing control_nmpc script to /home/riser14/ros_ws/install/py_pubsub/lib/py_pubsub\n'}
[2.498772] (py_pubsub) StdoutLine: {'line': b'Installing drift_measure script to /home/riser14/ros_ws/install/py_pubsub/lib/py_pubsub\n'}
[2.499016] (py_pubsub) StdoutLine: {'line': b'Installing full_record script to /home/riser14/ros_ws/install/py_pubsub/lib/py_pubsub\n'}
[2.499235] (py_pubsub) StdoutLine: {'line': b'Installing listener script to /home/riser14/ros_ws/install/py_pubsub/lib/py_pubsub\n'}
[2.499472] (py_pubsub) StdoutLine: {'line': b'Installing pid script to /home/riser14/ros_ws/install/py_pubsub/lib/py_pubsub\n'}
[2.499629] (py_pubsub) StdoutLine: {'line': b'Installing pose_sub script to /home/riser14/ros_ws/install/py_pubsub/lib/py_pubsub\n'}
[2.499761] (py_pubsub) StdoutLine: {'line': b'Installing visualisation script to /home/riser14/ros_ws/install/py_pubsub/lib/py_pubsub\n'}
[2.499892] (py_pubsub) StdoutLine: {'line': b'Installing waypoint follow script to /home/riser14/ros_ws/install/py_pubsub/lib/py_pubsub\n'}
[2.500261] (py_pubsub) StdoutLine: {'line': b"writing list of installed files to '/home/riser14/ros_ws/build/py_pubsub/install.log'\n"}
[2.500529] (my_package) StdoutLine: {'line': b'Installing my_node script to /home/riser14/ros_ws/install/my_package/lib/my_package\n'}
[2.501191] (my_package) StdoutLine: {'line': b"writing list of installed files to '/home/riser14/ros_ws/build/my_package/install.log'\n"}
[2.508424] (-) TimerEvent: {}
[2.545419] (my_package) CommandEnded: {'returncode': 0}
[2.608909] (-) TimerEvent: {}
[2.619605] (my_package) JobEnded: {'identifier': 'my_package', 'rc': 0}
[2.620820] (py_pubsub) CommandEnded: {'returncode': 0}
[2.689849] (py_pubsub) JobEnded: {'identifier': 'py_pubsub', 'rc': 0}
[2.690891] (-) EventReactorShutdown: {}
