[10.020s] Invoking command in '/home/riser14/ros_ws/src/py_pubsub': PYTHONPATH=/home/riser14/ros_ws/build/py_pubsub/prefix_override:/home/riser14/ros_ws/install/py_pubsub/lib/python3.10/site-packages:${PYTHONPATH} /usr/bin/python3 setup.py egg_info --egg-base ../../build/py_pubsub build --build-base /home/riser14/ros_ws/build/py_pubsub/build install --record /home/riser14/ros_ws/build/py_pubsub/install.log --single-version-externally-managed
[12.643s] running egg_info
[12.649s] writing ../../build/py_pubsub/py_pubsub.egg-info/PKG-INFO
[12.653s] writing dependency_links to ../../build/py_pubsub/py_pubsub.egg-info/dependency_links.txt
[12.658s] writing entry points to ../../build/py_pubsub/py_pubsub.egg-info/entry_points.txt
[12.660s] writing requirements to ../../build/py_pubsub/py_pubsub.egg-info/requires.txt
[12.661s] writing top-level names to ../../build/py_pubsub/py_pubsub.egg-info/top_level.txt
[13.191s] listing git files failed - pretending there aren't any
[14.000s] reading manifest file '../../build/py_pubsub/py_pubsub.egg-info/SOURCES.txt'
[14.002s] writing manifest file '../../build/py_pubsub/py_pubsub.egg-info/SOURCES.txt'
[14.018s] running build
[14.020s] running build_py
[14.022s] copying py_pubsub/publisher_member_function.py -> /home/riser14/ros_ws/build/py_pubsub/build/lib/py_pubsub
[14.024s] running install
[14.025s] running install_lib
[14.041s] copying /home/riser14/ros_ws/build/py_pubsub/build/lib/py_pubsub/publisher_member_function.py -> /home/riser14/ros_ws/install/py_pubsub/lib/python3.10/site-packages/py_pubsub
[14.043s] byte-compiling /home/riser14/ros_ws/install/py_pubsub/lib/python3.10/site-packages/py_pubsub/publisher_member_function.py to publisher_member_function.cpython-310.pyc
[14.060s] running install_data
[14.063s] running install_egg_info
[14.065s] removing '/home/riser14/ros_ws/install/py_pubsub/lib/python3.10/site-packages/py_pubsub-0.0.0-py3.10.egg-info' (and everything under it)
[14.066s] Copying ../../build/py_pubsub/py_pubsub.egg-info to /home/riser14/ros_ws/install/py_pubsub/lib/python3.10/site-packages/py_pubsub-0.0.0-py3.10.egg-info
[14.071s] running install_scripts
[14.226s] Installing control_mpc script to /home/riser14/ros_ws/install/py_pubsub/lib/py_pubsub
[14.226s] Installing control_nmpc script to /home/riser14/ros_ws/install/py_pubsub/lib/py_pubsub
[14.238s] Installing follow script to /home/riser14/ros_ws/install/py_pubsub/lib/py_pubsub
[14.239s] Installing listener script to /home/riser14/ros_ws/install/py_pubsub/lib/py_pubsub
[14.240s] writing list of installed files to '/home/riser14/ros_ws/build/py_pubsub/install.log'
[15.020s] Invoked command in '/home/riser14/ros_ws/src/py_pubsub' returned '0': PYTHONPATH=/home/riser14/ros_ws/build/py_pubsub/prefix_override:/home/riser14/ros_ws/install/py_pubsub/lib/python3.10/site-packages:${PYTHONPATH} /usr/bin/python3 setup.py egg_info --egg-base ../../build/py_pubsub build --build-base /home/riser14/ros_ws/build/py_pubsub/build install --record /home/riser14/ros_ws/build/py_pubsub/install.log --single-version-externally-managed
