[8.576s] Invoking command in '/home/riser14/ros_ws/src/py_pubsub': PYTHONPATH=/home/riser14/ros_ws/build/py_pubsub/prefix_override:/home/riser14/ros_ws/install/py_pubsub/lib/python3.10/site-packages:${PYTHONPATH} /usr/bin/python3 setup.py egg_info --egg-base ../../build/py_pubsub build --build-base /home/riser14/ros_ws/build/py_pubsub/build install --record /home/riser14/ros_ws/build/py_pubsub/install.log --single-version-externally-managed
[9.993s] running egg_info
[9.998s] writing ../../build/py_pubsub/py_pubsub.egg-info/PKG-INFO
[10.000s] writing dependency_links to ../../build/py_pubsub/py_pubsub.egg-info/dependency_links.txt
[10.001s] writing entry points to ../../build/py_pubsub/py_pubsub.egg-info/entry_points.txt
[10.008s] writing requirements to ../../build/py_pubsub/py_pubsub.egg-info/requires.txt
[10.009s] writing top-level names to ../../build/py_pubsub/py_pubsub.egg-info/top_level.txt
[10.288s] listing git files failed - pretending there aren't any
[11.099s] reading manifest file '../../build/py_pubsub/py_pubsub.egg-info/SOURCES.txt'
[11.099s] writing manifest file '../../build/py_pubsub/py_pubsub.egg-info/SOURCES.txt'
[11.099s] running build
[11.100s] running build_py
[11.102s] copying py_pubsub/full_record.py -> /home/riser14/ros_ws/build/py_pubsub/build/lib/py_pubsub
[11.105s] running install
[11.110s] running install_lib
[11.114s] copying /home/riser14/ros_ws/build/py_pubsub/build/lib/py_pubsub/full_record.py -> /home/riser14/ros_ws/install/py_pubsub/lib/python3.10/site-packages/py_pubsub
[11.119s] byte-compiling /home/riser14/ros_ws/install/py_pubsub/lib/python3.10/site-packages/py_pubsub/full_record.py to full_record.cpython-310.pyc
[11.121s] running install_data
[11.123s] running install_egg_info
[11.128s] removing '/home/riser14/ros_ws/install/py_pubsub/lib/python3.10/site-packages/py_pubsub-0.0.0-py3.10.egg-info' (and everything under it)
[11.144s] Copying ../../build/py_pubsub/py_pubsub.egg-info to /home/riser14/ros_ws/install/py_pubsub/lib/python3.10/site-packages/py_pubsub-0.0.0-py3.10.egg-info
[11.144s] running install_scripts
[11.223s] Installing capture script to /home/riser14/ros_ws/install/py_pubsub/lib/py_pubsub
[11.223s] Installing compare_feature script to /home/riser14/ros_ws/install/py_pubsub/lib/py_pubsub
[11.223s] Installing compare_mean_error script to /home/riser14/ros_ws/install/py_pubsub/lib/py_pubsub
[11.223s] Installing control_mpc script to /home/riser14/ros_ws/install/py_pubsub/lib/py_pubsub
[11.224s] Installing control_nmpc script to /home/riser14/ros_ws/install/py_pubsub/lib/py_pubsub
[11.224s] Installing drift_measure script to /home/riser14/ros_ws/install/py_pubsub/lib/py_pubsub
[11.224s] Installing follow script to /home/riser14/ros_ws/install/py_pubsub/lib/py_pubsub
[11.224s] Installing full_record script to /home/riser14/ros_ws/install/py_pubsub/lib/py_pubsub
[11.225s] Installing listener script to /home/riser14/ros_ws/install/py_pubsub/lib/py_pubsub
[11.225s] Installing pid script to /home/riser14/ros_ws/install/py_pubsub/lib/py_pubsub
[11.225s] Installing pose_sub script to /home/riser14/ros_ws/install/py_pubsub/lib/py_pubsub
[11.226s] writing list of installed files to '/home/riser14/ros_ws/build/py_pubsub/install.log'
[11.387s] Invoked command in '/home/riser14/ros_ws/src/py_pubsub' returned '0': PYTHONPATH=/home/riser14/ros_ws/build/py_pubsub/prefix_override:/home/riser14/ros_ws/install/py_pubsub/lib/python3.10/site-packages:${PYTHONPATH} /usr/bin/python3 setup.py egg_info --egg-base ../../build/py_pubsub build --build-base /home/riser14/ros_ws/build/py_pubsub/build install --record /home/riser14/ros_ws/build/py_pubsub/install.log --single-version-externally-managed
