[2.005s] Invoking command in '/home/riser14/ros_ws/src/py_pubsub': PYTHONPATH=/home/riser14/ros_ws/build/py_pubsub/prefix_override:/home/riser14/ros_ws/install/py_pubsub/lib/python3.10/site-packages:${PYTHONPATH} /usr/bin/python3 setup.py egg_info --egg-base ../../build/py_pubsub build --build-base /home/riser14/ros_ws/build/py_pubsub/build install --record /home/riser14/ros_ws/build/py_pubsub/install.log --single-version-externally-managed
[2.361s] running egg_info
[2.361s] writing ../../build/py_pubsub/py_pubsub.egg-info/PKG-INFO
[2.362s] writing dependency_links to ../../build/py_pubsub/py_pubsub.egg-info/dependency_links.txt
[2.363s] writing entry points to ../../build/py_pubsub/py_pubsub.egg-info/entry_points.txt
[2.363s] writing requirements to ../../build/py_pubsub/py_pubsub.egg-info/requires.txt
[2.363s] writing top-level names to ../../build/py_pubsub/py_pubsub.egg-info/top_level.txt
[2.418s] listing git files failed - pretending there aren't any
[2.906s] reading manifest file '../../build/py_pubsub/py_pubsub.egg-info/SOURCES.txt'
[2.914s] writing manifest file '../../build/py_pubsub/py_pubsub.egg-info/SOURCES.txt'
[2.914s] running build
[2.914s] running build_py
[2.915s] copying py_pubsub/pid_control.py -> /home/riser14/ros_ws/build/py_pubsub/build/lib/py_pubsub
[2.915s] running install
[2.915s] running install_lib
[2.916s] copying /home/riser14/ros_ws/build/py_pubsub/build/lib/py_pubsub/pid_control.py -> /home/riser14/ros_ws/install/py_pubsub/lib/python3.10/site-packages/py_pubsub
[2.917s] byte-compiling /home/riser14/ros_ws/install/py_pubsub/lib/python3.10/site-packages/py_pubsub/pid_control.py to pid_control.cpython-310.pyc
[2.919s] running install_data
[2.920s] running install_egg_info
[2.920s] removing '/home/riser14/ros_ws/install/py_pubsub/lib/python3.10/site-packages/py_pubsub-0.0.0-py3.10.egg-info' (and everything under it)
[2.921s] Copying ../../build/py_pubsub/py_pubsub.egg-info to /home/riser14/ros_ws/install/py_pubsub/lib/python3.10/site-packages/py_pubsub-0.0.0-py3.10.egg-info
[2.934s] running install_scripts
[2.957s] Installing control_mpc script to /home/riser14/ros_ws/install/py_pubsub/lib/py_pubsub
[2.958s] Installing control_nmpc script to /home/riser14/ros_ws/install/py_pubsub/lib/py_pubsub
[2.958s] Installing follow script to /home/riser14/ros_ws/install/py_pubsub/lib/py_pubsub
[2.958s] Installing listener script to /home/riser14/ros_ws/install/py_pubsub/lib/py_pubsub
[2.958s] Installing pid script to /home/riser14/ros_ws/install/py_pubsub/lib/py_pubsub
[2.959s] writing list of installed files to '/home/riser14/ros_ws/build/py_pubsub/install.log'
[3.003s] Invoked command in '/home/riser14/ros_ws/src/py_pubsub' returned '0': PYTHONPATH=/home/riser14/ros_ws/build/py_pubsub/prefix_override:/home/riser14/ros_ws/install/py_pubsub/lib/python3.10/site-packages:${PYTHONPATH} /usr/bin/python3 setup.py egg_info --egg-base ../../build/py_pubsub build --build-base /home/riser14/ros_ws/build/py_pubsub/build install --record /home/riser14/ros_ws/build/py_pubsub/install.log --single-version-externally-managed
