[1.492s] Invoking command in '/home/riser14/ros_ws/build/py_pubsub': PYTHONPATH=/home/riser14/ros_ws/build/py_pubsub/prefix_override:/home/riser14/ros_ws/install/py_pubsub/lib/python3.10/site-packages:${PYTHONPATH} /usr/bin/python3 setup.py develop --uninstall --editable --build-directory /home/riser14/ros_ws/build/py_pubsub/build
[1.949s] running develop
[2.316s] Invoked command in '/home/riser14/ros_ws/build/py_pubsub' returned '0': PYTHONPATH=/home/riser14/ros_ws/build/py_pubsub/prefix_override:/home/riser14/ros_ws/install/py_pubsub/lib/python3.10/site-packages:${PYTHONPATH} /usr/bin/python3 setup.py develop --uninstall --editable --build-directory /home/riser14/ros_ws/build/py_pubsub/build
[2.319s] Invoking command in '/home/riser14/ros_ws/src/py_pubsub': PYTHONPATH=/home/riser14/ros_ws/build/py_pubsub/prefix_override:/home/riser14/ros_ws/install/py_pubsub/lib/python3.10/site-packages:${PYTHONPATH} /usr/bin/python3 setup.py egg_info --egg-base ../../build/py_pubsub build --build-base /home/riser14/ros_ws/build/py_pubsub/build install --record /home/riser14/ros_ws/build/py_pubsub/install.log --single-version-externally-managed
[2.699s] running egg_info
[2.700s] writing ../../build/py_pubsub/py_pubsub.egg-info/PKG-INFO
[2.700s] writing dependency_links to ../../build/py_pubsub/py_pubsub.egg-info/dependency_links.txt
[2.700s] writing entry points to ../../build/py_pubsub/py_pubsub.egg-info/entry_points.txt
[2.701s] writing requirements to ../../build/py_pubsub/py_pubsub.egg-info/requires.txt
[2.701s] writing top-level names to ../../build/py_pubsub/py_pubsub.egg-info/top_level.txt
[2.766s] listing git files failed - pretending there aren't any
[2.934s] reading manifest file '../../build/py_pubsub/py_pubsub.egg-info/SOURCES.txt'
[2.936s] writing manifest file '../../build/py_pubsub/py_pubsub.egg-info/SOURCES.txt'
[2.936s] running build
[2.936s] running build_py
[2.936s] running install
[2.937s] running install_lib
[2.940s] running install_data
[2.941s] running install_egg_info
[2.942s] removing '/home/riser14/ros_ws/install/py_pubsub/lib/python3.10/site-packages/py_pubsub-0.0.0-py3.10.egg-info' (and everything under it)
[2.944s] Copying ../../build/py_pubsub/py_pubsub.egg-info to /home/riser14/ros_ws/install/py_pubsub/lib/python3.10/site-packages/py_pubsub-0.0.0-py3.10.egg-info
[2.946s] running install_scripts
[2.971s] Installing follow script to /home/riser14/ros_ws/install/py_pubsub/lib/py_pubsub
[2.972s] Installing listener script to /home/riser14/ros_ws/install/py_pubsub/lib/py_pubsub
[2.972s] Installing talker script to /home/riser14/ros_ws/install/py_pubsub/lib/py_pubsub
[2.982s] writing list of installed files to '/home/riser14/ros_ws/build/py_pubsub/install.log'
[3.035s] Invoked command in '/home/riser14/ros_ws/src/py_pubsub' returned '0': PYTHONPATH=/home/riser14/ros_ws/build/py_pubsub/prefix_override:/home/riser14/ros_ws/install/py_pubsub/lib/python3.10/site-packages:${PYTHONPATH} /usr/bin/python3 setup.py egg_info --egg-base ../../build/py_pubsub build --build-base /home/riser14/ros_ws/build/py_pubsub/build install --record /home/riser14/ros_ws/build/py_pubsub/install.log --single-version-externally-managed
