[1.614s] Invoking command in '/home/riser14/ros_ws/src/py_pubsub': PYTHONPATH=/home/riser14/ros_ws/build/py_pubsub/prefix_override:/home/riser14/ros_ws/install/py_pubsub/lib/python3.10/site-packages:${PYTHONPATH} /usr/bin/python3 setup.py egg_info --egg-base ../../build/py_pubsub build --build-base /home/riser14/ros_ws/build/py_pubsub/build install --record /home/riser14/ros_ws/build/py_pubsub/install.log --single-version-externally-managed
[1.975s] running egg_info
[1.975s] writing ../../build/py_pubsub/py_pubsub.egg-info/PKG-INFO
[1.976s] writing dependency_links to ../../build/py_pubsub/py_pubsub.egg-info/dependency_links.txt
[1.977s] writing entry points to ../../build/py_pubsub/py_pubsub.egg-info/entry_points.txt
[1.977s] writing requirements to ../../build/py_pubsub/py_pubsub.egg-info/requires.txt
[1.977s] writing top-level names to ../../build/py_pubsub/py_pubsub.egg-info/top_level.txt
[2.036s] listing git files failed - pretending there aren't any
[2.176s] reading manifest file '../../build/py_pubsub/py_pubsub.egg-info/SOURCES.txt'
[2.177s] writing manifest file '../../build/py_pubsub/py_pubsub.egg-info/SOURCES.txt'
[2.178s] running build
[2.178s] running build_py
[2.178s] copying py_pubsub/pid_control.py -> /home/riser14/ros_ws/build/py_pubsub/build/lib/py_pubsub
[2.179s] running install
[2.180s] running install_lib
[2.181s] copying /home/riser14/ros_ws/build/py_pubsub/build/lib/py_pubsub/pid_control.py -> /home/riser14/ros_ws/install/py_pubsub/lib/python3.10/site-packages/py_pubsub
[2.183s] byte-compiling /home/riser14/ros_ws/install/py_pubsub/lib/python3.10/site-packages/py_pubsub/pid_control.py to pid_control.cpython-310.pyc
[2.185s] running install_data
[2.186s] running install_egg_info
[2.187s] removing '/home/riser14/ros_ws/install/py_pubsub/lib/python3.10/site-packages/py_pubsub-0.0.0-py3.10.egg-info' (and everything under it)
[2.187s] Copying ../../build/py_pubsub/py_pubsub.egg-info to /home/riser14/ros_ws/install/py_pubsub/lib/python3.10/site-packages/py_pubsub-0.0.0-py3.10.egg-info
[2.188s] running install_scripts
[2.212s] Installing control_mpc script to /home/riser14/ros_ws/install/py_pubsub/lib/py_pubsub
[2.213s] Installing control_nmpc script to /home/riser14/ros_ws/install/py_pubsub/lib/py_pubsub
[2.213s] Installing follow script to /home/riser14/ros_ws/install/py_pubsub/lib/py_pubsub
[2.213s] Installing listener script to /home/riser14/ros_ws/install/py_pubsub/lib/py_pubsub
[2.213s] Installing pid script to /home/riser14/ros_ws/install/py_pubsub/lib/py_pubsub
[2.214s] writing list of installed files to '/home/riser14/ros_ws/build/py_pubsub/install.log'
[2.330s] Invoked command in '/home/riser14/ros_ws/src/py_pubsub' returned '0': PYTHONPATH=/home/riser14/ros_ws/build/py_pubsub/prefix_override:/home/riser14/ros_ws/install/py_pubsub/lib/python3.10/site-packages:${PYTHONPATH} /usr/bin/python3 setup.py egg_info --egg-base ../../build/py_pubsub build --build-base /home/riser14/ros_ws/build/py_pubsub/build install --record /home/riser14/ros_ws/build/py_pubsub/install.log --single-version-externally-managed
