[7.536s] Invoking command in '/home/riser14/ros_ws/build/py_pubsub': PYTHONPATH=/home/riser14/ros_ws/build/py_pubsub/prefix_override:/home/riser14/ros_ws/install/py_pubsub/lib/python3.10/site-packages:${PYTHONPATH} /usr/bin/python3 setup.py develop --uninstall --editable --build-directory /home/riser14/ros_ws/build/py_pubsub/build
[9.753s] running develop
[11.359s] Invoked command in '/home/riser14/ros_ws/build/py_pubsub' returned '0': PYTHONPATH=/home/riser14/ros_ws/build/py_pubsub/prefix_override:/home/riser14/ros_ws/install/py_pubsub/lib/python3.10/site-packages:${PYTHONPATH} /usr/bin/python3 setup.py develop --uninstall --editable --build-directory /home/riser14/ros_ws/build/py_pubsub/build
[11.359s] Invoking command in '/home/riser14/ros_ws/src/py_pubsub': PYTHONPATH=/home/riser14/ros_ws/build/py_pubsub/prefix_override:/home/riser14/ros_ws/install/py_pubsub/lib/python3.10/site-packages:${PYTHONPATH} /usr/bin/python3 setup.py egg_info --egg-base ../../build/py_pubsub build --build-base /home/riser14/ros_ws/build/py_pubsub/build install --record /home/riser14/ros_ws/build/py_pubsub/install.log --single-version-externally-managed
[13.462s] running egg_info
[13.464s] writing ../../build/py_pubsub/py_pubsub.egg-info/PKG-INFO
[13.465s] writing dependency_links to ../../build/py_pubsub/py_pubsub.egg-info/dependency_links.txt
[13.466s] writing entry points to ../../build/py_pubsub/py_pubsub.egg-info/entry_points.txt
[13.466s] writing requirements to ../../build/py_pubsub/py_pubsub.egg-info/requires.txt
[13.466s] writing top-level names to ../../build/py_pubsub/py_pubsub.egg-info/top_level.txt
[13.806s] listing git files failed - pretending there aren't any
[14.559s] reading manifest file '../../build/py_pubsub/py_pubsub.egg-info/SOURCES.txt'
[14.561s] writing manifest file '../../build/py_pubsub/py_pubsub.egg-info/SOURCES.txt'
[14.561s] running build
[14.561s] running build_py
[14.562s] running install
[14.562s] running install_lib
[14.568s] running install_data
[14.571s] running install_egg_info
[14.580s] removing '/home/riser14/ros_ws/install/py_pubsub/lib/python3.10/site-packages/py_pubsub-0.0.0-py3.10.egg-info' (and everything under it)
[14.583s] Copying ../../build/py_pubsub/py_pubsub.egg-info to /home/riser14/ros_ws/install/py_pubsub/lib/python3.10/site-packages/py_pubsub-0.0.0-py3.10.egg-info
[14.603s] running install_scripts
[14.704s] Installing follow script to /home/riser14/ros_ws/install/py_pubsub/lib/py_pubsub
[14.705s] Installing listener script to /home/riser14/ros_ws/install/py_pubsub/lib/py_pubsub
[14.706s] Installing talker script to /home/riser14/ros_ws/install/py_pubsub/lib/py_pubsub
[14.707s] writing list of installed files to '/home/riser14/ros_ws/build/py_pubsub/install.log'
[14.898s] Invoked command in '/home/riser14/ros_ws/src/py_pubsub' returned '0': PYTHONPATH=/home/riser14/ros_ws/build/py_pubsub/prefix_override:/home/riser14/ros_ws/install/py_pubsub/lib/python3.10/site-packages:${PYTHONPATH} /usr/bin/python3 setup.py egg_info --egg-base ../../build/py_pubsub build --build-base /home/riser14/ros_ws/build/py_pubsub/build install --record /home/riser14/ros_ws/build/py_pubsub/install.log --single-version-externally-managed
