[3.042s] Invoking command in '/home/riser14/ros_ws/src/py_pubsub': PYTHONPATH=/home/riser14/ros_ws/build/py_pubsub/prefix_override:/home/riser14/ros_ws/install/py_pubsub/lib/python3.10/site-packages:${PYTHONPATH} /usr/bin/python3 setup.py egg_info --egg-base ../../build/py_pubsub build --build-base /home/riser14/ros_ws/build/py_pubsub/build install --record /home/riser14/ros_ws/build/py_pubsub/install.log --single-version-externally-managed
[4.298s] running egg_info
[4.300s] writing ../../build/py_pubsub/py_pubsub.egg-info/PKG-INFO
[4.301s] writing dependency_links to ../../build/py_pubsub/py_pubsub.egg-info/dependency_links.txt
[4.302s] writing entry points to ../../build/py_pubsub/py_pubsub.egg-info/entry_points.txt
[4.303s] writing requirements to ../../build/py_pubsub/py_pubsub.egg-info/requires.txt
[4.303s] writing top-level names to ../../build/py_pubsub/py_pubsub.egg-info/top_level.txt
[4.495s] listing git files failed - pretending there aren't any
[4.956s] reading manifest file '../../build/py_pubsub/py_pubsub.egg-info/SOURCES.txt'
[4.960s] writing manifest file '../../build/py_pubsub/py_pubsub.egg-info/SOURCES.txt'
[4.960s] running build
[4.961s] running build_py
[4.962s] copying py_pubsub/subscriber_member_function.py -> /home/riser14/ros_ws/build/py_pubsub/build/lib/py_pubsub
[4.964s] running install
[4.965s] running install_lib
[4.968s] copying /home/riser14/ros_ws/build/py_pubsub/build/lib/py_pubsub/subscriber_member_function.py -> /home/riser14/ros_ws/install/py_pubsub/lib/python3.10/site-packages/py_pubsub
[4.971s] byte-compiling /home/riser14/ros_ws/install/py_pubsub/lib/python3.10/site-packages/py_pubsub/subscriber_member_function.py to subscriber_member_function.cpython-310.pyc
[4.974s] running install_data
[4.976s] copying package.xml -> /home/riser14/ros_ws/install/py_pubsub/share/py_pubsub
[4.977s] running install_egg_info
[4.980s] removing '/home/riser14/ros_ws/install/py_pubsub/lib/python3.10/site-packages/py_pubsub-0.0.0-py3.10.egg-info' (and everything under it)
[4.982s] Copying ../../build/py_pubsub/py_pubsub.egg-info to /home/riser14/ros_ws/install/py_pubsub/lib/python3.10/site-packages/py_pubsub-0.0.0-py3.10.egg-info
[4.986s] running install_scripts
[5.058s] Installing listener script to /home/riser14/ros_ws/install/py_pubsub/lib/py_pubsub
[5.059s] Installing talker script to /home/riser14/ros_ws/install/py_pubsub/lib/py_pubsub
[5.060s] writing list of installed files to '/home/riser14/ros_ws/build/py_pubsub/install.log'
[5.147s] Invoked command in '/home/riser14/ros_ws/src/py_pubsub' returned '0': PYTHONPATH=/home/riser14/ros_ws/build/py_pubsub/prefix_override:/home/riser14/ros_ws/install/py_pubsub/lib/python3.10/site-packages:${PYTHONPATH} /usr/bin/python3 setup.py egg_info --egg-base ../../build/py_pubsub build --build-base /home/riser14/ros_ws/build/py_pubsub/build install --record /home/riser14/ros_ws/build/py_pubsub/install.log --single-version-externally-managed
