[2.942s] Invoking command in '/home/riser14/ros_ws/src/my_package': PYTHONPATH=/home/riser14/ros_ws/build/my_package/prefix_override:/home/riser14/ros_ws/install/my_package/lib/python3.10/site-packages:${PYTHONPATH} /usr/bin/python3 setup.py egg_info --egg-base ../../build/my_package build --build-base /home/riser14/ros_ws/build/my_package/build install --record /home/riser14/ros_ws/build/my_package/install.log --single-version-externally-managed
[3.295s] running egg_info
[3.295s] writing ../../build/my_package/my_package.egg-info/PKG-INFO
[3.312s] writing dependency_links to ../../build/my_package/my_package.egg-info/dependency_links.txt
[3.312s] writing entry points to ../../build/my_package/my_package.egg-info/entry_points.txt
[3.312s] writing requirements to ../../build/my_package/my_package.egg-info/requires.txt
[3.313s] writing top-level names to ../../build/my_package/my_package.egg-info/top_level.txt
[3.382s] listing git files failed - pretending there aren't any
[3.968s] reading manifest file '../../build/my_package/my_package.egg-info/SOURCES.txt'
[3.986s] writing manifest file '../../build/my_package/my_package.egg-info/SOURCES.txt'
[3.986s] running build
[3.986s] running build_py
[3.999s] running install
[4.000s] running install_lib
[4.008s] running install_data
[4.009s] running install_egg_info
[4.010s] removing '/home/riser14/ros_ws/install/my_package/lib/python3.10/site-packages/my_package-0.0.0-py3.10.egg-info' (and everything under it)
[4.011s] Copying ../../build/my_package/my_package.egg-info to /home/riser14/ros_ws/install/my_package/lib/python3.10/site-packages/my_package-0.0.0-py3.10.egg-info
[4.038s] running install_scripts
[4.062s] Installing my_node script to /home/riser14/ros_ws/install/my_package/lib/my_package
[4.075s] writing list of installed files to '/home/riser14/ros_ws/build/my_package/install.log'
[4.120s] Invoked command in '/home/riser14/ros_ws/src/my_package' returned '0': PYTHONPATH=/home/riser14/ros_ws/build/my_package/prefix_override:/home/riser14/ros_ws/install/my_package/lib/python3.10/site-packages:${PYTHONPATH} /usr/bin/python3 setup.py egg_info --egg-base ../../build/my_package build --build-base /home/riser14/ros_ws/build/my_package/build install --record /home/riser14/ros_ws/build/my_package/install.log --single-version-externally-managed
