[9.937s] Invoking command in '/home/riser14/ros_ws/src/my_package': PYTHONPATH=/home/riser14/ros_ws/build/my_package/prefix_override:/home/riser14/ros_ws/install/my_package/lib/python3.10/site-packages:${PYTHONPATH} /usr/bin/python3 setup.py egg_info --egg-base ../../build/my_package build --build-base /home/riser14/ros_ws/build/my_package/build install --record /home/riser14/ros_ws/build/my_package/install.log --single-version-externally-managed
[11.741s] running egg_info
[11.742s] writing ../../build/my_package/my_package.egg-info/PKG-INFO
[11.743s] writing dependency_links to ../../build/my_package/my_package.egg-info/dependency_links.txt
[11.744s] writing entry points to ../../build/my_package/my_package.egg-info/entry_points.txt
[11.745s] writing requirements to ../../build/my_package/my_package.egg-info/requires.txt
[11.747s] writing top-level names to ../../build/my_package/my_package.egg-info/top_level.txt
[12.065s] listing git files failed - pretending there aren't any
[12.669s] reading manifest file '../../build/my_package/my_package.egg-info/SOURCES.txt'
[12.671s] writing manifest file '../../build/my_package/my_package.egg-info/SOURCES.txt'
[12.671s] running build
[12.672s] running build_py
[12.672s] running install
[12.673s] running install_lib
[12.675s] running install_data
[12.678s] running install_egg_info
[12.679s] removing '/home/riser14/ros_ws/install/my_package/lib/python3.10/site-packages/my_package-0.0.0-py3.10.egg-info' (and everything under it)
[12.679s] Copying ../../build/my_package/my_package.egg-info to /home/riser14/ros_ws/install/my_package/lib/python3.10/site-packages/my_package-0.0.0-py3.10.egg-info
[12.689s] running install_scripts
[12.787s] Installing my_node script to /home/riser14/ros_ws/install/my_package/lib/my_package
[12.788s] writing list of installed files to '/home/riser14/ros_ws/build/my_package/install.log'
[12.934s] Invoked command in '/home/riser14/ros_ws/src/my_package' returned '0': PYTHONPATH=/home/riser14/ros_ws/build/my_package/prefix_override:/home/riser14/ros_ws/install/my_package/lib/python3.10/site-packages:${PYTHONPATH} /usr/bin/python3 setup.py egg_info --egg-base ../../build/my_package build --build-base /home/riser14/ros_ws/build/my_package/build install --record /home/riser14/ros_ws/build/my_package/install.log --single-version-externally-managed
