/home/riser14/ros_ws/install/py_pubsub/lib/python3.10/site-packages/py_pubsub/full_record.py
/home/riser14/ros_ws/install/py_pubsub/lib/python3.10/site-packages/py_pubsub/camera_capture.py
/home/riser14/ros_ws/install/py_pubsub/lib/python3.10/site-packages/py_pubsub/subscriber_member_function.py
/home/riser14/ros_ws/install/py_pubsub/lib/python3.10/site-packages/py_pubsub/compare_images_orb.py
/home/riser14/ros_ws/install/py_pubsub/lib/python3.10/site-packages/py_pubsub/plot_on_map.py
/home/riser14/ros_ws/install/py_pubsub/lib/python3.10/site-packages/py_pubsub/drift_measure.py
/home/riser14/ros_ws/install/py_pubsub/lib/python3.10/site-packages/py_pubsub/pid_control.py
/home/riser14/ros_ws/install/py_pubsub/lib/python3.10/site-packages/py_pubsub/waypoint_follower.py
/home/riser14/ros_ws/install/py_pubsub/lib/python3.10/site-packages/py_pubsub/chnage_27_points.py
/home/riser14/ros_ws/install/py_pubsub/lib/python3.10/site-packages/py_pubsub/camera_recording.py
/home/riser14/ros_ws/install/py_pubsub/lib/python3.10/site-packages/py_pubsub/compare_pictures.py
/home/riser14/ros_ws/install/py_pubsub/lib/python3.10/site-packages/py_pubsub/publisher_member_function.py
/home/riser14/ros_ws/install/py_pubsub/lib/python3.10/site-packages/py_pubsub/path_visual.py
/home/riser14/ros_ws/install/py_pubsub/lib/python3.10/site-packages/py_pubsub/nmpc_0.py
/home/riser14/ros_ws/install/py_pubsub/lib/python3.10/site-packages/py_pubsub/pose_subscriber.py
/home/riser14/ros_ws/install/py_pubsub/lib/python3.10/site-packages/py_pubsub/__init__.py
/home/riser14/ros_ws/install/py_pubsub/lib/python3.10/site-packages/py_pubsub/__pycache__/full_record.cpython-310.pyc
/home/riser14/ros_ws/install/py_pubsub/lib/python3.10/site-packages/py_pubsub/__pycache__/camera_capture.cpython-310.pyc
/home/riser14/ros_ws/install/py_pubsub/lib/python3.10/site-packages/py_pubsub/__pycache__/subscriber_member_function.cpython-310.pyc
/home/riser14/ros_ws/install/py_pubsub/lib/python3.10/site-packages/py_pubsub/__pycache__/compare_images_orb.cpython-310.pyc
/home/riser14/ros_ws/install/py_pubsub/lib/python3.10/site-packages/py_pubsub/__pycache__/plot_on_map.cpython-310.pyc
/home/riser14/ros_ws/install/py_pubsub/lib/python3.10/site-packages/py_pubsub/__pycache__/drift_measure.cpython-310.pyc
/home/riser14/ros_ws/install/py_pubsub/lib/python3.10/site-packages/py_pubsub/__pycache__/pid_control.cpython-310.pyc
/home/riser14/ros_ws/install/py_pubsub/lib/python3.10/site-packages/py_pubsub/__pycache__/waypoint_follower.cpython-310.pyc
/home/riser14/ros_ws/install/py_pubsub/lib/python3.10/site-packages/py_pubsub/__pycache__/chnage_27_points.cpython-310.pyc
/home/riser14/ros_ws/install/py_pubsub/lib/python3.10/site-packages/py_pubsub/__pycache__/camera_recording.cpython-310.pyc
/home/riser14/ros_ws/install/py_pubsub/lib/python3.10/site-packages/py_pubsub/__pycache__/compare_pictures.cpython-310.pyc
/home/riser14/ros_ws/install/py_pubsub/lib/python3.10/site-packages/py_pubsub/__pycache__/publisher_member_function.cpython-310.pyc
/home/riser14/ros_ws/install/py_pubsub/lib/python3.10/site-packages/py_pubsub/__pycache__/path_visual.cpython-310.pyc
/home/riser14/ros_ws/install/py_pubsub/lib/python3.10/site-packages/py_pubsub/__pycache__/nmpc_0.cpython-310.pyc
/home/riser14/ros_ws/install/py_pubsub/lib/python3.10/site-packages/py_pubsub/__pycache__/pose_subscriber.cpython-310.pyc
/home/riser14/ros_ws/install/py_pubsub/lib/python3.10/site-packages/py_pubsub/__pycache__/__init__.cpython-310.pyc
/home/riser14/ros_ws/install/py_pubsub/share/ament_index/resource_index/packages/py_pubsub
/home/riser14/ros_ws/install/py_pubsub/share/py_pubsub/package.xml
/home/riser14/ros_ws/install/py_pubsub/lib/python3.10/site-packages/py_pubsub-0.0.0-py3.10.egg-info/PKG-INFO
/home/riser14/ros_ws/install/py_pubsub/lib/python3.10/site-packages/py_pubsub-0.0.0-py3.10.egg-info/zip-safe
/home/riser14/ros_ws/install/py_pubsub/lib/python3.10/site-packages/py_pubsub-0.0.0-py3.10.egg-info/top_level.txt
/home/riser14/ros_ws/install/py_pubsub/lib/python3.10/site-packages/py_pubsub-0.0.0-py3.10.egg-info/entry_points.txt
/home/riser14/ros_ws/install/py_pubsub/lib/python3.10/site-packages/py_pubsub-0.0.0-py3.10.egg-info/dependency_links.txt
/home/riser14/ros_ws/install/py_pubsub/lib/python3.10/site-packages/py_pubsub-0.0.0-py3.10.egg-info/SOURCES.txt
/home/riser14/ros_ws/install/py_pubsub/lib/python3.10/site-packages/py_pubsub-0.0.0-py3.10.egg-info/requires.txt
/home/riser14/ros_ws/install/py_pubsub/lib/py_pubsub/camera_record
/home/riser14/ros_ws/install/py_pubsub/lib/py_pubsub/capture
/home/riser14/ros_ws/install/py_pubsub/lib/py_pubsub/compare_feature
/home/riser14/ros_ws/install/py_pubsub/lib/py_pubsub/compare_mean_error
/home/riser14/ros_ws/install/py_pubsub/lib/py_pubsub/control_mpc
/home/riser14/ros_ws/install/py_pubsub/lib/py_pubsub/control_nmpc
/home/riser14/ros_ws/install/py_pubsub/lib/py_pubsub/drift_measure
/home/riser14/ros_ws/install/py_pubsub/lib/py_pubsub/full_record
/home/riser14/ros_ws/install/py_pubsub/lib/py_pubsub/listener
/home/riser14/ros_ws/install/py_pubsub/lib/py_pubsub/pid
/home/riser14/ros_ws/install/py_pubsub/lib/py_pubsub/pose_sub
/home/riser14/ros_ws/install/py_pubsub/lib/py_pubsub/visualisation
/home/riser14/ros_ws/install/py_pubsub/lib/py_pubsub/waypoint follow
