[3.552s] Invoking command in '/home/riser14/ros_ws/src/py_pubsub': PYTHONPATH=/home/riser14/ros_ws/build/py_pubsub/prefix_override:/home/riser14/ros_ws/install/py_pubsub/lib/python3.10/site-packages:${PYTHONPATH} /usr/bin/python3 setup.py egg_info --egg-base ../../build/py_pubsub build --build-base /home/riser14/ros_ws/build/py_pubsub/build install --record /home/riser14/ros_ws/build/py_pubsub/install.log --single-version-externally-managed
[5.458s] running egg_info
[5.462s] writing ../../build/py_pubsub/py_pubsub.egg-info/PKG-INFO
[5.463s] writing dependency_links to ../../build/py_pubsub/py_pubsub.egg-info/dependency_links.txt
[5.464s] writing entry points to ../../build/py_pubsub/py_pubsub.egg-info/entry_points.txt
[5.465s] writing requirements to ../../build/py_pubsub/py_pubsub.egg-info/requires.txt
[5.465s] writing top-level names to ../../build/py_pubsub/py_pubsub.egg-info/top_level.txt
[5.781s] listing git files failed - pretending there aren't any
[6.417s] reading manifest file '../../build/py_pubsub/py_pubsub.egg-info/SOURCES.txt'
[6.422s] writing manifest file '../../build/py_pubsub/py_pubsub.egg-info/SOURCES.txt'
[6.423s] running build
[6.423s] running build_py
[6.424s] copying py_pubsub/publisher_member_function.py -> /home/riser14/ros_ws/build/py_pubsub/build/lib/py_pubsub
[6.426s] running install
[6.428s] running install_lib
[6.432s] copying /home/riser14/ros_ws/build/py_pubsub/build/lib/py_pubsub/publisher_member_function.py -> /home/riser14/ros_ws/install/py_pubsub/lib/python3.10/site-packages/py_pubsub
[6.434s] byte-compiling /home/riser14/ros_ws/install/py_pubsub/lib/python3.10/site-packages/py_pubsub/publisher_member_function.py to publisher_member_function.cpython-310.pyc
[6.436s] running install_data
[6.438s] running install_egg_info
[6.441s] removing '/home/riser14/ros_ws/install/py_pubsub/lib/python3.10/site-packages/py_pubsub-0.0.0-py3.10.egg-info' (and everything under it)
[6.443s] Copying ../../build/py_pubsub/py_pubsub.egg-info to /home/riser14/ros_ws/install/py_pubsub/lib/python3.10/site-packages/py_pubsub-0.0.0-py3.10.egg-info
[6.447s] running install_scripts
[6.533s] Installing listener script to /home/riser14/ros_ws/install/py_pubsub/lib/py_pubsub
[6.534s] Installing talker script to /home/riser14/ros_ws/install/py_pubsub/lib/py_pubsub
[6.535s] writing list of installed files to '/home/riser14/ros_ws/build/py_pubsub/install.log'
[6.625s] Invoked command in '/home/riser14/ros_ws/src/py_pubsub' returned '0': PYTHONPATH=/home/riser14/ros_ws/build/py_pubsub/prefix_override:/home/riser14/ros_ws/install/py_pubsub/lib/python3.10/site-packages:${PYTHONPATH} /usr/bin/python3 setup.py egg_info --egg-base ../../build/py_pubsub build --build-base /home/riser14/ros_ws/build/py_pubsub/build install --record /home/riser14/ros_ws/build/py_pubsub/install.log --single-version-externally-managed
