[2.178s] Invoking command in '/home/riser14/ros_ws/src/py_pubsub': PYTHONPATH=/home/riser14/ros_ws/build/py_pubsub/prefix_override:/home/riser14/ros_ws/install/py_pubsub/lib/python3.10/site-packages:${PYTHONPATH} /usr/bin/python3 setup.py egg_info --egg-base ../../build/py_pubsub build --build-base /home/riser14/ros_ws/build/py_pubsub/build install --record /home/riser14/ros_ws/build/py_pubsub/install.log --single-version-externally-managed
[2.570s] running egg_info
[2.571s] writing ../../build/py_pubsub/py_pubsub.egg-info/PKG-INFO
[2.572s] writing dependency_links to ../../build/py_pubsub/py_pubsub.egg-info/dependency_links.txt
[2.572s] writing entry points to ../../build/py_pubsub/py_pubsub.egg-info/entry_points.txt
[2.572s] writing requirements to ../../build/py_pubsub/py_pubsub.egg-info/requires.txt
[2.572s] writing top-level names to ../../build/py_pubsub/py_pubsub.egg-info/top_level.txt
[2.629s] listing git files failed - pretending there aren't any
[3.103s] reading manifest file '../../build/py_pubsub/py_pubsub.egg-info/SOURCES.txt'
[3.115s] writing manifest file '../../build/py_pubsub/py_pubsub.egg-info/SOURCES.txt'
[3.116s] running build
[3.116s] running build_py
[3.117s] copying py_pubsub/publisher_member_function.py -> /home/riser14/ros_ws/build/py_pubsub/build/lib/py_pubsub
[3.118s] running install
[3.118s] running install_lib
[3.120s] copying /home/riser14/ros_ws/build/py_pubsub/build/lib/py_pubsub/publisher_member_function.py -> /home/riser14/ros_ws/install/py_pubsub/lib/python3.10/site-packages/py_pubsub
[3.122s] byte-compiling /home/riser14/ros_ws/install/py_pubsub/lib/python3.10/site-packages/py_pubsub/publisher_member_function.py to publisher_member_function.cpython-310.pyc
[3.126s] running install_data
[3.127s] running install_egg_info
[3.128s] removing '/home/riser14/ros_ws/install/py_pubsub/lib/python3.10/site-packages/py_pubsub-0.0.0-py3.10.egg-info' (and everything under it)
[3.128s] Copying ../../build/py_pubsub/py_pubsub.egg-info to /home/riser14/ros_ws/install/py_pubsub/lib/python3.10/site-packages/py_pubsub-0.0.0-py3.10.egg-info
[3.154s] running install_scripts
[3.178s] Installing camera_record script to /home/riser14/ros_ws/install/py_pubsub/lib/py_pubsub
[3.178s] Installing capture script to /home/riser14/ros_ws/install/py_pubsub/lib/py_pubsub
[3.179s] Installing compare_feature script to /home/riser14/ros_ws/install/py_pubsub/lib/py_pubsub
[3.179s] Installing compare_mean_error script to /home/riser14/ros_ws/install/py_pubsub/lib/py_pubsub
[3.179s] Installing control_mpc script to /home/riser14/ros_ws/install/py_pubsub/lib/py_pubsub
[3.179s] Installing control_nmpc script to /home/riser14/ros_ws/install/py_pubsub/lib/py_pubsub
[3.180s] Installing drift_measure script to /home/riser14/ros_ws/install/py_pubsub/lib/py_pubsub
[3.180s] Installing full_record script to /home/riser14/ros_ws/install/py_pubsub/lib/py_pubsub
[3.180s] Installing listener script to /home/riser14/ros_ws/install/py_pubsub/lib/py_pubsub
[3.180s] Installing pid script to /home/riser14/ros_ws/install/py_pubsub/lib/py_pubsub
[3.180s] Installing pose_sub script to /home/riser14/ros_ws/install/py_pubsub/lib/py_pubsub
[3.181s] Installing visualisation script to /home/riser14/ros_ws/install/py_pubsub/lib/py_pubsub
[3.181s] Installing waypoint follow script to /home/riser14/ros_ws/install/py_pubsub/lib/py_pubsub
[3.181s] writing list of installed files to '/home/riser14/ros_ws/build/py_pubsub/install.log'
[3.427s] Invoked command in '/home/riser14/ros_ws/src/py_pubsub' returned '0': PYTHONPATH=/home/riser14/ros_ws/build/py_pubsub/prefix_override:/home/riser14/ros_ws/install/py_pubsub/lib/python3.10/site-packages:${PYTHONPATH} /usr/bin/python3 setup.py egg_info --egg-base ../../build/py_pubsub build --build-base /home/riser14/ros_ws/build/py_pubsub/build install --record /home/riser14/ros_ws/build/py_pubsub/install.log --single-version-externally-managed
