[8.019s] Invoking command in '/home/riser14/ros_ws/src/my_package': PYTHONPATH=/home/riser14/ros_ws/build/my_package/prefix_override:/home/riser14/ros_ws/install/my_package/lib/python3.10/site-packages:${PYTHONPATH} /usr/bin/python3 setup.py egg_info --egg-base ../../build/my_package build --build-base /home/riser14/ros_ws/build/my_package/build install --record /home/riser14/ros_ws/build/my_package/install.log --single-version-externally-managed
[10.831s] running egg_info
[10.835s] writing ../../build/my_package/my_package.egg-info/PKG-INFO
[10.835s] writing dependency_links to ../../build/my_package/my_package.egg-info/dependency_links.txt
[10.850s] writing entry points to ../../build/my_package/my_package.egg-info/entry_points.txt
[10.850s] writing requirements to ../../build/my_package/my_package.egg-info/requires.txt
[10.850s] writing top-level names to ../../build/my_package/my_package.egg-info/top_level.txt
[11.162s] listing git files failed - pretending there aren't any
[12.020s] reading manifest file '../../build/my_package/my_package.egg-info/SOURCES.txt'
[12.022s] writing manifest file '../../build/my_package/my_package.egg-info/SOURCES.txt'
[12.023s] running build
[12.023s] running build_py
[12.024s] running install
[12.027s] running install_lib
[12.036s] running install_data
[12.060s] running install_egg_info
[12.061s] removing '/home/riser14/ros_ws/install/my_package/lib/python3.10/site-packages/my_package-0.0.0-py3.10.egg-info' (and everything under it)
[12.062s] Copying ../../build/my_package/my_package.egg-info to /home/riser14/ros_ws/install/my_package/lib/python3.10/site-packages/my_package-0.0.0-py3.10.egg-info
[12.062s] running install_scripts
[12.169s] Installing my_node script to /home/riser14/ros_ws/install/my_package/lib/my_package
[12.169s] writing list of installed files to '/home/riser14/ros_ws/build/my_package/install.log'
[12.324s] Invoked command in '/home/riser14/ros_ws/src/my_package' returned '0': PYTHONPATH=/home/riser14/ros_ws/build/my_package/prefix_override:/home/riser14/ros_ws/install/my_package/lib/python3.10/site-packages:${PYTHONPATH} /usr/bin/python3 setup.py egg_info --egg-base ../../build/my_package build --build-base /home/riser14/ros_ws/build/my_package/build install --record /home/riser14/ros_ws/build/my_package/install.log --single-version-externally-managed
