[2.755s] Invoking command in '/home/riser14/ros_ws/src/py_pubsub': PYTHONPATH=/home/riser14/ros_ws/build/py_pubsub/prefix_override:/home/riser14/ros_ws/install/py_pubsub/lib/python3.10/site-packages:${PYTHONPATH} /usr/bin/python3 setup.py egg_info --egg-base ../../build/py_pubsub build --build-base /home/riser14/ros_ws/build/py_pubsub/build install --record /home/riser14/ros_ws/build/py_pubsub/install.log --single-version-externally-managed
[3.363s] running egg_info
[3.365s] writing ../../build/py_pubsub/py_pubsub.egg-info/PKG-INFO
[3.365s] writing dependency_links to ../../build/py_pubsub/py_pubsub.egg-info/dependency_links.txt
[3.365s] writing entry points to ../../build/py_pubsub/py_pubsub.egg-info/entry_points.txt
[3.365s] writing requirements to ../../build/py_pubsub/py_pubsub.egg-info/requires.txt
[3.366s] writing top-level names to ../../build/py_pubsub/py_pubsub.egg-info/top_level.txt
[3.462s] listing git files failed - pretending there aren't any
[3.684s] reading manifest file '../../build/py_pubsub/py_pubsub.egg-info/SOURCES.txt'
[3.686s] writing manifest file '../../build/py_pubsub/py_pubsub.egg-info/SOURCES.txt'
[3.686s] running build
[3.686s] running build_py
[3.687s] running install
[3.688s] running install_lib
[3.690s] running install_data
[3.691s] running install_egg_info
[3.692s] removing '/home/riser14/ros_ws/install/py_pubsub/lib/python3.10/site-packages/py_pubsub-0.0.0-py3.10.egg-info' (and everything under it)
[3.696s] Copying ../../build/py_pubsub/py_pubsub.egg-info to /home/riser14/ros_ws/install/py_pubsub/lib/python3.10/site-packages/py_pubsub-0.0.0-py3.10.egg-info
[3.696s] running install_scripts
[3.719s] Installing capture script to /home/riser14/ros_ws/install/py_pubsub/lib/py_pubsub
[3.720s] Installing compare_feature script to /home/riser14/ros_ws/install/py_pubsub/lib/py_pubsub
[3.720s] Installing compare_mean_error script to /home/riser14/ros_ws/install/py_pubsub/lib/py_pubsub
[3.720s] Installing control_mpc script to /home/riser14/ros_ws/install/py_pubsub/lib/py_pubsub
[3.721s] Installing control_nmpc script to /home/riser14/ros_ws/install/py_pubsub/lib/py_pubsub
[3.721s] Installing drift_measure script to /home/riser14/ros_ws/install/py_pubsub/lib/py_pubsub
[3.721s] Installing follow script to /home/riser14/ros_ws/install/py_pubsub/lib/py_pubsub
[3.722s] Installing full_record script to /home/riser14/ros_ws/install/py_pubsub/lib/py_pubsub
[3.722s] Installing listener script to /home/riser14/ros_ws/install/py_pubsub/lib/py_pubsub
[3.722s] Installing pid script to /home/riser14/ros_ws/install/py_pubsub/lib/py_pubsub
[3.722s] Installing pose_sub script to /home/riser14/ros_ws/install/py_pubsub/lib/py_pubsub
[3.723s] writing list of installed files to '/home/riser14/ros_ws/build/py_pubsub/install.log'
[3.789s] Invoked command in '/home/riser14/ros_ws/src/py_pubsub' returned '0': PYTHONPATH=/home/riser14/ros_ws/build/py_pubsub/prefix_override:/home/riser14/ros_ws/install/py_pubsub/lib/python3.10/site-packages:${PYTHONPATH} /usr/bin/python3 setup.py egg_info --egg-base ../../build/py_pubsub build --build-base /home/riser14/ros_ws/build/py_pubsub/build install --record /home/riser14/ros_ws/build/py_pubsub/install.log --single-version-externally-managed
