[9.972s] Invoking command in '/home/riser14/ros_ws/src/py_pubsub': PYTHONPATH=/home/riser14/ros_ws/build/py_pubsub/prefix_override:/home/riser14/ros_ws/install/py_pubsub/lib/python3.10/site-packages:${PYTHONPATH} /usr/bin/python3 setup.py egg_info --egg-base ../../build/py_pubsub build --build-base /home/riser14/ros_ws/build/py_pubsub/build install --record /home/riser14/ros_ws/build/py_pubsub/install.log --single-version-externally-managed
[13.336s] running egg_info
[13.339s] writing ../../build/py_pubsub/py_pubsub.egg-info/PKG-INFO
[13.340s] writing dependency_links to ../../build/py_pubsub/py_pubsub.egg-info/dependency_links.txt
[13.341s] writing entry points to ../../build/py_pubsub/py_pubsub.egg-info/entry_points.txt
[13.342s] writing requirements to ../../build/py_pubsub/py_pubsub.egg-info/requires.txt
[13.343s] writing top-level names to ../../build/py_pubsub/py_pubsub.egg-info/top_level.txt
[13.830s] listing git files failed - pretending there aren't any
[15.142s] reading manifest file '../../build/py_pubsub/py_pubsub.egg-info/SOURCES.txt'
[15.148s] writing manifest file '../../build/py_pubsub/py_pubsub.egg-info/SOURCES.txt'
[15.150s] running build
[15.150s] running build_py
[15.151s] copying py_pubsub/subscriber_member_function.py -> /home/riser14/ros_ws/build/py_pubsub/build/lib/py_pubsub
[15.153s] running install
[15.155s] running install_lib
[15.160s] copying /home/riser14/ros_ws/build/py_pubsub/build/lib/py_pubsub/subscriber_member_function.py -> /home/riser14/ros_ws/install/py_pubsub/lib/python3.10/site-packages/py_pubsub
[15.172s] byte-compiling /home/riser14/ros_ws/install/py_pubsub/lib/python3.10/site-packages/py_pubsub/subscriber_member_function.py to subscriber_member_function.cpython-310.pyc
[15.179s] running install_data
[15.188s] copying package.xml -> /home/riser14/ros_ws/install/py_pubsub/share/py_pubsub
[15.192s] running install_egg_info
[15.203s] removing '/home/riser14/ros_ws/install/py_pubsub/lib/python3.10/site-packages/py_pubsub-0.0.0-py3.10.egg-info' (and everything under it)
[15.204s] Copying ../../build/py_pubsub/py_pubsub.egg-info to /home/riser14/ros_ws/install/py_pubsub/lib/python3.10/site-packages/py_pubsub-0.0.0-py3.10.egg-info
[15.212s] running install_scripts
[15.404s] Installing listener script to /home/riser14/ros_ws/install/py_pubsub/lib/py_pubsub
[15.405s] Installing talker script to /home/riser14/ros_ws/install/py_pubsub/lib/py_pubsub
[15.407s] writing list of installed files to '/home/riser14/ros_ws/build/py_pubsub/install.log'
[15.603s] Invoked command in '/home/riser14/ros_ws/src/py_pubsub' returned '0': PYTHONPATH=/home/riser14/ros_ws/build/py_pubsub/prefix_override:/home/riser14/ros_ws/install/py_pubsub/lib/python3.10/site-packages:${PYTHONPATH} /usr/bin/python3 setup.py egg_info --egg-base ../../build/py_pubsub build --build-base /home/riser14/ros_ws/build/py_pubsub/build install --record /home/riser14/ros_ws/build/py_pubsub/install.log --single-version-externally-managed
