[0.000000] (-) TimerEvent: {}
[0.002412] (my_package) JobQueued: {'identifier': 'my_package', 'dependencies': OrderedDict()}
[0.002888] (py_pubsub) JobQueued: {'identifier': 'py_pubsub', 'dependencies': OrderedDict()}
[0.003344] (my_package) JobStarted: {'identifier': 'my_package'}
[0.105971] (-) TimerEvent: {}
[0.206352] (-) TimerEvent: {}
[0.319710] (-) TimerEvent: {}
[0.420507] (-) TimerEvent: {}
[0.525315] (-) TimerEvent: {}
[0.628953] (-) TimerEvent: {}
[0.730953] (-) TimerEvent: {}
[0.831498] (-) TimerEvent: {}
[0.932219] (-) TimerEvent: {}
[1.000208] (py_pubsub) JobStarted: {'identifier': 'py_pubsub'}
[1.034669] (-) TimerEvent: {}
[1.139288] (-) TimerEvent: {}
[1.240284] (-) TimerEvent: {}
[1.342765] (-) TimerEvent: {}
[1.443873] (-) TimerEvent: {}
[1.544728] (-) TimerEvent: {}
[1.645924] (-) TimerEvent: {}
[1.747633] (-) TimerEvent: {}
[1.848362] (-) TimerEvent: {}
[1.949653] (-) TimerEvent: {}
[2.050795] (-) TimerEvent: {}
[2.152654] (-) TimerEvent: {}
[2.254218] (-) TimerEvent: {}
[2.355922] (-) TimerEvent: {}
[2.456765] (-) TimerEvent: {}
[2.558185] (-) TimerEvent: {}
[2.659444] (-) TimerEvent: {}
[2.761314] (-) TimerEvent: {}
[2.862046] (-) TimerEvent: {}
[2.962723] (-) TimerEvent: {}
[3.063790] (-) TimerEvent: {}
[3.165952] (-) TimerEvent: {}
[3.266908] (-) TimerEvent: {}
[3.369464] (-) TimerEvent: {}
[3.470606] (-) TimerEvent: {}
[3.571634] (-) TimerEvent: {}
[3.673547] (-) TimerEvent: {}
[3.774071] (-) TimerEvent: {}
[3.875077] (-) TimerEvent: {}
[3.976502] (-) TimerEvent: {}
[4.077522] (-) TimerEvent: {}
[4.178351] (-) TimerEvent: {}
[4.279768] (-) TimerEvent: {}
[4.382016] (-) TimerEvent: {}
[4.484786] (-) TimerEvent: {}
[4.585438] (-) TimerEvent: {}
[4.686165] (-) TimerEvent: {}
[4.787046] (-) TimerEvent: {}
[4.888714] (-) TimerEvent: {}
[4.990224] (-) TimerEvent: {}
[5.093943] (-) TimerEvent: {}
[5.194608] (-) TimerEvent: {}
[5.295376] (-) TimerEvent: {}
[5.396302] (-) TimerEvent: {}
[5.496832] (-) TimerEvent: {}
[5.597408] (-) TimerEvent: {}
[5.698805] (-) TimerEvent: {}
[5.799314] (-) TimerEvent: {}
[5.900694] (-) TimerEvent: {}
[6.001477] (-) TimerEvent: {}
[6.102076] (-) TimerEvent: {}
[6.202703] (-) TimerEvent: {}
[6.304055] (-) TimerEvent: {}
[6.405381] (-) TimerEvent: {}
[6.506430] (-) TimerEvent: {}
[6.607477] (-) TimerEvent: {}
[6.708431] (-) TimerEvent: {}
[6.809557] (-) TimerEvent: {}
[6.910019] (-) TimerEvent: {}
[7.011938] (-) TimerEvent: {}
[7.114156] (-) TimerEvent: {}
[7.221849] (-) TimerEvent: {}
[7.323486] (-) TimerEvent: {}
[7.425952] (-) TimerEvent: {}
[7.527301] (-) TimerEvent: {}
[7.627860] (-) TimerEvent: {}
[7.728895] (-) TimerEvent: {}
[7.835326] (-) TimerEvent: {}
[7.939664] (-) TimerEvent: {}
[8.040259] (-) TimerEvent: {}
[8.140888] (-) TimerEvent: {}
[8.241559] (-) TimerEvent: {}
[8.343301] (-) TimerEvent: {}
[8.444442] (-) TimerEvent: {}
[8.544796] (-) TimerEvent: {}
[8.645378] (-) TimerEvent: {}
[8.753293] (-) TimerEvent: {}
[8.853668] (-) TimerEvent: {}
[8.954113] (-) TimerEvent: {}
[9.054656] (-) TimerEvent: {}
[9.155884] (-) TimerEvent: {}
[9.256605] (-) TimerEvent: {}
[9.357081] (-) TimerEvent: {}
[9.457838] (-) TimerEvent: {}
[9.558540] (-) TimerEvent: {}
[9.659045] (-) TimerEvent: {}
[9.762480] (-) TimerEvent: {}
[9.863845] (-) TimerEvent: {}
[9.938265] (my_package) Command: {'cmd': ['/usr/bin/python3', 'setup.py', 'egg_info', '--egg-base', '../../build/my_package', 'build', '--build-base', '/home/riser14/ros_ws/build/my_package/build', 'install', '--record', '/home/riser14/ros_ws/build/my_package/install.log', '--single-version-externally-managed'], 'cwd': '/home/riser14/ros_ws/src/my_package', 'env': {'LANGUAGE': 'en_ZA:en', 'USER': 'riser14', 'XDG_SESSION_TYPE': 'wayland', 'SHLVL': '1', 'LD_LIBRARY_PATH': '/usr/lib/x86_64-linux-gnu/gazebo-11/plugins:/opt/ros/humble/opt/rviz_ogre_vendor/lib:/opt/ros/humble/lib/x86_64-linux-gnu:/opt/ros/humble/lib', 'HOME': '/home/riser14', 'DESKTOP_SESSION': 'ubuntu', 'ROS_PYTHON_VERSION': '3', 'GNOME_SHELL_SESSION_MODE': 'ubuntu', 'GTK_MODULES': 'gail:atk-bridge', 'SYSTEMD_EXEC_PID': '397452', 'DBUS_SESSION_BUS_ADDRESS': 'unix:path=/run/user/1000/bus', 'COLORTERM': 'truecolor', 'IM_CONFIG_PHASE': '1', 'WAYLAND_DISPLAY': 'wayland-0', 'COLCON_PREFIX_PATH': '/home/riser14/turtlebot3_ws/install:/home/riser14/picture_ws/install:/home/riser14/ros_ws/install', 'ROS_DISTRO': 'humble', 'LOGNAME': 'riser14', '_': '/usr/bin/colcon', 'ROS_VERSION': '2', 'XDG_SESSION_CLASS': 'user', 'USERNAME': 'riser14', 'TERM': 'xterm-256color', 'GAZEBO_MODEL_PATH': ':/opt/ros/humble/share/turtlebot3_gazebo/models', 'GNOME_DESKTOP_SESSION_ID': 'this-is-deprecated', 'ROS_LOCALHOST_ONLY': '0', 'PATH': '/opt/ros/humble/bin:/usr/local/sbin:/usr/local/bin:/usr/sbin:/usr/bin:/sbin:/bin:/usr/games:/usr/local/games:/snap/bin:/snap/bin', 'SESSION_MANAGER': 'local/riser14-Inspiron-5559:@/tmp/.ICE-unix/1207,unix/riser14-Inspiron-5559:/tmp/.ICE-unix/1207', 'XDG_MENU_PREFIX': 'gnome-', 'GNOME_TERMINAL_SCREEN': '/org/gnome/Terminal/screen/ce9fd96e_dc7b_4f86_9e11_02f7bb36bc93', 'GNOME_SETUP_DISPLAY': ':1', 'XDG_RUNTIME_DIR': '/run/user/1000', 'DISPLAY': ':0', 'LANG': 'en_US.UTF-8', 'XDG_CURRENT_DESKTOP': 'ubuntu:GNOME', 'RMW_IMPLEMENTATION': 'rmw_cyclonedds_cpp', 'XMODIFIERS': '@im=ibus', 'XDG_SESSION_DESKTOP': 'ubuntu', 'XAUTHORITY': '/run/user/1000/.mutter-Xwaylandauth.O1N0C2', 'GNOME_TERMINAL_SERVICE': ':1.380', 'SSH_AGENT_LAUNCHER': 'gnome-keyring', 'SSH_AUTH_SOCK': '/run/user/1000/keyring/ssh', 'AMENT_PREFIX_PATH': '/home/riser14/ros_ws/install/py_pubsub:/home/riser14/ros_ws/install/my_package:/home/riser14/turtlebot3_ws/install/turtlebot3_simulations:/home/riser14/turtlebot3_ws/install/turtlebot3_gazebo:/home/riser14/turtlebot3_ws/install/turtlebot3_fake_node:/home/riser14/picture_ws/install/my_camera:/opt/ros/humble', 'SHELL': '/bin/bash', 'QT_ACCESSIBILITY': '1', 'GDMSESSION': 'ubuntu', 'QT_IM_MODULE': 'ibus', 'PWD': '/home/riser14/ros_ws/build/my_package', 'TURTLEBOT3_MODEL': 'waffle', 'LC_ALL': 'en_US.UTF-8', 'XDG_CONFIG_DIRS': '/etc/xdg/xdg-ubuntu:/etc/xdg', 'XDG_DATA_DIRS': '/usr/share/ubuntu:/usr/local/share/:/usr/share/:/var/lib/snapd/desktop', 'PYTHONPATH': '/home/riser14/ros_ws/build/my_package/prefix_override:/home/riser14/ros_ws/install/my_package/lib/python3.10/site-packages:/home/riser14/ros_ws/install/py_pubsub/lib/python3.10/site-packages:/home/riser14/ros_ws/install/my_package/lib/python3.10/site-packages:/home/riser14/picture_ws/install/my_camera/lib/python3.10/site-packages:/opt/ros/humble/lib/python3.10/site-packages:/opt/ros/humble/local/lib/python3.10/dist-packages', 'COLCON': '1', 'VTE_VERSION': '6800', 'CMAKE_PREFIX_PATH': '/home/riser14/turtlebot3_ws/install/turtlebot3_simulations:/home/riser14/turtlebot3_ws/install/turtlebot3_gazebo:/home/riser14/turtlebot3_ws/install/turtlebot3_fake_node'}, 'shell': False}
[9.963897] (-) TimerEvent: {}
[9.989191] (py_pubsub) Command: {'cmd': ['/usr/bin/python3', 'setup.py', 'egg_info', '--egg-base', '../../build/py_pubsub', 'build', '--build-base', '/home/riser14/ros_ws/build/py_pubsub/build', 'install', '--record', '/home/riser14/ros_ws/build/py_pubsub/install.log', '--single-version-externally-managed'], 'cwd': '/home/riser14/ros_ws/src/py_pubsub', 'env': {'LANGUAGE': 'en_ZA:en', 'USER': 'riser14', 'XDG_SESSION_TYPE': 'wayland', 'SHLVL': '1', 'LD_LIBRARY_PATH': '/usr/lib/x86_64-linux-gnu/gazebo-11/plugins:/opt/ros/humble/opt/rviz_ogre_vendor/lib:/opt/ros/humble/lib/x86_64-linux-gnu:/opt/ros/humble/lib', 'HOME': '/home/riser14', 'DESKTOP_SESSION': 'ubuntu', 'ROS_PYTHON_VERSION': '3', 'GNOME_SHELL_SESSION_MODE': 'ubuntu', 'GTK_MODULES': 'gail:atk-bridge', 'SYSTEMD_EXEC_PID': '397452', 'DBUS_SESSION_BUS_ADDRESS': 'unix:path=/run/user/1000/bus', 'COLORTERM': 'truecolor', 'IM_CONFIG_PHASE': '1', 'WAYLAND_DISPLAY': 'wayland-0', 'COLCON_PREFIX_PATH': '/home/riser14/turtlebot3_ws/install:/home/riser14/picture_ws/install:/home/riser14/ros_ws/install', 'ROS_DISTRO': 'humble', 'LOGNAME': 'riser14', '_': '/usr/bin/colcon', 'ROS_VERSION': '2', 'XDG_SESSION_CLASS': 'user', 'USERNAME': 'riser14', 'TERM': 'xterm-256color', 'GAZEBO_MODEL_PATH': ':/opt/ros/humble/share/turtlebot3_gazebo/models', 'GNOME_DESKTOP_SESSION_ID': 'this-is-deprecated', 'ROS_LOCALHOST_ONLY': '0', 'PATH': '/opt/ros/humble/bin:/usr/local/sbin:/usr/local/bin:/usr/sbin:/usr/bin:/sbin:/bin:/usr/games:/usr/local/games:/snap/bin:/snap/bin', 'SESSION_MANAGER': 'local/riser14-Inspiron-5559:@/tmp/.ICE-unix/1207,unix/riser14-Inspiron-5559:/tmp/.ICE-unix/1207', 'XDG_MENU_PREFIX': 'gnome-', 'GNOME_TERMINAL_SCREEN': '/org/gnome/Terminal/screen/ce9fd96e_dc7b_4f86_9e11_02f7bb36bc93', 'GNOME_SETUP_DISPLAY': ':1', 'XDG_RUNTIME_DIR': '/run/user/1000', 'DISPLAY': ':0', 'LANG': 'en_US.UTF-8', 'XDG_CURRENT_DESKTOP': 'ubuntu:GNOME', 'RMW_IMPLEMENTATION': 'rmw_cyclonedds_cpp', 'XMODIFIERS': '@im=ibus', 'XDG_SESSION_DESKTOP': 'ubuntu', 'XAUTHORITY': '/run/user/1000/.mutter-Xwaylandauth.O1N0C2', 'GNOME_TERMINAL_SERVICE': ':1.380', 'SSH_AGENT_LAUNCHER': 'gnome-keyring', 'SSH_AUTH_SOCK': '/run/user/1000/keyring/ssh', 'AMENT_PREFIX_PATH': '/home/riser14/ros_ws/install/py_pubsub:/home/riser14/ros_ws/install/my_package:/home/riser14/turtlebot3_ws/install/turtlebot3_simulations:/home/riser14/turtlebot3_ws/install/turtlebot3_gazebo:/home/riser14/turtlebot3_ws/install/turtlebot3_fake_node:/home/riser14/picture_ws/install/my_camera:/opt/ros/humble', 'SHELL': '/bin/bash', 'QT_ACCESSIBILITY': '1', 'GDMSESSION': 'ubuntu', 'QT_IM_MODULE': 'ibus', 'PWD': '/home/riser14/ros_ws/build/py_pubsub', 'TURTLEBOT3_MODEL': 'waffle', 'LC_ALL': 'en_US.UTF-8', 'XDG_CONFIG_DIRS': '/etc/xdg/xdg-ubuntu:/etc/xdg', 'XDG_DATA_DIRS': '/usr/share/ubuntu:/usr/local/share/:/usr/share/:/var/lib/snapd/desktop', 'PYTHONPATH': '/home/riser14/ros_ws/build/py_pubsub/prefix_override:/home/riser14/ros_ws/install/py_pubsub/lib/python3.10/site-packages:/home/riser14/ros_ws/install/py_pubsub/lib/python3.10/site-packages:/home/riser14/ros_ws/install/my_package/lib/python3.10/site-packages:/home/riser14/picture_ws/install/my_camera/lib/python3.10/site-packages:/opt/ros/humble/lib/python3.10/site-packages:/opt/ros/humble/local/lib/python3.10/dist-packages', 'COLCON': '1', 'VTE_VERSION': '6800', 'CMAKE_PREFIX_PATH': '/home/riser14/turtlebot3_ws/install/turtlebot3_simulations:/home/riser14/turtlebot3_ws/install/turtlebot3_gazebo:/home/riser14/turtlebot3_ws/install/turtlebot3_fake_node'}, 'shell': False}
[10.067826] (-) TimerEvent: {}
[10.169042] (-) TimerEvent: {}
[10.271791] (-) TimerEvent: {}
[10.372784] (-) TimerEvent: {}
[10.473360] (-) TimerEvent: {}
[10.576027] (-) TimerEvent: {}
[10.679406] (-) TimerEvent: {}
[10.780920] (-) TimerEvent: {}
[10.883843] (-) TimerEvent: {}
[10.984799] (-) TimerEvent: {}
[11.086008] (-) TimerEvent: {}
[11.187221] (-) TimerEvent: {}
[11.287606] (-) TimerEvent: {}
[11.388243] (-) TimerEvent: {}
[11.488592] (-) TimerEvent: {}
[11.590337] (-) TimerEvent: {}
[11.691733] (-) TimerEvent: {}
[11.743081] (py_pubsub) StdoutLine: {'line': b'running egg_info\n'}
[11.744113] (my_package) StdoutLine: {'line': b'running egg_info\n'}
[11.744635] (py_pubsub) StdoutLine: {'line': b'writing ../../build/py_pubsub/py_pubsub.egg-info/PKG-INFO\n'}
[11.745025] (py_pubsub) StdoutLine: {'line': b'writing dependency_links to ../../build/py_pubsub/py_pubsub.egg-info/dependency_links.txt\n'}
[11.745425] (my_package) StdoutLine: {'line': b'writing ../../build/my_package/my_package.egg-info/PKG-INFO\n'}
[11.745760] (py_pubsub) StdoutLine: {'line': b'writing entry points to ../../build/py_pubsub/py_pubsub.egg-info/entry_points.txt\n'}
[11.746035] (py_pubsub) StdoutLine: {'line': b'writing requirements to ../../build/py_pubsub/py_pubsub.egg-info/requires.txt\n'}
[11.746172] (py_pubsub) StdoutLine: {'line': b'writing top-level names to ../../build/py_pubsub/py_pubsub.egg-info/top_level.txt\n'}
[11.746757] (my_package) StdoutLine: {'line': b'writing dependency_links to ../../build/my_package/my_package.egg-info/dependency_links.txt\n'}
[11.747371] (my_package) StdoutLine: {'line': b'writing entry points to ../../build/my_package/my_package.egg-info/entry_points.txt\n'}
[11.748091] (my_package) StdoutLine: {'line': b'writing requirements to ../../build/my_package/my_package.egg-info/requires.txt\n'}
[11.749958] (my_package) StdoutLine: {'line': b'writing top-level names to ../../build/my_package/my_package.egg-info/top_level.txt\n'}
[11.791974] (-) TimerEvent: {}
[11.894321] (-) TimerEvent: {}
[11.997053] (-) TimerEvent: {}
[12.030732] (py_pubsub) StderrLine: {'line': b"listing git files failed - pretending there aren't any\n"}
[12.067839] (my_package) StderrLine: {'line': b"listing git files failed - pretending there aren't any\n"}
[12.099047] (-) TimerEvent: {}
[12.201565] (-) TimerEvent: {}
[12.303486] (-) TimerEvent: {}
[12.404968] (-) TimerEvent: {}
[12.505862] (-) TimerEvent: {}
[12.606418] (-) TimerEvent: {}
[12.672331] (py_pubsub) StdoutLine: {'line': b"reading manifest file '../../build/py_pubsub/py_pubsub.egg-info/SOURCES.txt'\n"}
[12.672808] (my_package) StdoutLine: {'line': b"reading manifest file '../../build/my_package/my_package.egg-info/SOURCES.txt'\n"}
[12.673777] (py_pubsub) StdoutLine: {'line': b"writing manifest file '../../build/py_pubsub/py_pubsub.egg-info/SOURCES.txt'\n"}
[12.674143] (py_pubsub) StdoutLine: {'line': b'running build\n'}
[12.674314] (py_pubsub) StdoutLine: {'line': b'running build_py\n'}
[12.674591] (my_package) StdoutLine: {'line': b"writing manifest file '../../build/my_package/my_package.egg-info/SOURCES.txt'\n"}
[12.674854] (my_package) StdoutLine: {'line': b'running build\n'}
[12.675027] (my_package) StdoutLine: {'line': b'running build_py\n'}
[12.675363] (my_package) StdoutLine: {'line': b'running install\n'}
[12.675625] (py_pubsub) StdoutLine: {'line': b'copying py_pubsub/path_visual.py -> /home/riser14/ros_ws/build/py_pubsub/build/lib/py_pubsub\n'}
[12.676407] (my_package) StdoutLine: {'line': b'running install_lib\n'}
[12.676985] (py_pubsub) StdoutLine: {'line': b'running install\n'}
[12.677656] (py_pubsub) StdoutLine: {'line': b'running install_lib\n'}
[12.678695] (my_package) StdoutLine: {'line': b'running install_data\n'}
[12.681584] (my_package) StdoutLine: {'line': b'running install_egg_info\n'}
[12.681842] (py_pubsub) StdoutLine: {'line': b'copying /home/riser14/ros_ws/build/py_pubsub/build/lib/py_pubsub/path_visual.py -> /home/riser14/ros_ws/install/py_pubsub/lib/python3.10/site-packages/py_pubsub\n'}
[12.682311] (py_pubsub) StdoutLine: {'line': b'byte-compiling /home/riser14/ros_ws/install/py_pubsub/lib/python3.10/site-packages/py_pubsub/path_visual.py to path_visual.cpython-310.pyc\n'}
[12.682489] (my_package) StdoutLine: {'line': b"removing '/home/riser14/ros_ws/install/my_package/lib/python3.10/site-packages/my_package-0.0.0-py3.10.egg-info' (and everything under it)\n"}
[12.682650] (my_package) StdoutLine: {'line': b'Copying ../../build/my_package/my_package.egg-info to /home/riser14/ros_ws/install/my_package/lib/python3.10/site-packages/my_package-0.0.0-py3.10.egg-info\n'}
[12.684040] (py_pubsub) StdoutLine: {'line': b'running install_data\n'}
[12.689650] (py_pubsub) StdoutLine: {'line': b'running install_egg_info\n'}
[12.692364] (my_package) StdoutLine: {'line': b'running install_scripts\n'}
[12.693537] (py_pubsub) StdoutLine: {'line': b"removing '/home/riser14/ros_ws/install/py_pubsub/lib/python3.10/site-packages/py_pubsub-0.0.0-py3.10.egg-info' (and everything under it)\n"}
[12.699733] (py_pubsub) StdoutLine: {'line': b'Copying ../../build/py_pubsub/py_pubsub.egg-info to /home/riser14/ros_ws/install/py_pubsub/lib/python3.10/site-packages/py_pubsub-0.0.0-py3.10.egg-info\n'}
[12.705979] (py_pubsub) StdoutLine: {'line': b'running install_scripts\n'}
[12.706713] (-) TimerEvent: {}
[12.788846] (py_pubsub) StdoutLine: {'line': b'Installing camera_record script to /home/riser14/ros_ws/install/py_pubsub/lib/py_pubsub\n'}
[12.789735] (py_pubsub) StdoutLine: {'line': b'Installing capture script to /home/riser14/ros_ws/install/py_pubsub/lib/py_pubsub\n'}
[12.790317] (my_package) StdoutLine: {'line': b'Installing my_node script to /home/riser14/ros_ws/install/my_package/lib/my_package\n'}
[12.790759] (py_pubsub) StdoutLine: {'line': b'Installing compare_feature script to /home/riser14/ros_ws/install/py_pubsub/lib/py_pubsub\n'}
[12.791341] (my_package) StdoutLine: {'line': b"writing list of installed files to '/home/riser14/ros_ws/build/my_package/install.log'\n"}
[12.791821] (py_pubsub) StdoutLine: {'line': b'Installing compare_mean_error script to /home/riser14/ros_ws/install/py_pubsub/lib/py_pubsub\n'}
[12.793556] (py_pubsub) StdoutLine: {'line': b'Installing control_mpc script to /home/riser14/ros_ws/install/py_pubsub/lib/py_pubsub\n'}
[12.795460] (py_pubsub) StdoutLine: {'line': b'Installing control_nmpc script to /home/riser14/ros_ws/install/py_pubsub/lib/py_pubsub\n'}
[12.799074] (py_pubsub) StdoutLine: {'line': b'Installing drift_measure script to /home/riser14/ros_ws/install/py_pubsub/lib/py_pubsub\n'}
[12.800667] (py_pubsub) StdoutLine: {'line': b'Installing full_record script to /home/riser14/ros_ws/install/py_pubsub/lib/py_pubsub\n'}
[12.801926] (py_pubsub) StdoutLine: {'line': b'Installing listener script to /home/riser14/ros_ws/install/py_pubsub/lib/py_pubsub\n'}
[12.802850] (py_pubsub) StdoutLine: {'line': b'Installing pid script to /home/riser14/ros_ws/install/py_pubsub/lib/py_pubsub\n'}
[12.803606] (py_pubsub) StdoutLine: {'line': b'Installing pose_sub script to /home/riser14/ros_ws/install/py_pubsub/lib/py_pubsub\n'}
[12.804237] (py_pubsub) StdoutLine: {'line': b'Installing visualisation script to /home/riser14/ros_ws/install/py_pubsub/lib/py_pubsub\n'}
[12.804890] (py_pubsub) StdoutLine: {'line': b'Installing waypoint follow script to /home/riser14/ros_ws/install/py_pubsub/lib/py_pubsub\n'}
[12.806490] (py_pubsub) StdoutLine: {'line': b"writing list of installed files to '/home/riser14/ros_ws/build/py_pubsub/install.log'\n"}
[12.806729] (-) TimerEvent: {}
[12.907598] (-) TimerEvent: {}
[12.936960] (my_package) CommandEnded: {'returncode': 0}
[13.007794] (-) TimerEvent: {}
[13.108765] (-) TimerEvent: {}
[13.223189] (-) TimerEvent: {}
[13.325467] (-) TimerEvent: {}
[13.387278] (my_package) JobEnded: {'identifier': 'my_package', 'rc': 0}
[13.398147] (py_pubsub) CommandEnded: {'returncode': 0}
[13.426059] (-) TimerEvent: {}
[13.526776] (-) TimerEvent: {}
[13.631664] (-) TimerEvent: {}
[13.732500] (-) TimerEvent: {}
[13.831524] (py_pubsub) JobEnded: {'identifier': 'py_pubsub', 'rc': 0}
[13.832938] (-) TimerEvent: {}
[13.833452] (-) EventReactorShutdown: {}
