[10.832s] Invoking command in '/home/riser14/ros_ws/src/my_package': PYTHONPATH=/home/riser14/ros_ws/build/my_package/prefix_override:/home/riser14/ros_ws/install/my_package/lib/python3.10/site-packages:${PYTHONPATH} /usr/bin/python3 setup.py egg_info --egg-base ../../build/my_package build --build-base /home/riser14/ros_ws/build/my_package/build install --record /home/riser14/ros_ws/build/my_package/install.log --single-version-externally-managed
[12.778s] running egg_info
[12.779s] writing ../../build/my_package/my_package.egg-info/PKG-INFO
[12.780s] writing dependency_links to ../../build/my_package/my_package.egg-info/dependency_links.txt
[12.780s] writing entry points to ../../build/my_package/my_package.egg-info/entry_points.txt
[12.781s] writing requirements to ../../build/my_package/my_package.egg-info/requires.txt
[12.797s] writing top-level names to ../../build/my_package/my_package.egg-info/top_level.txt
[13.067s] listing git files failed - pretending there aren't any
[13.634s] reading manifest file '../../build/my_package/my_package.egg-info/SOURCES.txt'
[13.636s] writing manifest file '../../build/my_package/my_package.egg-info/SOURCES.txt'
[13.636s] running build
[13.636s] running build_py
[13.637s] running install
[13.637s] running install_lib
[13.645s] running install_data
[13.648s] running install_egg_info
[13.658s] removing '/home/riser14/ros_ws/install/my_package/lib/python3.10/site-packages/my_package-0.0.0-py3.10.egg-info' (and everything under it)
[13.658s] Copying ../../build/my_package/my_package.egg-info to /home/riser14/ros_ws/install/my_package/lib/python3.10/site-packages/my_package-0.0.0-py3.10.egg-info
[13.658s] running install_scripts
[13.768s] Installing my_node script to /home/riser14/ros_ws/install/my_package/lib/my_package
[13.769s] writing list of installed files to '/home/riser14/ros_ws/build/my_package/install.log'
[14.407s] Invoked command in '/home/riser14/ros_ws/src/my_package' returned '0': PYTHONPATH=/home/riser14/ros_ws/build/my_package/prefix_override:/home/riser14/ros_ws/install/my_package/lib/python3.10/site-packages:${PYTHONPATH} /usr/bin/python3 setup.py egg_info --egg-base ../../build/my_package build --build-base /home/riser14/ros_ws/build/my_package/build install --record /home/riser14/ros_ws/build/my_package/install.log --single-version-externally-managed
