[4.503s] Invoking command in '/home/riser14/ros_ws/src/py_pubsub': PYTHONPATH=/home/riser14/ros_ws/build/py_pubsub/prefix_override:/home/riser14/ros_ws/install/py_pubsub/lib/python3.10/site-packages:${PYTHONPATH} /usr/bin/python3 setup.py egg_info --egg-base ../../build/py_pubsub build --build-base /home/riser14/ros_ws/build/py_pubsub/build install --record /home/riser14/ros_ws/build/py_pubsub/install.log --single-version-externally-managed
[6.600s] running egg_info
[6.605s] writing ../../build/py_pubsub/py_pubsub.egg-info/PKG-INFO
[6.606s] writing dependency_links to ../../build/py_pubsub/py_pubsub.egg-info/dependency_links.txt
[6.607s] writing entry points to ../../build/py_pubsub/py_pubsub.egg-info/entry_points.txt
[6.609s] writing requirements to ../../build/py_pubsub/py_pubsub.egg-info/requires.txt
[6.610s] writing top-level names to ../../build/py_pubsub/py_pubsub.egg-info/top_level.txt
[6.989s] listing git files failed - pretending there aren't any
[8.026s] reading manifest file '../../build/py_pubsub/py_pubsub.egg-info/SOURCES.txt'
[8.035s] writing manifest file '../../build/py_pubsub/py_pubsub.egg-info/SOURCES.txt'
[8.036s] running build
[8.036s] running build_py
[8.038s] copying py_pubsub/subscriber_member_function.py -> /home/riser14/ros_ws/build/py_pubsub/build/lib/py_pubsub
[8.040s] running install
[8.043s] running install_lib
[8.048s] copying /home/riser14/ros_ws/build/py_pubsub/build/lib/py_pubsub/subscriber_member_function.py -> /home/riser14/ros_ws/install/py_pubsub/lib/python3.10/site-packages/py_pubsub
[8.053s] byte-compiling /home/riser14/ros_ws/install/py_pubsub/lib/python3.10/site-packages/py_pubsub/subscriber_member_function.py to subscriber_member_function.cpython-310.pyc
[8.057s] running install_data
[8.061s] running install_egg_info
[8.068s] removing '/home/riser14/ros_ws/install/py_pubsub/lib/python3.10/site-packages/py_pubsub-0.0.0-py3.10.egg-info' (and everything under it)
[8.070s] Copying ../../build/py_pubsub/py_pubsub.egg-info to /home/riser14/ros_ws/install/py_pubsub/lib/python3.10/site-packages/py_pubsub-0.0.0-py3.10.egg-info
[8.078s] running install_scripts
[8.247s] Installing listener script to /home/riser14/ros_ws/install/py_pubsub/lib/py_pubsub
[8.248s] Installing talker script to /home/riser14/ros_ws/install/py_pubsub/lib/py_pubsub
[8.251s] writing list of installed files to '/home/riser14/ros_ws/build/py_pubsub/install.log'
[8.410s] Invoked command in '/home/riser14/ros_ws/src/py_pubsub' returned '0': PYTHONPATH=/home/riser14/ros_ws/build/py_pubsub/prefix_override:/home/riser14/ros_ws/install/py_pubsub/lib/python3.10/site-packages:${PYTHONPATH} /usr/bin/python3 setup.py egg_info --egg-base ../../build/py_pubsub build --build-base /home/riser14/ros_ws/build/py_pubsub/build install --record /home/riser14/ros_ws/build/py_pubsub/install.log --single-version-externally-managed
