[1.860s] Invoking command in '/home/riser14/ros_ws/src/my_package': PYTHONPATH=/home/riser14/ros_ws/build/my_package/prefix_override:/home/riser14/ros_ws/install/my_package/lib/python3.10/site-packages:${PYTHONPATH} /usr/bin/python3 setup.py egg_info --egg-base ../../build/my_package build --build-base /home/riser14/ros_ws/build/my_package/build install --record /home/riser14/ros_ws/build/my_package/install.log --single-version-externally-managed
[2.209s] running egg_info
[2.209s] writing ../../build/my_package/my_package.egg-info/PKG-INFO
[2.209s] writing dependency_links to ../../build/my_package/my_package.egg-info/dependency_links.txt
[2.210s] writing entry points to ../../build/my_package/my_package.egg-info/entry_points.txt
[2.210s] writing requirements to ../../build/my_package/my_package.egg-info/requires.txt
[2.210s] writing top-level names to ../../build/my_package/my_package.egg-info/top_level.txt
[2.268s] listing git files failed - pretending there aren't any
[2.409s] reading manifest file '../../build/my_package/my_package.egg-info/SOURCES.txt'
[2.410s] writing manifest file '../../build/my_package/my_package.egg-info/SOURCES.txt'
[2.410s] running build
[2.410s] running build_py
[2.410s] running install
[2.411s] running install_lib
[2.413s] running install_data
[2.413s] running install_egg_info
[2.414s] removing '/home/riser14/ros_ws/install/my_package/lib/python3.10/site-packages/my_package-0.0.0-py3.10.egg-info' (and everything under it)
[2.415s] Copying ../../build/my_package/my_package.egg-info to /home/riser14/ros_ws/install/my_package/lib/python3.10/site-packages/my_package-0.0.0-py3.10.egg-info
[2.416s] running install_scripts
[2.440s] Installing my_node script to /home/riser14/ros_ws/install/my_package/lib/my_package
[2.440s] writing list of installed files to '/home/riser14/ros_ws/build/my_package/install.log'
[2.483s] Invoked command in '/home/riser14/ros_ws/src/my_package' returned '0': PYTHONPATH=/home/riser14/ros_ws/build/my_package/prefix_override:/home/riser14/ros_ws/install/my_package/lib/python3.10/site-packages:${PYTHONPATH} /usr/bin/python3 setup.py egg_info --egg-base ../../build/my_package build --build-base /home/riser14/ros_ws/build/my_package/build install --record /home/riser14/ros_ws/build/my_package/install.log --single-version-externally-managed
