[1.662s] Invoking command in '/home/riser14/ros_ws/src/py_pubsub': PYTHONPATH=/home/riser14/ros_ws/build/py_pubsub/prefix_override:/home/riser14/ros_ws/install/py_pubsub/lib/python3.10/site-packages:${PYTHONPATH} /usr/bin/python3 setup.py egg_info --egg-base ../../build/py_pubsub build --build-base /home/riser14/ros_ws/build/py_pubsub/build install --record /home/riser14/ros_ws/build/py_pubsub/install.log --single-version-externally-managed
[2.019s] running egg_info
[2.020s] writing ../../build/py_pubsub/py_pubsub.egg-info/PKG-INFO
[2.020s] writing dependency_links to ../../build/py_pubsub/py_pubsub.egg-info/dependency_links.txt
[2.020s] writing entry points to ../../build/py_pubsub/py_pubsub.egg-info/entry_points.txt
[2.021s] writing requirements to ../../build/py_pubsub/py_pubsub.egg-info/requires.txt
[2.021s] writing top-level names to ../../build/py_pubsub/py_pubsub.egg-info/top_level.txt
[2.094s] listing git files failed - pretending there aren't any
[2.237s] reading manifest file '../../build/py_pubsub/py_pubsub.egg-info/SOURCES.txt'
[2.238s] writing manifest file '../../build/py_pubsub/py_pubsub.egg-info/SOURCES.txt'
[2.238s] running build
[2.238s] running build_py
[2.239s] running install
[2.240s] running install_lib
[2.243s] running install_data
[2.244s] running install_egg_info
[2.245s] removing '/home/riser14/ros_ws/install/py_pubsub/lib/python3.10/site-packages/py_pubsub-0.0.0-py3.10.egg-info' (and everything under it)
[2.247s] Copying ../../build/py_pubsub/py_pubsub.egg-info to /home/riser14/ros_ws/install/py_pubsub/lib/python3.10/site-packages/py_pubsub-0.0.0-py3.10.egg-info
[2.247s] running install_scripts
[2.270s] Installing capture script to /home/riser14/ros_ws/install/py_pubsub/lib/py_pubsub
[2.270s] Installing compare_feature script to /home/riser14/ros_ws/install/py_pubsub/lib/py_pubsub
[2.271s] Installing compare_mean_error script to /home/riser14/ros_ws/install/py_pubsub/lib/py_pubsub
[2.271s] Installing control_mpc script to /home/riser14/ros_ws/install/py_pubsub/lib/py_pubsub
[2.271s] Installing control_nmpc script to /home/riser14/ros_ws/install/py_pubsub/lib/py_pubsub
[2.272s] Installing drift_measure script to /home/riser14/ros_ws/install/py_pubsub/lib/py_pubsub
[2.272s] Installing follow script to /home/riser14/ros_ws/install/py_pubsub/lib/py_pubsub
[2.272s] Installing full_record script to /home/riser14/ros_ws/install/py_pubsub/lib/py_pubsub
[2.272s] Installing listener script to /home/riser14/ros_ws/install/py_pubsub/lib/py_pubsub
[2.272s] Installing pid script to /home/riser14/ros_ws/install/py_pubsub/lib/py_pubsub
[2.272s] Installing pose_sub script to /home/riser14/ros_ws/install/py_pubsub/lib/py_pubsub
[2.273s] writing list of installed files to '/home/riser14/ros_ws/build/py_pubsub/install.log'
[2.397s] Invoked command in '/home/riser14/ros_ws/src/py_pubsub' returned '0': PYTHONPATH=/home/riser14/ros_ws/build/py_pubsub/prefix_override:/home/riser14/ros_ws/install/py_pubsub/lib/python3.10/site-packages:${PYTHONPATH} /usr/bin/python3 setup.py egg_info --egg-base ../../build/py_pubsub build --build-base /home/riser14/ros_ws/build/py_pubsub/build install --record /home/riser14/ros_ws/build/py_pubsub/install.log --single-version-externally-managed
