[1.650s] Invoking command in '/home/riser14/ros_ws/src/py_pubsub': PYTHONPATH=/home/riser14/ros_ws/build/py_pubsub/prefix_override:/home/riser14/ros_ws/install/py_pubsub/lib/python3.10/site-packages:${PYTHONPATH} /usr/bin/python3 setup.py egg_info --egg-base ../../build/py_pubsub build --build-base /home/riser14/ros_ws/build/py_pubsub/build install --record /home/riser14/ros_ws/build/py_pubsub/install.log --single-version-externally-managed
[2.005s] running egg_info
[2.006s] writing ../../build/py_pubsub/py_pubsub.egg-info/PKG-INFO
[2.006s] writing dependency_links to ../../build/py_pubsub/py_pubsub.egg-info/dependency_links.txt
[2.007s] writing entry points to ../../build/py_pubsub/py_pubsub.egg-info/entry_points.txt
[2.007s] writing requirements to ../../build/py_pubsub/py_pubsub.egg-info/requires.txt
[2.007s] writing top-level names to ../../build/py_pubsub/py_pubsub.egg-info/top_level.txt
[2.063s] listing git files failed - pretending there aren't any
[2.206s] reading manifest file '../../build/py_pubsub/py_pubsub.egg-info/SOURCES.txt'
[2.207s] writing manifest file '../../build/py_pubsub/py_pubsub.egg-info/SOURCES.txt'
[2.208s] running build
[2.208s] running build_py
[2.208s] copying py_pubsub/compare_images_orb.py -> /home/riser14/ros_ws/build/py_pubsub/build/lib/py_pubsub
[2.209s] running install
[2.210s] running install_lib
[2.211s] copying /home/riser14/ros_ws/build/py_pubsub/build/lib/py_pubsub/compare_images_orb.py -> /home/riser14/ros_ws/install/py_pubsub/lib/python3.10/site-packages/py_pubsub
[2.212s] byte-compiling /home/riser14/ros_ws/install/py_pubsub/lib/python3.10/site-packages/py_pubsub/compare_images_orb.py to compare_images_orb.cpython-310.pyc
[2.214s] running install_data
[2.215s] running install_egg_info
[2.216s] removing '/home/riser14/ros_ws/install/py_pubsub/lib/python3.10/site-packages/py_pubsub-0.0.0-py3.10.egg-info' (and everything under it)
[2.216s] Copying ../../build/py_pubsub/py_pubsub.egg-info to /home/riser14/ros_ws/install/py_pubsub/lib/python3.10/site-packages/py_pubsub-0.0.0-py3.10.egg-info
[2.217s] running install_scripts
[2.244s] Installing capture script to /home/riser14/ros_ws/install/py_pubsub/lib/py_pubsub
[2.244s] Installing compare_feature script to /home/riser14/ros_ws/install/py_pubsub/lib/py_pubsub
[2.244s] Installing compare_mean_error script to /home/riser14/ros_ws/install/py_pubsub/lib/py_pubsub
[2.244s] Installing control_mpc script to /home/riser14/ros_ws/install/py_pubsub/lib/py_pubsub
[2.244s] Installing control_nmpc script to /home/riser14/ros_ws/install/py_pubsub/lib/py_pubsub
[2.244s] Installing follow script to /home/riser14/ros_ws/install/py_pubsub/lib/py_pubsub
[2.244s] Installing listener script to /home/riser14/ros_ws/install/py_pubsub/lib/py_pubsub
[2.245s] Installing pid script to /home/riser14/ros_ws/install/py_pubsub/lib/py_pubsub
[2.245s] Installing pose_sub script to /home/riser14/ros_ws/install/py_pubsub/lib/py_pubsub
[2.245s] writing list of installed files to '/home/riser14/ros_ws/build/py_pubsub/install.log'
[2.380s] Invoked command in '/home/riser14/ros_ws/src/py_pubsub' returned '0': PYTHONPATH=/home/riser14/ros_ws/build/py_pubsub/prefix_override:/home/riser14/ros_ws/install/py_pubsub/lib/python3.10/site-packages:${PYTHONPATH} /usr/bin/python3 setup.py egg_info --egg-base ../../build/py_pubsub build --build-base /home/riser14/ros_ws/build/py_pubsub/build install --record /home/riser14/ros_ws/build/py_pubsub/install.log --single-version-externally-managed
