[0.445s] DEBUG:colcon:Command line arguments: ['/usr/bin/colcon', 'build']
[0.445s] DEBUG:colcon:Parsed command line arguments: Namespace(log_base=None, log_level=None, verb_name='build', build_base='build', install_base='install', merge_install=False, symlink_install=False, test_result_base=None, continue_on_error=False, executor='parallel', parallel_workers=4, event_handlers=None, ignore_user_meta=False, metas=['./colcon.meta'], base_paths=['.'], packages_ignore=None, packages_ignore_regex=None, paths=None, packages_up_to=None, packages_up_to_regex=None, packages_above=None, packages_above_and_dependencies=None, packages_above_depth=None, packages_select_by_dep=None, packages_skip_by_dep=None, packages_skip_up_to=None, packages_select_build_failed=False, packages_skip_build_finished=False, packages_select_test_failures=False, packages_skip_test_passed=False, packages_select=None, packages_skip=None, packages_select_regex=None, packages_skip_regex=None, packages_start=None, packages_end=None, allow_overriding=[], cmake_args=None, cmake_target=None, cmake_target_skip_unavailable=False, cmake_clean_cache=False, cmake_clean_first=False, cmake_force_configure=False, ament_cmake_args=None, catkin_cmake_args=None, catkin_skip_building_tests=False, verb_parser=<colcon_defaults.argument_parser.defaults.DefaultArgumentsDecorator object at 0x7f51f0fd65f0>, verb_extension=<colcon_core.verb.build.BuildVerb object at 0x7f51f0fd6080>, main=<bound method BuildVerb.main of <colcon_core.verb.build.BuildVerb object at 0x7f51f0fd6080>>)
[0.474s] Level 1:colcon.colcon_core.package_discovery:discover_packages(colcon_meta) check parameters
[0.474s] Level 1:colcon.colcon_core.package_discovery:discover_packages(recursive) check parameters
[0.475s] Level 1:colcon.colcon_core.package_discovery:discover_packages(ignore) check parameters
[0.475s] Level 1:colcon.colcon_core.package_discovery:discover_packages(path) check parameters
[0.475s] Level 1:colcon.colcon_core.package_discovery:discover_packages(colcon_meta) discover
[0.475s] Level 1:colcon.colcon_core.package_discovery:discover_packages(recursive) discover
[0.475s] INFO:colcon.colcon_core.package_discovery:Crawling recursively for packages in '/home/riser14/ros_ws'
[0.475s] Level 1:colcon.colcon_core.package_identification:_identify(.) by extensions ['ignore', 'ignore_ament_install']
[0.475s] Level 1:colcon.colcon_core.package_identification:_identify(.) by extension 'ignore'
[0.475s] Level 1:colcon.colcon_core.package_identification:_identify(.) by extension 'ignore_ament_install'
[0.475s] Level 1:colcon.colcon_core.package_identification:_identify(.) by extensions ['colcon_pkg']
[0.475s] Level 1:colcon.colcon_core.package_identification:_identify(.) by extension 'colcon_pkg'
[0.475s] Level 1:colcon.colcon_core.package_identification:_identify(.) by extensions ['colcon_meta']
[0.475s] Level 1:colcon.colcon_core.package_identification:_identify(.) by extension 'colcon_meta'
[0.475s] Level 1:colcon.colcon_core.package_identification:_identify(.) by extensions ['ros']
[0.475s] Level 1:colcon.colcon_core.package_identification:_identify(.) by extension 'ros'
[0.490s] Level 1:colcon.colcon_core.package_identification:_identify(.) by extensions ['cmake', 'python']
[0.490s] Level 1:colcon.colcon_core.package_identification:_identify(.) by extension 'cmake'
[0.490s] Level 1:colcon.colcon_core.package_identification:_identify(.) by extension 'python'
[0.490s] Level 1:colcon.colcon_core.package_identification:_identify(.) by extensions ['python_setup_py']
[0.490s] Level 1:colcon.colcon_core.package_identification:_identify(.) by extension 'python_setup_py'
[0.491s] Level 1:colcon.colcon_core.package_identification:_identify(build) by extensions ['ignore', 'ignore_ament_install']
[0.491s] Level 1:colcon.colcon_core.package_identification:_identify(build) by extension 'ignore'
[0.491s] Level 1:colcon.colcon_core.package_identification:_identify(build) ignored
[0.491s] Level 1:colcon.colcon_core.package_identification:_identify(install) by extensions ['ignore', 'ignore_ament_install']
[0.491s] Level 1:colcon.colcon_core.package_identification:_identify(install) by extension 'ignore'
[0.491s] Level 1:colcon.colcon_core.package_identification:_identify(install) ignored
[0.491s] Level 1:colcon.colcon_core.package_identification:_identify(log) by extensions ['ignore', 'ignore_ament_install']
[0.492s] Level 1:colcon.colcon_core.package_identification:_identify(log) by extension 'ignore'
[0.492s] Level 1:colcon.colcon_core.package_identification:_identify(log) ignored
[0.492s] Level 1:colcon.colcon_core.package_identification:_identify(src) by extensions ['ignore', 'ignore_ament_install']
[0.492s] Level 1:colcon.colcon_core.package_identification:_identify(src) by extension 'ignore'
[0.492s] Level 1:colcon.colcon_core.package_identification:_identify(src) by extension 'ignore_ament_install'
[0.492s] Level 1:colcon.colcon_core.package_identification:_identify(src) by extensions ['colcon_pkg']
[0.492s] Level 1:colcon.colcon_core.package_identification:_identify(src) by extension 'colcon_pkg'
[0.492s] Level 1:colcon.colcon_core.package_identification:_identify(src) by extensions ['colcon_meta']
[0.492s] Level 1:colcon.colcon_core.package_identification:_identify(src) by extension 'colcon_meta'
[0.492s] Level 1:colcon.colcon_core.package_identification:_identify(src) by extensions ['ros']
[0.492s] Level 1:colcon.colcon_core.package_identification:_identify(src) by extension 'ros'
[0.492s] Level 1:colcon.colcon_core.package_identification:_identify(src) by extensions ['cmake', 'python']
[0.492s] Level 1:colcon.colcon_core.package_identification:_identify(src) by extension 'cmake'
[0.492s] Level 1:colcon.colcon_core.package_identification:_identify(src) by extension 'python'
[0.492s] Level 1:colcon.colcon_core.package_identification:_identify(src) by extensions ['python_setup_py']
[0.492s] Level 1:colcon.colcon_core.package_identification:_identify(src) by extension 'python_setup_py'
[0.493s] Level 1:colcon.colcon_core.package_identification:_identify(src/my_package) by extensions ['ignore', 'ignore_ament_install']
[0.493s] Level 1:colcon.colcon_core.package_identification:_identify(src/my_package) by extension 'ignore'
[0.493s] Level 1:colcon.colcon_core.package_identification:_identify(src/my_package) by extension 'ignore_ament_install'
[0.493s] Level 1:colcon.colcon_core.package_identification:_identify(src/my_package) by extensions ['colcon_pkg']
[0.493s] Level 1:colcon.colcon_core.package_identification:_identify(src/my_package) by extension 'colcon_pkg'
[0.493s] Level 1:colcon.colcon_core.package_identification:_identify(src/my_package) by extensions ['colcon_meta']
[0.493s] Level 1:colcon.colcon_core.package_identification:_identify(src/my_package) by extension 'colcon_meta'
[0.493s] Level 1:colcon.colcon_core.package_identification:_identify(src/my_package) by extensions ['ros']
[0.493s] Level 1:colcon.colcon_core.package_identification:_identify(src/my_package) by extension 'ros'
[0.496s] DEBUG:colcon.colcon_core.package_identification:Package 'src/my_package' with type 'ros.ament_python' and name 'my_package'
[0.496s] Level 1:colcon.colcon_core.package_identification:_identify(src/py_pubsub) by extensions ['ignore', 'ignore_ament_install']
[0.496s] Level 1:colcon.colcon_core.package_identification:_identify(src/py_pubsub) by extension 'ignore'
[0.496s] Level 1:colcon.colcon_core.package_identification:_identify(src/py_pubsub) by extension 'ignore_ament_install'
[0.496s] Level 1:colcon.colcon_core.package_identification:_identify(src/py_pubsub) by extensions ['colcon_pkg']
[0.496s] Level 1:colcon.colcon_core.package_identification:_identify(src/py_pubsub) by extension 'colcon_pkg'
[0.496s] Level 1:colcon.colcon_core.package_identification:_identify(src/py_pubsub) by extensions ['colcon_meta']
[0.496s] Level 1:colcon.colcon_core.package_identification:_identify(src/py_pubsub) by extension 'colcon_meta'
[0.496s] Level 1:colcon.colcon_core.package_identification:_identify(src/py_pubsub) by extensions ['ros']
[0.497s] Level 1:colcon.colcon_core.package_identification:_identify(src/py_pubsub) by extension 'ros'
[0.497s] DEBUG:colcon.colcon_core.package_identification:Package 'src/py_pubsub' with type 'ros.ament_python' and name 'py_pubsub'
[0.497s] Level 1:colcon.colcon_core.package_discovery:discover_packages(recursive) using defaults
[0.497s] Level 1:colcon.colcon_core.package_discovery:discover_packages(ignore) discover
[0.497s] Level 1:colcon.colcon_core.package_discovery:discover_packages(ignore) using defaults
[0.497s] Level 1:colcon.colcon_core.package_discovery:discover_packages(path) discover
[0.497s] Level 1:colcon.colcon_core.package_discovery:discover_packages(path) using defaults
[0.528s] Level 1:colcon.colcon_core.package_discovery:discover_packages(prefix_path) check parameters
[0.528s] Level 1:colcon.colcon_core.package_discovery:discover_packages(prefix_path) discover
[0.532s] DEBUG:colcon.colcon_installed_package_information.package_discovery:Found 2 installed packages in /home/riser14/ros_ws/install
[0.533s] DEBUG:colcon.colcon_installed_package_information.package_discovery:Found 1 installed packages in /home/riser14/path_ws/install
[0.534s] DEBUG:colcon.colcon_installed_package_information.package_discovery:Found 3 installed packages in /home/riser14/turtlebot3_ws/install
[0.535s] DEBUG:colcon.colcon_installed_package_information.package_discovery:Found 1 installed packages in /home/riser14/micro_ros_ws/install
[0.537s] DEBUG:colcon.colcon_installed_package_information.package_discovery:Found 5 installed packages in /home/riser14/ros2_ws/install
[0.540s] DEBUG:colcon.colcon_installed_package_information.package_discovery:Found 488 installed packages in /opt/ros/humble
[0.543s] Level 1:colcon.colcon_core.package_discovery:discover_packages(prefix_path) using defaults
[0.642s] Level 5:colcon.colcon_core.verb:set package 'my_package' build argument 'cmake_args' from command line to 'None'
[0.642s] Level 5:colcon.colcon_core.verb:set package 'my_package' build argument 'cmake_target' from command line to 'None'
[0.642s] Level 5:colcon.colcon_core.verb:set package 'my_package' build argument 'cmake_target_skip_unavailable' from command line to 'False'
[0.642s] Level 5:colcon.colcon_core.verb:set package 'my_package' build argument 'cmake_clean_cache' from command line to 'False'
[0.642s] Level 5:colcon.colcon_core.verb:set package 'my_package' build argument 'cmake_clean_first' from command line to 'False'
[0.642s] Level 5:colcon.colcon_core.verb:set package 'my_package' build argument 'cmake_force_configure' from command line to 'False'
[0.642s] Level 5:colcon.colcon_core.verb:set package 'my_package' build argument 'ament_cmake_args' from command line to 'None'
[0.642s] Level 5:colcon.colcon_core.verb:set package 'my_package' build argument 'catkin_cmake_args' from command line to 'None'
[0.642s] Level 5:colcon.colcon_core.verb:set package 'my_package' build argument 'catkin_skip_building_tests' from command line to 'False'
[0.642s] DEBUG:colcon.colcon_core.verb:Building package 'my_package' with the following arguments: {'ament_cmake_args': None, 'build_base': '/home/riser14/ros_ws/build/my_package', 'catkin_cmake_args': None, 'catkin_skip_building_tests': False, 'cmake_args': None, 'cmake_clean_cache': False, 'cmake_clean_first': False, 'cmake_force_configure': False, 'cmake_target': None, 'cmake_target_skip_unavailable': False, 'install_base': '/home/riser14/ros_ws/install/my_package', 'merge_install': False, 'path': '/home/riser14/ros_ws/src/my_package', 'symlink_install': False, 'test_result_base': None}
[0.643s] Level 5:colcon.colcon_core.verb:set package 'py_pubsub' build argument 'cmake_args' from command line to 'None'
[0.643s] Level 5:colcon.colcon_core.verb:set package 'py_pubsub' build argument 'cmake_target' from command line to 'None'
[0.643s] Level 5:colcon.colcon_core.verb:set package 'py_pubsub' build argument 'cmake_target_skip_unavailable' from command line to 'False'
[0.643s] Level 5:colcon.colcon_core.verb:set package 'py_pubsub' build argument 'cmake_clean_cache' from command line to 'False'
[0.643s] Level 5:colcon.colcon_core.verb:set package 'py_pubsub' build argument 'cmake_clean_first' from command line to 'False'
[0.643s] Level 5:colcon.colcon_core.verb:set package 'py_pubsub' build argument 'cmake_force_configure' from command line to 'False'
[0.644s] Level 5:colcon.colcon_core.verb:set package 'py_pubsub' build argument 'ament_cmake_args' from command line to 'None'
[0.644s] Level 5:colcon.colcon_core.verb:set package 'py_pubsub' build argument 'catkin_cmake_args' from command line to 'None'
[0.644s] Level 5:colcon.colcon_core.verb:set package 'py_pubsub' build argument 'catkin_skip_building_tests' from command line to 'False'
[0.644s] DEBUG:colcon.colcon_core.verb:Building package 'py_pubsub' with the following arguments: {'ament_cmake_args': None, 'build_base': '/home/riser14/ros_ws/build/py_pubsub', 'catkin_cmake_args': None, 'catkin_skip_building_tests': False, 'cmake_args': None, 'cmake_clean_cache': False, 'cmake_clean_first': False, 'cmake_force_configure': False, 'cmake_target': None, 'cmake_target_skip_unavailable': False, 'install_base': '/home/riser14/ros_ws/install/py_pubsub', 'merge_install': False, 'path': '/home/riser14/ros_ws/src/py_pubsub', 'symlink_install': False, 'test_result_base': None}
[0.644s] INFO:colcon.colcon_core.executor:Executing jobs using 'parallel' executor
[0.648s] DEBUG:colcon.colcon_parallel_executor.executor.parallel:run_until_complete
[0.648s] INFO:colcon.colcon_ros.task.ament_python.build:Building ROS package in '/home/riser14/ros_ws/src/my_package' with build type 'ament_python'
[0.648s] Level 1:colcon.colcon_core.shell:create_environment_hook('my_package', 'ament_prefix_path')
[0.654s] INFO:colcon.colcon_core.plugin_system:Skipping extension 'colcon_core.shell.bat': Not used on non-Windows systems
[0.654s] INFO:colcon.colcon_core.shell:Creating environment hook '/home/riser14/ros_ws/install/my_package/share/my_package/hook/ament_prefix_path.ps1'
[0.654s] INFO:colcon.colcon_core.shell:Creating environment descriptor '/home/riser14/ros_ws/install/my_package/share/my_package/hook/ament_prefix_path.dsv'
[0.655s] INFO:colcon.colcon_core.shell:Creating environment hook '/home/riser14/ros_ws/install/my_package/share/my_package/hook/ament_prefix_path.sh'
[0.657s] INFO:colcon.colcon_core.shell:Skip shell extension 'powershell' for command environment: Not usable outside of PowerShell
[0.657s] DEBUG:colcon.colcon_core.shell:Skip shell extension 'dsv' for command environment
[0.669s] INFO:colcon.colcon_ros.task.ament_python.build:Building ROS package in '/home/riser14/ros_ws/src/py_pubsub' with build type 'ament_python'
[0.669s] Level 1:colcon.colcon_core.shell:create_environment_hook('py_pubsub', 'ament_prefix_path')
[0.671s] INFO:colcon.colcon_core.shell:Creating environment hook '/home/riser14/ros_ws/install/py_pubsub/share/py_pubsub/hook/ament_prefix_path.ps1'
[0.672s] INFO:colcon.colcon_core.shell:Creating environment descriptor '/home/riser14/ros_ws/install/py_pubsub/share/py_pubsub/hook/ament_prefix_path.dsv'
[0.672s] INFO:colcon.colcon_core.shell:Creating environment hook '/home/riser14/ros_ws/install/py_pubsub/share/py_pubsub/hook/ament_prefix_path.sh'
[0.674s] INFO:colcon.colcon_core.shell:Skip shell extension 'powershell' for command environment: Not usable outside of PowerShell
[0.674s] DEBUG:colcon.colcon_core.shell:Skip shell extension 'dsv' for command environment
[1.073s] INFO:colcon.colcon_core.task.python.build:Building Python package in '/home/riser14/ros_ws/src/my_package'
[1.075s] INFO:colcon.colcon_core.shell:Skip shell extension 'powershell' for command environment: Not usable outside of PowerShell
[1.075s] DEBUG:colcon.colcon_core.shell:Skip shell extension 'dsv' for command environment
[1.494s] INFO:colcon.colcon_core.task.python.build:Building Python package in '/home/riser14/ros_ws/src/py_pubsub'
[1.495s] INFO:colcon.colcon_core.shell:Skip shell extension 'powershell' for command environment: Not usable outside of PowerShell
[1.495s] DEBUG:colcon.colcon_core.shell:Skip shell extension 'dsv' for command environment
[2.053s] DEBUG:colcon.colcon_core.event_handler.log_command:Invoking command in '/home/riser14/ros_ws/src/my_package': PYTHONPATH=/home/riser14/ros_ws/build/my_package/prefix_override:/home/riser14/ros_ws/install/my_package/lib/python3.10/site-packages:${PYTHONPATH} /usr/bin/python3 setup.py egg_info --egg-base ../../build/my_package build --build-base /home/riser14/ros_ws/build/my_package/build install --record /home/riser14/ros_ws/build/my_package/install.log --single-version-externally-managed
[2.061s] DEBUG:colcon.colcon_core.event_handler.log_command:Invoking command in '/home/riser14/ros_ws/src/py_pubsub': PYTHONPATH=/home/riser14/ros_ws/build/py_pubsub/prefix_override:/home/riser14/ros_ws/install/py_pubsub/lib/python3.10/site-packages:${PYTHONPATH} /usr/bin/python3 setup.py egg_info --egg-base ../../build/py_pubsub build --build-base /home/riser14/ros_ws/build/py_pubsub/build install --record /home/riser14/ros_ws/build/py_pubsub/install.log --single-version-externally-managed
[2.756s] DEBUG:colcon.colcon_core.event_handler.log_command:Invoked command in '/home/riser14/ros_ws/src/my_package' returned '0': PYTHONPATH=/home/riser14/ros_ws/build/my_package/prefix_override:/home/riser14/ros_ws/install/my_package/lib/python3.10/site-packages:${PYTHONPATH} /usr/bin/python3 setup.py egg_info --egg-base ../../build/my_package build --build-base /home/riser14/ros_ws/build/my_package/build install --record /home/riser14/ros_ws/build/my_package/install.log --single-version-externally-managed
[2.764s] Level 1:colcon.colcon_core.environment:checking '/home/riser14/ros_ws/install/my_package' for CMake module files
[2.764s] Level 1:colcon.colcon_core.environment:checking '/home/riser14/ros_ws/install/my_package' for CMake config files
[2.765s] Level 1:colcon.colcon_core.environment:checking '/home/riser14/ros_ws/install/my_package/lib'
[2.765s] Level 1:colcon.colcon_core.environment:checking '/home/riser14/ros_ws/install/my_package/bin'
[2.765s] Level 1:colcon.colcon_core.environment:checking '/home/riser14/ros_ws/install/my_package/lib/pkgconfig/my_package.pc'
[2.766s] Level 1:colcon.colcon_core.environment:checking '/home/riser14/ros_ws/install/my_package/lib/python3.10/site-packages'
[2.766s] Level 1:colcon.colcon_core.shell:create_environment_hook('my_package', 'pythonpath')
[2.767s] INFO:colcon.colcon_core.shell:Creating environment hook '/home/riser14/ros_ws/install/my_package/share/my_package/hook/pythonpath.ps1'
[2.768s] INFO:colcon.colcon_core.shell:Creating environment descriptor '/home/riser14/ros_ws/install/my_package/share/my_package/hook/pythonpath.dsv'
[2.768s] INFO:colcon.colcon_core.shell:Creating environment hook '/home/riser14/ros_ws/install/my_package/share/my_package/hook/pythonpath.sh'
[2.769s] Level 1:colcon.colcon_core.environment:checking '/home/riser14/ros_ws/install/my_package/bin'
[2.769s] Level 1:colcon.colcon_core.environment:create_environment_scripts_only(my_package)
[2.771s] INFO:colcon.colcon_core.shell:Creating package script '/home/riser14/ros_ws/install/my_package/share/my_package/package.ps1'
[2.772s] INFO:colcon.colcon_core.shell:Creating package descriptor '/home/riser14/ros_ws/install/my_package/share/my_package/package.dsv'
[2.772s] INFO:colcon.colcon_core.shell:Creating package script '/home/riser14/ros_ws/install/my_package/share/my_package/package.sh'
[2.773s] INFO:colcon.colcon_core.shell:Creating package script '/home/riser14/ros_ws/install/my_package/share/my_package/package.bash'
[2.774s] INFO:colcon.colcon_core.shell:Creating package script '/home/riser14/ros_ws/install/my_package/share/my_package/package.zsh'
[2.775s] Level 1:colcon.colcon_core.environment:create_file_with_runtime_dependencies(/home/riser14/ros_ws/install/my_package/share/colcon-core/packages/my_package)
[2.781s] Level 1:colcon.colcon_core.environment:checking '/home/riser14/ros_ws/install/py_pubsub' for CMake module files
[2.782s] DEBUG:colcon.colcon_core.event_handler.log_command:Invoked command in '/home/riser14/ros_ws/src/py_pubsub' returned '0': PYTHONPATH=/home/riser14/ros_ws/build/py_pubsub/prefix_override:/home/riser14/ros_ws/install/py_pubsub/lib/python3.10/site-packages:${PYTHONPATH} /usr/bin/python3 setup.py egg_info --egg-base ../../build/py_pubsub build --build-base /home/riser14/ros_ws/build/py_pubsub/build install --record /home/riser14/ros_ws/build/py_pubsub/install.log --single-version-externally-managed
[2.782s] Level 1:colcon.colcon_core.environment:checking '/home/riser14/ros_ws/install/py_pubsub' for CMake config files
[2.783s] Level 1:colcon.colcon_core.environment:checking '/home/riser14/ros_ws/install/py_pubsub/lib'
[2.783s] Level 1:colcon.colcon_core.environment:checking '/home/riser14/ros_ws/install/py_pubsub/bin'
[2.783s] Level 1:colcon.colcon_core.environment:checking '/home/riser14/ros_ws/install/py_pubsub/lib/pkgconfig/py_pubsub.pc'
[2.784s] Level 1:colcon.colcon_core.environment:checking '/home/riser14/ros_ws/install/py_pubsub/lib/python3.10/site-packages'
[2.784s] Level 1:colcon.colcon_core.shell:create_environment_hook('py_pubsub', 'pythonpath')
[2.787s] INFO:colcon.colcon_core.shell:Creating environment hook '/home/riser14/ros_ws/install/py_pubsub/share/py_pubsub/hook/pythonpath.ps1'
[2.788s] INFO:colcon.colcon_core.shell:Creating environment descriptor '/home/riser14/ros_ws/install/py_pubsub/share/py_pubsub/hook/pythonpath.dsv'
[2.788s] INFO:colcon.colcon_core.shell:Creating environment hook '/home/riser14/ros_ws/install/py_pubsub/share/py_pubsub/hook/pythonpath.sh'
[2.789s] Level 1:colcon.colcon_core.environment:checking '/home/riser14/ros_ws/install/py_pubsub/bin'
[2.789s] Level 1:colcon.colcon_core.environment:create_environment_scripts_only(py_pubsub)
[2.791s] INFO:colcon.colcon_core.shell:Creating package script '/home/riser14/ros_ws/install/py_pubsub/share/py_pubsub/package.ps1'
[2.791s] INFO:colcon.colcon_core.shell:Creating package descriptor '/home/riser14/ros_ws/install/py_pubsub/share/py_pubsub/package.dsv'
[2.792s] INFO:colcon.colcon_core.shell:Creating package script '/home/riser14/ros_ws/install/py_pubsub/share/py_pubsub/package.sh'
[2.792s] INFO:colcon.colcon_core.shell:Creating package script '/home/riser14/ros_ws/install/py_pubsub/share/py_pubsub/package.bash'
[2.792s] INFO:colcon.colcon_core.shell:Creating package script '/home/riser14/ros_ws/install/py_pubsub/share/py_pubsub/package.zsh'
[2.793s] Level 1:colcon.colcon_core.environment:create_file_with_runtime_dependencies(/home/riser14/ros_ws/install/py_pubsub/share/colcon-core/packages/py_pubsub)
[2.793s] DEBUG:colcon.colcon_parallel_executor.executor.parallel:closing loop
[2.794s] DEBUG:colcon.colcon_parallel_executor.executor.parallel:loop closed
[2.794s] DEBUG:colcon.colcon_parallel_executor.executor.parallel:run_until_complete finished with '0'
[2.794s] DEBUG:colcon.colcon_core.event_reactor:joining thread
[2.802s] INFO:colcon.colcon_core.plugin_system:Skipping extension 'colcon_notification.desktop_notification.terminal_notifier': Not used on non-Darwin systems
[2.802s] INFO:colcon.colcon_core.plugin_system:Skipping extension 'colcon_notification.desktop_notification.win32': Not used on non-Windows systems
[2.802s] INFO:colcon.colcon_notification.desktop_notification:Sending desktop notification using 'notify2'
[2.816s] DEBUG:colcon.colcon_core.event_reactor:joined thread
[2.819s] INFO:colcon.colcon_core.shell:Creating prefix script '/home/riser14/ros_ws/install/local_setup.ps1'
[2.820s] INFO:colcon.colcon_core.shell:Creating prefix util module '/home/riser14/ros_ws/install/_local_setup_util_ps1.py'
[2.821s] INFO:colcon.colcon_core.shell:Creating prefix chain script '/home/riser14/ros_ws/install/setup.ps1'
[2.825s] INFO:colcon.colcon_core.shell:Creating prefix script '/home/riser14/ros_ws/install/local_setup.sh'
[2.826s] INFO:colcon.colcon_core.shell:Creating prefix util module '/home/riser14/ros_ws/install/_local_setup_util_sh.py'
[2.827s] INFO:colcon.colcon_core.shell:Creating prefix chain script '/home/riser14/ros_ws/install/setup.sh'
[2.829s] INFO:colcon.colcon_core.shell:Creating prefix script '/home/riser14/ros_ws/install/local_setup.bash'
[2.829s] INFO:colcon.colcon_core.shell:Creating prefix chain script '/home/riser14/ros_ws/install/setup.bash'
[2.832s] INFO:colcon.colcon_core.shell:Creating prefix script '/home/riser14/ros_ws/install/local_setup.zsh'
[2.832s] INFO:colcon.colcon_core.shell:Creating prefix chain script '/home/riser14/ros_ws/install/setup.zsh'
