[10.350s] Invoking command in '/home/riser14/ros_ws/src/my_package': PYTHONPATH=/home/riser14/ros_ws/build/my_package/prefix_override:/home/riser14/ros_ws/install/my_package/lib/python3.10/site-packages:${PYTHONPATH} /usr/bin/python3 setup.py egg_info --egg-base ../../build/my_package build --build-base /home/riser14/ros_ws/build/my_package/build install --record /home/riser14/ros_ws/build/my_package/install.log --single-version-externally-managed
[12.557s] running egg_info
[12.559s] writing ../../build/my_package/my_package.egg-info/PKG-INFO
[12.559s] writing dependency_links to ../../build/my_package/my_package.egg-info/dependency_links.txt
[12.559s] writing entry points to ../../build/my_package/my_package.egg-info/entry_points.txt
[12.560s] writing requirements to ../../build/my_package/my_package.egg-info/requires.txt
[12.560s] writing top-level names to ../../build/my_package/my_package.egg-info/top_level.txt
[12.997s] listing git files failed - pretending there aren't any
[13.750s] reading manifest file '../../build/my_package/my_package.egg-info/SOURCES.txt'
[13.760s] writing manifest file '../../build/my_package/my_package.egg-info/SOURCES.txt'
[13.761s] running build
[13.761s] running build_py
[13.762s] running install
[13.768s] running install_lib
[13.779s] running install_data
[13.803s] running install_egg_info
[13.823s] removing '/home/riser14/ros_ws/install/my_package/lib/python3.10/site-packages/my_package-0.0.0-py3.10.egg-info' (and everything under it)
[13.827s] Copying ../../build/my_package/my_package.egg-info to /home/riser14/ros_ws/install/my_package/lib/python3.10/site-packages/my_package-0.0.0-py3.10.egg-info
[13.834s] running install_scripts
[14.010s] Installing my_node script to /home/riser14/ros_ws/install/my_package/lib/my_package
[14.014s] writing list of installed files to '/home/riser14/ros_ws/build/my_package/install.log'
[14.659s] Invoked command in '/home/riser14/ros_ws/src/my_package' returned '0': PYTHONPATH=/home/riser14/ros_ws/build/my_package/prefix_override:/home/riser14/ros_ws/install/my_package/lib/python3.10/site-packages:${PYTHONPATH} /usr/bin/python3 setup.py egg_info --egg-base ../../build/my_package build --build-base /home/riser14/ros_ws/build/my_package/build install --record /home/riser14/ros_ws/build/my_package/install.log --single-version-externally-managed
