[1.635s] Invoking command in '/home/riser14/ros_ws/src/py_pubsub': PYTHONPATH=/home/riser14/ros_ws/build/py_pubsub/prefix_override:/home/riser14/ros_ws/install/py_pubsub/lib/python3.10/site-packages:${PYTHONPATH} /usr/bin/python3 setup.py egg_info --egg-base ../../build/py_pubsub build --build-base /home/riser14/ros_ws/build/py_pubsub/build install --record /home/riser14/ros_ws/build/py_pubsub/install.log --single-version-externally-managed
[1.995s] running egg_info
[1.995s] writing ../../build/py_pubsub/py_pubsub.egg-info/PKG-INFO
[1.996s] writing dependency_links to ../../build/py_pubsub/py_pubsub.egg-info/dependency_links.txt
[1.996s] writing entry points to ../../build/py_pubsub/py_pubsub.egg-info/entry_points.txt
[1.996s] writing requirements to ../../build/py_pubsub/py_pubsub.egg-info/requires.txt
[1.997s] writing top-level names to ../../build/py_pubsub/py_pubsub.egg-info/top_level.txt
[2.054s] listing git files failed - pretending there aren't any
[2.196s] reading manifest file '../../build/py_pubsub/py_pubsub.egg-info/SOURCES.txt'
[2.198s] writing manifest file '../../build/py_pubsub/py_pubsub.egg-info/SOURCES.txt'
[2.198s] running build
[2.198s] running build_py
[2.198s] copying py_pubsub/full_record.py -> /home/riser14/ros_ws/build/py_pubsub/build/lib/py_pubsub
[2.199s] running install
[2.200s] running install_lib
[2.201s] copying /home/riser14/ros_ws/build/py_pubsub/build/lib/py_pubsub/full_record.py -> /home/riser14/ros_ws/install/py_pubsub/lib/python3.10/site-packages/py_pubsub
[2.203s] byte-compiling /home/riser14/ros_ws/install/py_pubsub/lib/python3.10/site-packages/py_pubsub/full_record.py to full_record.cpython-310.pyc
[2.204s] running install_data
[2.205s] running install_egg_info
[2.206s] removing '/home/riser14/ros_ws/install/py_pubsub/lib/python3.10/site-packages/py_pubsub-0.0.0-py3.10.egg-info' (and everything under it)
[2.208s] Copying ../../build/py_pubsub/py_pubsub.egg-info to /home/riser14/ros_ws/install/py_pubsub/lib/python3.10/site-packages/py_pubsub-0.0.0-py3.10.egg-info
[2.209s] running install_scripts
[2.232s] Installing capture script to /home/riser14/ros_ws/install/py_pubsub/lib/py_pubsub
[2.232s] Installing compare_feature script to /home/riser14/ros_ws/install/py_pubsub/lib/py_pubsub
[2.233s] Installing compare_mean_error script to /home/riser14/ros_ws/install/py_pubsub/lib/py_pubsub
[2.233s] Installing control_mpc script to /home/riser14/ros_ws/install/py_pubsub/lib/py_pubsub
[2.233s] Installing control_nmpc script to /home/riser14/ros_ws/install/py_pubsub/lib/py_pubsub
[2.234s] Installing drift_measure script to /home/riser14/ros_ws/install/py_pubsub/lib/py_pubsub
[2.234s] Installing follow script to /home/riser14/ros_ws/install/py_pubsub/lib/py_pubsub
[2.234s] Installing full_record script to /home/riser14/ros_ws/install/py_pubsub/lib/py_pubsub
[2.234s] Installing listener script to /home/riser14/ros_ws/install/py_pubsub/lib/py_pubsub
[2.234s] Installing pid script to /home/riser14/ros_ws/install/py_pubsub/lib/py_pubsub
[2.234s] Installing pose_sub script to /home/riser14/ros_ws/install/py_pubsub/lib/py_pubsub
[2.235s] writing list of installed files to '/home/riser14/ros_ws/build/py_pubsub/install.log'
[2.278s] Invoked command in '/home/riser14/ros_ws/src/py_pubsub' returned '0': PYTHONPATH=/home/riser14/ros_ws/build/py_pubsub/prefix_override:/home/riser14/ros_ws/install/py_pubsub/lib/python3.10/site-packages:${PYTHONPATH} /usr/bin/python3 setup.py egg_info --egg-base ../../build/py_pubsub build --build-base /home/riser14/ros_ws/build/py_pubsub/build install --record /home/riser14/ros_ws/build/py_pubsub/install.log --single-version-externally-managed
