[10.442s] Invoking command in '/home/riser14/ros_ws/src/py_pubsub': PYTHONPATH=/home/riser14/ros_ws/build/py_pubsub/prefix_override:/home/riser14/ros_ws/install/py_pubsub/lib/python3.10/site-packages:${PYTHONPATH} /usr/bin/python3 setup.py egg_info --egg-base ../../build/py_pubsub build --build-base /home/riser14/ros_ws/build/py_pubsub/build install --record /home/riser14/ros_ws/build/py_pubsub/install.log --single-version-externally-managed
[12.500s] running egg_info
[12.504s] writing ../../build/py_pubsub/py_pubsub.egg-info/PKG-INFO
[12.504s] writing dependency_links to ../../build/py_pubsub/py_pubsub.egg-info/dependency_links.txt
[12.505s] writing entry points to ../../build/py_pubsub/py_pubsub.egg-info/entry_points.txt
[12.512s] writing requirements to ../../build/py_pubsub/py_pubsub.egg-info/requires.txt
[12.513s] writing top-level names to ../../build/py_pubsub/py_pubsub.egg-info/top_level.txt
[12.972s] listing git files failed - pretending there aren't any
[13.636s] reading manifest file '../../build/py_pubsub/py_pubsub.egg-info/SOURCES.txt'
[13.657s] writing manifest file '../../build/py_pubsub/py_pubsub.egg-info/SOURCES.txt'
[13.661s] running build
[13.661s] running build_py
[13.678s] copying py_pubsub/pose_subscriber.py -> /home/riser14/ros_ws/build/py_pubsub/build/lib/py_pubsub
[13.681s] running install
[13.683s] running install_lib
[13.688s] copying /home/riser14/ros_ws/build/py_pubsub/build/lib/py_pubsub/pose_subscriber.py -> /home/riser14/ros_ws/install/py_pubsub/lib/python3.10/site-packages/py_pubsub
[13.688s] byte-compiling /home/riser14/ros_ws/install/py_pubsub/lib/python3.10/site-packages/py_pubsub/pose_subscriber.py to pose_subscriber.cpython-310.pyc
[13.692s] running install_data
[13.707s] running install_egg_info
[13.708s] removing '/home/riser14/ros_ws/install/py_pubsub/lib/python3.10/site-packages/py_pubsub-0.0.0-py3.10.egg-info' (and everything under it)
[13.715s] Copying ../../build/py_pubsub/py_pubsub.egg-info to /home/riser14/ros_ws/install/py_pubsub/lib/python3.10/site-packages/py_pubsub-0.0.0-py3.10.egg-info
[13.764s] running install_scripts
[13.850s] Installing control_mpc script to /home/riser14/ros_ws/install/py_pubsub/lib/py_pubsub
[13.851s] Installing control_nmpc script to /home/riser14/ros_ws/install/py_pubsub/lib/py_pubsub
[13.852s] Installing follow script to /home/riser14/ros_ws/install/py_pubsub/lib/py_pubsub
[13.852s] Installing listener script to /home/riser14/ros_ws/install/py_pubsub/lib/py_pubsub
[13.853s] Installing pid script to /home/riser14/ros_ws/install/py_pubsub/lib/py_pubsub
[13.853s] Installing pose_sub script to /home/riser14/ros_ws/install/py_pubsub/lib/py_pubsub
[13.854s] writing list of installed files to '/home/riser14/ros_ws/build/py_pubsub/install.log'
[14.302s] Invoked command in '/home/riser14/ros_ws/src/py_pubsub' returned '0': PYTHONPATH=/home/riser14/ros_ws/build/py_pubsub/prefix_override:/home/riser14/ros_ws/install/py_pubsub/lib/python3.10/site-packages:${PYTHONPATH} /usr/bin/python3 setup.py egg_info --egg-base ../../build/py_pubsub build --build-base /home/riser14/ros_ws/build/py_pubsub/build install --record /home/riser14/ros_ws/build/py_pubsub/install.log --single-version-externally-managed
