[1.358s] Invoking command in '/home/riser14/ros_ws/build/py_pubsub': PYTHONPATH=/home/riser14/ros_ws/build/py_pubsub/prefix_override:/home/riser14/ros_ws/install/py_pubsub/lib/python3.10/site-packages:${PYTHONPATH} /usr/bin/python3 setup.py develop --uninstall --editable --build-directory /home/riser14/ros_ws/build/py_pubsub/build
[1.765s] running develop
[2.047s] Removing /home/riser14/ros_ws/install/py_pubsub/lib/python3.10/site-packages/py-pubsub.egg-link (link to .)
[2.091s] Invoked command in '/home/riser14/ros_ws/build/py_pubsub' returned '0': PYTHONPATH=/home/riser14/ros_ws/build/py_pubsub/prefix_override:/home/riser14/ros_ws/install/py_pubsub/lib/python3.10/site-packages:${PYTHONPATH} /usr/bin/python3 setup.py develop --uninstall --editable --build-directory /home/riser14/ros_ws/build/py_pubsub/build
[2.094s] Invoking command in '/home/riser14/ros_ws/src/py_pubsub': PYTHONPATH=/home/riser14/ros_ws/build/py_pubsub/prefix_override:/home/riser14/ros_ws/install/py_pubsub/lib/python3.10/site-packages:${PYTHONPATH} /usr/bin/python3 setup.py egg_info --egg-base ../../build/py_pubsub build --build-base /home/riser14/ros_ws/build/py_pubsub/build install --record /home/riser14/ros_ws/build/py_pubsub/install.log --single-version-externally-managed
[2.472s] running egg_info
[2.472s] writing ../../build/py_pubsub/py_pubsub.egg-info/PKG-INFO
[2.473s] writing dependency_links to ../../build/py_pubsub/py_pubsub.egg-info/dependency_links.txt
[2.473s] writing entry points to ../../build/py_pubsub/py_pubsub.egg-info/entry_points.txt
[2.473s] writing requirements to ../../build/py_pubsub/py_pubsub.egg-info/requires.txt
[2.473s] writing top-level names to ../../build/py_pubsub/py_pubsub.egg-info/top_level.txt
[2.533s] listing git files failed - pretending there aren't any
[2.679s] reading manifest file '../../build/py_pubsub/py_pubsub.egg-info/SOURCES.txt'
[2.680s] writing manifest file '../../build/py_pubsub/py_pubsub.egg-info/SOURCES.txt'
[2.681s] running build
[2.681s] running build_py
[2.681s] copying py_pubsub/publisher_member_function.py -> /home/riser14/ros_ws/build/py_pubsub/build/lib/py_pubsub
[2.681s] running install
[2.682s] running install_lib
[2.683s] creating /home/riser14/ros_ws/install/py_pubsub/lib/python3.10/site-packages/py_pubsub
[2.684s] copying /home/riser14/ros_ws/build/py_pubsub/build/lib/py_pubsub/subscriber_member_function.py -> /home/riser14/ros_ws/install/py_pubsub/lib/python3.10/site-packages/py_pubsub
[2.698s] copying /home/riser14/ros_ws/build/py_pubsub/build/lib/py_pubsub/waypoint_follower.py -> /home/riser14/ros_ws/install/py_pubsub/lib/python3.10/site-packages/py_pubsub
[2.711s] copying /home/riser14/ros_ws/build/py_pubsub/build/lib/py_pubsub/publisher_member_function.py -> /home/riser14/ros_ws/install/py_pubsub/lib/python3.10/site-packages/py_pubsub
[2.712s] copying /home/riser14/ros_ws/build/py_pubsub/build/lib/py_pubsub/__init__.py -> /home/riser14/ros_ws/install/py_pubsub/lib/python3.10/site-packages/py_pubsub
[2.712s] byte-compiling /home/riser14/ros_ws/install/py_pubsub/lib/python3.10/site-packages/py_pubsub/subscriber_member_function.py to subscriber_member_function.cpython-310.pyc
[2.713s] byte-compiling /home/riser14/ros_ws/install/py_pubsub/lib/python3.10/site-packages/py_pubsub/waypoint_follower.py to waypoint_follower.cpython-310.pyc
[2.714s] byte-compiling /home/riser14/ros_ws/install/py_pubsub/lib/python3.10/site-packages/py_pubsub/publisher_member_function.py to publisher_member_function.cpython-310.pyc
[2.716s] byte-compiling /home/riser14/ros_ws/install/py_pubsub/lib/python3.10/site-packages/py_pubsub/__init__.py to __init__.cpython-310.pyc
[2.716s] running install_data
[2.717s] running install_egg_info
[2.720s] Copying ../../build/py_pubsub/py_pubsub.egg-info to /home/riser14/ros_ws/install/py_pubsub/lib/python3.10/site-packages/py_pubsub-0.0.0-py3.10.egg-info
[2.720s] running install_scripts
[2.744s] Installing follow script to /home/riser14/ros_ws/install/py_pubsub/lib/py_pubsub
[2.744s] Installing listener script to /home/riser14/ros_ws/install/py_pubsub/lib/py_pubsub
[2.744s] Installing talker script to /home/riser14/ros_ws/install/py_pubsub/lib/py_pubsub
[2.745s] writing list of installed files to '/home/riser14/ros_ws/build/py_pubsub/install.log'
[2.787s] Invoked command in '/home/riser14/ros_ws/src/py_pubsub' returned '0': PYTHONPATH=/home/riser14/ros_ws/build/py_pubsub/prefix_override:/home/riser14/ros_ws/install/py_pubsub/lib/python3.10/site-packages:${PYTHONPATH} /usr/bin/python3 setup.py egg_info --egg-base ../../build/py_pubsub build --build-base /home/riser14/ros_ws/build/py_pubsub/build install --record /home/riser14/ros_ws/build/py_pubsub/install.log --single-version-externally-managed
