[10.376s] Invoking command in '/home/riser14/ros_ws/src/py_pubsub': PYTHONPATH=/home/riser14/ros_ws/build/py_pubsub/prefix_override:/home/riser14/ros_ws/install/py_pubsub/lib/python3.10/site-packages:${PYTHONPATH} /usr/bin/python3 setup.py egg_info --egg-base ../../build/py_pubsub build --build-base /home/riser14/ros_ws/build/py_pubsub/build install --record /home/riser14/ros_ws/build/py_pubsub/install.log --single-version-externally-managed
[12.453s] running egg_info
[12.455s] writing ../../build/py_pubsub/py_pubsub.egg-info/PKG-INFO
[12.456s] writing dependency_links to ../../build/py_pubsub/py_pubsub.egg-info/dependency_links.txt
[12.457s] writing entry points to ../../build/py_pubsub/py_pubsub.egg-info/entry_points.txt
[12.457s] writing requirements to ../../build/py_pubsub/py_pubsub.egg-info/requires.txt
[12.457s] writing top-level names to ../../build/py_pubsub/py_pubsub.egg-info/top_level.txt
[12.807s] listing git files failed - pretending there aren't any
[13.514s] reading manifest file '../../build/py_pubsub/py_pubsub.egg-info/SOURCES.txt'
[13.515s] writing manifest file '../../build/py_pubsub/py_pubsub.egg-info/SOURCES.txt'
[13.515s] running build
[13.515s] running build_py
[13.519s] running install
[13.528s] running install_lib
[13.531s] running install_data
[13.538s] running install_egg_info
[13.547s] removing '/home/riser14/ros_ws/install/py_pubsub/lib/python3.10/site-packages/py_pubsub-0.0.0-py3.10.egg-info' (and everything under it)
[13.553s] Copying ../../build/py_pubsub/py_pubsub.egg-info to /home/riser14/ros_ws/install/py_pubsub/lib/python3.10/site-packages/py_pubsub-0.0.0-py3.10.egg-info
[13.556s] running install_scripts
[13.729s] Installing control_mpc script to /home/riser14/ros_ws/install/py_pubsub/lib/py_pubsub
[13.730s] Installing control_nmpc script to /home/riser14/ros_ws/install/py_pubsub/lib/py_pubsub
[13.730s] Installing follow script to /home/riser14/ros_ws/install/py_pubsub/lib/py_pubsub
[13.730s] Installing listener script to /home/riser14/ros_ws/install/py_pubsub/lib/py_pubsub
[13.730s] Installing pid script to /home/riser14/ros_ws/install/py_pubsub/lib/py_pubsub
[13.730s] Installing pose_sub script to /home/riser14/ros_ws/install/py_pubsub/lib/py_pubsub
[13.731s] writing list of installed files to '/home/riser14/ros_ws/build/py_pubsub/install.log'
[14.314s] Invoked command in '/home/riser14/ros_ws/src/py_pubsub' returned '0': PYTHONPATH=/home/riser14/ros_ws/build/py_pubsub/prefix_override:/home/riser14/ros_ws/install/py_pubsub/lib/python3.10/site-packages:${PYTHONPATH} /usr/bin/python3 setup.py egg_info --egg-base ../../build/py_pubsub build --build-base /home/riser14/ros_ws/build/py_pubsub/build install --record /home/riser14/ros_ws/build/py_pubsub/install.log --single-version-externally-managed
