running develop
Removing /home/riser14/ros_ws/install/my_package/lib/python3.10/site-packages/my-package.egg-link (link to .)
running egg_info
writing ../../build/my_package/my_package.egg-info/PKG-INFO
writing dependency_links to ../../build/my_package/my_package.egg-info/dependency_links.txt
writing entry points to ../../build/my_package/my_package.egg-info/entry_points.txt
writing requirements to ../../build/my_package/my_package.egg-info/requires.txt
writing top-level names to ../../build/my_package/my_package.egg-info/top_level.txt
listing git files failed - pretending there aren't any
reading manifest file '../../build/my_package/my_package.egg-info/SOURCES.txt'
writing manifest file '../../build/my_package/my_package.egg-info/SOURCES.txt'
running build
running build_py
running install
running install_lib
creating /home/riser14/ros_ws/install/my_package/lib/python3.10/site-packages/my_package
copying /home/riser14/ros_ws/build/my_package/build/lib/my_package/my_node.py -> /home/riser14/ros_ws/install/my_package/lib/python3.10/site-packages/my_package
copying /home/riser14/ros_ws/build/my_package/build/lib/my_package/__init__.py -> /home/riser14/ros_ws/install/my_package/lib/python3.10/site-packages/my_package
byte-compiling /home/riser14/ros_ws/install/my_package/lib/python3.10/site-packages/my_package/my_node.py to my_node.cpython-310.pyc
byte-compiling /home/riser14/ros_ws/install/my_package/lib/python3.10/site-packages/my_package/__init__.py to __init__.cpython-310.pyc
running install_data
running install_egg_info
Copying ../../build/my_package/my_package.egg-info to /home/riser14/ros_ws/install/my_package/lib/python3.10/site-packages/my_package-0.0.0-py3.10.egg-info
running install_scripts
Installing my_node script to /home/riser14/ros_ws/install/my_package/lib/my_package
writing list of installed files to '/home/riser14/ros_ws/build/my_package/install.log'
