[1.457s] Invoking command in '/home/riser14/ros_ws/build/my_package': PYTHONPATH=/home/riser14/ros_ws/build/my_package/prefix_override:/home/riser14/ros_ws/install/my_package/lib/python3.10/site-packages:${PYTHONPATH} /usr/bin/python3 setup.py develop --uninstall --editable --build-directory /home/riser14/ros_ws/build/my_package/build
[1.912s] running develop
[2.208s] Removing /home/riser14/ros_ws/install/my_package/lib/python3.10/site-packages/my-package.egg-link (link to .)
[2.258s] Invoked command in '/home/riser14/ros_ws/build/my_package' returned '0': PYTHONPATH=/home/riser14/ros_ws/build/my_package/prefix_override:/home/riser14/ros_ws/install/my_package/lib/python3.10/site-packages:${PYTHONPATH} /usr/bin/python3 setup.py develop --uninstall --editable --build-directory /home/riser14/ros_ws/build/my_package/build
[2.260s] Invoking command in '/home/riser14/ros_ws/src/my_package': PYTHONPATH=/home/riser14/ros_ws/build/my_package/prefix_override:/home/riser14/ros_ws/install/my_package/lib/python3.10/site-packages:${PYTHONPATH} /usr/bin/python3 setup.py egg_info --egg-base ../../build/my_package build --build-base /home/riser14/ros_ws/build/my_package/build install --record /home/riser14/ros_ws/build/my_package/install.log --single-version-externally-managed
[2.649s] running egg_info
[2.650s] writing ../../build/my_package/my_package.egg-info/PKG-INFO
[2.650s] writing dependency_links to ../../build/my_package/my_package.egg-info/dependency_links.txt
[2.651s] writing entry points to ../../build/my_package/my_package.egg-info/entry_points.txt
[2.651s] writing requirements to ../../build/my_package/my_package.egg-info/requires.txt
[2.651s] writing top-level names to ../../build/my_package/my_package.egg-info/top_level.txt
[2.713s] listing git files failed - pretending there aren't any
[2.864s] reading manifest file '../../build/my_package/my_package.egg-info/SOURCES.txt'
[2.865s] writing manifest file '../../build/my_package/my_package.egg-info/SOURCES.txt'
[2.866s] running build
[2.866s] running build_py
[2.866s] running install
[2.866s] running install_lib
[2.867s] creating /home/riser14/ros_ws/install/my_package/lib/python3.10/site-packages/my_package
[2.868s] copying /home/riser14/ros_ws/build/my_package/build/lib/my_package/my_node.py -> /home/riser14/ros_ws/install/my_package/lib/python3.10/site-packages/my_package
[2.873s] copying /home/riser14/ros_ws/build/my_package/build/lib/my_package/__init__.py -> /home/riser14/ros_ws/install/my_package/lib/python3.10/site-packages/my_package
[2.874s] byte-compiling /home/riser14/ros_ws/install/my_package/lib/python3.10/site-packages/my_package/my_node.py to my_node.cpython-310.pyc
[2.874s] byte-compiling /home/riser14/ros_ws/install/my_package/lib/python3.10/site-packages/my_package/__init__.py to __init__.cpython-310.pyc
[2.874s] running install_data
[2.875s] running install_egg_info
[2.876s] Copying ../../build/my_package/my_package.egg-info to /home/riser14/ros_ws/install/my_package/lib/python3.10/site-packages/my_package-0.0.0-py3.10.egg-info
[2.877s] running install_scripts
[2.900s] Installing my_node script to /home/riser14/ros_ws/install/my_package/lib/my_package
[2.901s] writing list of installed files to '/home/riser14/ros_ws/build/my_package/install.log'
[2.940s] Invoked command in '/home/riser14/ros_ws/src/my_package' returned '0': PYTHONPATH=/home/riser14/ros_ws/build/my_package/prefix_override:/home/riser14/ros_ws/install/my_package/lib/python3.10/site-packages:${PYTHONPATH} /usr/bin/python3 setup.py egg_info --egg-base ../../build/my_package build --build-base /home/riser14/ros_ws/build/my_package/build install --record /home/riser14/ros_ws/build/my_package/install.log --single-version-externally-managed
