[8.968s] DEBUG:colcon:Command line arguments: ['/usr/bin/colcon', 'build']
[8.969s] DEBUG:colcon:Parsed command line arguments: Namespace(log_base=None, log_level=None, verb_name='build', build_base='build', install_base='install', merge_install=False, symlink_install=False, test_result_base=None, continue_on_error=False, executor='parallel', parallel_workers=4, event_handlers=None, ignore_user_meta=False, metas=['./colcon.meta'], base_paths=['.'], packages_ignore=None, packages_ignore_regex=None, paths=None, packages_up_to=None, packages_up_to_regex=None, packages_above=None, packages_above_and_dependencies=None, packages_above_depth=None, packages_select_by_dep=None, packages_skip_by_dep=None, packages_skip_up_to=None, packages_select_build_failed=False, packages_skip_build_finished=False, packages_select_test_failures=False, packages_skip_test_passed=False, packages_select=None, packages_skip=None, packages_select_regex=None, packages_skip_regex=None, packages_start=None, packages_end=None, allow_overriding=[], cmake_args=None, cmake_target=None, cmake_target_skip_unavailable=False, cmake_clean_cache=False, cmake_clean_first=False, cmake_force_configure=False, ament_cmake_args=None, catkin_cmake_args=None, catkin_skip_building_tests=False, verb_parser=<colcon_defaults.argument_parser.defaults.DefaultArgumentsDecorator object at 0x7f5d0d6ded10>, verb_extension=<colcon_core.verb.build.BuildVerb object at 0x7f5d0d6dfd30>, main=<bound method BuildVerb.main of <colcon_core.verb.build.BuildVerb object at 0x7f5d0d6dfd30>>)
[9.327s] Level 1:colcon.colcon_core.package_discovery:discover_packages(colcon_meta) check parameters
[9.328s] Level 1:colcon.colcon_core.package_discovery:discover_packages(recursive) check parameters
[9.329s] Level 1:colcon.colcon_core.package_discovery:discover_packages(ignore) check parameters
[9.330s] Level 1:colcon.colcon_core.package_discovery:discover_packages(path) check parameters
[9.330s] Level 1:colcon.colcon_core.package_discovery:discover_packages(colcon_meta) discover
[9.331s] Level 1:colcon.colcon_core.package_discovery:discover_packages(recursive) discover
[9.332s] INFO:colcon.colcon_core.package_discovery:Crawling recursively for packages in '/home/riser14/ros_ws'
[9.333s] Level 1:colcon.colcon_core.package_identification:_identify(.) by extensions ['ignore', 'ignore_ament_install']
[9.333s] Level 1:colcon.colcon_core.package_identification:_identify(.) by extension 'ignore'
[9.334s] Level 1:colcon.colcon_core.package_identification:_identify(.) by extension 'ignore_ament_install'
[9.334s] Level 1:colcon.colcon_core.package_identification:_identify(.) by extensions ['colcon_pkg']
[9.335s] Level 1:colcon.colcon_core.package_identification:_identify(.) by extension 'colcon_pkg'
[9.336s] Level 1:colcon.colcon_core.package_identification:_identify(.) by extensions ['colcon_meta']
[9.336s] Level 1:colcon.colcon_core.package_identification:_identify(.) by extension 'colcon_meta'
[9.337s] Level 1:colcon.colcon_core.package_identification:_identify(.) by extensions ['ros']
[9.338s] Level 1:colcon.colcon_core.package_identification:_identify(.) by extension 'ros'
[9.404s] Level 1:colcon.colcon_core.package_identification:_identify(.) by extensions ['cmake', 'python']
[9.405s] Level 1:colcon.colcon_core.package_identification:_identify(.) by extension 'cmake'
[9.406s] Level 1:colcon.colcon_core.package_identification:_identify(.) by extension 'python'
[9.407s] Level 1:colcon.colcon_core.package_identification:_identify(.) by extensions ['python_setup_py']
[9.408s] Level 1:colcon.colcon_core.package_identification:_identify(.) by extension 'python_setup_py'
[9.409s] Level 1:colcon.colcon_core.package_identification:_identify(DWB_Images) by extensions ['ignore', 'ignore_ament_install']
[9.410s] Level 1:colcon.colcon_core.package_identification:_identify(DWB_Images) by extension 'ignore'
[9.411s] Level 1:colcon.colcon_core.package_identification:_identify(DWB_Images) by extension 'ignore_ament_install'
[9.411s] Level 1:colcon.colcon_core.package_identification:_identify(DWB_Images) by extensions ['colcon_pkg']
[9.411s] Level 1:colcon.colcon_core.package_identification:_identify(DWB_Images) by extension 'colcon_pkg'
[9.411s] Level 1:colcon.colcon_core.package_identification:_identify(DWB_Images) by extensions ['colcon_meta']
[9.411s] Level 1:colcon.colcon_core.package_identification:_identify(DWB_Images) by extension 'colcon_meta'
[9.411s] Level 1:colcon.colcon_core.package_identification:_identify(DWB_Images) by extensions ['ros']
[9.411s] Level 1:colcon.colcon_core.package_identification:_identify(DWB_Images) by extension 'ros'
[9.412s] Level 1:colcon.colcon_core.package_identification:_identify(DWB_Images) by extensions ['cmake', 'python']
[9.412s] Level 1:colcon.colcon_core.package_identification:_identify(DWB_Images) by extension 'cmake'
[9.412s] Level 1:colcon.colcon_core.package_identification:_identify(DWB_Images) by extension 'python'
[9.412s] Level 1:colcon.colcon_core.package_identification:_identify(DWB_Images) by extensions ['python_setup_py']
[9.412s] Level 1:colcon.colcon_core.package_identification:_identify(DWB_Images) by extension 'python_setup_py'
[9.414s] Level 1:colcon.colcon_core.package_identification:_identify(MPPI_Images) by extensions ['ignore', 'ignore_ament_install']
[9.414s] Level 1:colcon.colcon_core.package_identification:_identify(MPPI_Images) by extension 'ignore'
[9.414s] Level 1:colcon.colcon_core.package_identification:_identify(MPPI_Images) by extension 'ignore_ament_install'
[9.415s] Level 1:colcon.colcon_core.package_identification:_identify(MPPI_Images) by extensions ['colcon_pkg']
[9.415s] Level 1:colcon.colcon_core.package_identification:_identify(MPPI_Images) by extension 'colcon_pkg'
[9.415s] Level 1:colcon.colcon_core.package_identification:_identify(MPPI_Images) by extensions ['colcon_meta']
[9.415s] Level 1:colcon.colcon_core.package_identification:_identify(MPPI_Images) by extension 'colcon_meta'
[9.415s] Level 1:colcon.colcon_core.package_identification:_identify(MPPI_Images) by extensions ['ros']
[9.416s] Level 1:colcon.colcon_core.package_identification:_identify(MPPI_Images) by extension 'ros'
[9.418s] Level 1:colcon.colcon_core.package_identification:_identify(MPPI_Images) by extensions ['cmake', 'python']
[9.418s] Level 1:colcon.colcon_core.package_identification:_identify(MPPI_Images) by extension 'cmake'
[9.419s] Level 1:colcon.colcon_core.package_identification:_identify(MPPI_Images) by extension 'python'
[9.420s] Level 1:colcon.colcon_core.package_identification:_identify(MPPI_Images) by extensions ['python_setup_py']
[9.420s] Level 1:colcon.colcon_core.package_identification:_identify(MPPI_Images) by extension 'python_setup_py'
[9.424s] Level 1:colcon.colcon_core.package_identification:_identify(MPPI_Images_2) by extensions ['ignore', 'ignore_ament_install']
[9.425s] Level 1:colcon.colcon_core.package_identification:_identify(MPPI_Images_2) by extension 'ignore'
[9.426s] Level 1:colcon.colcon_core.package_identification:_identify(MPPI_Images_2) by extension 'ignore_ament_install'
[9.428s] Level 1:colcon.colcon_core.package_identification:_identify(MPPI_Images_2) by extensions ['colcon_pkg']
[9.428s] Level 1:colcon.colcon_core.package_identification:_identify(MPPI_Images_2) by extension 'colcon_pkg'
[9.429s] Level 1:colcon.colcon_core.package_identification:_identify(MPPI_Images_2) by extensions ['colcon_meta']
[9.429s] Level 1:colcon.colcon_core.package_identification:_identify(MPPI_Images_2) by extension 'colcon_meta'
[9.430s] Level 1:colcon.colcon_core.package_identification:_identify(MPPI_Images_2) by extensions ['ros']
[9.430s] Level 1:colcon.colcon_core.package_identification:_identify(MPPI_Images_2) by extension 'ros'
[9.430s] Level 1:colcon.colcon_core.package_identification:_identify(MPPI_Images_2) by extensions ['cmake', 'python']
[9.431s] Level 1:colcon.colcon_core.package_identification:_identify(MPPI_Images_2) by extension 'cmake'
[9.432s] Level 1:colcon.colcon_core.package_identification:_identify(MPPI_Images_2) by extension 'python'
[9.433s] Level 1:colcon.colcon_core.package_identification:_identify(MPPI_Images_2) by extensions ['python_setup_py']
[9.434s] Level 1:colcon.colcon_core.package_identification:_identify(MPPI_Images_2) by extension 'python_setup_py'
[9.436s] Level 1:colcon.colcon_core.package_identification:_identify(MPPI_Images_Sparse) by extensions ['ignore', 'ignore_ament_install']
[9.437s] Level 1:colcon.colcon_core.package_identification:_identify(MPPI_Images_Sparse) by extension 'ignore'
[9.437s] Level 1:colcon.colcon_core.package_identification:_identify(MPPI_Images_Sparse) by extension 'ignore_ament_install'
[9.438s] Level 1:colcon.colcon_core.package_identification:_identify(MPPI_Images_Sparse) by extensions ['colcon_pkg']
[9.439s] Level 1:colcon.colcon_core.package_identification:_identify(MPPI_Images_Sparse) by extension 'colcon_pkg'
[9.440s] Level 1:colcon.colcon_core.package_identification:_identify(MPPI_Images_Sparse) by extensions ['colcon_meta']
[9.440s] Level 1:colcon.colcon_core.package_identification:_identify(MPPI_Images_Sparse) by extension 'colcon_meta'
[9.441s] Level 1:colcon.colcon_core.package_identification:_identify(MPPI_Images_Sparse) by extensions ['ros']
[9.441s] Level 1:colcon.colcon_core.package_identification:_identify(MPPI_Images_Sparse) by extension 'ros'
[9.442s] Level 1:colcon.colcon_core.package_identification:_identify(MPPI_Images_Sparse) by extensions ['cmake', 'python']
[9.442s] Level 1:colcon.colcon_core.package_identification:_identify(MPPI_Images_Sparse) by extension 'cmake'
[9.442s] Level 1:colcon.colcon_core.package_identification:_identify(MPPI_Images_Sparse) by extension 'python'
[9.442s] Level 1:colcon.colcon_core.package_identification:_identify(MPPI_Images_Sparse) by extensions ['python_setup_py']
[9.442s] Level 1:colcon.colcon_core.package_identification:_identify(MPPI_Images_Sparse) by extension 'python_setup_py'
[9.444s] Level 1:colcon.colcon_core.package_identification:_identify(PID_Images) by extensions ['ignore', 'ignore_ament_install']
[9.446s] Level 1:colcon.colcon_core.package_identification:_identify(PID_Images) by extension 'ignore'
[9.447s] Level 1:colcon.colcon_core.package_identification:_identify(PID_Images) by extension 'ignore_ament_install'
[9.448s] Level 1:colcon.colcon_core.package_identification:_identify(PID_Images) by extensions ['colcon_pkg']
[9.448s] Level 1:colcon.colcon_core.package_identification:_identify(PID_Images) by extension 'colcon_pkg'
[9.449s] Level 1:colcon.colcon_core.package_identification:_identify(PID_Images) by extensions ['colcon_meta']
[9.449s] Level 1:colcon.colcon_core.package_identification:_identify(PID_Images) by extension 'colcon_meta'
[9.449s] Level 1:colcon.colcon_core.package_identification:_identify(PID_Images) by extensions ['ros']
[9.449s] Level 1:colcon.colcon_core.package_identification:_identify(PID_Images) by extension 'ros'
[9.450s] Level 1:colcon.colcon_core.package_identification:_identify(PID_Images) by extensions ['cmake', 'python']
[9.451s] Level 1:colcon.colcon_core.package_identification:_identify(PID_Images) by extension 'cmake'
[9.451s] Level 1:colcon.colcon_core.package_identification:_identify(PID_Images) by extension 'python'
[9.452s] Level 1:colcon.colcon_core.package_identification:_identify(PID_Images) by extensions ['python_setup_py']
[9.453s] Level 1:colcon.colcon_core.package_identification:_identify(PID_Images) by extension 'python_setup_py'
[9.455s] Level 1:colcon.colcon_core.package_identification:_identify(RPP_Images) by extensions ['ignore', 'ignore_ament_install']
[9.457s] Level 1:colcon.colcon_core.package_identification:_identify(RPP_Images) by extension 'ignore'
[9.457s] Level 1:colcon.colcon_core.package_identification:_identify(RPP_Images) by extension 'ignore_ament_install'
[9.458s] Level 1:colcon.colcon_core.package_identification:_identify(RPP_Images) by extensions ['colcon_pkg']
[9.458s] Level 1:colcon.colcon_core.package_identification:_identify(RPP_Images) by extension 'colcon_pkg'
[9.459s] Level 1:colcon.colcon_core.package_identification:_identify(RPP_Images) by extensions ['colcon_meta']
[9.459s] Level 1:colcon.colcon_core.package_identification:_identify(RPP_Images) by extension 'colcon_meta'
[9.460s] Level 1:colcon.colcon_core.package_identification:_identify(RPP_Images) by extensions ['ros']
[9.460s] Level 1:colcon.colcon_core.package_identification:_identify(RPP_Images) by extension 'ros'
[9.460s] Level 1:colcon.colcon_core.package_identification:_identify(RPP_Images) by extensions ['cmake', 'python']
[9.460s] Level 1:colcon.colcon_core.package_identification:_identify(RPP_Images) by extension 'cmake'
[9.460s] Level 1:colcon.colcon_core.package_identification:_identify(RPP_Images) by extension 'python'
[9.461s] Level 1:colcon.colcon_core.package_identification:_identify(RPP_Images) by extensions ['python_setup_py']
[9.461s] Level 1:colcon.colcon_core.package_identification:_identify(RPP_Images) by extension 'python_setup_py'
[9.461s] Level 1:colcon.colcon_core.package_identification:_identify(Reference_Images) by extensions ['ignore', 'ignore_ament_install']
[9.461s] Level 1:colcon.colcon_core.package_identification:_identify(Reference_Images) by extension 'ignore'
[9.461s] Level 1:colcon.colcon_core.package_identification:_identify(Reference_Images) by extension 'ignore_ament_install'
[9.461s] Level 1:colcon.colcon_core.package_identification:_identify(Reference_Images) by extensions ['colcon_pkg']
[9.461s] Level 1:colcon.colcon_core.package_identification:_identify(Reference_Images) by extension 'colcon_pkg'
[9.461s] Level 1:colcon.colcon_core.package_identification:_identify(Reference_Images) by extensions ['colcon_meta']
[9.462s] Level 1:colcon.colcon_core.package_identification:_identify(Reference_Images) by extension 'colcon_meta'
[9.462s] Level 1:colcon.colcon_core.package_identification:_identify(Reference_Images) by extensions ['ros']
[9.462s] Level 1:colcon.colcon_core.package_identification:_identify(Reference_Images) by extension 'ros'
[9.462s] Level 1:colcon.colcon_core.package_identification:_identify(Reference_Images) by extensions ['cmake', 'python']
[9.462s] Level 1:colcon.colcon_core.package_identification:_identify(Reference_Images) by extension 'cmake'
[9.462s] Level 1:colcon.colcon_core.package_identification:_identify(Reference_Images) by extension 'python'
[9.462s] Level 1:colcon.colcon_core.package_identification:_identify(Reference_Images) by extensions ['python_setup_py']
[9.462s] Level 1:colcon.colcon_core.package_identification:_identify(Reference_Images) by extension 'python_setup_py'
[9.463s] Level 1:colcon.colcon_core.package_identification:_identify(True_path_images) by extensions ['ignore', 'ignore_ament_install']
[9.463s] Level 1:colcon.colcon_core.package_identification:_identify(True_path_images) by extension 'ignore'
[9.463s] Level 1:colcon.colcon_core.package_identification:_identify(True_path_images) by extension 'ignore_ament_install'
[9.463s] Level 1:colcon.colcon_core.package_identification:_identify(True_path_images) by extensions ['colcon_pkg']
[9.463s] Level 1:colcon.colcon_core.package_identification:_identify(True_path_images) by extension 'colcon_pkg'
[9.463s] Level 1:colcon.colcon_core.package_identification:_identify(True_path_images) by extensions ['colcon_meta']
[9.463s] Level 1:colcon.colcon_core.package_identification:_identify(True_path_images) by extension 'colcon_meta'
[9.463s] Level 1:colcon.colcon_core.package_identification:_identify(True_path_images) by extensions ['ros']
[9.463s] Level 1:colcon.colcon_core.package_identification:_identify(True_path_images) by extension 'ros'
[9.464s] Level 1:colcon.colcon_core.package_identification:_identify(True_path_images) by extensions ['cmake', 'python']
[9.464s] Level 1:colcon.colcon_core.package_identification:_identify(True_path_images) by extension 'cmake'
[9.464s] Level 1:colcon.colcon_core.package_identification:_identify(True_path_images) by extension 'python'
[9.464s] Level 1:colcon.colcon_core.package_identification:_identify(True_path_images) by extensions ['python_setup_py']
[9.464s] Level 1:colcon.colcon_core.package_identification:_identify(True_path_images) by extension 'python_setup_py'
[9.464s] Level 1:colcon.colcon_core.package_identification:_identify(build) by extensions ['ignore', 'ignore_ament_install']
[9.464s] Level 1:colcon.colcon_core.package_identification:_identify(build) by extension 'ignore'
[9.464s] Level 1:colcon.colcon_core.package_identification:_identify(build) ignored
[9.466s] Level 1:colcon.colcon_core.package_identification:_identify(install) by extensions ['ignore', 'ignore_ament_install']
[9.467s] Level 1:colcon.colcon_core.package_identification:_identify(install) by extension 'ignore'
[9.468s] Level 1:colcon.colcon_core.package_identification:_identify(install) ignored
[9.470s] Level 1:colcon.colcon_core.package_identification:_identify(log) by extensions ['ignore', 'ignore_ament_install']
[9.470s] Level 1:colcon.colcon_core.package_identification:_identify(log) by extension 'ignore'
[9.471s] Level 1:colcon.colcon_core.package_identification:_identify(log) ignored
[9.471s] Level 1:colcon.colcon_core.package_identification:_identify(src) by extensions ['ignore', 'ignore_ament_install']
[9.472s] Level 1:colcon.colcon_core.package_identification:_identify(src) by extension 'ignore'
[9.473s] Level 1:colcon.colcon_core.package_identification:_identify(src) by extension 'ignore_ament_install'
[9.474s] Level 1:colcon.colcon_core.package_identification:_identify(src) by extensions ['colcon_pkg']
[9.475s] Level 1:colcon.colcon_core.package_identification:_identify(src) by extension 'colcon_pkg'
[9.476s] Level 1:colcon.colcon_core.package_identification:_identify(src) by extensions ['colcon_meta']
[9.477s] Level 1:colcon.colcon_core.package_identification:_identify(src) by extension 'colcon_meta'
[9.478s] Level 1:colcon.colcon_core.package_identification:_identify(src) by extensions ['ros']
[9.478s] Level 1:colcon.colcon_core.package_identification:_identify(src) by extension 'ros'
[9.479s] Level 1:colcon.colcon_core.package_identification:_identify(src) by extensions ['cmake', 'python']
[9.479s] Level 1:colcon.colcon_core.package_identification:_identify(src) by extension 'cmake'
[9.479s] Level 1:colcon.colcon_core.package_identification:_identify(src) by extension 'python'
[9.480s] Level 1:colcon.colcon_core.package_identification:_identify(src) by extensions ['python_setup_py']
[9.480s] Level 1:colcon.colcon_core.package_identification:_identify(src) by extension 'python_setup_py'
[9.480s] Level 1:colcon.colcon_core.package_identification:_identify(src/my_package) by extensions ['ignore', 'ignore_ament_install']
[9.481s] Level 1:colcon.colcon_core.package_identification:_identify(src/my_package) by extension 'ignore'
[9.481s] Level 1:colcon.colcon_core.package_identification:_identify(src/my_package) by extension 'ignore_ament_install'
[9.481s] Level 1:colcon.colcon_core.package_identification:_identify(src/my_package) by extensions ['colcon_pkg']
[9.481s] Level 1:colcon.colcon_core.package_identification:_identify(src/my_package) by extension 'colcon_pkg'
[9.481s] Level 1:colcon.colcon_core.package_identification:_identify(src/my_package) by extensions ['colcon_meta']
[9.481s] Level 1:colcon.colcon_core.package_identification:_identify(src/my_package) by extension 'colcon_meta'
[9.481s] Level 1:colcon.colcon_core.package_identification:_identify(src/my_package) by extensions ['ros']
[9.481s] Level 1:colcon.colcon_core.package_identification:_identify(src/my_package) by extension 'ros'
[9.485s] DEBUG:colcon.colcon_core.package_identification:Package 'src/my_package' with type 'ros.ament_python' and name 'my_package'
[9.486s] Level 1:colcon.colcon_core.package_identification:_identify(src/py_pubsub) by extensions ['ignore', 'ignore_ament_install']
[9.486s] Level 1:colcon.colcon_core.package_identification:_identify(src/py_pubsub) by extension 'ignore'
[9.486s] Level 1:colcon.colcon_core.package_identification:_identify(src/py_pubsub) by extension 'ignore_ament_install'
[9.486s] Level 1:colcon.colcon_core.package_identification:_identify(src/py_pubsub) by extensions ['colcon_pkg']
[9.486s] Level 1:colcon.colcon_core.package_identification:_identify(src/py_pubsub) by extension 'colcon_pkg'
[9.486s] Level 1:colcon.colcon_core.package_identification:_identify(src/py_pubsub) by extensions ['colcon_meta']
[9.486s] Level 1:colcon.colcon_core.package_identification:_identify(src/py_pubsub) by extension 'colcon_meta'
[9.486s] Level 1:colcon.colcon_core.package_identification:_identify(src/py_pubsub) by extensions ['ros']
[9.487s] Level 1:colcon.colcon_core.package_identification:_identify(src/py_pubsub) by extension 'ros'
[9.492s] DEBUG:colcon.colcon_core.package_identification:Package 'src/py_pubsub' with type 'ros.ament_python' and name 'py_pubsub'
[9.492s] Level 1:colcon.colcon_core.package_discovery:discover_packages(recursive) using defaults
[9.493s] Level 1:colcon.colcon_core.package_discovery:discover_packages(ignore) discover
[9.493s] Level 1:colcon.colcon_core.package_discovery:discover_packages(ignore) using defaults
[9.493s] Level 1:colcon.colcon_core.package_discovery:discover_packages(path) discover
[9.493s] Level 1:colcon.colcon_core.package_discovery:discover_packages(path) using defaults
[10.215s] Level 1:colcon.colcon_core.package_discovery:discover_packages(prefix_path) check parameters
[10.215s] Level 1:colcon.colcon_core.package_discovery:discover_packages(prefix_path) discover
[10.517s] DEBUG:colcon.colcon_installed_package_information.package_discovery:Found 3 installed packages in /home/riser14/turtlebot3_ws/install
[10.694s] DEBUG:colcon.colcon_installed_package_information.package_discovery:Found 1 installed packages in /home/riser14/picture_ws/install
[10.812s] DEBUG:colcon.colcon_installed_package_information.package_discovery:Found 2 installed packages in /home/riser14/ros_ws/install
[10.951s] DEBUG:colcon.colcon_installed_package_information.package_discovery:Found 386 installed packages in /opt/ros/humble
[10.968s] Level 1:colcon.colcon_core.package_discovery:discover_packages(prefix_path) using defaults
[11.700s] Level 5:colcon.colcon_core.verb:set package 'my_package' build argument 'cmake_args' from command line to 'None'
[11.700s] Level 5:colcon.colcon_core.verb:set package 'my_package' build argument 'cmake_target' from command line to 'None'
[11.700s] Level 5:colcon.colcon_core.verb:set package 'my_package' build argument 'cmake_target_skip_unavailable' from command line to 'False'
[11.700s] Level 5:colcon.colcon_core.verb:set package 'my_package' build argument 'cmake_clean_cache' from command line to 'False'
[11.701s] Level 5:colcon.colcon_core.verb:set package 'my_package' build argument 'cmake_clean_first' from command line to 'False'
[11.701s] Level 5:colcon.colcon_core.verb:set package 'my_package' build argument 'cmake_force_configure' from command line to 'False'
[11.701s] Level 5:colcon.colcon_core.verb:set package 'my_package' build argument 'ament_cmake_args' from command line to 'None'
[11.701s] Level 5:colcon.colcon_core.verb:set package 'my_package' build argument 'catkin_cmake_args' from command line to 'None'
[11.701s] Level 5:colcon.colcon_core.verb:set package 'my_package' build argument 'catkin_skip_building_tests' from command line to 'False'
[11.701s] DEBUG:colcon.colcon_core.verb:Building package 'my_package' with the following arguments: {'ament_cmake_args': None, 'build_base': '/home/riser14/ros_ws/build/my_package', 'catkin_cmake_args': None, 'catkin_skip_building_tests': False, 'cmake_args': None, 'cmake_clean_cache': False, 'cmake_clean_first': False, 'cmake_force_configure': False, 'cmake_target': None, 'cmake_target_skip_unavailable': False, 'install_base': '/home/riser14/ros_ws/install/my_package', 'merge_install': False, 'path': '/home/riser14/ros_ws/src/my_package', 'symlink_install': False, 'test_result_base': None}
[11.838s] Level 5:colcon.colcon_core.verb:set package 'py_pubsub' build argument 'cmake_args' from command line to 'None'
[11.838s] Level 5:colcon.colcon_core.verb:set package 'py_pubsub' build argument 'cmake_target' from command line to 'None'
[11.839s] Level 5:colcon.colcon_core.verb:set package 'py_pubsub' build argument 'cmake_target_skip_unavailable' from command line to 'False'
[11.839s] Level 5:colcon.colcon_core.verb:set package 'py_pubsub' build argument 'cmake_clean_cache' from command line to 'False'
[11.839s] Level 5:colcon.colcon_core.verb:set package 'py_pubsub' build argument 'cmake_clean_first' from command line to 'False'
[11.840s] Level 5:colcon.colcon_core.verb:set package 'py_pubsub' build argument 'cmake_force_configure' from command line to 'False'
[11.840s] Level 5:colcon.colcon_core.verb:set package 'py_pubsub' build argument 'ament_cmake_args' from command line to 'None'
[11.840s] Level 5:colcon.colcon_core.verb:set package 'py_pubsub' build argument 'catkin_cmake_args' from command line to 'None'
[11.840s] Level 5:colcon.colcon_core.verb:set package 'py_pubsub' build argument 'catkin_skip_building_tests' from command line to 'False'
[11.840s] DEBUG:colcon.colcon_core.verb:Building package 'py_pubsub' with the following arguments: {'ament_cmake_args': None, 'build_base': '/home/riser14/ros_ws/build/py_pubsub', 'catkin_cmake_args': None, 'catkin_skip_building_tests': False, 'cmake_args': None, 'cmake_clean_cache': False, 'cmake_clean_first': False, 'cmake_force_configure': False, 'cmake_target': None, 'cmake_target_skip_unavailable': False, 'install_base': '/home/riser14/ros_ws/install/py_pubsub', 'merge_install': False, 'path': '/home/riser14/ros_ws/src/py_pubsub', 'symlink_install': False, 'test_result_base': None}
[11.961s] INFO:colcon.colcon_core.executor:Executing jobs using 'parallel' executor
[12.090s] DEBUG:colcon.colcon_parallel_executor.executor.parallel:run_until_complete
[12.091s] INFO:colcon.colcon_ros.task.ament_python.build:Building ROS package in '/home/riser14/ros_ws/src/my_package' with build type 'ament_python'
[12.091s] Level 1:colcon.colcon_core.shell:create_environment_hook('my_package', 'ament_prefix_path')
[12.231s] INFO:colcon.colcon_core.plugin_system:Skipping extension 'colcon_core.shell.bat': Not used on non-Windows systems
[12.231s] INFO:colcon.colcon_core.shell:Creating environment hook '/home/riser14/ros_ws/install/my_package/share/my_package/hook/ament_prefix_path.ps1'
[12.237s] INFO:colcon.colcon_core.shell:Creating environment descriptor '/home/riser14/ros_ws/install/my_package/share/my_package/hook/ament_prefix_path.dsv'
[12.241s] INFO:colcon.colcon_core.shell:Creating environment hook '/home/riser14/ros_ws/install/my_package/share/my_package/hook/ament_prefix_path.sh'
[12.398s] INFO:colcon.colcon_core.shell:Skip shell extension 'powershell' for command environment: Not usable outside of PowerShell
[12.398s] DEBUG:colcon.colcon_core.shell:Skip shell extension 'dsv' for command environment
[13.111s] INFO:colcon.colcon_ros.task.ament_python.build:Building ROS package in '/home/riser14/ros_ws/src/py_pubsub' with build type 'ament_python'
[13.112s] Level 1:colcon.colcon_core.shell:create_environment_hook('py_pubsub', 'ament_prefix_path')
[13.235s] INFO:colcon.colcon_core.shell:Creating environment hook '/home/riser14/ros_ws/install/py_pubsub/share/py_pubsub/hook/ament_prefix_path.ps1'
[13.239s] INFO:colcon.colcon_core.shell:Creating environment descriptor '/home/riser14/ros_ws/install/py_pubsub/share/py_pubsub/hook/ament_prefix_path.dsv'
[13.242s] INFO:colcon.colcon_core.shell:Creating environment hook '/home/riser14/ros_ws/install/py_pubsub/share/py_pubsub/hook/ament_prefix_path.sh'
[13.369s] INFO:colcon.colcon_core.shell:Skip shell extension 'powershell' for command environment: Not usable outside of PowerShell
[13.369s] DEBUG:colcon.colcon_core.shell:Skip shell extension 'dsv' for command environment
[15.992s] INFO:colcon.colcon_core.task.python.build:Building Python package in '/home/riser14/ros_ws/src/my_package'
[16.122s] INFO:colcon.colcon_core.shell:Skip shell extension 'powershell' for command environment: Not usable outside of PowerShell
[16.122s] DEBUG:colcon.colcon_core.shell:Skip shell extension 'dsv' for command environment
[18.813s] INFO:colcon.colcon_core.task.python.build:Building Python package in '/home/riser14/ros_ws/src/py_pubsub'
[18.936s] INFO:colcon.colcon_core.shell:Skip shell extension 'powershell' for command environment: Not usable outside of PowerShell
[18.937s] DEBUG:colcon.colcon_core.shell:Skip shell extension 'dsv' for command environment
[21.982s] DEBUG:colcon.colcon_core.event_handler.log_command:Invoking command in '/home/riser14/ros_ws/src/py_pubsub': PYTHONPATH=/home/riser14/ros_ws/build/py_pubsub/prefix_override:/home/riser14/ros_ws/install/py_pubsub/lib/python3.10/site-packages:${PYTHONPATH} /usr/bin/python3 setup.py egg_info --egg-base ../../build/py_pubsub build --build-base /home/riser14/ros_ws/build/py_pubsub/build install --record /home/riser14/ros_ws/build/py_pubsub/install.log --single-version-externally-managed
[22.029s] DEBUG:colcon.colcon_core.event_handler.log_command:Invoking command in '/home/riser14/ros_ws/src/my_package': PYTHONPATH=/home/riser14/ros_ws/build/my_package/prefix_override:/home/riser14/ros_ws/install/my_package/lib/python3.10/site-packages:${PYTHONPATH} /usr/bin/python3 setup.py egg_info --egg-base ../../build/my_package build --build-base /home/riser14/ros_ws/build/my_package/build install --record /home/riser14/ros_ws/build/my_package/install.log --single-version-externally-managed
[24.963s] DEBUG:colcon.colcon_core.event_handler.log_command:Invoked command in '/home/riser14/ros_ws/src/py_pubsub' returned '0': PYTHONPATH=/home/riser14/ros_ws/build/py_pubsub/prefix_override:/home/riser14/ros_ws/install/py_pubsub/lib/python3.10/site-packages:${PYTHONPATH} /usr/bin/python3 setup.py egg_info --egg-base ../../build/py_pubsub build --build-base /home/riser14/ros_ws/build/py_pubsub/build install --record /home/riser14/ros_ws/build/py_pubsub/install.log --single-version-externally-managed
[25.219s] Level 1:colcon.colcon_core.environment:checking '/home/riser14/ros_ws/install/py_pubsub' for CMake module files
[25.220s] Level 1:colcon.colcon_core.environment:checking '/home/riser14/ros_ws/install/py_pubsub' for CMake config files
[25.221s] Level 1:colcon.colcon_core.environment:checking '/home/riser14/ros_ws/install/py_pubsub/lib'
[25.221s] Level 1:colcon.colcon_core.environment:checking '/home/riser14/ros_ws/install/py_pubsub/bin'
[25.222s] Level 1:colcon.colcon_core.environment:checking '/home/riser14/ros_ws/install/py_pubsub/lib/pkgconfig/py_pubsub.pc'
[25.230s] Level 1:colcon.colcon_core.environment:checking '/home/riser14/ros_ws/install/py_pubsub/lib/python3.10/site-packages'
[25.231s] Level 1:colcon.colcon_core.shell:create_environment_hook('py_pubsub', 'pythonpath')
[25.373s] INFO:colcon.colcon_core.shell:Creating environment hook '/home/riser14/ros_ws/install/py_pubsub/share/py_pubsub/hook/pythonpath.ps1'
[25.374s] INFO:colcon.colcon_core.shell:Creating environment descriptor '/home/riser14/ros_ws/install/py_pubsub/share/py_pubsub/hook/pythonpath.dsv'
[25.375s] INFO:colcon.colcon_core.shell:Creating environment hook '/home/riser14/ros_ws/install/py_pubsub/share/py_pubsub/hook/pythonpath.sh'
[25.376s] Level 1:colcon.colcon_core.environment:checking '/home/riser14/ros_ws/install/py_pubsub/bin'
[25.376s] Level 1:colcon.colcon_core.environment:create_environment_scripts_only(py_pubsub)
[25.518s] INFO:colcon.colcon_core.shell:Creating package script '/home/riser14/ros_ws/install/py_pubsub/share/py_pubsub/package.ps1'
[25.524s] INFO:colcon.colcon_core.shell:Creating package descriptor '/home/riser14/ros_ws/install/py_pubsub/share/py_pubsub/package.dsv'
[25.526s] INFO:colcon.colcon_core.shell:Creating package script '/home/riser14/ros_ws/install/py_pubsub/share/py_pubsub/package.sh'
[25.531s] INFO:colcon.colcon_core.shell:Creating package script '/home/riser14/ros_ws/install/py_pubsub/share/py_pubsub/package.bash'
[25.537s] INFO:colcon.colcon_core.shell:Creating package script '/home/riser14/ros_ws/install/py_pubsub/share/py_pubsub/package.zsh'
[25.542s] Level 1:colcon.colcon_core.environment:create_file_with_runtime_dependencies(/home/riser14/ros_ws/install/py_pubsub/share/colcon-core/packages/py_pubsub)
[25.553s] DEBUG:colcon.colcon_core.event_handler.log_command:Invoked command in '/home/riser14/ros_ws/src/my_package' returned '0': PYTHONPATH=/home/riser14/ros_ws/build/my_package/prefix_override:/home/riser14/ros_ws/install/my_package/lib/python3.10/site-packages:${PYTHONPATH} /usr/bin/python3 setup.py egg_info --egg-base ../../build/my_package build --build-base /home/riser14/ros_ws/build/my_package/build install --record /home/riser14/ros_ws/build/my_package/install.log --single-version-externally-managed
[25.693s] Level 1:colcon.colcon_core.environment:checking '/home/riser14/ros_ws/install/my_package' for CMake module files
[25.694s] Level 1:colcon.colcon_core.environment:checking '/home/riser14/ros_ws/install/my_package' for CMake config files
[25.699s] Level 1:colcon.colcon_core.environment:checking '/home/riser14/ros_ws/install/my_package/lib'
[25.700s] Level 1:colcon.colcon_core.environment:checking '/home/riser14/ros_ws/install/my_package/bin'
[25.700s] Level 1:colcon.colcon_core.environment:checking '/home/riser14/ros_ws/install/my_package/lib/pkgconfig/my_package.pc'
[25.701s] Level 1:colcon.colcon_core.environment:checking '/home/riser14/ros_ws/install/my_package/lib/python3.10/site-packages'
[25.701s] Level 1:colcon.colcon_core.shell:create_environment_hook('my_package', 'pythonpath')
[25.881s] INFO:colcon.colcon_core.shell:Creating environment hook '/home/riser14/ros_ws/install/my_package/share/my_package/hook/pythonpath.ps1'
[25.882s] INFO:colcon.colcon_core.shell:Creating environment descriptor '/home/riser14/ros_ws/install/my_package/share/my_package/hook/pythonpath.dsv'
[25.886s] INFO:colcon.colcon_core.shell:Creating environment hook '/home/riser14/ros_ws/install/my_package/share/my_package/hook/pythonpath.sh'
[25.889s] Level 1:colcon.colcon_core.environment:checking '/home/riser14/ros_ws/install/my_package/bin'
[25.891s] Level 1:colcon.colcon_core.environment:create_environment_scripts_only(my_package)
[26.026s] INFO:colcon.colcon_core.shell:Creating package script '/home/riser14/ros_ws/install/my_package/share/my_package/package.ps1'
[26.029s] INFO:colcon.colcon_core.shell:Creating package descriptor '/home/riser14/ros_ws/install/my_package/share/my_package/package.dsv'
[26.033s] INFO:colcon.colcon_core.shell:Creating package script '/home/riser14/ros_ws/install/my_package/share/my_package/package.sh'
[26.035s] INFO:colcon.colcon_core.shell:Creating package script '/home/riser14/ros_ws/install/my_package/share/my_package/package.bash'
[26.038s] INFO:colcon.colcon_core.shell:Creating package script '/home/riser14/ros_ws/install/my_package/share/my_package/package.zsh'
[26.041s] Level 1:colcon.colcon_core.environment:create_file_with_runtime_dependencies(/home/riser14/ros_ws/install/my_package/share/colcon-core/packages/my_package)
[26.047s] DEBUG:colcon.colcon_parallel_executor.executor.parallel:closing loop
[26.049s] DEBUG:colcon.colcon_parallel_executor.executor.parallel:loop closed
[26.050s] DEBUG:colcon.colcon_parallel_executor.executor.parallel:run_until_complete finished with '0'
[26.051s] DEBUG:colcon.colcon_core.event_reactor:joining thread
[26.202s] INFO:colcon.colcon_core.plugin_system:Skipping extension 'colcon_notification.desktop_notification.terminal_notifier': Not used on non-Darwin systems
[26.203s] INFO:colcon.colcon_core.plugin_system:Skipping extension 'colcon_notification.desktop_notification.win32': Not used on non-Windows systems
[26.204s] INFO:colcon.colcon_notification.desktop_notification:Sending desktop notification using 'notify2'
[26.272s] DEBUG:colcon.colcon_core.event_reactor:joined thread
[26.396s] INFO:colcon.colcon_core.shell:Creating prefix script '/home/riser14/ros_ws/install/local_setup.ps1'
[26.402s] INFO:colcon.colcon_core.shell:Creating prefix util module '/home/riser14/ros_ws/install/_local_setup_util_ps1.py'
[26.410s] INFO:colcon.colcon_core.shell:Creating prefix chain script '/home/riser14/ros_ws/install/setup.ps1'
[26.548s] INFO:colcon.colcon_core.shell:Creating prefix script '/home/riser14/ros_ws/install/local_setup.sh'
[26.551s] INFO:colcon.colcon_core.shell:Creating prefix util module '/home/riser14/ros_ws/install/_local_setup_util_sh.py'
[26.555s] INFO:colcon.colcon_core.shell:Creating prefix chain script '/home/riser14/ros_ws/install/setup.sh'
[26.693s] INFO:colcon.colcon_core.shell:Creating prefix script '/home/riser14/ros_ws/install/local_setup.bash'
[26.698s] INFO:colcon.colcon_core.shell:Creating prefix chain script '/home/riser14/ros_ws/install/setup.bash'
[26.844s] INFO:colcon.colcon_core.shell:Creating prefix script '/home/riser14/ros_ws/install/local_setup.zsh'
[26.847s] INFO:colcon.colcon_core.shell:Creating prefix chain script '/home/riser14/ros_ws/install/setup.zsh'
