[1.705s] Invoking command in '/home/riser14/ros_ws/src/py_pubsub': PYTHONPATH=/home/riser14/ros_ws/build/py_pubsub/prefix_override:/home/riser14/ros_ws/install/py_pubsub/lib/python3.10/site-packages:${PYTHONPATH} /usr/bin/python3 setup.py egg_info --egg-base ../../build/py_pubsub build --build-base /home/riser14/ros_ws/build/py_pubsub/build install --record /home/riser14/ros_ws/build/py_pubsub/install.log --single-version-externally-managed
[2.068s] running egg_info
[2.069s] writing ../../build/py_pubsub/py_pubsub.egg-info/PKG-INFO
[2.069s] writing dependency_links to ../../build/py_pubsub/py_pubsub.egg-info/dependency_links.txt
[2.069s] writing entry points to ../../build/py_pubsub/py_pubsub.egg-info/entry_points.txt
[2.070s] writing requirements to ../../build/py_pubsub/py_pubsub.egg-info/requires.txt
[2.071s] writing top-level names to ../../build/py_pubsub/py_pubsub.egg-info/top_level.txt
[2.130s] listing git files failed - pretending there aren't any
[2.284s] reading manifest file '../../build/py_pubsub/py_pubsub.egg-info/SOURCES.txt'
[2.286s] writing manifest file '../../build/py_pubsub/py_pubsub.egg-info/SOURCES.txt'
[2.286s] running build
[2.286s] running build_py
[2.287s] copying py_pubsub/camera_capture.py -> /home/riser14/ros_ws/build/py_pubsub/build/lib/py_pubsub
[2.287s] running install
[2.288s] running install_lib
[2.289s] copying /home/riser14/ros_ws/build/py_pubsub/build/lib/py_pubsub/camera_capture.py -> /home/riser14/ros_ws/install/py_pubsub/lib/python3.10/site-packages/py_pubsub
[2.290s] byte-compiling /home/riser14/ros_ws/install/py_pubsub/lib/python3.10/site-packages/py_pubsub/camera_capture.py to camera_capture.cpython-310.pyc
[2.291s] running install_data
[2.292s] copying package.xml -> /home/riser14/ros_ws/install/py_pubsub/share/py_pubsub
[2.293s] running install_egg_info
[2.293s] removing '/home/riser14/ros_ws/install/py_pubsub/lib/python3.10/site-packages/py_pubsub-0.0.0-py3.10.egg-info' (and everything under it)
[2.295s] Copying ../../build/py_pubsub/py_pubsub.egg-info to /home/riser14/ros_ws/install/py_pubsub/lib/python3.10/site-packages/py_pubsub-0.0.0-py3.10.egg-info
[2.295s] running install_scripts
[2.321s] Installing capture script to /home/riser14/ros_ws/install/py_pubsub/lib/py_pubsub
[2.321s] Installing control_mpc script to /home/riser14/ros_ws/install/py_pubsub/lib/py_pubsub
[2.321s] Installing control_nmpc script to /home/riser14/ros_ws/install/py_pubsub/lib/py_pubsub
[2.321s] Installing follow script to /home/riser14/ros_ws/install/py_pubsub/lib/py_pubsub
[2.322s] Installing listener script to /home/riser14/ros_ws/install/py_pubsub/lib/py_pubsub
[2.322s] Installing pid script to /home/riser14/ros_ws/install/py_pubsub/lib/py_pubsub
[2.322s] Installing pose_sub script to /home/riser14/ros_ws/install/py_pubsub/lib/py_pubsub
[2.323s] writing list of installed files to '/home/riser14/ros_ws/build/py_pubsub/install.log'
[2.429s] Invoked command in '/home/riser14/ros_ws/src/py_pubsub' returned '0': PYTHONPATH=/home/riser14/ros_ws/build/py_pubsub/prefix_override:/home/riser14/ros_ws/install/py_pubsub/lib/python3.10/site-packages:${PYTHONPATH} /usr/bin/python3 setup.py egg_info --egg-base ../../build/py_pubsub build --build-base /home/riser14/ros_ws/build/py_pubsub/build install --record /home/riser14/ros_ws/build/py_pubsub/install.log --single-version-externally-managed
