[1.606s] Invoking command in '/home/riser14/ros_ws/src/py_pubsub': PYTHONPATH=/home/riser14/ros_ws/build/py_pubsub/prefix_override:/home/riser14/ros_ws/install/py_pubsub/lib/python3.10/site-packages:${PYTHONPATH} /usr/bin/python3 setup.py egg_info --egg-base ../../build/py_pubsub build --build-base /home/riser14/ros_ws/build/py_pubsub/build install --record /home/riser14/ros_ws/build/py_pubsub/install.log --single-version-externally-managed
[1.961s] running egg_info
[1.962s] writing ../../build/py_pubsub/py_pubsub.egg-info/PKG-INFO
[1.962s] writing dependency_links to ../../build/py_pubsub/py_pubsub.egg-info/dependency_links.txt
[1.962s] writing entry points to ../../build/py_pubsub/py_pubsub.egg-info/entry_points.txt
[1.963s] writing requirements to ../../build/py_pubsub/py_pubsub.egg-info/requires.txt
[1.963s] writing top-level names to ../../build/py_pubsub/py_pubsub.egg-info/top_level.txt
[2.018s] listing git files failed - pretending there aren't any
[2.158s] reading manifest file '../../build/py_pubsub/py_pubsub.egg-info/SOURCES.txt'
[2.159s] writing manifest file '../../build/py_pubsub/py_pubsub.egg-info/SOURCES.txt'
[2.160s] running build
[2.160s] running build_py
[2.160s] copying py_pubsub/pose_subscriber.py -> /home/riser14/ros_ws/build/py_pubsub/build/lib/py_pubsub
[2.162s] running install
[2.163s] running install_lib
[2.166s] copying /home/riser14/ros_ws/build/py_pubsub/build/lib/py_pubsub/pose_subscriber.py -> /home/riser14/ros_ws/install/py_pubsub/lib/python3.10/site-packages/py_pubsub
[2.167s] byte-compiling /home/riser14/ros_ws/install/py_pubsub/lib/python3.10/site-packages/py_pubsub/pose_subscriber.py to pose_subscriber.cpython-310.pyc
[2.168s] running install_data
[2.169s] running install_egg_info
[2.170s] removing '/home/riser14/ros_ws/install/py_pubsub/lib/python3.10/site-packages/py_pubsub-0.0.0-py3.10.egg-info' (and everything under it)
[2.170s] Copying ../../build/py_pubsub/py_pubsub.egg-info to /home/riser14/ros_ws/install/py_pubsub/lib/python3.10/site-packages/py_pubsub-0.0.0-py3.10.egg-info
[2.171s] running install_scripts
[2.199s] Installing control_mpc script to /home/riser14/ros_ws/install/py_pubsub/lib/py_pubsub
[2.199s] Installing control_nmpc script to /home/riser14/ros_ws/install/py_pubsub/lib/py_pubsub
[2.199s] Installing follow script to /home/riser14/ros_ws/install/py_pubsub/lib/py_pubsub
[2.200s] Installing listener script to /home/riser14/ros_ws/install/py_pubsub/lib/py_pubsub
[2.200s] Installing pid script to /home/riser14/ros_ws/install/py_pubsub/lib/py_pubsub
[2.200s] Installing pose_sub script to /home/riser14/ros_ws/install/py_pubsub/lib/py_pubsub
[2.200s] writing list of installed files to '/home/riser14/ros_ws/build/py_pubsub/install.log'
[2.246s] Invoked command in '/home/riser14/ros_ws/src/py_pubsub' returned '0': PYTHONPATH=/home/riser14/ros_ws/build/py_pubsub/prefix_override:/home/riser14/ros_ws/install/py_pubsub/lib/python3.10/site-packages:${PYTHONPATH} /usr/bin/python3 setup.py egg_info --egg-base ../../build/py_pubsub build --build-base /home/riser14/ros_ws/build/py_pubsub/build install --record /home/riser14/ros_ws/build/py_pubsub/install.log --single-version-externally-managed
