[6.475s] Invoking command in '/home/riser14/ros_ws/src/my_package': PYTHONPATH=/home/riser14/ros_ws/build/my_package/prefix_override:/home/riser14/ros_ws/install/my_package/lib/python3.10/site-packages:${PYTHONPATH} /usr/bin/python3 setup.py egg_info --egg-base ../../build/my_package build --build-base /home/riser14/ros_ws/build/my_package/build install --record /home/riser14/ros_ws/build/my_package/install.log --single-version-externally-managed
[7.624s] running egg_info
[7.627s] writing ../../build/my_package/my_package.egg-info/PKG-INFO
[7.627s] writing dependency_links to ../../build/my_package/my_package.egg-info/dependency_links.txt
[7.627s] writing entry points to ../../build/my_package/my_package.egg-info/entry_points.txt
[7.628s] writing requirements to ../../build/my_package/my_package.egg-info/requires.txt
[7.628s] writing top-level names to ../../build/my_package/my_package.egg-info/top_level.txt
[7.843s] listing git files failed - pretending there aren't any
[8.519s] reading manifest file '../../build/my_package/my_package.egg-info/SOURCES.txt'
[8.527s] writing manifest file '../../build/my_package/my_package.egg-info/SOURCES.txt'
[8.528s] running build
[8.528s] running build_py
[8.528s] running install
[8.529s] running install_lib
[8.539s] running install_data
[8.541s] running install_egg_info
[8.542s] removing '/home/riser14/ros_ws/install/my_package/lib/python3.10/site-packages/my_package-0.0.0-py3.10.egg-info' (and everything under it)
[8.549s] Copying ../../build/my_package/my_package.egg-info to /home/riser14/ros_ws/install/my_package/lib/python3.10/site-packages/my_package-0.0.0-py3.10.egg-info
[8.561s] running install_scripts
[8.641s] Installing my_node script to /home/riser14/ros_ws/install/my_package/lib/my_package
[8.641s] writing list of installed files to '/home/riser14/ros_ws/build/my_package/install.log'
[9.036s] Invoked command in '/home/riser14/ros_ws/src/my_package' returned '0': PYTHONPATH=/home/riser14/ros_ws/build/my_package/prefix_override:/home/riser14/ros_ws/install/my_package/lib/python3.10/site-packages:${PYTHONPATH} /usr/bin/python3 setup.py egg_info --egg-base ../../build/my_package build --build-base /home/riser14/ros_ws/build/my_package/build install --record /home/riser14/ros_ws/build/my_package/install.log --single-version-externally-managed
