[1.693s] Invoking command in '/home/riser14/ros_ws/src/py_pubsub': PYTHONPATH=/home/riser14/ros_ws/build/py_pubsub/prefix_override:/home/riser14/ros_ws/install/py_pubsub/lib/python3.10/site-packages:${PYTHONPATH} /usr/bin/python3 setup.py egg_info --egg-base ../../build/py_pubsub build --build-base /home/riser14/ros_ws/build/py_pubsub/build install --record /home/riser14/ros_ws/build/py_pubsub/install.log --single-version-externally-managed
[2.045s] running egg_info
[2.046s] writing ../../build/py_pubsub/py_pubsub.egg-info/PKG-INFO
[2.046s] writing dependency_links to ../../build/py_pubsub/py_pubsub.egg-info/dependency_links.txt
[2.047s] writing entry points to ../../build/py_pubsub/py_pubsub.egg-info/entry_points.txt
[2.047s] writing requirements to ../../build/py_pubsub/py_pubsub.egg-info/requires.txt
[2.047s] writing top-level names to ../../build/py_pubsub/py_pubsub.egg-info/top_level.txt
[2.104s] listing git files failed - pretending there aren't any
[2.246s] reading manifest file '../../build/py_pubsub/py_pubsub.egg-info/SOURCES.txt'
[2.248s] writing manifest file '../../build/py_pubsub/py_pubsub.egg-info/SOURCES.txt'
[2.248s] running build
[2.248s] running build_py
[2.248s] copying py_pubsub/full_record.py -> /home/riser14/ros_ws/build/py_pubsub/build/lib/py_pubsub
[2.259s] copying py_pubsub/subscriber_member_function.py -> /home/riser14/ros_ws/build/py_pubsub/build/lib/py_pubsub
[2.259s] copying py_pubsub/waypoint_follower.py -> /home/riser14/ros_ws/build/py_pubsub/build/lib/py_pubsub
[2.261s] running install
[2.261s] running install_lib
[2.263s] copying /home/riser14/ros_ws/build/py_pubsub/build/lib/py_pubsub/full_record.py -> /home/riser14/ros_ws/install/py_pubsub/lib/python3.10/site-packages/py_pubsub
[2.263s] copying /home/riser14/ros_ws/build/py_pubsub/build/lib/py_pubsub/subscriber_member_function.py -> /home/riser14/ros_ws/install/py_pubsub/lib/python3.10/site-packages/py_pubsub
[2.263s] copying /home/riser14/ros_ws/build/py_pubsub/build/lib/py_pubsub/waypoint_follower.py -> /home/riser14/ros_ws/install/py_pubsub/lib/python3.10/site-packages/py_pubsub
[2.265s] byte-compiling /home/riser14/ros_ws/install/py_pubsub/lib/python3.10/site-packages/py_pubsub/full_record.py to full_record.cpython-310.pyc
[2.266s] byte-compiling /home/riser14/ros_ws/install/py_pubsub/lib/python3.10/site-packages/py_pubsub/subscriber_member_function.py to subscriber_member_function.cpython-310.pyc
[2.267s] byte-compiling /home/riser14/ros_ws/install/py_pubsub/lib/python3.10/site-packages/py_pubsub/waypoint_follower.py to waypoint_follower.cpython-310.pyc
[2.269s] running install_data
[2.270s] running install_egg_info
[2.271s] removing '/home/riser14/ros_ws/install/py_pubsub/lib/python3.10/site-packages/py_pubsub-0.0.0-py3.10.egg-info' (and everything under it)
[2.272s] Copying ../../build/py_pubsub/py_pubsub.egg-info to /home/riser14/ros_ws/install/py_pubsub/lib/python3.10/site-packages/py_pubsub-0.0.0-py3.10.egg-info
[2.273s] running install_scripts
[2.302s] Installing camera_record script to /home/riser14/ros_ws/install/py_pubsub/lib/py_pubsub
[2.302s] Installing capture script to /home/riser14/ros_ws/install/py_pubsub/lib/py_pubsub
[2.303s] Installing compare_feature script to /home/riser14/ros_ws/install/py_pubsub/lib/py_pubsub
[2.303s] Installing compare_mean_error script to /home/riser14/ros_ws/install/py_pubsub/lib/py_pubsub
[2.303s] Installing control_mpc script to /home/riser14/ros_ws/install/py_pubsub/lib/py_pubsub
[2.303s] Installing control_nmpc script to /home/riser14/ros_ws/install/py_pubsub/lib/py_pubsub
[2.303s] Installing drift_measure script to /home/riser14/ros_ws/install/py_pubsub/lib/py_pubsub
[2.303s] Installing full_record script to /home/riser14/ros_ws/install/py_pubsub/lib/py_pubsub
[2.304s] Installing listener script to /home/riser14/ros_ws/install/py_pubsub/lib/py_pubsub
[2.305s] Installing pid script to /home/riser14/ros_ws/install/py_pubsub/lib/py_pubsub
[2.306s] Installing pose_sub script to /home/riser14/ros_ws/install/py_pubsub/lib/py_pubsub
[2.306s] Installing visualisation script to /home/riser14/ros_ws/install/py_pubsub/lib/py_pubsub
[2.307s] Installing waypoint follow script to /home/riser14/ros_ws/install/py_pubsub/lib/py_pubsub
[2.308s] writing list of installed files to '/home/riser14/ros_ws/build/py_pubsub/install.log'
[2.406s] Invoked command in '/home/riser14/ros_ws/src/py_pubsub' returned '0': PYTHONPATH=/home/riser14/ros_ws/build/py_pubsub/prefix_override:/home/riser14/ros_ws/install/py_pubsub/lib/python3.10/site-packages:${PYTHONPATH} /usr/bin/python3 setup.py egg_info --egg-base ../../build/py_pubsub build --build-base /home/riser14/ros_ws/build/py_pubsub/build install --record /home/riser14/ros_ws/build/py_pubsub/install.log --single-version-externally-managed
