[1.395s] Invoking command in '/home/riser14/ros_ws/src/py_pubsub': PYTHONPATH=/home/riser14/ros_ws/build/py_pubsub/prefix_override:/home/riser14/ros_ws/install/py_pubsub/lib/python3.10/site-packages:${PYTHONPATH} /usr/bin/python3 setup.py egg_info --egg-base ../../build/py_pubsub build --build-base /home/riser14/ros_ws/build/py_pubsub/build install --record /home/riser14/ros_ws/build/py_pubsub/install.log --single-version-externally-managed
[1.927s] running egg_info
[1.928s] writing ../../build/py_pubsub/py_pubsub.egg-info/PKG-INFO
[1.929s] writing dependency_links to ../../build/py_pubsub/py_pubsub.egg-info/dependency_links.txt
[1.929s] writing entry points to ../../build/py_pubsub/py_pubsub.egg-info/entry_points.txt
[1.929s] writing requirements to ../../build/py_pubsub/py_pubsub.egg-info/requires.txt
[1.929s] writing top-level names to ../../build/py_pubsub/py_pubsub.egg-info/top_level.txt
[2.023s] listing git files failed - pretending there aren't any
[2.241s] reading manifest file '../../build/py_pubsub/py_pubsub.egg-info/SOURCES.txt'
[2.242s] writing manifest file '../../build/py_pubsub/py_pubsub.egg-info/SOURCES.txt'
[2.242s] running build
[2.242s] running build_py
[2.242s] copying py_pubsub/subscriber_member_function.py -> /home/riser14/ros_ws/build/py_pubsub/build/lib/py_pubsub
[2.243s] running install
[2.244s] running install_lib
[2.246s] copying /home/riser14/ros_ws/build/py_pubsub/build/lib/py_pubsub/subscriber_member_function.py -> /home/riser14/ros_ws/install/py_pubsub/lib/python3.10/site-packages/py_pubsub
[2.247s] byte-compiling /home/riser14/ros_ws/install/py_pubsub/lib/python3.10/site-packages/py_pubsub/subscriber_member_function.py to subscriber_member_function.cpython-310.pyc
[2.248s] running install_data
[2.249s] running install_egg_info
[2.250s] removing '/home/riser14/ros_ws/install/py_pubsub/lib/python3.10/site-packages/py_pubsub-0.0.0-py3.10.egg-info' (and everything under it)
[2.250s] Copying ../../build/py_pubsub/py_pubsub.egg-info to /home/riser14/ros_ws/install/py_pubsub/lib/python3.10/site-packages/py_pubsub-0.0.0-py3.10.egg-info
[2.252s] running install_scripts
[2.288s] Installing follow script to /home/riser14/ros_ws/install/py_pubsub/lib/py_pubsub
[2.289s] Installing listener script to /home/riser14/ros_ws/install/py_pubsub/lib/py_pubsub
[2.289s] Installing talker script to /home/riser14/ros_ws/install/py_pubsub/lib/py_pubsub
[2.289s] writing list of installed files to '/home/riser14/ros_ws/build/py_pubsub/install.log'
[2.337s] Invoked command in '/home/riser14/ros_ws/src/py_pubsub' returned '0': PYTHONPATH=/home/riser14/ros_ws/build/py_pubsub/prefix_override:/home/riser14/ros_ws/install/py_pubsub/lib/python3.10/site-packages:${PYTHONPATH} /usr/bin/python3 setup.py egg_info --egg-base ../../build/py_pubsub build --build-base /home/riser14/ros_ws/build/py_pubsub/build install --record /home/riser14/ros_ws/build/py_pubsub/install.log --single-version-externally-managed
