[4.946s] Invoking command in '/home/riser14/ros_ws/src/py_pubsub': PYTHONPATH=/home/riser14/ros_ws/build/py_pubsub/prefix_override:/home/riser14/ros_ws/install/py_pubsub/lib/python3.10/site-packages:${PYTHONPATH} /usr/bin/python3 setup.py egg_info --egg-base ../../build/py_pubsub build --build-base /home/riser14/ros_ws/build/py_pubsub/build install --record /home/riser14/ros_ws/build/py_pubsub/install.log --single-version-externally-managed
[6.238s] running egg_info
[6.240s] writing ../../build/py_pubsub/py_pubsub.egg-info/PKG-INFO
[6.240s] writing dependency_links to ../../build/py_pubsub/py_pubsub.egg-info/dependency_links.txt
[6.241s] writing entry points to ../../build/py_pubsub/py_pubsub.egg-info/entry_points.txt
[6.241s] writing requirements to ../../build/py_pubsub/py_pubsub.egg-info/requires.txt
[6.241s] writing top-level names to ../../build/py_pubsub/py_pubsub.egg-info/top_level.txt
[6.418s] listing git files failed - pretending there aren't any
[6.856s] reading manifest file '../../build/py_pubsub/py_pubsub.egg-info/SOURCES.txt'
[6.857s] writing manifest file '../../build/py_pubsub/py_pubsub.egg-info/SOURCES.txt'
[6.860s] running build
[6.860s] running build_py
[6.861s] copying py_pubsub/pid_control.py -> /home/riser14/ros_ws/build/py_pubsub/build/lib/py_pubsub
[6.861s] running install
[6.861s] running install_lib
[6.861s] copying /home/riser14/ros_ws/build/py_pubsub/build/lib/py_pubsub/pid_control.py -> /home/riser14/ros_ws/install/py_pubsub/lib/python3.10/site-packages/py_pubsub
[6.862s] byte-compiling /home/riser14/ros_ws/install/py_pubsub/lib/python3.10/site-packages/py_pubsub/pid_control.py to pid_control.cpython-310.pyc
[6.874s] running install_data
[6.874s] running install_egg_info
[6.874s] removing '/home/riser14/ros_ws/install/py_pubsub/lib/python3.10/site-packages/py_pubsub-0.0.0-py3.10.egg-info' (and everything under it)
[6.876s] Copying ../../build/py_pubsub/py_pubsub.egg-info to /home/riser14/ros_ws/install/py_pubsub/lib/python3.10/site-packages/py_pubsub-0.0.0-py3.10.egg-info
[6.888s] running install_scripts
[6.945s] Installing control_mpc script to /home/riser14/ros_ws/install/py_pubsub/lib/py_pubsub
[6.947s] Installing control_nmpc script to /home/riser14/ros_ws/install/py_pubsub/lib/py_pubsub
[6.948s] Installing follow script to /home/riser14/ros_ws/install/py_pubsub/lib/py_pubsub
[6.948s] Installing listener script to /home/riser14/ros_ws/install/py_pubsub/lib/py_pubsub
[6.948s] Installing pid script to /home/riser14/ros_ws/install/py_pubsub/lib/py_pubsub
[6.948s] writing list of installed files to '/home/riser14/ros_ws/build/py_pubsub/install.log'
[7.139s] Invoked command in '/home/riser14/ros_ws/src/py_pubsub' returned '0': PYTHONPATH=/home/riser14/ros_ws/build/py_pubsub/prefix_override:/home/riser14/ros_ws/install/py_pubsub/lib/python3.10/site-packages:${PYTHONPATH} /usr/bin/python3 setup.py egg_info --egg-base ../../build/py_pubsub build --build-base /home/riser14/ros_ws/build/py_pubsub/build install --record /home/riser14/ros_ws/build/py_pubsub/install.log --single-version-externally-managed
