[0.000000] (-) TimerEvent: {}
[0.001693] (my_package) JobQueued: {'identifier': 'my_package', 'dependencies': OrderedDict()}
[0.002247] (py_pubsub) JobQueued: {'identifier': 'py_pubsub', 'dependencies': OrderedDict()}
[0.017718] (my_package) JobStarted: {'identifier': 'my_package'}
[0.114998] (-) TimerEvent: {}
[0.222556] (-) TimerEvent: {}
[0.323962] (-) TimerEvent: {}
[0.425470] (-) TimerEvent: {}
[0.526249] (-) TimerEvent: {}
[0.626592] (-) TimerEvent: {}
[0.727941] (-) TimerEvent: {}
[0.802134] (py_pubsub) JobStarted: {'identifier': 'py_pubsub'}
[0.828018] (-) TimerEvent: {}
[0.928412] (-) TimerEvent: {}
[1.028941] (-) TimerEvent: {}
[1.129915] (-) TimerEvent: {}
[1.231223] (-) TimerEvent: {}
[1.331868] (-) TimerEvent: {}
[1.439689] (-) TimerEvent: {}
[1.543521] (-) TimerEvent: {}
[1.644620] (-) TimerEvent: {}
[1.745481] (-) TimerEvent: {}
[1.846491] (-) TimerEvent: {}
[1.947655] (-) TimerEvent: {}
[2.048118] (-) TimerEvent: {}
[2.149163] (-) TimerEvent: {}
[2.250468] (-) TimerEvent: {}
[2.351091] (-) TimerEvent: {}
[2.452169] (-) TimerEvent: {}
[2.553412] (-) TimerEvent: {}
[2.654243] (-) TimerEvent: {}
[2.755612] (-) TimerEvent: {}
[2.856784] (-) TimerEvent: {}
[2.957509] (-) TimerEvent: {}
[3.058184] (-) TimerEvent: {}
[3.158578] (-) TimerEvent: {}
[3.259403] (-) TimerEvent: {}
[3.359805] (-) TimerEvent: {}
[3.460254] (-) TimerEvent: {}
[3.561205] (-) TimerEvent: {}
[3.663208] (-) TimerEvent: {}
[3.768667] (-) TimerEvent: {}
[3.869095] (-) TimerEvent: {}
[3.970488] (-) TimerEvent: {}
[4.072727] (-) TimerEvent: {}
[4.174530] (-) TimerEvent: {}
[4.275974] (-) TimerEvent: {}
[4.377577] (-) TimerEvent: {}
[4.478481] (-) TimerEvent: {}
[4.582116] (-) TimerEvent: {}
[4.682591] (-) TimerEvent: {}
[4.783495] (-) TimerEvent: {}
[4.884331] (-) TimerEvent: {}
[4.984868] (-) TimerEvent: {}
[5.085573] (-) TimerEvent: {}
[5.186773] (-) TimerEvent: {}
[5.287538] (-) TimerEvent: {}
[5.388802] (-) TimerEvent: {}
[5.490986] (-) TimerEvent: {}
[5.591602] (-) TimerEvent: {}
[5.692800] (-) TimerEvent: {}
[5.793970] (-) TimerEvent: {}
[5.894749] (-) TimerEvent: {}
[5.999860] (-) TimerEvent: {}
[6.101057] (-) TimerEvent: {}
[6.202585] (-) TimerEvent: {}
[6.304097] (-) TimerEvent: {}
[6.405550] (-) TimerEvent: {}
[6.510021] (-) TimerEvent: {}
[6.613997] (-) TimerEvent: {}
[6.719531] (-) TimerEvent: {}
[6.823546] (-) TimerEvent: {}
[6.926564] (-) TimerEvent: {}
[7.031628] (-) TimerEvent: {}
[7.132842] (-) TimerEvent: {}
[7.234785] (-) TimerEvent: {}
[7.337042] (-) TimerEvent: {}
[7.439525] (-) TimerEvent: {}
[7.540017] (-) TimerEvent: {}
[7.641012] (-) TimerEvent: {}
[7.743121] (-) TimerEvent: {}
[7.843832] (-) TimerEvent: {}
[7.945909] (-) TimerEvent: {}
[8.047237] (-) TimerEvent: {}
[8.147988] (-) TimerEvent: {}
[8.248710] (-) TimerEvent: {}
[8.349677] (-) TimerEvent: {}
[8.450752] (-) TimerEvent: {}
[8.535643] (py_pubsub) Command: {'cmd': ['/usr/bin/python3', 'setup.py', 'egg_info', '--egg-base', '../../build/py_pubsub', 'build', '--build-base', '/home/riser14/ros_ws/build/py_pubsub/build', 'install', '--record', '/home/riser14/ros_ws/build/py_pubsub/install.log', '--single-version-externally-managed'], 'cwd': '/home/riser14/ros_ws/src/py_pubsub', 'env': {'LANGUAGE': 'en_ZA:en', 'USER': 'riser14', 'XDG_SESSION_TYPE': 'wayland', 'SHLVL': '1', 'LD_LIBRARY_PATH': '/usr/lib/x86_64-linux-gnu/gazebo-11/plugins:/opt/ros/humble/opt/rviz_ogre_vendor/lib:/opt/ros/humble/lib/x86_64-linux-gnu:/opt/ros/humble/lib', 'HOME': '/home/riser14', 'OLDPWD': '/home/riser14', 'DESKTOP_SESSION': 'ubuntu', 'ROS_PYTHON_VERSION': '3', 'GNOME_SHELL_SESSION_MODE': 'ubuntu', 'GTK_MODULES': 'gail:atk-bridge', 'SYSTEMD_EXEC_PID': '456390', 'DBUS_SESSION_BUS_ADDRESS': 'unix:path=/run/user/1000/bus', 'COLORTERM': 'truecolor', 'IM_CONFIG_PHASE': '1', 'WAYLAND_DISPLAY': 'wayland-0', 'COLCON_PREFIX_PATH': '/home/riser14/turtlebot3_ws/install:/home/riser14/picture_ws/install:/home/riser14/ros_ws/install', 'ROS_DISTRO': 'humble', 'LOGNAME': 'riser14', '_': '/usr/bin/colcon', 'ROS_VERSION': '2', 'XDG_SESSION_CLASS': 'user', 'USERNAME': 'riser14', 'TERM': 'xterm-256color', 'GAZEBO_MODEL_PATH': ':/opt/ros/humble/share/turtlebot3_gazebo/models', 'GNOME_DESKTOP_SESSION_ID': 'this-is-deprecated', 'ROS_LOCALHOST_ONLY': '0', 'PATH': '/opt/ros/humble/bin:/usr/local/sbin:/usr/local/bin:/usr/sbin:/usr/bin:/sbin:/bin:/usr/games:/usr/local/games:/snap/bin:/snap/bin', 'SESSION_MANAGER': 'local/riser14-Inspiron-5559:@/tmp/.ICE-unix/1211,unix/riser14-Inspiron-5559:/tmp/.ICE-unix/1211', 'XDG_MENU_PREFIX': 'gnome-', 'GNOME_TERMINAL_SCREEN': '/org/gnome/Terminal/screen/70ae6b54_d6b7_46e6_88fd_6992c3e7e8db', 'GNOME_SETUP_DISPLAY': ':1', 'XDG_RUNTIME_DIR': '/run/user/1000', 'DISPLAY': ':0', 'LANG': 'en_US.UTF-8', 'XDG_CURRENT_DESKTOP': 'ubuntu:GNOME', 'RMW_IMPLEMENTATION': 'rmw_cyclonedds_cpp', 'XMODIFIERS': '@im=ibus', 'XDG_SESSION_DESKTOP': 'ubuntu', 'XAUTHORITY': '/run/user/1000/.mutter-Xwaylandauth.0GG6C2', 'GNOME_TERMINAL_SERVICE': ':1.292', 'SSH_AGENT_LAUNCHER': 'gnome-keyring', 'SSH_AUTH_SOCK': '/run/user/1000/keyring/ssh', 'AMENT_PREFIX_PATH': '/home/riser14/ros_ws/install/py_pubsub:/home/riser14/ros_ws/install/my_package:/home/riser14/turtlebot3_ws/install/turtlebot3_simulations:/home/riser14/turtlebot3_ws/install/turtlebot3_gazebo:/home/riser14/turtlebot3_ws/install/turtlebot3_fake_node:/home/riser14/picture_ws/install/my_camera:/opt/ros/humble', 'SHELL': '/bin/bash', 'QT_ACCESSIBILITY': '1', 'GDMSESSION': 'ubuntu', 'QT_IM_MODULE': 'ibus', 'PWD': '/home/riser14/ros_ws/build/py_pubsub', 'TURTLEBOT3_MODEL': 'waffle', 'LC_ALL': 'en_US.UTF-8', 'XDG_CONFIG_DIRS': '/etc/xdg/xdg-ubuntu:/etc/xdg', 'XDG_DATA_DIRS': '/usr/share/ubuntu:/usr/local/share/:/usr/share/:/var/lib/snapd/desktop', 'PYTHONPATH': '/home/riser14/ros_ws/build/py_pubsub/prefix_override:/home/riser14/ros_ws/install/py_pubsub/lib/python3.10/site-packages:/home/riser14/ros_ws/install/py_pubsub/lib/python3.10/site-packages:/home/riser14/ros_ws/install/my_package/lib/python3.10/site-packages:/home/riser14/picture_ws/install/my_camera/lib/python3.10/site-packages:/opt/ros/humble/lib/python3.10/site-packages:/opt/ros/humble/local/lib/python3.10/dist-packages', 'COLCON': '1', 'VTE_VERSION': '6800', 'CMAKE_PREFIX_PATH': '/home/riser14/turtlebot3_ws/install/turtlebot3_simulations:/home/riser14/turtlebot3_ws/install/turtlebot3_gazebo:/home/riser14/turtlebot3_ws/install/turtlebot3_fake_node'}, 'shell': False}
[8.558312] (-) TimerEvent: {}
[8.660279] (-) TimerEvent: {}
[8.761887] (-) TimerEvent: {}
[8.864274] (-) TimerEvent: {}
[8.927604] (my_package) Command: {'cmd': ['/usr/bin/python3', 'setup.py', 'egg_info', '--egg-base', '../../build/my_package', 'build', '--build-base', '/home/riser14/ros_ws/build/my_package/build', 'install', '--record', '/home/riser14/ros_ws/build/my_package/install.log', '--single-version-externally-managed'], 'cwd': '/home/riser14/ros_ws/src/my_package', 'env': {'LANGUAGE': 'en_ZA:en', 'USER': 'riser14', 'XDG_SESSION_TYPE': 'wayland', 'SHLVL': '1', 'LD_LIBRARY_PATH': '/usr/lib/x86_64-linux-gnu/gazebo-11/plugins:/opt/ros/humble/opt/rviz_ogre_vendor/lib:/opt/ros/humble/lib/x86_64-linux-gnu:/opt/ros/humble/lib', 'HOME': '/home/riser14', 'OLDPWD': '/home/riser14', 'DESKTOP_SESSION': 'ubuntu', 'ROS_PYTHON_VERSION': '3', 'GNOME_SHELL_SESSION_MODE': 'ubuntu', 'GTK_MODULES': 'gail:atk-bridge', 'SYSTEMD_EXEC_PID': '456390', 'DBUS_SESSION_BUS_ADDRESS': 'unix:path=/run/user/1000/bus', 'COLORTERM': 'truecolor', 'IM_CONFIG_PHASE': '1', 'WAYLAND_DISPLAY': 'wayland-0', 'COLCON_PREFIX_PATH': '/home/riser14/turtlebot3_ws/install:/home/riser14/picture_ws/install:/home/riser14/ros_ws/install', 'ROS_DISTRO': 'humble', 'LOGNAME': 'riser14', '_': '/usr/bin/colcon', 'ROS_VERSION': '2', 'XDG_SESSION_CLASS': 'user', 'USERNAME': 'riser14', 'TERM': 'xterm-256color', 'GAZEBO_MODEL_PATH': ':/opt/ros/humble/share/turtlebot3_gazebo/models', 'GNOME_DESKTOP_SESSION_ID': 'this-is-deprecated', 'ROS_LOCALHOST_ONLY': '0', 'PATH': '/opt/ros/humble/bin:/usr/local/sbin:/usr/local/bin:/usr/sbin:/usr/bin:/sbin:/bin:/usr/games:/usr/local/games:/snap/bin:/snap/bin', 'SESSION_MANAGER': 'local/riser14-Inspiron-5559:@/tmp/.ICE-unix/1211,unix/riser14-Inspiron-5559:/tmp/.ICE-unix/1211', 'XDG_MENU_PREFIX': 'gnome-', 'GNOME_TERMINAL_SCREEN': '/org/gnome/Terminal/screen/70ae6b54_d6b7_46e6_88fd_6992c3e7e8db', 'GNOME_SETUP_DISPLAY': ':1', 'XDG_RUNTIME_DIR': '/run/user/1000', 'DISPLAY': ':0', 'LANG': 'en_US.UTF-8', 'XDG_CURRENT_DESKTOP': 'ubuntu:GNOME', 'RMW_IMPLEMENTATION': 'rmw_cyclonedds_cpp', 'XMODIFIERS': '@im=ibus', 'XDG_SESSION_DESKTOP': 'ubuntu', 'XAUTHORITY': '/run/user/1000/.mutter-Xwaylandauth.0GG6C2', 'GNOME_TERMINAL_SERVICE': ':1.292', 'SSH_AGENT_LAUNCHER': 'gnome-keyring', 'SSH_AUTH_SOCK': '/run/user/1000/keyring/ssh', 'AMENT_PREFIX_PATH': '/home/riser14/ros_ws/install/py_pubsub:/home/riser14/ros_ws/install/my_package:/home/riser14/turtlebot3_ws/install/turtlebot3_simulations:/home/riser14/turtlebot3_ws/install/turtlebot3_gazebo:/home/riser14/turtlebot3_ws/install/turtlebot3_fake_node:/home/riser14/picture_ws/install/my_camera:/opt/ros/humble', 'SHELL': '/bin/bash', 'QT_ACCESSIBILITY': '1', 'GDMSESSION': 'ubuntu', 'QT_IM_MODULE': 'ibus', 'PWD': '/home/riser14/ros_ws/build/my_package', 'TURTLEBOT3_MODEL': 'waffle', 'LC_ALL': 'en_US.UTF-8', 'XDG_CONFIG_DIRS': '/etc/xdg/xdg-ubuntu:/etc/xdg', 'XDG_DATA_DIRS': '/usr/share/ubuntu:/usr/local/share/:/usr/share/:/var/lib/snapd/desktop', 'PYTHONPATH': '/home/riser14/ros_ws/build/my_package/prefix_override:/home/riser14/ros_ws/install/my_package/lib/python3.10/site-packages:/home/riser14/ros_ws/install/py_pubsub/lib/python3.10/site-packages:/home/riser14/ros_ws/install/my_package/lib/python3.10/site-packages:/home/riser14/picture_ws/install/my_camera/lib/python3.10/site-packages:/opt/ros/humble/lib/python3.10/site-packages:/opt/ros/humble/local/lib/python3.10/dist-packages', 'COLCON': '1', 'VTE_VERSION': '6800', 'CMAKE_PREFIX_PATH': '/home/riser14/turtlebot3_ws/install/turtlebot3_simulations:/home/riser14/turtlebot3_ws/install/turtlebot3_gazebo:/home/riser14/turtlebot3_ws/install/turtlebot3_fake_node'}, 'shell': False}
[8.964496] (-) TimerEvent: {}
[9.069882] (-) TimerEvent: {}
[9.172061] (-) TimerEvent: {}
[9.273641] (-) TimerEvent: {}
[9.374541] (-) TimerEvent: {}
[9.475233] (-) TimerEvent: {}
[9.575840] (-) TimerEvent: {}
[9.679523] (-) TimerEvent: {}
[9.783441] (-) TimerEvent: {}
[9.884542] (-) TimerEvent: {}
[9.985917] (-) TimerEvent: {}
[10.087082] (-) TimerEvent: {}
[10.191496] (-) TimerEvent: {}
[10.293921] (-) TimerEvent: {}
[10.384645] (py_pubsub) StdoutLine: {'line': b'running egg_info\n'}
[10.388139] (py_pubsub) StdoutLine: {'line': b'writing ../../build/py_pubsub/py_pubsub.egg-info/PKG-INFO\n'}
[10.389981] (py_pubsub) StdoutLine: {'line': b'writing dependency_links to ../../build/py_pubsub/py_pubsub.egg-info/dependency_links.txt\n'}
[10.391858] (py_pubsub) StdoutLine: {'line': b'writing entry points to ../../build/py_pubsub/py_pubsub.egg-info/entry_points.txt\n'}
[10.393423] (py_pubsub) StdoutLine: {'line': b'writing requirements to ../../build/py_pubsub/py_pubsub.egg-info/requires.txt\n'}
[10.393978] (-) TimerEvent: {}
[10.395816] (py_pubsub) StdoutLine: {'line': b'writing top-level names to ../../build/py_pubsub/py_pubsub.egg-info/top_level.txt\n'}
[10.485299] (my_package) StdoutLine: {'line': b'running egg_info\n'}
[10.491460] (my_package) StdoutLine: {'line': b'writing ../../build/my_package/my_package.egg-info/PKG-INFO\n'}
[10.491715] (my_package) StdoutLine: {'line': b'writing dependency_links to ../../build/my_package/my_package.egg-info/dependency_links.txt\n'}
[10.491866] (my_package) StdoutLine: {'line': b'writing entry points to ../../build/my_package/my_package.egg-info/entry_points.txt\n'}
[10.492008] (my_package) StdoutLine: {'line': b'writing requirements to ../../build/my_package/my_package.egg-info/requires.txt\n'}
[10.492142] (my_package) StdoutLine: {'line': b'writing top-level names to ../../build/my_package/my_package.egg-info/top_level.txt\n'}
[10.494356] (-) TimerEvent: {}
[10.594872] (-) TimerEvent: {}
[10.695496] (-) TimerEvent: {}
[10.705298] (py_pubsub) StderrLine: {'line': b"listing git files failed - pretending there aren't any\n"}
[10.711815] (my_package) StderrLine: {'line': b"listing git files failed - pretending there aren't any\n"}
[10.795668] (-) TimerEvent: {}
[10.897493] (-) TimerEvent: {}
[10.999258] (-) TimerEvent: {}
[11.101047] (-) TimerEvent: {}
[11.202712] (-) TimerEvent: {}
[11.284746] (py_pubsub) StdoutLine: {'line': b"reading manifest file '../../build/py_pubsub/py_pubsub.egg-info/SOURCES.txt'\n"}
[11.287859] (py_pubsub) StdoutLine: {'line': b"writing manifest file '../../build/py_pubsub/py_pubsub.egg-info/SOURCES.txt'\n"}
[11.289617] (py_pubsub) StdoutLine: {'line': b'running build\n'}
[11.290310] (py_pubsub) StdoutLine: {'line': b'running build_py\n'}
[11.294081] (py_pubsub) StdoutLine: {'line': b'copying py_pubsub/nmpc_0.py -> /home/riser14/ros_ws/build/py_pubsub/build/lib/py_pubsub\n'}
[11.294372] (py_pubsub) StdoutLine: {'line': b'running install\n'}
[11.294551] (py_pubsub) StdoutLine: {'line': b'running install_lib\n'}
[11.295977] (py_pubsub) StdoutLine: {'line': b'copying /home/riser14/ros_ws/build/py_pubsub/build/lib/py_pubsub/nmpc_0.py -> /home/riser14/ros_ws/install/py_pubsub/lib/python3.10/site-packages/py_pubsub\n'}
[11.297851] (py_pubsub) StdoutLine: {'line': b'byte-compiling /home/riser14/ros_ws/install/py_pubsub/lib/python3.10/site-packages/py_pubsub/nmpc_0.py to nmpc_0.cpython-310.pyc\n'}
[11.304126] (my_package) StdoutLine: {'line': b"reading manifest file '../../build/my_package/my_package.egg-info/SOURCES.txt'\n"}
[11.304405] (-) TimerEvent: {}
[11.304710] (my_package) StdoutLine: {'line': b"writing manifest file '../../build/my_package/my_package.egg-info/SOURCES.txt'\n"}
[11.305358] (my_package) StdoutLine: {'line': b'running build\n'}
[11.305881] (my_package) StdoutLine: {'line': b'running build_py\n'}
[11.307155] (my_package) StdoutLine: {'line': b'running install\n'}
[11.309656] (py_pubsub) StdoutLine: {'line': b'running install_data\n'}
[11.312748] (my_package) StdoutLine: {'line': b'running install_lib\n'}
[11.314164] (py_pubsub) StdoutLine: {'line': b'running install_egg_info\n'}
[11.318411] (my_package) StdoutLine: {'line': b'running install_data\n'}
[11.319977] (my_package) StdoutLine: {'line': b'running install_egg_info\n'}
[11.320313] (py_pubsub) StdoutLine: {'line': b"removing '/home/riser14/ros_ws/install/py_pubsub/lib/python3.10/site-packages/py_pubsub-0.0.0-py3.10.egg-info' (and everything under it)\n"}
[11.320712] (py_pubsub) StdoutLine: {'line': b'Copying ../../build/py_pubsub/py_pubsub.egg-info to /home/riser14/ros_ws/install/py_pubsub/lib/python3.10/site-packages/py_pubsub-0.0.0-py3.10.egg-info\n'}
[11.322413] (py_pubsub) StdoutLine: {'line': b'running install_scripts\n'}
[11.322841] (my_package) StdoutLine: {'line': b"removing '/home/riser14/ros_ws/install/my_package/lib/python3.10/site-packages/my_package-0.0.0-py3.10.egg-info' (and everything under it)\n"}
[11.334449] (my_package) StdoutLine: {'line': b'Copying ../../build/my_package/my_package.egg-info to /home/riser14/ros_ws/install/my_package/lib/python3.10/site-packages/my_package-0.0.0-py3.10.egg-info\n'}
[11.334782] (my_package) StdoutLine: {'line': b'running install_scripts\n'}
[11.391542] (my_package) StdoutLine: {'line': b'Installing my_node script to /home/riser14/ros_ws/install/my_package/lib/my_package\n'}
[11.392677] (my_package) StdoutLine: {'line': b"writing list of installed files to '/home/riser14/ros_ws/build/my_package/install.log'\n"}
[11.404567] (-) TimerEvent: {}
[11.437189] (py_pubsub) StdoutLine: {'line': b'Installing camera_record script to /home/riser14/ros_ws/install/py_pubsub/lib/py_pubsub\n'}
[11.437507] (py_pubsub) StdoutLine: {'line': b'Installing capture script to /home/riser14/ros_ws/install/py_pubsub/lib/py_pubsub\n'}
[11.438043] (py_pubsub) StdoutLine: {'line': b'Installing compare_feature script to /home/riser14/ros_ws/install/py_pubsub/lib/py_pubsub\n'}
[11.438241] (py_pubsub) StdoutLine: {'line': b'Installing compare_mean_error script to /home/riser14/ros_ws/install/py_pubsub/lib/py_pubsub\n'}
[11.438457] (py_pubsub) StdoutLine: {'line': b'Installing control_mpc script to /home/riser14/ros_ws/install/py_pubsub/lib/py_pubsub\n'}
[11.438615] (py_pubsub) StdoutLine: {'line': b'Installing control_nmpc script to /home/riser14/ros_ws/install/py_pubsub/lib/py_pubsub\n'}
[11.441228] (py_pubsub) StdoutLine: {'line': b'Installing drift_measure script to /home/riser14/ros_ws/install/py_pubsub/lib/py_pubsub\n'}
[11.441479] (py_pubsub) StdoutLine: {'line': b'Installing full_record script to /home/riser14/ros_ws/install/py_pubsub/lib/py_pubsub\n'}
[11.441620] (py_pubsub) StdoutLine: {'line': b'Installing listener script to /home/riser14/ros_ws/install/py_pubsub/lib/py_pubsub\n'}
[11.441760] (py_pubsub) StdoutLine: {'line': b'Installing pid script to /home/riser14/ros_ws/install/py_pubsub/lib/py_pubsub\n'}
[11.441887] (py_pubsub) StdoutLine: {'line': b'Installing pose_sub script to /home/riser14/ros_ws/install/py_pubsub/lib/py_pubsub\n'}
[11.442015] (py_pubsub) StdoutLine: {'line': b'Installing visualisation script to /home/riser14/ros_ws/install/py_pubsub/lib/py_pubsub\n'}
[11.442150] (py_pubsub) StdoutLine: {'line': b'Installing waypoint follow script to /home/riser14/ros_ws/install/py_pubsub/lib/py_pubsub\n'}
[11.442341] (py_pubsub) StdoutLine: {'line': b"writing list of installed files to '/home/riser14/ros_ws/build/py_pubsub/install.log'\n"}
[11.507545] (-) TimerEvent: {}
[11.595826] (py_pubsub) CommandEnded: {'returncode': 0}
[11.613342] (-) TimerEvent: {}
[11.715343] (-) TimerEvent: {}
[11.816509] (-) TimerEvent: {}
[11.879889] (py_pubsub) JobEnded: {'identifier': 'py_pubsub', 'rc': 0}
[11.881301] (my_package) CommandEnded: {'returncode': 0}
[11.916901] (-) TimerEvent: {}
[12.018228] (-) TimerEvent: {}
[12.120709] (-) TimerEvent: {}
[12.133402] (my_package) JobEnded: {'identifier': 'my_package', 'rc': 0}
[12.136079] (-) EventReactorShutdown: {}
