[4.840s] Invoking command in '/home/riser14/ros_ws/src/my_package': PYTHONPATH=/home/riser14/ros_ws/build/my_package/prefix_override:/home/riser14/ros_ws/install/my_package/lib/python3.10/site-packages:${PYTHONPATH} /usr/bin/python3 setup.py egg_info --egg-base ../../build/my_package build --build-base /home/riser14/ros_ws/build/my_package/build install --record /home/riser14/ros_ws/build/my_package/install.log --single-version-externally-managed
[5.851s] running egg_info
[5.852s] writing ../../build/my_package/my_package.egg-info/PKG-INFO
[5.852s] writing dependency_links to ../../build/my_package/my_package.egg-info/dependency_links.txt
[5.853s] writing entry points to ../../build/my_package/my_package.egg-info/entry_points.txt
[5.853s] writing requirements to ../../build/my_package/my_package.egg-info/requires.txt
[5.853s] writing top-level names to ../../build/my_package/my_package.egg-info/top_level.txt
[6.012s] listing git files failed - pretending there aren't any
[6.425s] reading manifest file '../../build/my_package/my_package.egg-info/SOURCES.txt'
[6.427s] writing manifest file '../../build/my_package/my_package.egg-info/SOURCES.txt'
[6.427s] running build
[6.427s] running build_py
[6.428s] running install
[6.428s] running install_lib
[6.435s] running install_data
[6.438s] running install_egg_info
[6.439s] removing '/home/riser14/ros_ws/install/my_package/lib/python3.10/site-packages/my_package-0.0.0-py3.10.egg-info' (and everything under it)
[6.440s] Copying ../../build/my_package/my_package.egg-info to /home/riser14/ros_ws/install/my_package/lib/python3.10/site-packages/my_package-0.0.0-py3.10.egg-info
[6.443s] running install_scripts
[6.504s] Installing my_node script to /home/riser14/ros_ws/install/my_package/lib/my_package
[6.504s] writing list of installed files to '/home/riser14/ros_ws/build/my_package/install.log'
[6.777s] Invoked command in '/home/riser14/ros_ws/src/my_package' returned '0': PYTHONPATH=/home/riser14/ros_ws/build/my_package/prefix_override:/home/riser14/ros_ws/install/my_package/lib/python3.10/site-packages:${PYTHONPATH} /usr/bin/python3 setup.py egg_info --egg-base ../../build/my_package build --build-base /home/riser14/ros_ws/build/my_package/build install --record /home/riser14/ros_ws/build/my_package/install.log --single-version-externally-managed
