[1.757s] Invoking command in '/home/riser14/ros_ws/src/py_pubsub': PYTHONPATH=/home/riser14/ros_ws/build/py_pubsub/prefix_override:/home/riser14/ros_ws/install/py_pubsub/lib/python3.10/site-packages:${PYTHONPATH} /usr/bin/python3 setup.py egg_info --egg-base ../../build/py_pubsub build --build-base /home/riser14/ros_ws/build/py_pubsub/build install --record /home/riser14/ros_ws/build/py_pubsub/install.log --single-version-externally-managed
[2.135s] running egg_info
[2.135s] writing ../../build/py_pubsub/py_pubsub.egg-info/PKG-INFO
[2.136s] writing dependency_links to ../../build/py_pubsub/py_pubsub.egg-info/dependency_links.txt
[2.136s] writing entry points to ../../build/py_pubsub/py_pubsub.egg-info/entry_points.txt
[2.136s] writing requirements to ../../build/py_pubsub/py_pubsub.egg-info/requires.txt
[2.136s] writing top-level names to ../../build/py_pubsub/py_pubsub.egg-info/top_level.txt
[2.197s] listing git files failed - pretending there aren't any
[2.342s] reading manifest file '../../build/py_pubsub/py_pubsub.egg-info/SOURCES.txt'
[2.344s] writing manifest file '../../build/py_pubsub/py_pubsub.egg-info/SOURCES.txt'
[2.344s] running build
[2.345s] running build_py
[2.345s] copying py_pubsub/compare_images_orb.py -> /home/riser14/ros_ws/build/py_pubsub/build/lib/py_pubsub
[2.346s] running install
[2.347s] running install_lib
[2.348s] copying /home/riser14/ros_ws/build/py_pubsub/build/lib/py_pubsub/compare_images_orb.py -> /home/riser14/ros_ws/install/py_pubsub/lib/python3.10/site-packages/py_pubsub
[2.350s] byte-compiling /home/riser14/ros_ws/install/py_pubsub/lib/python3.10/site-packages/py_pubsub/compare_images_orb.py to compare_images_orb.cpython-310.pyc
[2.351s] running install_data
[2.352s] running install_egg_info
[2.354s] removing '/home/riser14/ros_ws/install/py_pubsub/lib/python3.10/site-packages/py_pubsub-0.0.0-py3.10.egg-info' (and everything under it)
[2.354s] Copying ../../build/py_pubsub/py_pubsub.egg-info to /home/riser14/ros_ws/install/py_pubsub/lib/python3.10/site-packages/py_pubsub-0.0.0-py3.10.egg-info
[2.356s] running install_scripts
[2.392s] Installing capture script to /home/riser14/ros_ws/install/py_pubsub/lib/py_pubsub
[2.392s] Installing compare_feature script to /home/riser14/ros_ws/install/py_pubsub/lib/py_pubsub
[2.393s] Installing compare_mean_error script to /home/riser14/ros_ws/install/py_pubsub/lib/py_pubsub
[2.393s] Installing control_mpc script to /home/riser14/ros_ws/install/py_pubsub/lib/py_pubsub
[2.393s] Installing control_nmpc script to /home/riser14/ros_ws/install/py_pubsub/lib/py_pubsub
[2.393s] Installing follow script to /home/riser14/ros_ws/install/py_pubsub/lib/py_pubsub
[2.393s] Installing listener script to /home/riser14/ros_ws/install/py_pubsub/lib/py_pubsub
[2.393s] Installing pid script to /home/riser14/ros_ws/install/py_pubsub/lib/py_pubsub
[2.394s] Installing pose_sub script to /home/riser14/ros_ws/install/py_pubsub/lib/py_pubsub
[2.394s] writing list of installed files to '/home/riser14/ros_ws/build/py_pubsub/install.log'
[2.506s] Invoked command in '/home/riser14/ros_ws/src/py_pubsub' returned '0': PYTHONPATH=/home/riser14/ros_ws/build/py_pubsub/prefix_override:/home/riser14/ros_ws/install/py_pubsub/lib/python3.10/site-packages:${PYTHONPATH} /usr/bin/python3 setup.py egg_info --egg-base ../../build/py_pubsub build --build-base /home/riser14/ros_ws/build/py_pubsub/build install --record /home/riser14/ros_ws/build/py_pubsub/install.log --single-version-externally-managed
