[8.236s] Invoking command in '/home/riser14/ros_ws/src/py_pubsub': PYTHONPATH=/home/riser14/ros_ws/build/py_pubsub/prefix_override:/home/riser14/ros_ws/install/py_pubsub/lib/python3.10/site-packages:${PYTHONPATH} /usr/bin/python3 setup.py egg_info --egg-base ../../build/py_pubsub build --build-base /home/riser14/ros_ws/build/py_pubsub/build install --record /home/riser14/ros_ws/build/py_pubsub/install.log --single-version-externally-managed
[9.666s] running egg_info
[9.681s] writing ../../build/py_pubsub/py_pubsub.egg-info/PKG-INFO
[9.683s] writing dependency_links to ../../build/py_pubsub/py_pubsub.egg-info/dependency_links.txt
[9.685s] writing entry points to ../../build/py_pubsub/py_pubsub.egg-info/entry_points.txt
[9.685s] writing requirements to ../../build/py_pubsub/py_pubsub.egg-info/requires.txt
[9.687s] writing top-level names to ../../build/py_pubsub/py_pubsub.egg-info/top_level.txt
[9.967s] listing git files failed - pretending there aren't any
[10.620s] reading manifest file '../../build/py_pubsub/py_pubsub.egg-info/SOURCES.txt'
[10.622s] writing manifest file '../../build/py_pubsub/py_pubsub.egg-info/SOURCES.txt'
[10.622s] running build
[10.622s] running build_py
[10.626s] running install
[10.627s] running install_lib
[10.628s] running install_data
[10.630s] running install_egg_info
[10.631s] removing '/home/riser14/ros_ws/install/py_pubsub/lib/python3.10/site-packages/py_pubsub-0.0.0-py3.10.egg-info' (and everything under it)
[10.631s] Copying ../../build/py_pubsub/py_pubsub.egg-info to /home/riser14/ros_ws/install/py_pubsub/lib/python3.10/site-packages/py_pubsub-0.0.0-py3.10.egg-info
[10.638s] running install_scripts
[10.760s] Installing camera_record script to /home/riser14/ros_ws/install/py_pubsub/lib/py_pubsub
[10.761s] Installing capture script to /home/riser14/ros_ws/install/py_pubsub/lib/py_pubsub
[10.761s] Installing compare_feature script to /home/riser14/ros_ws/install/py_pubsub/lib/py_pubsub
[10.761s] Installing compare_mean_error script to /home/riser14/ros_ws/install/py_pubsub/lib/py_pubsub
[10.761s] Installing control_mpc script to /home/riser14/ros_ws/install/py_pubsub/lib/py_pubsub
[10.761s] Installing control_nmpc script to /home/riser14/ros_ws/install/py_pubsub/lib/py_pubsub
[10.761s] Installing drift_measure script to /home/riser14/ros_ws/install/py_pubsub/lib/py_pubsub
[10.761s] Installing full_record script to /home/riser14/ros_ws/install/py_pubsub/lib/py_pubsub
[10.762s] Installing listener script to /home/riser14/ros_ws/install/py_pubsub/lib/py_pubsub
[10.762s] Installing pid script to /home/riser14/ros_ws/install/py_pubsub/lib/py_pubsub
[10.762s] Installing pose_sub script to /home/riser14/ros_ws/install/py_pubsub/lib/py_pubsub
[10.762s] Installing visualisation script to /home/riser14/ros_ws/install/py_pubsub/lib/py_pubsub
[10.762s] Installing waypoint follow script to /home/riser14/ros_ws/install/py_pubsub/lib/py_pubsub
[10.762s] writing list of installed files to '/home/riser14/ros_ws/build/py_pubsub/install.log'
[11.320s] Invoked command in '/home/riser14/ros_ws/src/py_pubsub' returned '0': PYTHONPATH=/home/riser14/ros_ws/build/py_pubsub/prefix_override:/home/riser14/ros_ws/install/py_pubsub/lib/python3.10/site-packages:${PYTHONPATH} /usr/bin/python3 setup.py egg_info --egg-base ../../build/py_pubsub build --build-base /home/riser14/ros_ws/build/py_pubsub/build install --record /home/riser14/ros_ws/build/py_pubsub/install.log --single-version-externally-managed
