[1.644s] Invoking command in '/home/riser14/ros_ws/src/py_pubsub': PYTHONPATH=/home/riser14/ros_ws/build/py_pubsub/prefix_override:/home/riser14/ros_ws/install/py_pubsub/lib/python3.10/site-packages:${PYTHONPATH} /usr/bin/python3 setup.py egg_info --egg-base ../../build/py_pubsub build --build-base /home/riser14/ros_ws/build/py_pubsub/build install --record /home/riser14/ros_ws/build/py_pubsub/install.log --single-version-externally-managed
[2.003s] running egg_info
[2.004s] writing ../../build/py_pubsub/py_pubsub.egg-info/PKG-INFO
[2.004s] writing dependency_links to ../../build/py_pubsub/py_pubsub.egg-info/dependency_links.txt
[2.004s] writing entry points to ../../build/py_pubsub/py_pubsub.egg-info/entry_points.txt
[2.004s] writing requirements to ../../build/py_pubsub/py_pubsub.egg-info/requires.txt
[2.005s] writing top-level names to ../../build/py_pubsub/py_pubsub.egg-info/top_level.txt
[2.061s] listing git files failed - pretending there aren't any
[2.206s] reading manifest file '../../build/py_pubsub/py_pubsub.egg-info/SOURCES.txt'
[2.207s] writing manifest file '../../build/py_pubsub/py_pubsub.egg-info/SOURCES.txt'
[2.208s] running build
[2.208s] running build_py
[2.208s] copying py_pubsub/camera_capture.py -> /home/riser14/ros_ws/build/py_pubsub/build/lib/py_pubsub
[2.209s] copying py_pubsub/compare_pictures.py -> /home/riser14/ros_ws/build/py_pubsub/build/lib/py_pubsub
[2.209s] running install
[2.210s] running install_lib
[2.211s] copying /home/riser14/ros_ws/build/py_pubsub/build/lib/py_pubsub/camera_capture.py -> /home/riser14/ros_ws/install/py_pubsub/lib/python3.10/site-packages/py_pubsub
[2.212s] copying /home/riser14/ros_ws/build/py_pubsub/build/lib/py_pubsub/compare_pictures.py -> /home/riser14/ros_ws/install/py_pubsub/lib/python3.10/site-packages/py_pubsub
[2.213s] byte-compiling /home/riser14/ros_ws/install/py_pubsub/lib/python3.10/site-packages/py_pubsub/camera_capture.py to camera_capture.cpython-310.pyc
[2.214s] byte-compiling /home/riser14/ros_ws/install/py_pubsub/lib/python3.10/site-packages/py_pubsub/compare_pictures.py to compare_pictures.cpython-310.pyc
[2.215s] running install_data
[2.216s] running install_egg_info
[2.218s] removing '/home/riser14/ros_ws/install/py_pubsub/lib/python3.10/site-packages/py_pubsub-0.0.0-py3.10.egg-info' (and everything under it)
[2.218s] Copying ../../build/py_pubsub/py_pubsub.egg-info to /home/riser14/ros_ws/install/py_pubsub/lib/python3.10/site-packages/py_pubsub-0.0.0-py3.10.egg-info
[2.220s] running install_scripts
[2.255s] Installing capture script to /home/riser14/ros_ws/install/py_pubsub/lib/py_pubsub
[2.256s] Installing control_mpc script to /home/riser14/ros_ws/install/py_pubsub/lib/py_pubsub
[2.256s] Installing control_nmpc script to /home/riser14/ros_ws/install/py_pubsub/lib/py_pubsub
[2.256s] Installing follow script to /home/riser14/ros_ws/install/py_pubsub/lib/py_pubsub
[2.256s] Installing listener script to /home/riser14/ros_ws/install/py_pubsub/lib/py_pubsub
[2.256s] Installing pid script to /home/riser14/ros_ws/install/py_pubsub/lib/py_pubsub
[2.257s] Installing pose_sub script to /home/riser14/ros_ws/install/py_pubsub/lib/py_pubsub
[2.257s] writing list of installed files to '/home/riser14/ros_ws/build/py_pubsub/install.log'
[2.390s] Invoked command in '/home/riser14/ros_ws/src/py_pubsub' returned '0': PYTHONPATH=/home/riser14/ros_ws/build/py_pubsub/prefix_override:/home/riser14/ros_ws/install/py_pubsub/lib/python3.10/site-packages:${PYTHONPATH} /usr/bin/python3 setup.py egg_info --egg-base ../../build/py_pubsub build --build-base /home/riser14/ros_ws/build/py_pubsub/build install --record /home/riser14/ros_ws/build/py_pubsub/install.log --single-version-externally-managed
