[1.778s] Invoking command in '/home/riser14/ros_ws/src/my_package': PYTHONPATH=/home/riser14/ros_ws/build/my_package/prefix_override:/home/riser14/ros_ws/install/my_package/lib/python3.10/site-packages:${PYTHONPATH} /usr/bin/python3 setup.py egg_info --egg-base ../../build/my_package build --build-base /home/riser14/ros_ws/build/my_package/build install --record /home/riser14/ros_ws/build/my_package/install.log --single-version-externally-managed
[2.133s] running egg_info
[2.134s] writing ../../build/my_package/my_package.egg-info/PKG-INFO
[2.134s] writing dependency_links to ../../build/my_package/my_package.egg-info/dependency_links.txt
[2.134s] writing entry points to ../../build/my_package/my_package.egg-info/entry_points.txt
[2.134s] writing requirements to ../../build/my_package/my_package.egg-info/requires.txt
[2.134s] writing top-level names to ../../build/my_package/my_package.egg-info/top_level.txt
[2.190s] listing git files failed - pretending there aren't any
[2.330s] reading manifest file '../../build/my_package/my_package.egg-info/SOURCES.txt'
[2.331s] writing manifest file '../../build/my_package/my_package.egg-info/SOURCES.txt'
[2.332s] running build
[2.332s] running build_py
[2.332s] running install
[2.333s] running install_lib
[2.335s] running install_data
[2.336s] running install_egg_info
[2.338s] removing '/home/riser14/ros_ws/install/my_package/lib/python3.10/site-packages/my_package-0.0.0-py3.10.egg-info' (and everything under it)
[2.338s] Copying ../../build/my_package/my_package.egg-info to /home/riser14/ros_ws/install/my_package/lib/python3.10/site-packages/my_package-0.0.0-py3.10.egg-info
[2.340s] running install_scripts
[2.368s] Installing my_node script to /home/riser14/ros_ws/install/my_package/lib/my_package
[2.369s] writing list of installed files to '/home/riser14/ros_ws/build/my_package/install.log'
[2.411s] Invoked command in '/home/riser14/ros_ws/src/my_package' returned '0': PYTHONPATH=/home/riser14/ros_ws/build/my_package/prefix_override:/home/riser14/ros_ws/install/my_package/lib/python3.10/site-packages:${PYTHONPATH} /usr/bin/python3 setup.py egg_info --egg-base ../../build/my_package build --build-base /home/riser14/ros_ws/build/my_package/build install --record /home/riser14/ros_ws/build/my_package/install.log --single-version-externally-managed
