[0.000000] (-) TimerEvent: {}
[0.003318] (my_package) JobQueued: {'identifier': 'my_package', 'dependencies': OrderedDict()}
[0.003708] (py_pubsub) JobQueued: {'identifier': 'py_pubsub', 'dependencies': OrderedDict()}
[0.003814] (my_package) JobStarted: {'identifier': 'my_package'}
[0.102457] (-) TimerEvent: {}
[0.203161] (-) TimerEvent: {}
[0.303613] (-) TimerEvent: {}
[0.404834] (-) TimerEvent: {}
[0.507723] (-) TimerEvent: {}
[0.608086] (-) TimerEvent: {}
[0.709183] (-) TimerEvent: {}
[0.809632] (-) TimerEvent: {}
[0.887964] (py_pubsub) JobStarted: {'identifier': 'py_pubsub'}
[0.911621] (-) TimerEvent: {}
[1.012495] (-) TimerEvent: {}
[1.117869] (-) TimerEvent: {}
[1.220612] (-) TimerEvent: {}
[1.322877] (-) TimerEvent: {}
[1.424874] (-) TimerEvent: {}
[1.527405] (-) TimerEvent: {}
[1.629176] (-) TimerEvent: {}
[1.729812] (-) TimerEvent: {}
[1.830814] (-) TimerEvent: {}
[1.933430] (-) TimerEvent: {}
[2.034620] (-) TimerEvent: {}
[2.135920] (-) TimerEvent: {}
[2.236345] (-) TimerEvent: {}
[2.337231] (-) TimerEvent: {}
[2.437787] (-) TimerEvent: {}
[2.539010] (-) TimerEvent: {}
[2.640347] (-) TimerEvent: {}
[2.741333] (-) TimerEvent: {}
[2.842755] (-) TimerEvent: {}
[2.944168] (-) TimerEvent: {}
[3.044834] (-) TimerEvent: {}
[3.145245] (-) TimerEvent: {}
[3.245924] (-) TimerEvent: {}
[3.346760] (-) TimerEvent: {}
[3.449325] (-) TimerEvent: {}
[3.552288] (-) TimerEvent: {}
[3.655007] (-) TimerEvent: {}
[3.756865] (-) TimerEvent: {}
[3.859109] (-) TimerEvent: {}
[3.961375] (-) TimerEvent: {}
[4.063037] (-) TimerEvent: {}
[4.164911] (-) TimerEvent: {}
[4.267189] (-) TimerEvent: {}
[4.369101] (-) TimerEvent: {}
[4.470428] (-) TimerEvent: {}
[4.572306] (-) TimerEvent: {}
[4.673506] (-) TimerEvent: {}
[4.774395] (-) TimerEvent: {}
[4.874958] (-) TimerEvent: {}
[4.976355] (-) TimerEvent: {}
[5.079752] (-) TimerEvent: {}
[5.181144] (-) TimerEvent: {}
[5.288562] (-) TimerEvent: {}
[5.389790] (-) TimerEvent: {}
[5.490397] (-) TimerEvent: {}
[5.591702] (-) TimerEvent: {}
[5.693120] (-) TimerEvent: {}
[5.794482] (-) TimerEvent: {}
[5.895686] (-) TimerEvent: {}
[5.996263] (-) TimerEvent: {}
[6.097411] (-) TimerEvent: {}
[6.199245] (-) TimerEvent: {}
[6.300746] (-) TimerEvent: {}
[6.403451] (-) TimerEvent: {}
[6.505382] (-) TimerEvent: {}
[6.607239] (-) TimerEvent: {}
[6.707979] (-) TimerEvent: {}
[6.808826] (-) TimerEvent: {}
[6.910933] (-) TimerEvent: {}
[7.011763] (-) TimerEvent: {}
[7.115237] (-) TimerEvent: {}
[7.215779] (-) TimerEvent: {}
[7.319402] (-) TimerEvent: {}
[7.419997] (-) TimerEvent: {}
[7.522558] (-) TimerEvent: {}
[7.624878] (-) TimerEvent: {}
[7.730657] (-) TimerEvent: {}
[7.833143] (-) TimerEvent: {}
[7.934720] (-) TimerEvent: {}
[8.035488] (-) TimerEvent: {}
[8.136461] (-) TimerEvent: {}
[8.236993] (-) TimerEvent: {}
[8.341029] (-) TimerEvent: {}
[8.443377] (-) TimerEvent: {}
[8.544700] (-) TimerEvent: {}
[8.651656] (-) TimerEvent: {}
[8.752323] (-) TimerEvent: {}
[8.853702] (-) TimerEvent: {}
[8.873641] (my_package) Command: {'cmd': ['/usr/bin/python3', 'setup.py', 'egg_info', '--egg-base', '../../build/my_package', 'build', '--build-base', '/home/riser14/ros_ws/build/my_package/build', 'install', '--record', '/home/riser14/ros_ws/build/my_package/install.log', '--single-version-externally-managed'], 'cwd': '/home/riser14/ros_ws/src/my_package', 'env': {'LANGUAGE': 'en_ZA:en', 'USER': 'riser14', 'XDG_SESSION_TYPE': 'wayland', 'SHLVL': '1', 'LD_LIBRARY_PATH': '/usr/lib/x86_64-linux-gnu/gazebo-11/plugins:/opt/ros/humble/opt/rviz_ogre_vendor/lib:/opt/ros/humble/lib/x86_64-linux-gnu:/opt/ros/humble/lib', 'HOME': '/home/riser14', 'DESKTOP_SESSION': 'ubuntu', 'ROS_PYTHON_VERSION': '3', 'GNOME_SHELL_SESSION_MODE': 'ubuntu', 'GTK_MODULES': 'gail:atk-bridge', 'SYSTEMD_EXEC_PID': '6084', 'DBUS_SESSION_BUS_ADDRESS': 'unix:path=/run/user/1000/bus', 'COLORTERM': 'truecolor', 'IM_CONFIG_PHASE': '1', 'WAYLAND_DISPLAY': 'wayland-0', 'COLCON_PREFIX_PATH': '/home/riser14/turtlebot3_ws/install:/home/riser14/picture_ws/install:/home/riser14/ros_ws/install', 'ROS_DISTRO': 'humble', 'LOGNAME': 'riser14', '_': '/usr/bin/colcon', 'ROS_VERSION': '2', 'XDG_SESSION_CLASS': 'user', 'USERNAME': 'riser14', 'TERM': 'xterm-256color', 'GAZEBO_MODEL_PATH': ':/opt/ros/humble/share/turtlebot3_gazebo/models', 'GNOME_DESKTOP_SESSION_ID': 'this-is-deprecated', 'ROS_LOCALHOST_ONLY': '0', 'PATH': '/opt/ros/humble/bin:/usr/local/sbin:/usr/local/bin:/usr/sbin:/usr/bin:/sbin:/bin:/usr/games:/usr/local/games:/snap/bin:/snap/bin', 'SESSION_MANAGER': 'local/riser14-Inspiron-5559:@/tmp/.ICE-unix/1202,unix/riser14-Inspiron-5559:/tmp/.ICE-unix/1202', 'XDG_MENU_PREFIX': 'gnome-', 'GNOME_TERMINAL_SCREEN': '/org/gnome/Terminal/screen/e20a22ec_5bc7_4ab8_a6fb_5cfc780d6086', 'GNOME_SETUP_DISPLAY': ':1', 'XDG_RUNTIME_DIR': '/run/user/1000', 'DISPLAY': ':0', 'LANG': 'en_US.UTF-8', 'XDG_CURRENT_DESKTOP': 'ubuntu:GNOME', 'RMW_IMPLEMENTATION': 'rmw_cyclonedds_cpp', 'XMODIFIERS': '@im=ibus', 'XDG_SESSION_DESKTOP': 'ubuntu', 'XAUTHORITY': '/run/user/1000/.mutter-Xwaylandauth.OS2JD2', 'GNOME_TERMINAL_SERVICE': ':1.108', 'SSH_AGENT_LAUNCHER': 'gnome-keyring', 'SSH_AUTH_SOCK': '/run/user/1000/keyring/ssh', 'AMENT_PREFIX_PATH': '/home/riser14/ros_ws/install/py_pubsub:/home/riser14/ros_ws/install/my_package:/home/riser14/turtlebot3_ws/install/turtlebot3_simulations:/home/riser14/turtlebot3_ws/install/turtlebot3_gazebo:/home/riser14/turtlebot3_ws/install/turtlebot3_fake_node:/home/riser14/picture_ws/install/my_camera:/opt/ros/humble', 'SHELL': '/bin/bash', 'QT_ACCESSIBILITY': '1', 'GDMSESSION': 'ubuntu', 'QT_IM_MODULE': 'ibus', 'PWD': '/home/riser14/ros_ws/build/my_package', 'TURTLEBOT3_MODEL': 'waffle', 'LC_ALL': 'en_US.UTF-8', 'XDG_CONFIG_DIRS': '/etc/xdg/xdg-ubuntu:/etc/xdg', 'XDG_DATA_DIRS': '/usr/share/ubuntu:/usr/local/share/:/usr/share/:/var/lib/snapd/desktop', 'PYTHONPATH': '/home/riser14/ros_ws/build/my_package/prefix_override:/home/riser14/ros_ws/install/my_package/lib/python3.10/site-packages:/home/riser14/ros_ws/install/py_pubsub/lib/python3.10/site-packages:/home/riser14/ros_ws/install/my_package/lib/python3.10/site-packages:/home/riser14/picture_ws/install/my_camera/lib/python3.10/site-packages:/opt/ros/humble/lib/python3.10/site-packages:/opt/ros/humble/local/lib/python3.10/dist-packages', 'COLCON': '1', 'VTE_VERSION': '6800', 'CMAKE_PREFIX_PATH': '/home/riser14/turtlebot3_ws/install/turtlebot3_simulations:/home/riser14/turtlebot3_ws/install/turtlebot3_gazebo:/home/riser14/turtlebot3_ws/install/turtlebot3_fake_node'}, 'shell': False}
[8.954265] (-) TimerEvent: {}
[9.054615] (-) TimerEvent: {}
[9.117177] (py_pubsub) Command: {'cmd': ['/usr/bin/python3', 'setup.py', 'egg_info', '--egg-base', '../../build/py_pubsub', 'build', '--build-base', '/home/riser14/ros_ws/build/py_pubsub/build', 'install', '--record', '/home/riser14/ros_ws/build/py_pubsub/install.log', '--single-version-externally-managed'], 'cwd': '/home/riser14/ros_ws/src/py_pubsub', 'env': {'LANGUAGE': 'en_ZA:en', 'USER': 'riser14', 'XDG_SESSION_TYPE': 'wayland', 'SHLVL': '1', 'LD_LIBRARY_PATH': '/usr/lib/x86_64-linux-gnu/gazebo-11/plugins:/opt/ros/humble/opt/rviz_ogre_vendor/lib:/opt/ros/humble/lib/x86_64-linux-gnu:/opt/ros/humble/lib', 'HOME': '/home/riser14', 'DESKTOP_SESSION': 'ubuntu', 'ROS_PYTHON_VERSION': '3', 'GNOME_SHELL_SESSION_MODE': 'ubuntu', 'GTK_MODULES': 'gail:atk-bridge', 'SYSTEMD_EXEC_PID': '6084', 'DBUS_SESSION_BUS_ADDRESS': 'unix:path=/run/user/1000/bus', 'COLORTERM': 'truecolor', 'IM_CONFIG_PHASE': '1', 'WAYLAND_DISPLAY': 'wayland-0', 'COLCON_PREFIX_PATH': '/home/riser14/turtlebot3_ws/install:/home/riser14/picture_ws/install:/home/riser14/ros_ws/install', 'ROS_DISTRO': 'humble', 'LOGNAME': 'riser14', '_': '/usr/bin/colcon', 'ROS_VERSION': '2', 'XDG_SESSION_CLASS': 'user', 'USERNAME': 'riser14', 'TERM': 'xterm-256color', 'GAZEBO_MODEL_PATH': ':/opt/ros/humble/share/turtlebot3_gazebo/models', 'GNOME_DESKTOP_SESSION_ID': 'this-is-deprecated', 'ROS_LOCALHOST_ONLY': '0', 'PATH': '/opt/ros/humble/bin:/usr/local/sbin:/usr/local/bin:/usr/sbin:/usr/bin:/sbin:/bin:/usr/games:/usr/local/games:/snap/bin:/snap/bin', 'SESSION_MANAGER': 'local/riser14-Inspiron-5559:@/tmp/.ICE-unix/1202,unix/riser14-Inspiron-5559:/tmp/.ICE-unix/1202', 'XDG_MENU_PREFIX': 'gnome-', 'GNOME_TERMINAL_SCREEN': '/org/gnome/Terminal/screen/e20a22ec_5bc7_4ab8_a6fb_5cfc780d6086', 'GNOME_SETUP_DISPLAY': ':1', 'XDG_RUNTIME_DIR': '/run/user/1000', 'DISPLAY': ':0', 'LANG': 'en_US.UTF-8', 'XDG_CURRENT_DESKTOP': 'ubuntu:GNOME', 'RMW_IMPLEMENTATION': 'rmw_cyclonedds_cpp', 'XMODIFIERS': '@im=ibus', 'XDG_SESSION_DESKTOP': 'ubuntu', 'XAUTHORITY': '/run/user/1000/.mutter-Xwaylandauth.OS2JD2', 'GNOME_TERMINAL_SERVICE': ':1.108', 'SSH_AGENT_LAUNCHER': 'gnome-keyring', 'SSH_AUTH_SOCK': '/run/user/1000/keyring/ssh', 'AMENT_PREFIX_PATH': '/home/riser14/ros_ws/install/py_pubsub:/home/riser14/ros_ws/install/my_package:/home/riser14/turtlebot3_ws/install/turtlebot3_simulations:/home/riser14/turtlebot3_ws/install/turtlebot3_gazebo:/home/riser14/turtlebot3_ws/install/turtlebot3_fake_node:/home/riser14/picture_ws/install/my_camera:/opt/ros/humble', 'SHELL': '/bin/bash', 'QT_ACCESSIBILITY': '1', 'GDMSESSION': 'ubuntu', 'QT_IM_MODULE': 'ibus', 'PWD': '/home/riser14/ros_ws/build/py_pubsub', 'TURTLEBOT3_MODEL': 'waffle', 'LC_ALL': 'en_US.UTF-8', 'XDG_CONFIG_DIRS': '/etc/xdg/xdg-ubuntu:/etc/xdg', 'XDG_DATA_DIRS': '/usr/share/ubuntu:/usr/local/share/:/usr/share/:/var/lib/snapd/desktop', 'PYTHONPATH': '/home/riser14/ros_ws/build/py_pubsub/prefix_override:/home/riser14/ros_ws/install/py_pubsub/lib/python3.10/site-packages:/home/riser14/ros_ws/install/py_pubsub/lib/python3.10/site-packages:/home/riser14/ros_ws/install/my_package/lib/python3.10/site-packages:/home/riser14/picture_ws/install/my_camera/lib/python3.10/site-packages:/opt/ros/humble/lib/python3.10/site-packages:/opt/ros/humble/local/lib/python3.10/dist-packages', 'COLCON': '1', 'VTE_VERSION': '6800', 'CMAKE_PREFIX_PATH': '/home/riser14/turtlebot3_ws/install/turtlebot3_simulations:/home/riser14/turtlebot3_ws/install/turtlebot3_gazebo:/home/riser14/turtlebot3_ws/install/turtlebot3_fake_node'}, 'shell': False}
[9.154740] (-) TimerEvent: {}
[9.258387] (-) TimerEvent: {}
[9.360988] (-) TimerEvent: {}
[9.462331] (-) TimerEvent: {}
[9.568383] (-) TimerEvent: {}
[9.669026] (-) TimerEvent: {}
[9.770234] (-) TimerEvent: {}
[9.871883] (-) TimerEvent: {}
[9.972934] (-) TimerEvent: {}
[10.073445] (-) TimerEvent: {}
[10.176832] (-) TimerEvent: {}
[10.278511] (-) TimerEvent: {}
[10.380428] (-) TimerEvent: {}
[10.481601] (-) TimerEvent: {}
[10.555140] (py_pubsub) StdoutLine: {'line': b'running egg_info\n'}
[10.556192] (my_package) StdoutLine: {'line': b'running egg_info\n'}
[10.564940] (my_package) StdoutLine: {'line': b'writing ../../build/my_package/my_package.egg-info/PKG-INFO\n'}
[10.568520] (py_pubsub) StdoutLine: {'line': b'writing ../../build/py_pubsub/py_pubsub.egg-info/PKG-INFO\n'}
[10.571375] (py_pubsub) StdoutLine: {'line': b'writing dependency_links to ../../build/py_pubsub/py_pubsub.egg-info/dependency_links.txt\n'}
[10.573856] (py_pubsub) StdoutLine: {'line': b'writing entry points to ../../build/py_pubsub/py_pubsub.egg-info/entry_points.txt\n'}
[10.574950] (py_pubsub) StdoutLine: {'line': b'writing requirements to ../../build/py_pubsub/py_pubsub.egg-info/requires.txt\n'}
[10.575853] (py_pubsub) StdoutLine: {'line': b'writing top-level names to ../../build/py_pubsub/py_pubsub.egg-info/top_level.txt\n'}
[10.577612] (my_package) StdoutLine: {'line': b'writing dependency_links to ../../build/my_package/my_package.egg-info/dependency_links.txt\n'}
[10.578578] (my_package) StdoutLine: {'line': b'writing entry points to ../../build/my_package/my_package.egg-info/entry_points.txt\n'}
[10.579774] (my_package) StdoutLine: {'line': b'writing requirements to ../../build/my_package/my_package.egg-info/requires.txt\n'}
[10.580672] (my_package) StdoutLine: {'line': b'writing top-level names to ../../build/my_package/my_package.egg-info/top_level.txt\n'}
[10.581711] (-) TimerEvent: {}
[10.682420] (-) TimerEvent: {}
[10.791483] (-) TimerEvent: {}
[10.813418] (my_package) StderrLine: {'line': b"listing git files failed - pretending there aren't any\n"}
[10.853609] (py_pubsub) StderrLine: {'line': b"listing git files failed - pretending there aren't any\n"}
[10.891739] (-) TimerEvent: {}
[10.995016] (-) TimerEvent: {}
[11.096268] (-) TimerEvent: {}
[11.198491] (-) TimerEvent: {}
[11.300388] (-) TimerEvent: {}
[11.401371] (-) TimerEvent: {}
[11.418204] (my_package) StdoutLine: {'line': b"reading manifest file '../../build/my_package/my_package.egg-info/SOURCES.txt'\n"}
[11.421518] (my_package) StdoutLine: {'line': b"writing manifest file '../../build/my_package/my_package.egg-info/SOURCES.txt'\n"}
[11.424336] (my_package) StdoutLine: {'line': b'running build\n'}
[11.424760] (my_package) StdoutLine: {'line': b'running build_py\n'}
[11.427439] (my_package) StdoutLine: {'line': b'running install\n'}
[11.433753] (my_package) StdoutLine: {'line': b'running install_lib\n'}
[11.438522] (my_package) StdoutLine: {'line': b'running install_data\n'}
[11.440139] (my_package) StdoutLine: {'line': b'running install_egg_info\n'}
[11.442149] (my_package) StdoutLine: {'line': b"removing '/home/riser14/ros_ws/install/my_package/lib/python3.10/site-packages/my_package-0.0.0-py3.10.egg-info' (and everything under it)\n"}
[11.442742] (my_package) StdoutLine: {'line': b'Copying ../../build/my_package/my_package.egg-info to /home/riser14/ros_ws/install/my_package/lib/python3.10/site-packages/my_package-0.0.0-py3.10.egg-info\n'}
[11.448228] (my_package) StdoutLine: {'line': b'running install_scripts\n'}
[11.501630] (-) TimerEvent: {}
[11.509603] (py_pubsub) StdoutLine: {'line': b"reading manifest file '../../build/py_pubsub/py_pubsub.egg-info/SOURCES.txt'\n"}
[11.511607] (py_pubsub) StdoutLine: {'line': b"writing manifest file '../../build/py_pubsub/py_pubsub.egg-info/SOURCES.txt'\n"}
[11.511922] (py_pubsub) StdoutLine: {'line': b'running build\n'}
[11.512078] (py_pubsub) StdoutLine: {'line': b'running build_py\n'}
[11.516283] (py_pubsub) StdoutLine: {'line': b'running install\n'}
[11.516551] (py_pubsub) StdoutLine: {'line': b'running install_lib\n'}
[11.518477] (py_pubsub) StdoutLine: {'line': b'running install_data\n'}
[11.519582] (py_pubsub) StdoutLine: {'line': b'running install_egg_info\n'}
[11.520955] (py_pubsub) StdoutLine: {'line': b"removing '/home/riser14/ros_ws/install/py_pubsub/lib/python3.10/site-packages/py_pubsub-0.0.0-py3.10.egg-info' (and everything under it)\n"}
[11.521476] (py_pubsub) StdoutLine: {'line': b'Copying ../../build/py_pubsub/py_pubsub.egg-info to /home/riser14/ros_ws/install/py_pubsub/lib/python3.10/site-packages/py_pubsub-0.0.0-py3.10.egg-info\n'}
[11.527579] (py_pubsub) StdoutLine: {'line': b'running install_scripts\n'}
[11.540902] (my_package) StdoutLine: {'line': b'Installing my_node script to /home/riser14/ros_ws/install/my_package/lib/my_package\n'}
[11.542978] (my_package) StdoutLine: {'line': b"writing list of installed files to '/home/riser14/ros_ws/build/my_package/install.log'\n"}
[11.604819] (-) TimerEvent: {}
[11.650404] (py_pubsub) StdoutLine: {'line': b'Installing camera_record script to /home/riser14/ros_ws/install/py_pubsub/lib/py_pubsub\n'}
[11.650642] (py_pubsub) StdoutLine: {'line': b'Installing capture script to /home/riser14/ros_ws/install/py_pubsub/lib/py_pubsub\n'}
[11.650783] (py_pubsub) StdoutLine: {'line': b'Installing compare_feature script to /home/riser14/ros_ws/install/py_pubsub/lib/py_pubsub\n'}
[11.650915] (py_pubsub) StdoutLine: {'line': b'Installing compare_mean_error script to /home/riser14/ros_ws/install/py_pubsub/lib/py_pubsub\n'}
[11.651059] (py_pubsub) StdoutLine: {'line': b'Installing control_mpc script to /home/riser14/ros_ws/install/py_pubsub/lib/py_pubsub\n'}
[11.651223] (py_pubsub) StdoutLine: {'line': b'Installing control_nmpc script to /home/riser14/ros_ws/install/py_pubsub/lib/py_pubsub\n'}
[11.651361] (py_pubsub) StdoutLine: {'line': b'Installing drift_measure script to /home/riser14/ros_ws/install/py_pubsub/lib/py_pubsub\n'}
[11.651491] (py_pubsub) StdoutLine: {'line': b'Installing full_record script to /home/riser14/ros_ws/install/py_pubsub/lib/py_pubsub\n'}
[11.651619] (py_pubsub) StdoutLine: {'line': b'Installing listener script to /home/riser14/ros_ws/install/py_pubsub/lib/py_pubsub\n'}
[11.651749] (py_pubsub) StdoutLine: {'line': b'Installing pid script to /home/riser14/ros_ws/install/py_pubsub/lib/py_pubsub\n'}
[11.651892] (py_pubsub) StdoutLine: {'line': b'Installing pose_sub script to /home/riser14/ros_ws/install/py_pubsub/lib/py_pubsub\n'}
[11.652021] (py_pubsub) StdoutLine: {'line': b'Installing visualisation script to /home/riser14/ros_ws/install/py_pubsub/lib/py_pubsub\n'}
[11.652151] (py_pubsub) StdoutLine: {'line': b'Installing waypoint follow script to /home/riser14/ros_ws/install/py_pubsub/lib/py_pubsub\n'}
[11.652349] (py_pubsub) StdoutLine: {'line': b"writing list of installed files to '/home/riser14/ros_ws/build/py_pubsub/install.log'\n"}
[11.670554] (my_package) CommandEnded: {'returncode': 0}
[11.706330] (-) TimerEvent: {}
[11.809321] (-) TimerEvent: {}
[11.911834] (-) TimerEvent: {}
[12.015013] (-) TimerEvent: {}
[12.116478] (-) TimerEvent: {}
[12.202590] (my_package) JobEnded: {'identifier': 'my_package', 'rc': 0}
[12.209551] (py_pubsub) CommandEnded: {'returncode': 0}
[12.217171] (-) TimerEvent: {}
[12.318316] (-) TimerEvent: {}
[12.419931] (-) TimerEvent: {}
[12.521213] (-) TimerEvent: {}
[12.574484] (py_pubsub) JobEnded: {'identifier': 'py_pubsub', 'rc': 0}
[12.579041] (-) EventReactorShutdown: {}
