[1.583s] Invoking command in '/home/riser14/ros_ws/src/py_pubsub': PYTHONPATH=/home/riser14/ros_ws/build/py_pubsub/prefix_override:/home/riser14/ros_ws/install/py_pubsub/lib/python3.10/site-packages:${PYTHONPATH} /usr/bin/python3 setup.py egg_info --egg-base ../../build/py_pubsub build --build-base /home/riser14/ros_ws/build/py_pubsub/build install --record /home/riser14/ros_ws/build/py_pubsub/install.log --single-version-externally-managed
[1.938s] running egg_info
[1.939s] writing ../../build/py_pubsub/py_pubsub.egg-info/PKG-INFO
[1.939s] writing dependency_links to ../../build/py_pubsub/py_pubsub.egg-info/dependency_links.txt
[1.939s] writing entry points to ../../build/py_pubsub/py_pubsub.egg-info/entry_points.txt
[1.939s] writing requirements to ../../build/py_pubsub/py_pubsub.egg-info/requires.txt
[1.939s] writing top-level names to ../../build/py_pubsub/py_pubsub.egg-info/top_level.txt
[1.995s] listing git files failed - pretending there aren't any
[2.179s] reading manifest file '../../build/py_pubsub/py_pubsub.egg-info/SOURCES.txt'
[2.181s] writing manifest file '../../build/py_pubsub/py_pubsub.egg-info/SOURCES.txt'
[2.181s] running build
[2.181s] running build_py
[2.182s] copying py_pubsub/pose_subscriber.py -> /home/riser14/ros_ws/build/py_pubsub/build/lib/py_pubsub
[2.182s] running install
[2.183s] running install_lib
[2.185s] copying /home/riser14/ros_ws/build/py_pubsub/build/lib/py_pubsub/pose_subscriber.py -> /home/riser14/ros_ws/install/py_pubsub/lib/python3.10/site-packages/py_pubsub
[2.186s] byte-compiling /home/riser14/ros_ws/install/py_pubsub/lib/python3.10/site-packages/py_pubsub/pose_subscriber.py to pose_subscriber.cpython-310.pyc
[2.188s] running install_data
[2.188s] running install_egg_info
[2.190s] removing '/home/riser14/ros_ws/install/py_pubsub/lib/python3.10/site-packages/py_pubsub-0.0.0-py3.10.egg-info' (and everything under it)
[2.190s] Copying ../../build/py_pubsub/py_pubsub.egg-info to /home/riser14/ros_ws/install/py_pubsub/lib/python3.10/site-packages/py_pubsub-0.0.0-py3.10.egg-info
[2.192s] running install_scripts
[2.230s] Installing control_mpc script to /home/riser14/ros_ws/install/py_pubsub/lib/py_pubsub
[2.230s] Installing control_nmpc script to /home/riser14/ros_ws/install/py_pubsub/lib/py_pubsub
[2.230s] Installing follow script to /home/riser14/ros_ws/install/py_pubsub/lib/py_pubsub
[2.230s] Installing listener script to /home/riser14/ros_ws/install/py_pubsub/lib/py_pubsub
[2.231s] Installing pid script to /home/riser14/ros_ws/install/py_pubsub/lib/py_pubsub
[2.231s] Installing pose_sub script to /home/riser14/ros_ws/install/py_pubsub/lib/py_pubsub
[2.231s] writing list of installed files to '/home/riser14/ros_ws/build/py_pubsub/install.log'
[2.368s] Invoked command in '/home/riser14/ros_ws/src/py_pubsub' returned '0': PYTHONPATH=/home/riser14/ros_ws/build/py_pubsub/prefix_override:/home/riser14/ros_ws/install/py_pubsub/lib/python3.10/site-packages:${PYTHONPATH} /usr/bin/python3 setup.py egg_info --egg-base ../../build/py_pubsub build --build-base /home/riser14/ros_ws/build/py_pubsub/build install --record /home/riser14/ros_ws/build/py_pubsub/install.log --single-version-externally-managed
