[8.999s] Invoking command in '/home/riser14/ros_ws/src/py_pubsub': PYTHONPATH=/home/riser14/ros_ws/build/py_pubsub/prefix_override:/home/riser14/ros_ws/install/py_pubsub/lib/python3.10/site-packages:${PYTHONPATH} /usr/bin/python3 setup.py egg_info --egg-base ../../build/py_pubsub build --build-base /home/riser14/ros_ws/build/py_pubsub/build install --record /home/riser14/ros_ws/build/py_pubsub/install.log --single-version-externally-managed
[10.744s] running egg_info
[10.745s] writing ../../build/py_pubsub/py_pubsub.egg-info/PKG-INFO
[10.745s] writing dependency_links to ../../build/py_pubsub/py_pubsub.egg-info/dependency_links.txt
[10.746s] writing entry points to ../../build/py_pubsub/py_pubsub.egg-info/entry_points.txt
[10.746s] writing requirements to ../../build/py_pubsub/py_pubsub.egg-info/requires.txt
[10.746s] writing top-level names to ../../build/py_pubsub/py_pubsub.egg-info/top_level.txt
[11.032s] listing git files failed - pretending there aren't any
[11.672s] reading manifest file '../../build/py_pubsub/py_pubsub.egg-info/SOURCES.txt'
[11.674s] writing manifest file '../../build/py_pubsub/py_pubsub.egg-info/SOURCES.txt'
[11.674s] running build
[11.674s] running build_py
[11.675s] copying py_pubsub/path_visual.py -> /home/riser14/ros_ws/build/py_pubsub/build/lib/py_pubsub
[11.677s] running install
[11.678s] running install_lib
[11.682s] copying /home/riser14/ros_ws/build/py_pubsub/build/lib/py_pubsub/path_visual.py -> /home/riser14/ros_ws/install/py_pubsub/lib/python3.10/site-packages/py_pubsub
[11.682s] byte-compiling /home/riser14/ros_ws/install/py_pubsub/lib/python3.10/site-packages/py_pubsub/path_visual.py to path_visual.cpython-310.pyc
[11.684s] running install_data
[11.690s] running install_egg_info
[11.699s] removing '/home/riser14/ros_ws/install/py_pubsub/lib/python3.10/site-packages/py_pubsub-0.0.0-py3.10.egg-info' (and everything under it)
[11.700s] Copying ../../build/py_pubsub/py_pubsub.egg-info to /home/riser14/ros_ws/install/py_pubsub/lib/python3.10/site-packages/py_pubsub-0.0.0-py3.10.egg-info
[11.706s] running install_scripts
[11.789s] Installing camera_record script to /home/riser14/ros_ws/install/py_pubsub/lib/py_pubsub
[11.790s] Installing capture script to /home/riser14/ros_ws/install/py_pubsub/lib/py_pubsub
[11.791s] Installing compare_feature script to /home/riser14/ros_ws/install/py_pubsub/lib/py_pubsub
[11.793s] Installing compare_mean_error script to /home/riser14/ros_ws/install/py_pubsub/lib/py_pubsub
[11.795s] Installing control_mpc script to /home/riser14/ros_ws/install/py_pubsub/lib/py_pubsub
[11.797s] Installing control_nmpc script to /home/riser14/ros_ws/install/py_pubsub/lib/py_pubsub
[11.799s] Installing drift_measure script to /home/riser14/ros_ws/install/py_pubsub/lib/py_pubsub
[11.801s] Installing full_record script to /home/riser14/ros_ws/install/py_pubsub/lib/py_pubsub
[11.802s] Installing listener script to /home/riser14/ros_ws/install/py_pubsub/lib/py_pubsub
[11.803s] Installing pid script to /home/riser14/ros_ws/install/py_pubsub/lib/py_pubsub
[11.803s] Installing pose_sub script to /home/riser14/ros_ws/install/py_pubsub/lib/py_pubsub
[11.804s] Installing visualisation script to /home/riser14/ros_ws/install/py_pubsub/lib/py_pubsub
[11.805s] Installing waypoint follow script to /home/riser14/ros_ws/install/py_pubsub/lib/py_pubsub
[11.806s] writing list of installed files to '/home/riser14/ros_ws/build/py_pubsub/install.log'
[12.399s] Invoked command in '/home/riser14/ros_ws/src/py_pubsub' returned '0': PYTHONPATH=/home/riser14/ros_ws/build/py_pubsub/prefix_override:/home/riser14/ros_ws/install/py_pubsub/lib/python3.10/site-packages:${PYTHONPATH} /usr/bin/python3 setup.py egg_info --egg-base ../../build/py_pubsub build --build-base /home/riser14/ros_ws/build/py_pubsub/build install --record /home/riser14/ros_ws/build/py_pubsub/install.log --single-version-externally-managed
