[1.698s] Invoking command in '/home/riser14/ros_ws/src/py_pubsub': PYTHONPATH=/home/riser14/ros_ws/build/py_pubsub/prefix_override:/home/riser14/ros_ws/install/py_pubsub/lib/python3.10/site-packages:${PYTHONPATH} /usr/bin/python3 setup.py egg_info --egg-base ../../build/py_pubsub build --build-base /home/riser14/ros_ws/build/py_pubsub/build install --record /home/riser14/ros_ws/build/py_pubsub/install.log --single-version-externally-managed
[2.326s] running egg_info
[2.327s] writing ../../build/py_pubsub/py_pubsub.egg-info/PKG-INFO
[2.327s] writing dependency_links to ../../build/py_pubsub/py_pubsub.egg-info/dependency_links.txt
[2.327s] writing entry points to ../../build/py_pubsub/py_pubsub.egg-info/entry_points.txt
[2.328s] writing requirements to ../../build/py_pubsub/py_pubsub.egg-info/requires.txt
[2.328s] writing top-level names to ../../build/py_pubsub/py_pubsub.egg-info/top_level.txt
[2.389s] listing git files failed - pretending there aren't any
[2.547s] reading manifest file '../../build/py_pubsub/py_pubsub.egg-info/SOURCES.txt'
[2.549s] writing manifest file '../../build/py_pubsub/py_pubsub.egg-info/SOURCES.txt'
[2.549s] running build
[2.549s] running build_py
[2.550s] running install
[2.551s] running install_lib
[2.554s] running install_data
[2.555s] running install_egg_info
[2.556s] removing '/home/riser14/ros_ws/install/py_pubsub/lib/python3.10/site-packages/py_pubsub-0.0.0-py3.10.egg-info' (and everything under it)
[2.557s] Copying ../../build/py_pubsub/py_pubsub.egg-info to /home/riser14/ros_ws/install/py_pubsub/lib/python3.10/site-packages/py_pubsub-0.0.0-py3.10.egg-info
[2.558s] running install_scripts
[2.597s] Installing follow script to /home/riser14/ros_ws/install/py_pubsub/lib/py_pubsub
[2.597s] Installing listener script to /home/riser14/ros_ws/install/py_pubsub/lib/py_pubsub
[2.598s] Installing talker script to /home/riser14/ros_ws/install/py_pubsub/lib/py_pubsub
[2.598s] writing list of installed files to '/home/riser14/ros_ws/build/py_pubsub/install.log'
[2.680s] Invoked command in '/home/riser14/ros_ws/src/py_pubsub' returned '0': PYTHONPATH=/home/riser14/ros_ws/build/py_pubsub/prefix_override:/home/riser14/ros_ws/install/py_pubsub/lib/python3.10/site-packages:${PYTHONPATH} /usr/bin/python3 setup.py egg_info --egg-base ../../build/py_pubsub build --build-base /home/riser14/ros_ws/build/py_pubsub/build install --record /home/riser14/ros_ws/build/py_pubsub/install.log --single-version-externally-managed
