[1.828s] Invoking command in '/home/riser14/ros_ws/build/py_pubsub': PYTHONPATH=/home/riser14/ros_ws/build/py_pubsub/prefix_override:/home/riser14/ros_ws/install/py_pubsub/lib/python3.10/site-packages:${PYTHONPATH} /usr/bin/python3 setup.py develop --uninstall --editable --build-directory /home/riser14/ros_ws/build/py_pubsub/build
[2.265s] running develop
[2.651s] Invoked command in '/home/riser14/ros_ws/build/py_pubsub' returned '0': PYTHONPATH=/home/riser14/ros_ws/build/py_pubsub/prefix_override:/home/riser14/ros_ws/install/py_pubsub/lib/python3.10/site-packages:${PYTHONPATH} /usr/bin/python3 setup.py develop --uninstall --editable --build-directory /home/riser14/ros_ws/build/py_pubsub/build
[2.654s] Invoking command in '/home/riser14/ros_ws/src/py_pubsub': PYTHONPATH=/home/riser14/ros_ws/build/py_pubsub/prefix_override:/home/riser14/ros_ws/install/py_pubsub/lib/python3.10/site-packages:${PYTHONPATH} /usr/bin/python3 setup.py egg_info --egg-base ../../build/py_pubsub build --build-base /home/riser14/ros_ws/build/py_pubsub/build install --record /home/riser14/ros_ws/build/py_pubsub/install.log --single-version-externally-managed
[3.067s] running egg_info
[3.068s] writing ../../build/py_pubsub/py_pubsub.egg-info/PKG-INFO
[3.068s] writing dependency_links to ../../build/py_pubsub/py_pubsub.egg-info/dependency_links.txt
[3.069s] writing entry points to ../../build/py_pubsub/py_pubsub.egg-info/entry_points.txt
[3.069s] writing requirements to ../../build/py_pubsub/py_pubsub.egg-info/requires.txt
[3.069s] writing top-level names to ../../build/py_pubsub/py_pubsub.egg-info/top_level.txt
[3.159s] listing git files failed - pretending there aren't any
[3.774s] reading manifest file '../../build/py_pubsub/py_pubsub.egg-info/SOURCES.txt'
[3.783s] writing manifest file '../../build/py_pubsub/py_pubsub.egg-info/SOURCES.txt'
[3.784s] running build
[3.784s] running build_py
[3.784s] copying py_pubsub/subscriber_member_function.py -> /home/riser14/ros_ws/build/py_pubsub/build/lib/py_pubsub
[3.784s] copying py_pubsub/publisher_member_function.py -> /home/riser14/ros_ws/build/py_pubsub/build/lib/py_pubsub
[3.784s] running install
[3.785s] running install_lib
[3.786s] copying /home/riser14/ros_ws/build/py_pubsub/build/lib/py_pubsub/subscriber_member_function.py -> /home/riser14/ros_ws/install/py_pubsub/lib/python3.10/site-packages/py_pubsub
[3.786s] copying /home/riser14/ros_ws/build/py_pubsub/build/lib/py_pubsub/publisher_member_function.py -> /home/riser14/ros_ws/install/py_pubsub/lib/python3.10/site-packages/py_pubsub
[3.787s] byte-compiling /home/riser14/ros_ws/install/py_pubsub/lib/python3.10/site-packages/py_pubsub/subscriber_member_function.py to subscriber_member_function.cpython-310.pyc
[3.788s] byte-compiling /home/riser14/ros_ws/install/py_pubsub/lib/python3.10/site-packages/py_pubsub/publisher_member_function.py to publisher_member_function.cpython-310.pyc
[3.791s] running install_data
[3.792s] copying package.xml -> /home/riser14/ros_ws/install/py_pubsub/share/py_pubsub
[3.792s] running install_egg_info
[3.794s] removing '/home/riser14/ros_ws/install/py_pubsub/lib/python3.10/site-packages/py_pubsub-0.0.0-py3.10.egg-info' (and everything under it)
[3.795s] Copying ../../build/py_pubsub/py_pubsub.egg-info to /home/riser14/ros_ws/install/py_pubsub/lib/python3.10/site-packages/py_pubsub-0.0.0-py3.10.egg-info
[3.823s] running install_scripts
[3.849s] Installing follow script to /home/riser14/ros_ws/install/py_pubsub/lib/py_pubsub
[3.849s] Installing listener script to /home/riser14/ros_ws/install/py_pubsub/lib/py_pubsub
[3.849s] Installing talker script to /home/riser14/ros_ws/install/py_pubsub/lib/py_pubsub
[3.850s] writing list of installed files to '/home/riser14/ros_ws/build/py_pubsub/install.log'
[3.953s] Invoked command in '/home/riser14/ros_ws/src/py_pubsub' returned '0': PYTHONPATH=/home/riser14/ros_ws/build/py_pubsub/prefix_override:/home/riser14/ros_ws/install/py_pubsub/lib/python3.10/site-packages:${PYTHONPATH} /usr/bin/python3 setup.py egg_info --egg-base ../../build/py_pubsub build --build-base /home/riser14/ros_ws/build/py_pubsub/build install --record /home/riser14/ros_ws/build/py_pubsub/install.log --single-version-externally-managed
