[1.686s] Invoking command in '/home/riser14/ros_ws/src/py_pubsub': PYTHONPATH=/home/riser14/ros_ws/build/py_pubsub/prefix_override:/home/riser14/ros_ws/install/py_pubsub/lib/python3.10/site-packages:${PYTHONPATH} /usr/bin/python3 setup.py egg_info --egg-base ../../build/py_pubsub build --build-base /home/riser14/ros_ws/build/py_pubsub/build install --record /home/riser14/ros_ws/build/py_pubsub/install.log --single-version-externally-managed
[2.054s] running egg_info
[2.055s] writing ../../build/py_pubsub/py_pubsub.egg-info/PKG-INFO
[2.055s] writing dependency_links to ../../build/py_pubsub/py_pubsub.egg-info/dependency_links.txt
[2.055s] writing entry points to ../../build/py_pubsub/py_pubsub.egg-info/entry_points.txt
[2.056s] writing requirements to ../../build/py_pubsub/py_pubsub.egg-info/requires.txt
[2.056s] writing top-level names to ../../build/py_pubsub/py_pubsub.egg-info/top_level.txt
[2.115s] listing git files failed - pretending there aren't any
[2.290s] reading manifest file '../../build/py_pubsub/py_pubsub.egg-info/SOURCES.txt'
[2.292s] writing manifest file '../../build/py_pubsub/py_pubsub.egg-info/SOURCES.txt'
[2.292s] running build
[2.292s] running build_py
[2.294s] copying py_pubsub/compare_images_orb.py -> /home/riser14/ros_ws/build/py_pubsub/build/lib/py_pubsub
[2.297s] running install
[2.298s] running install_lib
[2.299s] copying /home/riser14/ros_ws/build/py_pubsub/build/lib/py_pubsub/compare_images_orb.py -> /home/riser14/ros_ws/install/py_pubsub/lib/python3.10/site-packages/py_pubsub
[2.300s] byte-compiling /home/riser14/ros_ws/install/py_pubsub/lib/python3.10/site-packages/py_pubsub/compare_images_orb.py to compare_images_orb.cpython-310.pyc
[2.302s] running install_data
[2.302s] running install_egg_info
[2.303s] removing '/home/riser14/ros_ws/install/py_pubsub/lib/python3.10/site-packages/py_pubsub-0.0.0-py3.10.egg-info' (and everything under it)
[2.305s] Copying ../../build/py_pubsub/py_pubsub.egg-info to /home/riser14/ros_ws/install/py_pubsub/lib/python3.10/site-packages/py_pubsub-0.0.0-py3.10.egg-info
[2.305s] running install_scripts
[2.335s] Installing capture script to /home/riser14/ros_ws/install/py_pubsub/lib/py_pubsub
[2.335s] Installing compare_feature script to /home/riser14/ros_ws/install/py_pubsub/lib/py_pubsub
[2.335s] Installing compare_mean_error script to /home/riser14/ros_ws/install/py_pubsub/lib/py_pubsub
[2.336s] Installing control_mpc script to /home/riser14/ros_ws/install/py_pubsub/lib/py_pubsub
[2.336s] Installing control_nmpc script to /home/riser14/ros_ws/install/py_pubsub/lib/py_pubsub
[2.336s] Installing follow script to /home/riser14/ros_ws/install/py_pubsub/lib/py_pubsub
[2.336s] Installing listener script to /home/riser14/ros_ws/install/py_pubsub/lib/py_pubsub
[2.336s] Installing pid script to /home/riser14/ros_ws/install/py_pubsub/lib/py_pubsub
[2.336s] Installing pose_sub script to /home/riser14/ros_ws/install/py_pubsub/lib/py_pubsub
[2.338s] writing list of installed files to '/home/riser14/ros_ws/build/py_pubsub/install.log'
[2.480s] Invoked command in '/home/riser14/ros_ws/src/py_pubsub' returned '0': PYTHONPATH=/home/riser14/ros_ws/build/py_pubsub/prefix_override:/home/riser14/ros_ws/install/py_pubsub/lib/python3.10/site-packages:${PYTHONPATH} /usr/bin/python3 setup.py egg_info --egg-base ../../build/py_pubsub build --build-base /home/riser14/ros_ws/build/py_pubsub/build install --record /home/riser14/ros_ws/build/py_pubsub/install.log --single-version-externally-managed
