[1.943s] Invoking command in '/home/riser14/ros_ws/src/py_pubsub': PYTHONPATH=/home/riser14/ros_ws/build/py_pubsub/prefix_override:/home/riser14/ros_ws/install/py_pubsub/lib/python3.10/site-packages:${PYTHONPATH} /usr/bin/python3 setup.py egg_info --egg-base ../../build/py_pubsub build --build-base /home/riser14/ros_ws/build/py_pubsub/build install --record /home/riser14/ros_ws/build/py_pubsub/install.log --single-version-externally-managed
[2.347s] running egg_info
[2.349s] writing ../../build/py_pubsub/py_pubsub.egg-info/PKG-INFO
[2.349s] writing dependency_links to ../../build/py_pubsub/py_pubsub.egg-info/dependency_links.txt
[2.349s] writing entry points to ../../build/py_pubsub/py_pubsub.egg-info/entry_points.txt
[2.350s] writing requirements to ../../build/py_pubsub/py_pubsub.egg-info/requires.txt
[2.351s] writing top-level names to ../../build/py_pubsub/py_pubsub.egg-info/top_level.txt
[2.458s] listing git files failed - pretending there aren't any
[2.959s] reading manifest file '../../build/py_pubsub/py_pubsub.egg-info/SOURCES.txt'
[2.971s] writing manifest file '../../build/py_pubsub/py_pubsub.egg-info/SOURCES.txt'
[2.971s] running build
[2.971s] running build_py
[2.972s] copying py_pubsub/publisher_member_function.py -> /home/riser14/ros_ws/build/py_pubsub/build/lib/py_pubsub
[2.972s] running install
[2.973s] running install_lib
[2.974s] copying /home/riser14/ros_ws/build/py_pubsub/build/lib/py_pubsub/publisher_member_function.py -> /home/riser14/ros_ws/install/py_pubsub/lib/python3.10/site-packages/py_pubsub
[2.975s] byte-compiling /home/riser14/ros_ws/install/py_pubsub/lib/python3.10/site-packages/py_pubsub/publisher_member_function.py to publisher_member_function.cpython-310.pyc
[2.977s] running install_data
[2.978s] copying package.xml -> /home/riser14/ros_ws/install/py_pubsub/share/py_pubsub
[2.978s] running install_egg_info
[2.980s] removing '/home/riser14/ros_ws/install/py_pubsub/lib/python3.10/site-packages/py_pubsub-0.0.0-py3.10.egg-info' (and everything under it)
[2.981s] Copying ../../build/py_pubsub/py_pubsub.egg-info to /home/riser14/ros_ws/install/py_pubsub/lib/python3.10/site-packages/py_pubsub-0.0.0-py3.10.egg-info
[3.000s] running install_scripts
[3.025s] Installing follow script to /home/riser14/ros_ws/install/py_pubsub/lib/py_pubsub
[3.026s] Installing listener script to /home/riser14/ros_ws/install/py_pubsub/lib/py_pubsub
[3.026s] Installing talker script to /home/riser14/ros_ws/install/py_pubsub/lib/py_pubsub
[3.026s] writing list of installed files to '/home/riser14/ros_ws/build/py_pubsub/install.log'
[3.202s] Invoked command in '/home/riser14/ros_ws/src/py_pubsub' returned '0': PYTHONPATH=/home/riser14/ros_ws/build/py_pubsub/prefix_override:/home/riser14/ros_ws/install/py_pubsub/lib/python3.10/site-packages:${PYTHONPATH} /usr/bin/python3 setup.py egg_info --egg-base ../../build/py_pubsub build --build-base /home/riser14/ros_ws/build/py_pubsub/build install --record /home/riser14/ros_ws/build/py_pubsub/install.log --single-version-externally-managed
