[1.640s] Invoking command in '/home/riser14/ros_ws/src/py_pubsub': PYTHONPATH=/home/riser14/ros_ws/build/py_pubsub/prefix_override:/home/riser14/ros_ws/install/py_pubsub/lib/python3.10/site-packages:${PYTHONPATH} /usr/bin/python3 setup.py egg_info --egg-base ../../build/py_pubsub build --build-base /home/riser14/ros_ws/build/py_pubsub/build install --record /home/riser14/ros_ws/build/py_pubsub/install.log --single-version-externally-managed
[2.202s] running egg_info
[2.204s] writing ../../build/py_pubsub/py_pubsub.egg-info/PKG-INFO
[2.204s] writing dependency_links to ../../build/py_pubsub/py_pubsub.egg-info/dependency_links.txt
[2.204s] writing entry points to ../../build/py_pubsub/py_pubsub.egg-info/entry_points.txt
[2.205s] writing requirements to ../../build/py_pubsub/py_pubsub.egg-info/requires.txt
[2.205s] writing top-level names to ../../build/py_pubsub/py_pubsub.egg-info/top_level.txt
[2.299s] listing git files failed - pretending there aren't any
[2.442s] reading manifest file '../../build/py_pubsub/py_pubsub.egg-info/SOURCES.txt'
[2.443s] writing manifest file '../../build/py_pubsub/py_pubsub.egg-info/SOURCES.txt'
[2.444s] running build
[2.444s] running build_py
[2.444s] copying py_pubsub/compare_images_orb.py -> /home/riser14/ros_ws/build/py_pubsub/build/lib/py_pubsub
[2.444s] running install
[2.445s] running install_lib
[2.446s] copying /home/riser14/ros_ws/build/py_pubsub/build/lib/py_pubsub/compare_images_orb.py -> /home/riser14/ros_ws/install/py_pubsub/lib/python3.10/site-packages/py_pubsub
[2.447s] byte-compiling /home/riser14/ros_ws/install/py_pubsub/lib/python3.10/site-packages/py_pubsub/compare_images_orb.py to compare_images_orb.cpython-310.pyc
[2.448s] running install_data
[2.449s] running install_egg_info
[2.450s] removing '/home/riser14/ros_ws/install/py_pubsub/lib/python3.10/site-packages/py_pubsub-0.0.0-py3.10.egg-info' (and everything under it)
[2.451s] Copying ../../build/py_pubsub/py_pubsub.egg-info to /home/riser14/ros_ws/install/py_pubsub/lib/python3.10/site-packages/py_pubsub-0.0.0-py3.10.egg-info
[2.452s] running install_scripts
[2.475s] Installing capture script to /home/riser14/ros_ws/install/py_pubsub/lib/py_pubsub
[2.475s] Installing compare_feature script to /home/riser14/ros_ws/install/py_pubsub/lib/py_pubsub
[2.476s] Installing compare_mean_error script to /home/riser14/ros_ws/install/py_pubsub/lib/py_pubsub
[2.476s] Installing control_mpc script to /home/riser14/ros_ws/install/py_pubsub/lib/py_pubsub
[2.476s] Installing control_nmpc script to /home/riser14/ros_ws/install/py_pubsub/lib/py_pubsub
[2.476s] Installing follow script to /home/riser14/ros_ws/install/py_pubsub/lib/py_pubsub
[2.476s] Installing listener script to /home/riser14/ros_ws/install/py_pubsub/lib/py_pubsub
[2.476s] Installing pid script to /home/riser14/ros_ws/install/py_pubsub/lib/py_pubsub
[2.476s] Installing pose_sub script to /home/riser14/ros_ws/install/py_pubsub/lib/py_pubsub
[2.477s] writing list of installed files to '/home/riser14/ros_ws/build/py_pubsub/install.log'
[2.601s] Invoked command in '/home/riser14/ros_ws/src/py_pubsub' returned '0': PYTHONPATH=/home/riser14/ros_ws/build/py_pubsub/prefix_override:/home/riser14/ros_ws/install/py_pubsub/lib/python3.10/site-packages:${PYTHONPATH} /usr/bin/python3 setup.py egg_info --egg-base ../../build/py_pubsub build --build-base /home/riser14/ros_ws/build/py_pubsub/build install --record /home/riser14/ros_ws/build/py_pubsub/install.log --single-version-externally-managed
