[3.947s] Invoking command in '/home/riser14/ros_ws/build/py_pubsub': PYTHONPATH=/home/riser14/ros_ws/build/py_pubsub/prefix_override:/home/riser14/ros_ws/install/py_pubsub/lib/python3.10/site-packages:${PYTHONPATH} /usr/bin/python3 setup.py develop --editable --build-directory /home/riser14/ros_ws/build/py_pubsub/build --no-deps install_data
[5.115s] running develop
[5.880s] running egg_info
[5.881s] writing py_pubsub.egg-info/PKG-INFO
[5.882s] writing dependency_links to py_pubsub.egg-info/dependency_links.txt
[5.883s] writing entry points to py_pubsub.egg-info/entry_points.txt
[5.884s] writing requirements to py_pubsub.egg-info/requires.txt
[5.884s] writing top-level names to py_pubsub.egg-info/top_level.txt
[6.054s] listing git files failed - pretending there aren't any
[6.687s] reading manifest file 'py_pubsub.egg-info/SOURCES.txt'
[6.689s] writing manifest file 'py_pubsub.egg-info/SOURCES.txt'
[6.694s] running build_ext
[6.696s] Creating /home/riser14/ros_ws/install/py_pubsub/lib/python3.10/site-packages/py-pubsub.egg-link (link to .)
[6.699s] Installing follow script to /home/riser14/ros_ws/install/py_pubsub/lib/py_pubsub
[6.700s] Installing listener script to /home/riser14/ros_ws/install/py_pubsub/lib/py_pubsub
[6.701s] Installing talker script to /home/riser14/ros_ws/install/py_pubsub/lib/py_pubsub
[6.701s] 
[6.701s] Installed /home/riser14/ros_ws/build/py_pubsub
[6.702s] running install_data
[6.938s] Invoked command in '/home/riser14/ros_ws/build/py_pubsub' returned '0': PYTHONPATH=/home/riser14/ros_ws/build/py_pubsub/prefix_override:/home/riser14/ros_ws/install/py_pubsub/lib/python3.10/site-packages:${PYTHONPATH} /usr/bin/python3 setup.py develop --editable --build-directory /home/riser14/ros_ws/build/py_pubsub/build --no-deps install_data
