[3.975s] Invoking command in '/home/riser14/ros_ws/src/py_pubsub': PYTHONPATH=/home/riser14/ros_ws/build/py_pubsub/prefix_override:/home/riser14/ros_ws/install/py_pubsub/lib/python3.10/site-packages:${PYTHONPATH} /usr/bin/python3 setup.py egg_info --egg-base ../../build/py_pubsub build --build-base /home/riser14/ros_ws/build/py_pubsub/build install --record /home/riser14/ros_ws/build/py_pubsub/install.log --single-version-externally-managed
[4.955s] running egg_info
[4.957s] writing ../../build/py_pubsub/py_pubsub.egg-info/PKG-INFO
[4.958s] writing dependency_links to ../../build/py_pubsub/py_pubsub.egg-info/dependency_links.txt
[4.959s] writing entry points to ../../build/py_pubsub/py_pubsub.egg-info/entry_points.txt
[4.961s] writing requirements to ../../build/py_pubsub/py_pubsub.egg-info/requires.txt
[4.961s] writing top-level names to ../../build/py_pubsub/py_pubsub.egg-info/top_level.txt
[5.120s] listing git files failed - pretending there aren't any
[5.454s] reading manifest file '../../build/py_pubsub/py_pubsub.egg-info/SOURCES.txt'
[5.456s] writing manifest file '../../build/py_pubsub/py_pubsub.egg-info/SOURCES.txt'
[5.457s] running build
[5.457s] running build_py
[5.461s] running install
[5.463s] running install_lib
[5.463s] running install_data
[5.466s] running install_egg_info
[5.467s] removing '/home/riser14/ros_ws/install/py_pubsub/lib/python3.10/site-packages/py_pubsub-0.0.0-py3.10.egg-info' (and everything under it)
[5.469s] Copying ../../build/py_pubsub/py_pubsub.egg-info to /home/riser14/ros_ws/install/py_pubsub/lib/python3.10/site-packages/py_pubsub-0.0.0-py3.10.egg-info
[5.484s] running install_scripts
[5.552s] Installing control_mpc script to /home/riser14/ros_ws/install/py_pubsub/lib/py_pubsub
[5.553s] Installing control_nmpc script to /home/riser14/ros_ws/install/py_pubsub/lib/py_pubsub
[5.554s] Installing follow script to /home/riser14/ros_ws/install/py_pubsub/lib/py_pubsub
[5.555s] Installing listener script to /home/riser14/ros_ws/install/py_pubsub/lib/py_pubsub
[5.555s] Installing pid script to /home/riser14/ros_ws/install/py_pubsub/lib/py_pubsub
[5.556s] Installing pose_sub script to /home/riser14/ros_ws/install/py_pubsub/lib/py_pubsub
[5.557s] writing list of installed files to '/home/riser14/ros_ws/build/py_pubsub/install.log'
[5.684s] Invoked command in '/home/riser14/ros_ws/src/py_pubsub' returned '0': PYTHONPATH=/home/riser14/ros_ws/build/py_pubsub/prefix_override:/home/riser14/ros_ws/install/py_pubsub/lib/python3.10/site-packages:${PYTHONPATH} /usr/bin/python3 setup.py egg_info --egg-base ../../build/py_pubsub build --build-base /home/riser14/ros_ws/build/py_pubsub/build install --record /home/riser14/ros_ws/build/py_pubsub/install.log --single-version-externally-managed
