[1.439s] Invoking command in '/home/riser14/ros_ws/src/py_pubsub': PYTHONPATH=/home/riser14/ros_ws/build/py_pubsub/prefix_override:/home/riser14/ros_ws/install/py_pubsub/lib/python3.10/site-packages:${PYTHONPATH} /usr/bin/python3 setup.py egg_info --egg-base ../../build/py_pubsub build --build-base /home/riser14/ros_ws/build/py_pubsub/build install --record /home/riser14/ros_ws/build/py_pubsub/install.log --single-version-externally-managed
[1.840s] running egg_info
[1.841s] writing ../../build/py_pubsub/py_pubsub.egg-info/PKG-INFO
[1.841s] writing dependency_links to ../../build/py_pubsub/py_pubsub.egg-info/dependency_links.txt
[1.842s] writing entry points to ../../build/py_pubsub/py_pubsub.egg-info/entry_points.txt
[1.842s] writing requirements to ../../build/py_pubsub/py_pubsub.egg-info/requires.txt
[1.842s] writing top-level names to ../../build/py_pubsub/py_pubsub.egg-info/top_level.txt
[1.905s] listing git files failed - pretending there aren't any
[2.061s] reading manifest file '../../build/py_pubsub/py_pubsub.egg-info/SOURCES.txt'
[2.063s] writing manifest file '../../build/py_pubsub/py_pubsub.egg-info/SOURCES.txt'
[2.063s] running build
[2.063s] running build_py
[2.063s] copying py_pubsub/subscriber_member_function.py -> /home/riser14/ros_ws/build/py_pubsub/build/lib/py_pubsub
[2.064s] running install
[2.065s] running install_lib
[2.066s] copying /home/riser14/ros_ws/build/py_pubsub/build/lib/py_pubsub/subscriber_member_function.py -> /home/riser14/ros_ws/install/py_pubsub/lib/python3.10/site-packages/py_pubsub
[2.068s] byte-compiling /home/riser14/ros_ws/install/py_pubsub/lib/python3.10/site-packages/py_pubsub/subscriber_member_function.py to subscriber_member_function.cpython-310.pyc
[2.069s] running install_data
[2.070s] running install_egg_info
[2.072s] removing '/home/riser14/ros_ws/install/py_pubsub/lib/python3.10/site-packages/py_pubsub-0.0.0-py3.10.egg-info' (and everything under it)
[2.072s] Copying ../../build/py_pubsub/py_pubsub.egg-info to /home/riser14/ros_ws/install/py_pubsub/lib/python3.10/site-packages/py_pubsub-0.0.0-py3.10.egg-info
[2.074s] running install_scripts
[2.113s] Installing follow script to /home/riser14/ros_ws/install/py_pubsub/lib/py_pubsub
[2.113s] Installing listener script to /home/riser14/ros_ws/install/py_pubsub/lib/py_pubsub
[2.114s] Installing talker script to /home/riser14/ros_ws/install/py_pubsub/lib/py_pubsub
[2.114s] writing list of installed files to '/home/riser14/ros_ws/build/py_pubsub/install.log'
[2.171s] Invoked command in '/home/riser14/ros_ws/src/py_pubsub' returned '0': PYTHONPATH=/home/riser14/ros_ws/build/py_pubsub/prefix_override:/home/riser14/ros_ws/install/py_pubsub/lib/python3.10/site-packages:${PYTHONPATH} /usr/bin/python3 setup.py egg_info --egg-base ../../build/py_pubsub build --build-base /home/riser14/ros_ws/build/py_pubsub/build install --record /home/riser14/ros_ws/build/py_pubsub/install.log --single-version-externally-managed
