[1.673s] Invoking command in '/home/riser14/ros_ws/src/py_pubsub': PYTHONPATH=/home/riser14/ros_ws/build/py_pubsub/prefix_override:/home/riser14/ros_ws/install/py_pubsub/lib/python3.10/site-packages:${PYTHONPATH} /usr/bin/python3 setup.py egg_info --egg-base ../../build/py_pubsub build --build-base /home/riser14/ros_ws/build/py_pubsub/build install --record /home/riser14/ros_ws/build/py_pubsub/install.log --single-version-externally-managed
[2.066s] running egg_info
[2.067s] writing ../../build/py_pubsub/py_pubsub.egg-info/PKG-INFO
[2.067s] writing dependency_links to ../../build/py_pubsub/py_pubsub.egg-info/dependency_links.txt
[2.068s] writing entry points to ../../build/py_pubsub/py_pubsub.egg-info/entry_points.txt
[2.068s] writing requirements to ../../build/py_pubsub/py_pubsub.egg-info/requires.txt
[2.068s] writing top-level names to ../../build/py_pubsub/py_pubsub.egg-info/top_level.txt
[2.137s] listing git files failed - pretending there aren't any
[2.300s] reading manifest file '../../build/py_pubsub/py_pubsub.egg-info/SOURCES.txt'
[2.302s] writing manifest file '../../build/py_pubsub/py_pubsub.egg-info/SOURCES.txt'
[2.302s] running build
[2.302s] running build_py
[2.303s] copying py_pubsub/compare_images_orb.py -> /home/riser14/ros_ws/build/py_pubsub/build/lib/py_pubsub
[2.304s] running install
[2.305s] running install_lib
[2.308s] copying /home/riser14/ros_ws/build/py_pubsub/build/lib/py_pubsub/compare_images_orb.py -> /home/riser14/ros_ws/install/py_pubsub/lib/python3.10/site-packages/py_pubsub
[2.310s] byte-compiling /home/riser14/ros_ws/install/py_pubsub/lib/python3.10/site-packages/py_pubsub/compare_images_orb.py to compare_images_orb.cpython-310.pyc
[2.312s] running install_data
[2.313s] running install_egg_info
[2.315s] removing '/home/riser14/ros_ws/install/py_pubsub/lib/python3.10/site-packages/py_pubsub-0.0.0-py3.10.egg-info' (and everything under it)
[2.315s] Copying ../../build/py_pubsub/py_pubsub.egg-info to /home/riser14/ros_ws/install/py_pubsub/lib/python3.10/site-packages/py_pubsub-0.0.0-py3.10.egg-info
[2.316s] running install_scripts
[2.341s] Installing capture script to /home/riser14/ros_ws/install/py_pubsub/lib/py_pubsub
[2.341s] Installing compare_feature script to /home/riser14/ros_ws/install/py_pubsub/lib/py_pubsub
[2.341s] Installing compare_mean_error script to /home/riser14/ros_ws/install/py_pubsub/lib/py_pubsub
[2.341s] Installing control_mpc script to /home/riser14/ros_ws/install/py_pubsub/lib/py_pubsub
[2.342s] Installing control_nmpc script to /home/riser14/ros_ws/install/py_pubsub/lib/py_pubsub
[2.343s] Installing follow script to /home/riser14/ros_ws/install/py_pubsub/lib/py_pubsub
[2.343s] Installing listener script to /home/riser14/ros_ws/install/py_pubsub/lib/py_pubsub
[2.343s] Installing pid script to /home/riser14/ros_ws/install/py_pubsub/lib/py_pubsub
[2.343s] Installing pose_sub script to /home/riser14/ros_ws/install/py_pubsub/lib/py_pubsub
[2.343s] writing list of installed files to '/home/riser14/ros_ws/build/py_pubsub/install.log'
[2.393s] Invoked command in '/home/riser14/ros_ws/src/py_pubsub' returned '0': PYTHONPATH=/home/riser14/ros_ws/build/py_pubsub/prefix_override:/home/riser14/ros_ws/install/py_pubsub/lib/python3.10/site-packages:${PYTHONPATH} /usr/bin/python3 setup.py egg_info --egg-base ../../build/py_pubsub build --build-base /home/riser14/ros_ws/build/py_pubsub/build install --record /home/riser14/ros_ws/build/py_pubsub/install.log --single-version-externally-managed
