[1.909s] Invoking command in '/home/riser14/ros_ws/src/my_package': PYTHONPATH=/home/riser14/ros_ws/build/my_package/prefix_override:/home/riser14/ros_ws/install/my_package/lib/python3.10/site-packages:${PYTHONPATH} /usr/bin/python3 setup.py egg_info --egg-base ../../build/my_package build --build-base /home/riser14/ros_ws/build/my_package/build install --record /home/riser14/ros_ws/build/my_package/install.log --single-version-externally-managed
[2.280s] running egg_info
[2.281s] writing ../../build/my_package/my_package.egg-info/PKG-INFO
[2.281s] writing dependency_links to ../../build/my_package/my_package.egg-info/dependency_links.txt
[2.282s] writing entry points to ../../build/my_package/my_package.egg-info/entry_points.txt
[2.282s] writing requirements to ../../build/my_package/my_package.egg-info/requires.txt
[2.282s] writing top-level names to ../../build/my_package/my_package.egg-info/top_level.txt
[2.339s] listing git files failed - pretending there aren't any
[2.480s] reading manifest file '../../build/my_package/my_package.egg-info/SOURCES.txt'
[2.481s] writing manifest file '../../build/my_package/my_package.egg-info/SOURCES.txt'
[2.481s] running build
[2.481s] running build_py
[2.482s] running install
[2.482s] running install_lib
[2.484s] running install_data
[2.486s] running install_egg_info
[2.487s] removing '/home/riser14/ros_ws/install/my_package/lib/python3.10/site-packages/my_package-0.0.0-py3.10.egg-info' (and everything under it)
[2.488s] Copying ../../build/my_package/my_package.egg-info to /home/riser14/ros_ws/install/my_package/lib/python3.10/site-packages/my_package-0.0.0-py3.10.egg-info
[2.489s] running install_scripts
[2.518s] Installing my_node script to /home/riser14/ros_ws/install/my_package/lib/my_package
[2.518s] writing list of installed files to '/home/riser14/ros_ws/build/my_package/install.log'
[2.563s] Invoked command in '/home/riser14/ros_ws/src/my_package' returned '0': PYTHONPATH=/home/riser14/ros_ws/build/my_package/prefix_override:/home/riser14/ros_ws/install/my_package/lib/python3.10/site-packages:${PYTHONPATH} /usr/bin/python3 setup.py egg_info --egg-base ../../build/my_package build --build-base /home/riser14/ros_ws/build/my_package/build install --record /home/riser14/ros_ws/build/my_package/install.log --single-version-externally-managed
