[0.000000] (-) TimerEvent: {}
[0.000267] (-) JobUnselected: {'identifier': 'my_package'}
[0.000339] (py_pubsub) JobQueued: {'identifier': 'py_pubsub', 'dependencies': OrderedDict()}
[0.000372] (py_pubsub) JobStarted: {'identifier': 'py_pubsub'}
[0.098669] (-) TimerEvent: {}
[0.199536] (-) TimerEvent: {}
[0.299861] (-) TimerEvent: {}
[0.400162] (-) TimerEvent: {}
[0.500820] (-) TimerEvent: {}
[0.601172] (-) TimerEvent: {}
[0.701476] (-) TimerEvent: {}
[0.801802] (-) TimerEvent: {}
[0.902111] (-) TimerEvent: {}
[1.002416] (-) TimerEvent: {}
[1.057081] (py_pubsub) Command: {'cmd': ['/usr/bin/python3', 'setup.py', 'egg_info', '--egg-base', '../../build/py_pubsub', 'build', '--build-base', '/home/riser14/ros_ws/build/py_pubsub/build', 'install', '--record', '/home/riser14/ros_ws/build/py_pubsub/install.log', '--single-version-externally-managed'], 'cwd': '/home/riser14/ros_ws/src/py_pubsub', 'env': {'LANGUAGE': 'en_ZA:en', 'USER': 'riser14', 'XDG_SESSION_TYPE': 'wayland', 'SHLVL': '1', 'LD_LIBRARY_PATH': '/usr/lib/x86_64-linux-gnu/gazebo-11/plugins:/opt/ros/humble/opt/rviz_ogre_vendor/lib:/opt/ros/humble/lib/x86_64-linux-gnu:/opt/ros/humble/lib', 'HOME': '/home/riser14', 'OLDPWD': '/home/riser14', 'DESKTOP_SESSION': 'ubuntu', 'ROS_PYTHON_VERSION': '3', 'GNOME_SHELL_SESSION_MODE': 'ubuntu', 'GTK_MODULES': 'gail:atk-bridge', 'SYSTEMD_EXEC_PID': '1236', 'DBUS_SESSION_BUS_ADDRESS': 'unix:path=/run/user/1000/bus', 'COLORTERM': 'truecolor', 'IM_CONFIG_PHASE': '1', 'WAYLAND_DISPLAY': 'wayland-0', 'COLCON_PREFIX_PATH': '/home/riser14/ros_ws/install', 'ROS_DISTRO': 'humble', 'LOGNAME': 'riser14', '_': '/usr/bin/colcon', 'ROS_VERSION': '2', 'XDG_SESSION_CLASS': 'user', 'USERNAME': 'riser14', 'TERM': 'xterm-256color', 'GNOME_DESKTOP_SESSION_ID': 'this-is-deprecated', 'ROS_LOCALHOST_ONLY': '0', 'PATH': '/opt/ros/humble/bin:/home/riser14/.local/bin:/usr/local/sbin:/usr/local/bin:/usr/sbin:/usr/bin:/sbin:/bin:/usr/games:/usr/local/games:/snap/bin:/snap/bin', 'SESSION_MANAGER': 'local/riser14-Inspiron-5559:@/tmp/.ICE-unix/1200,unix/riser14-Inspiron-5559:/tmp/.ICE-unix/1200', 'XDG_MENU_PREFIX': 'gnome-', 'GNOME_TERMINAL_SCREEN': '/org/gnome/Terminal/screen/1119943a_c5a3_4840_84fa_06188bb2a658', 'GNOME_SETUP_DISPLAY': ':1', 'XDG_RUNTIME_DIR': '/run/user/1000', 'DISPLAY': ':0', 'LANG': 'en_US.UTF-8', 'XDG_CURRENT_DESKTOP': 'ubuntu:GNOME', 'RMW_IMPLEMENTATION': 'rmw_cyclonedds_cpp', 'XMODIFIERS': '@im=ibus', 'XDG_SESSION_DESKTOP': 'ubuntu', 'XAUTHORITY': '/run/user/1000/.mutter-Xwaylandauth.5HYSB2', 'GNOME_TERMINAL_SERVICE': ':1.423', 'SSH_AGENT_LAUNCHER': 'gnome-keyring', 'SSH_AUTH_SOCK': '/run/user/1000/keyring/ssh', 'AMENT_PREFIX_PATH': '/home/riser14/ros_ws/install/py_pubsub:/home/riser14/ros_ws/install/my_package:/opt/ros/humble', 'SHELL': '/bin/bash', 'QT_ACCESSIBILITY': '1', 'GDMSESSION': 'ubuntu', 'QT_IM_MODULE': 'ibus', 'PWD': '/home/riser14/ros_ws/build/py_pubsub', 'TURTLEBOT3_MODEL': 'waffle', 'LC_ALL': 'en_US.UTF-8', 'XDG_CONFIG_DIRS': '/etc/xdg/xdg-ubuntu:/etc/xdg', 'XDG_DATA_DIRS': '/usr/share/ubuntu:/usr/local/share/:/usr/share/:/var/lib/snapd/desktop', 'PYTHONPATH': '/home/riser14/ros_ws/build/py_pubsub/prefix_override:/home/riser14/ros_ws/install/py_pubsub/lib/python3.10/site-packages:/home/riser14/ros_ws/install/py_pubsub/lib/python3.10/site-packages:/home/riser14/ros_ws/install/my_package/lib/python3.10/site-packages:/opt/ros/humble/lib/python3.10/site-packages:/opt/ros/humble/local/lib/python3.10/dist-packages', 'COLCON': '1', 'VTE_VERSION': '6800'}, 'shell': False}
[1.102539] (-) TimerEvent: {}
[1.202895] (-) TimerEvent: {}
[1.303248] (-) TimerEvent: {}
[1.401692] (py_pubsub) StdoutLine: {'line': b'running egg_info\n'}
[1.402502] (py_pubsub) StdoutLine: {'line': b'writing ../../build/py_pubsub/py_pubsub.egg-info/PKG-INFO\n'}
[1.402798] (py_pubsub) StdoutLine: {'line': b'writing dependency_links to ../../build/py_pubsub/py_pubsub.egg-info/dependency_links.txt\n'}
[1.403114] (py_pubsub) StdoutLine: {'line': b'writing entry points to ../../build/py_pubsub/py_pubsub.egg-info/entry_points.txt\n'}
[1.403306] (-) TimerEvent: {}
[1.403555] (py_pubsub) StdoutLine: {'line': b'writing requirements to ../../build/py_pubsub/py_pubsub.egg-info/requires.txt\n'}
[1.403779] (py_pubsub) StdoutLine: {'line': b'writing top-level names to ../../build/py_pubsub/py_pubsub.egg-info/top_level.txt\n'}
[1.476875] (py_pubsub) StderrLine: {'line': b"listing git files failed - pretending there aren't any\n"}
[1.503407] (-) TimerEvent: {}
[1.603758] (-) TimerEvent: {}
[1.610255] (py_pubsub) StdoutLine: {'line': b"reading manifest file '../../build/py_pubsub/py_pubsub.egg-info/SOURCES.txt'\n"}
[1.611397] (py_pubsub) StdoutLine: {'line': b"writing manifest file '../../build/py_pubsub/py_pubsub.egg-info/SOURCES.txt'\n"}
[1.611774] (py_pubsub) StdoutLine: {'line': b'running build\n'}
[1.611949] (py_pubsub) StdoutLine: {'line': b'running build_py\n'}
[1.612164] (py_pubsub) StdoutLine: {'line': b'copying py_pubsub/publisher_member_function.py -> /home/riser14/ros_ws/build/py_pubsub/build/lib/py_pubsub\n'}
[1.612656] (py_pubsub) StdoutLine: {'line': b'running install\n'}
[1.613111] (py_pubsub) StdoutLine: {'line': b'running install_lib\n'}
[1.614208] (py_pubsub) StdoutLine: {'line': b'copying /home/riser14/ros_ws/build/py_pubsub/build/lib/py_pubsub/publisher_member_function.py -> /home/riser14/ros_ws/install/py_pubsub/lib/python3.10/site-packages/py_pubsub\n'}
[1.614974] (py_pubsub) StdoutLine: {'line': b'byte-compiling /home/riser14/ros_ws/install/py_pubsub/lib/python3.10/site-packages/py_pubsub/publisher_member_function.py to publisher_member_function.cpython-310.pyc\n'}
[1.617729] (py_pubsub) StdoutLine: {'line': b'running install_data\n'}
[1.618438] (py_pubsub) StdoutLine: {'line': b'running install_egg_info\n'}
[1.619306] (py_pubsub) StdoutLine: {'line': b"removing '/home/riser14/ros_ws/install/py_pubsub/lib/python3.10/site-packages/py_pubsub-0.0.0-py3.10.egg-info' (and everything under it)\n"}
[1.619666] (py_pubsub) StdoutLine: {'line': b'Copying ../../build/py_pubsub/py_pubsub.egg-info to /home/riser14/ros_ws/install/py_pubsub/lib/python3.10/site-packages/py_pubsub-0.0.0-py3.10.egg-info\n'}
[1.620632] (py_pubsub) StdoutLine: {'line': b'running install_scripts\n'}
[1.642491] (py_pubsub) StdoutLine: {'line': b'Installing control_mpc script to /home/riser14/ros_ws/install/py_pubsub/lib/py_pubsub\n'}
[1.642902] (py_pubsub) StdoutLine: {'line': b'Installing control_nmpc script to /home/riser14/ros_ws/install/py_pubsub/lib/py_pubsub\n'}
[1.643191] (py_pubsub) StdoutLine: {'line': b'Installing follow script to /home/riser14/ros_ws/install/py_pubsub/lib/py_pubsub\n'}
[1.643375] (py_pubsub) StdoutLine: {'line': b'Installing listener script to /home/riser14/ros_ws/install/py_pubsub/lib/py_pubsub\n'}
[1.643849] (py_pubsub) StdoutLine: {'line': b"writing list of installed files to '/home/riser14/ros_ws/build/py_pubsub/install.log'\n"}
[1.677237] (py_pubsub) CommandEnded: {'returncode': 0}
[1.703873] (-) TimerEvent: {}
[1.753558] (py_pubsub) JobEnded: {'identifier': 'py_pubsub', 'rc': 0}
[1.754457] (-) EventReactorShutdown: {}
