[2.106s] Invoking command in '/home/riser14/ros_ws/src/py_pubsub': PYTHONPATH=/home/riser14/ros_ws/build/py_pubsub/prefix_override:/home/riser14/ros_ws/install/py_pubsub/lib/python3.10/site-packages:${PYTHONPATH} /usr/bin/python3 setup.py egg_info --egg-base ../../build/py_pubsub build --build-base /home/riser14/ros_ws/build/py_pubsub/build install --record /home/riser14/ros_ws/build/py_pubsub/install.log --single-version-externally-managed
[2.508s] running egg_info
[2.508s] writing ../../build/py_pubsub/py_pubsub.egg-info/PKG-INFO
[2.509s] writing dependency_links to ../../build/py_pubsub/py_pubsub.egg-info/dependency_links.txt
[2.509s] writing entry points to ../../build/py_pubsub/py_pubsub.egg-info/entry_points.txt
[2.509s] writing requirements to ../../build/py_pubsub/py_pubsub.egg-info/requires.txt
[2.509s] writing top-level names to ../../build/py_pubsub/py_pubsub.egg-info/top_level.txt
[2.611s] listing git files failed - pretending there aren't any
[3.053s] reading manifest file '../../build/py_pubsub/py_pubsub.egg-info/SOURCES.txt'
[3.087s] writing manifest file '../../build/py_pubsub/py_pubsub.egg-info/SOURCES.txt'
[3.087s] running build
[3.087s] running build_py
[3.087s] copying py_pubsub/camera_capture.py -> /home/riser14/ros_ws/build/py_pubsub/build/lib/py_pubsub
[3.088s] running install
[3.089s] running install_lib
[3.090s] copying /home/riser14/ros_ws/build/py_pubsub/build/lib/py_pubsub/camera_capture.py -> /home/riser14/ros_ws/install/py_pubsub/lib/python3.10/site-packages/py_pubsub
[3.091s] byte-compiling /home/riser14/ros_ws/install/py_pubsub/lib/python3.10/site-packages/py_pubsub/camera_capture.py to camera_capture.cpython-310.pyc
[3.092s] running install_data
[3.093s] running install_egg_info
[3.094s] removing '/home/riser14/ros_ws/install/py_pubsub/lib/python3.10/site-packages/py_pubsub-0.0.0-py3.10.egg-info' (and everything under it)
[3.095s] Copying ../../build/py_pubsub/py_pubsub.egg-info to /home/riser14/ros_ws/install/py_pubsub/lib/python3.10/site-packages/py_pubsub-0.0.0-py3.10.egg-info
[3.142s] running install_scripts
[3.174s] Installing capture script to /home/riser14/ros_ws/install/py_pubsub/lib/py_pubsub
[3.174s] Installing control_mpc script to /home/riser14/ros_ws/install/py_pubsub/lib/py_pubsub
[3.175s] Installing control_nmpc script to /home/riser14/ros_ws/install/py_pubsub/lib/py_pubsub
[3.175s] Installing follow script to /home/riser14/ros_ws/install/py_pubsub/lib/py_pubsub
[3.175s] Installing listener script to /home/riser14/ros_ws/install/py_pubsub/lib/py_pubsub
[3.175s] Installing pid script to /home/riser14/ros_ws/install/py_pubsub/lib/py_pubsub
[3.175s] Installing pose_sub script to /home/riser14/ros_ws/install/py_pubsub/lib/py_pubsub
[3.176s] writing list of installed files to '/home/riser14/ros_ws/build/py_pubsub/install.log'
[3.299s] Invoked command in '/home/riser14/ros_ws/src/py_pubsub' returned '0': PYTHONPATH=/home/riser14/ros_ws/build/py_pubsub/prefix_override:/home/riser14/ros_ws/install/py_pubsub/lib/python3.10/site-packages:${PYTHONPATH} /usr/bin/python3 setup.py egg_info --egg-base ../../build/py_pubsub build --build-base /home/riser14/ros_ws/build/py_pubsub/build install --record /home/riser14/ros_ws/build/py_pubsub/install.log --single-version-externally-managed
