[3.547s] Invoking command in '/home/riser14/ros_ws/src/py_pubsub': PYTHONPATH=/home/riser14/ros_ws/build/py_pubsub/prefix_override:/home/riser14/ros_ws/install/py_pubsub/lib/python3.10/site-packages:${PYTHONPATH} /usr/bin/python3 setup.py egg_info --egg-base ../../build/py_pubsub build --build-base /home/riser14/ros_ws/build/py_pubsub/build install --record /home/riser14/ros_ws/build/py_pubsub/install.log --single-version-externally-managed
[3.964s] running egg_info
[3.965s] writing ../../build/py_pubsub/py_pubsub.egg-info/PKG-INFO
[3.965s] writing dependency_links to ../../build/py_pubsub/py_pubsub.egg-info/dependency_links.txt
[3.965s] writing entry points to ../../build/py_pubsub/py_pubsub.egg-info/entry_points.txt
[3.966s] writing requirements to ../../build/py_pubsub/py_pubsub.egg-info/requires.txt
[3.966s] writing top-level names to ../../build/py_pubsub/py_pubsub.egg-info/top_level.txt
[4.075s] listing git files failed - pretending there aren't any
[5.563s] reading manifest file '../../build/py_pubsub/py_pubsub.egg-info/SOURCES.txt'
[5.589s] writing manifest file '../../build/py_pubsub/py_pubsub.egg-info/SOURCES.txt'
[5.589s] running build
[5.590s] running build_py
[5.590s] copying py_pubsub/pid_control.py -> /home/riser14/ros_ws/build/py_pubsub/build/lib/py_pubsub
[5.591s] running install
[5.592s] running install_lib
[5.593s] copying /home/riser14/ros_ws/build/py_pubsub/build/lib/py_pubsub/pid_control.py -> /home/riser14/ros_ws/install/py_pubsub/lib/python3.10/site-packages/py_pubsub
[5.595s] byte-compiling /home/riser14/ros_ws/install/py_pubsub/lib/python3.10/site-packages/py_pubsub/pid_control.py to pid_control.cpython-310.pyc
[5.619s] running install_data
[5.619s] running install_egg_info
[5.622s] removing '/home/riser14/ros_ws/install/py_pubsub/lib/python3.10/site-packages/py_pubsub-0.0.0-py3.10.egg-info' (and everything under it)
[5.622s] Copying ../../build/py_pubsub/py_pubsub.egg-info to /home/riser14/ros_ws/install/py_pubsub/lib/python3.10/site-packages/py_pubsub-0.0.0-py3.10.egg-info
[5.646s] running install_scripts
[5.683s] Installing capture script to /home/riser14/ros_ws/install/py_pubsub/lib/py_pubsub
[5.683s] Installing compare_feature script to /home/riser14/ros_ws/install/py_pubsub/lib/py_pubsub
[5.683s] Installing compare_mean_error script to /home/riser14/ros_ws/install/py_pubsub/lib/py_pubsub
[5.693s] Installing control_mpc script to /home/riser14/ros_ws/install/py_pubsub/lib/py_pubsub
[5.693s] Installing control_nmpc script to /home/riser14/ros_ws/install/py_pubsub/lib/py_pubsub
[5.697s] Installing drift_measure script to /home/riser14/ros_ws/install/py_pubsub/lib/py_pubsub
[5.697s] Installing follow script to /home/riser14/ros_ws/install/py_pubsub/lib/py_pubsub
[5.697s] Installing full_record script to /home/riser14/ros_ws/install/py_pubsub/lib/py_pubsub
[5.698s] Installing listener script to /home/riser14/ros_ws/install/py_pubsub/lib/py_pubsub
[5.698s] Installing pid script to /home/riser14/ros_ws/install/py_pubsub/lib/py_pubsub
[5.698s] Installing pose_sub script to /home/riser14/ros_ws/install/py_pubsub/lib/py_pubsub
[5.699s] writing list of installed files to '/home/riser14/ros_ws/build/py_pubsub/install.log'
[5.963s] Invoked command in '/home/riser14/ros_ws/src/py_pubsub' returned '0': PYTHONPATH=/home/riser14/ros_ws/build/py_pubsub/prefix_override:/home/riser14/ros_ws/install/py_pubsub/lib/python3.10/site-packages:${PYTHONPATH} /usr/bin/python3 setup.py egg_info --egg-base ../../build/py_pubsub build --build-base /home/riser14/ros_ws/build/py_pubsub/build install --record /home/riser14/ros_ws/build/py_pubsub/install.log --single-version-externally-managed
