[0.000000] (-) TimerEvent: {}
[0.002736] (my_package) JobQueued: {'identifier': 'my_package', 'dependencies': OrderedDict()}
[0.003018] (py_pubsub) JobQueued: {'identifier': 'py_pubsub', 'dependencies': OrderedDict()}
[0.008128] (my_package) JobStarted: {'identifier': 'my_package'}
[0.099435] (-) TimerEvent: {}
[0.201083] (-) TimerEvent: {}
[0.301995] (-) TimerEvent: {}
[0.402480] (-) TimerEvent: {}
[0.505917] (-) TimerEvent: {}
[0.608591] (-) TimerEvent: {}
[0.709608] (-) TimerEvent: {}
[0.814943] (-) TimerEvent: {}
[0.916969] (-) TimerEvent: {}
[1.018664] (-) TimerEvent: {}
[1.073264] (py_pubsub) JobStarted: {'identifier': 'py_pubsub'}
[1.118951] (-) TimerEvent: {}
[1.222529] (-) TimerEvent: {}
[1.323589] (-) TimerEvent: {}
[1.424577] (-) TimerEvent: {}
[1.527010] (-) TimerEvent: {}
[1.632597] (-) TimerEvent: {}
[1.734093] (-) TimerEvent: {}
[1.836053] (-) TimerEvent: {}
[1.937261] (-) TimerEvent: {}
[2.038844] (-) TimerEvent: {}
[2.140602] (-) TimerEvent: {}
[2.241293] (-) TimerEvent: {}
[2.341843] (-) TimerEvent: {}
[2.443015] (-) TimerEvent: {}
[2.543595] (-) TimerEvent: {}
[2.645506] (-) TimerEvent: {}
[2.747061] (-) TimerEvent: {}
[2.850289] (-) TimerEvent: {}
[2.954397] (-) TimerEvent: {}
[3.058439] (-) TimerEvent: {}
[3.161028] (-) TimerEvent: {}
[3.261821] (-) TimerEvent: {}
[3.362467] (-) TimerEvent: {}
[3.465202] (-) TimerEvent: {}
[3.566503] (-) TimerEvent: {}
[3.667713] (-) TimerEvent: {}
[3.768302] (-) TimerEvent: {}
[3.868977] (-) TimerEvent: {}
[3.970124] (-) TimerEvent: {}
[4.071771] (-) TimerEvent: {}
[4.172691] (-) TimerEvent: {}
[4.273386] (-) TimerEvent: {}
[4.374691] (-) TimerEvent: {}
[4.478642] (-) TimerEvent: {}
[4.581340] (-) TimerEvent: {}
[4.683023] (-) TimerEvent: {}
[4.784438] (-) TimerEvent: {}
[4.886288] (-) TimerEvent: {}
[4.989891] (-) TimerEvent: {}
[5.091678] (-) TimerEvent: {}
[5.192993] (-) TimerEvent: {}
[5.294334] (-) TimerEvent: {}
[5.396135] (-) TimerEvent: {}
[5.496979] (-) TimerEvent: {}
[5.598180] (-) TimerEvent: {}
[5.702475] (-) TimerEvent: {}
[5.804401] (-) TimerEvent: {}
[5.905457] (-) TimerEvent: {}
[6.006303] (-) TimerEvent: {}
[6.107057] (-) TimerEvent: {}
[6.208438] (-) TimerEvent: {}
[6.309156] (-) TimerEvent: {}
[6.410455] (-) TimerEvent: {}
[6.511418] (-) TimerEvent: {}
[6.612064] (-) TimerEvent: {}
[6.713278] (-) TimerEvent: {}
[6.813884] (-) TimerEvent: {}
[6.914553] (-) TimerEvent: {}
[7.015620] (-) TimerEvent: {}
[7.116189] (-) TimerEvent: {}
[7.217265] (-) TimerEvent: {}
[7.320967] (-) TimerEvent: {}
[7.421873] (-) TimerEvent: {}
[7.522732] (-) TimerEvent: {}
[7.625317] (-) TimerEvent: {}
[7.726629] (-) TimerEvent: {}
[7.828286] (-) TimerEvent: {}
[7.931194] (-) TimerEvent: {}
[8.032951] (-) TimerEvent: {}
[8.137331] (-) TimerEvent: {}
[8.238537] (-) TimerEvent: {}
[8.340678] (-) TimerEvent: {}
[8.441372] (-) TimerEvent: {}
[8.545265] (-) TimerEvent: {}
[8.649677] (-) TimerEvent: {}
[8.751756] (-) TimerEvent: {}
[8.853579] (-) TimerEvent: {}
[8.954137] (-) TimerEvent: {}
[9.055732] (-) TimerEvent: {}
[9.157054] (-) TimerEvent: {}
[9.258124] (-) TimerEvent: {}
[9.360097] (-) TimerEvent: {}
[9.463893] (-) TimerEvent: {}
[9.578569] (-) TimerEvent: {}
[9.680444] (-) TimerEvent: {}
[9.782384] (-) TimerEvent: {}
[9.884045] (-) TimerEvent: {}
[9.986494] (-) TimerEvent: {}
[10.087580] (-) TimerEvent: {}
[10.188625] (-) TimerEvent: {}
[10.289361] (-) TimerEvent: {}
[10.391620] (-) TimerEvent: {}
[10.493326] (-) TimerEvent: {}
[10.599834] (-) TimerEvent: {}
[10.700726] (-) TimerEvent: {}
[10.802444] (-) TimerEvent: {}
[10.904655] (-) TimerEvent: {}
[11.004324] (py_pubsub) Command: {'cmd': ['/usr/bin/python3', 'setup.py', 'egg_info', '--egg-base', '../../build/py_pubsub', 'build', '--build-base', '/home/riser14/ros_ws/build/py_pubsub/build', 'install', '--record', '/home/riser14/ros_ws/build/py_pubsub/install.log', '--single-version-externally-managed'], 'cwd': '/home/riser14/ros_ws/src/py_pubsub', 'env': {'LANGUAGE': 'en_ZA:en', 'USER': 'riser14', 'XDG_SESSION_TYPE': 'wayland', 'SHLVL': '1', 'LD_LIBRARY_PATH': '/usr/lib/x86_64-linux-gnu/gazebo-11/plugins:/opt/ros/humble/opt/rviz_ogre_vendor/lib:/opt/ros/humble/lib/x86_64-linux-gnu:/opt/ros/humble/lib', 'HOME': '/home/riser14', 'OLDPWD': '/home/riser14', 'DESKTOP_SESSION': 'ubuntu', 'ROS_PYTHON_VERSION': '3', 'GNOME_SHELL_SESSION_MODE': 'ubuntu', 'GTK_MODULES': 'gail:atk-bridge', 'SYSTEMD_EXEC_PID': '82919', 'DBUS_SESSION_BUS_ADDRESS': 'unix:path=/run/user/1000/bus', 'COLORTERM': 'truecolor', 'IM_CONFIG_PHASE': '1', 'WAYLAND_DISPLAY': 'wayland-0', 'COLCON_PREFIX_PATH': '/home/riser14/picture_ws/install:/home/riser14/ros_ws/install', 'ROS_DISTRO': 'humble', 'LOGNAME': 'riser14', '_': '/usr/bin/colcon', 'ROS_VERSION': '2', 'XDG_SESSION_CLASS': 'user', 'USERNAME': 'riser14', 'TERM': 'xterm-256color', 'GAZEBO_MODEL_PATH': ':/opt/ros/humble/share/turtlebot3_gazebo/models', 'GNOME_DESKTOP_SESSION_ID': 'this-is-deprecated', 'ROS_LOCALHOST_ONLY': '0', 'PATH': '/opt/ros/humble/bin:/usr/local/sbin:/usr/local/bin:/usr/sbin:/usr/bin:/sbin:/bin:/usr/games:/usr/local/games:/snap/bin:/snap/bin', 'SESSION_MANAGER': 'local/riser14-Inspiron-5559:@/tmp/.ICE-unix/1341,unix/riser14-Inspiron-5559:/tmp/.ICE-unix/1341', 'XDG_MENU_PREFIX': 'gnome-', 'GNOME_TERMINAL_SCREEN': '/org/gnome/Terminal/screen/6362a14c_251f_4025_9e57_4fd834c54b46', 'GNOME_SETUP_DISPLAY': ':1', 'XDG_RUNTIME_DIR': '/run/user/1000', 'DISPLAY': ':0', 'LANG': 'en_US.UTF-8', 'XDG_CURRENT_DESKTOP': 'ubuntu:GNOME', 'RMW_IMPLEMENTATION': 'rmw_cyclonedds_cpp', 'XMODIFIERS': '@im=ibus', 'XDG_SESSION_DESKTOP': 'ubuntu', 'XAUTHORITY': '/run/user/1000/.mutter-Xwaylandauth.W7X1B2', 'GNOME_TERMINAL_SERVICE': ':1.360', 'SSH_AGENT_LAUNCHER': 'gnome-keyring', 'SSH_AUTH_SOCK': '/run/user/1000/keyring/ssh', 'AMENT_PREFIX_PATH': '/home/riser14/ros_ws/install/py_pubsub:/home/riser14/ros_ws/install/my_package:/home/riser14/picture_ws/install/my_camera:/opt/ros/humble', 'SHELL': '/bin/bash', 'QT_ACCESSIBILITY': '1', 'GDMSESSION': 'ubuntu', 'QT_IM_MODULE': 'ibus', 'PWD': '/home/riser14/ros_ws/build/py_pubsub', 'TURTLEBOT3_MODEL': 'waffle', 'LC_ALL': 'en_US.UTF-8', 'XDG_CONFIG_DIRS': '/etc/xdg/xdg-ubuntu:/etc/xdg', 'XDG_DATA_DIRS': '/usr/share/ubuntu:/usr/local/share/:/usr/share/:/var/lib/snapd/desktop', 'PYTHONPATH': '/home/riser14/ros_ws/build/py_pubsub/prefix_override:/home/riser14/ros_ws/install/py_pubsub/lib/python3.10/site-packages:/home/riser14/ros_ws/install/py_pubsub/lib/python3.10/site-packages:/home/riser14/ros_ws/install/my_package/lib/python3.10/site-packages:/home/riser14/picture_ws/install/my_camera/lib/python3.10/site-packages:/opt/ros/humble/lib/python3.10/site-packages:/opt/ros/humble/local/lib/python3.10/dist-packages', 'COLCON': '1', 'VTE_VERSION': '6800'}, 'shell': False}
[11.007109] (-) TimerEvent: {}
[11.109858] (-) TimerEvent: {}
[11.210861] (-) TimerEvent: {}
[11.311238] (-) TimerEvent: {}
[11.417697] (-) TimerEvent: {}
[11.441702] (my_package) Command: {'cmd': ['/usr/bin/python3', 'setup.py', 'egg_info', '--egg-base', '../../build/my_package', 'build', '--build-base', '/home/riser14/ros_ws/build/my_package/build', 'install', '--record', '/home/riser14/ros_ws/build/my_package/install.log', '--single-version-externally-managed'], 'cwd': '/home/riser14/ros_ws/src/my_package', 'env': {'LANGUAGE': 'en_ZA:en', 'USER': 'riser14', 'XDG_SESSION_TYPE': 'wayland', 'SHLVL': '1', 'LD_LIBRARY_PATH': '/usr/lib/x86_64-linux-gnu/gazebo-11/plugins:/opt/ros/humble/opt/rviz_ogre_vendor/lib:/opt/ros/humble/lib/x86_64-linux-gnu:/opt/ros/humble/lib', 'HOME': '/home/riser14', 'OLDPWD': '/home/riser14', 'DESKTOP_SESSION': 'ubuntu', 'ROS_PYTHON_VERSION': '3', 'GNOME_SHELL_SESSION_MODE': 'ubuntu', 'GTK_MODULES': 'gail:atk-bridge', 'SYSTEMD_EXEC_PID': '82919', 'DBUS_SESSION_BUS_ADDRESS': 'unix:path=/run/user/1000/bus', 'COLORTERM': 'truecolor', 'IM_CONFIG_PHASE': '1', 'WAYLAND_DISPLAY': 'wayland-0', 'COLCON_PREFIX_PATH': '/home/riser14/picture_ws/install:/home/riser14/ros_ws/install', 'ROS_DISTRO': 'humble', 'LOGNAME': 'riser14', '_': '/usr/bin/colcon', 'ROS_VERSION': '2', 'XDG_SESSION_CLASS': 'user', 'USERNAME': 'riser14', 'TERM': 'xterm-256color', 'GAZEBO_MODEL_PATH': ':/opt/ros/humble/share/turtlebot3_gazebo/models', 'GNOME_DESKTOP_SESSION_ID': 'this-is-deprecated', 'ROS_LOCALHOST_ONLY': '0', 'PATH': '/opt/ros/humble/bin:/usr/local/sbin:/usr/local/bin:/usr/sbin:/usr/bin:/sbin:/bin:/usr/games:/usr/local/games:/snap/bin:/snap/bin', 'SESSION_MANAGER': 'local/riser14-Inspiron-5559:@/tmp/.ICE-unix/1341,unix/riser14-Inspiron-5559:/tmp/.ICE-unix/1341', 'XDG_MENU_PREFIX': 'gnome-', 'GNOME_TERMINAL_SCREEN': '/org/gnome/Terminal/screen/6362a14c_251f_4025_9e57_4fd834c54b46', 'GNOME_SETUP_DISPLAY': ':1', 'XDG_RUNTIME_DIR': '/run/user/1000', 'DISPLAY': ':0', 'LANG': 'en_US.UTF-8', 'XDG_CURRENT_DESKTOP': 'ubuntu:GNOME', 'RMW_IMPLEMENTATION': 'rmw_cyclonedds_cpp', 'XMODIFIERS': '@im=ibus', 'XDG_SESSION_DESKTOP': 'ubuntu', 'XAUTHORITY': '/run/user/1000/.mutter-Xwaylandauth.W7X1B2', 'GNOME_TERMINAL_SERVICE': ':1.360', 'SSH_AGENT_LAUNCHER': 'gnome-keyring', 'SSH_AUTH_SOCK': '/run/user/1000/keyring/ssh', 'AMENT_PREFIX_PATH': '/home/riser14/ros_ws/install/py_pubsub:/home/riser14/ros_ws/install/my_package:/home/riser14/picture_ws/install/my_camera:/opt/ros/humble', 'SHELL': '/bin/bash', 'QT_ACCESSIBILITY': '1', 'GDMSESSION': 'ubuntu', 'QT_IM_MODULE': 'ibus', 'PWD': '/home/riser14/ros_ws/build/my_package', 'TURTLEBOT3_MODEL': 'waffle', 'LC_ALL': 'en_US.UTF-8', 'XDG_CONFIG_DIRS': '/etc/xdg/xdg-ubuntu:/etc/xdg', 'XDG_DATA_DIRS': '/usr/share/ubuntu:/usr/local/share/:/usr/share/:/var/lib/snapd/desktop', 'PYTHONPATH': '/home/riser14/ros_ws/build/my_package/prefix_override:/home/riser14/ros_ws/install/my_package/lib/python3.10/site-packages:/home/riser14/ros_ws/install/py_pubsub/lib/python3.10/site-packages:/home/riser14/ros_ws/install/my_package/lib/python3.10/site-packages:/home/riser14/picture_ws/install/my_camera/lib/python3.10/site-packages:/opt/ros/humble/lib/python3.10/site-packages:/opt/ros/humble/local/lib/python3.10/dist-packages', 'COLCON': '1', 'VTE_VERSION': '6800'}, 'shell': False}
[11.522627] (-) TimerEvent: {}
[11.627462] (-) TimerEvent: {}
[11.729496] (-) TimerEvent: {}
[11.830951] (-) TimerEvent: {}
[11.931568] (-) TimerEvent: {}
[12.037955] (-) TimerEvent: {}
[12.140064] (-) TimerEvent: {}
[12.242938] (-) TimerEvent: {}
[12.347942] (-) TimerEvent: {}
[12.450536] (-) TimerEvent: {}
[12.555585] (-) TimerEvent: {}
[12.656147] (-) TimerEvent: {}
[12.747272] (py_pubsub) StdoutLine: {'line': b'running egg_info\n'}
[12.752588] (py_pubsub) StdoutLine: {'line': b'writing ../../build/py_pubsub/py_pubsub.egg-info/PKG-INFO\n'}
[12.754489] (py_pubsub) StdoutLine: {'line': b'writing dependency_links to ../../build/py_pubsub/py_pubsub.egg-info/dependency_links.txt\n'}
[12.755478] (py_pubsub) StdoutLine: {'line': b'writing entry points to ../../build/py_pubsub/py_pubsub.egg-info/entry_points.txt\n'}
[12.756495] (-) TimerEvent: {}
[12.758168] (py_pubsub) StdoutLine: {'line': b'writing requirements to ../../build/py_pubsub/py_pubsub.egg-info/requires.txt\n'}
[12.758421] (py_pubsub) StdoutLine: {'line': b'writing top-level names to ../../build/py_pubsub/py_pubsub.egg-info/top_level.txt\n'}
[12.856717] (-) TimerEvent: {}
[12.957944] (-) TimerEvent: {}
[13.040072] (py_pubsub) StderrLine: {'line': b"listing git files failed - pretending there aren't any\n"}
[13.058339] (-) TimerEvent: {}
[13.159669] (-) TimerEvent: {}
[13.260682] (-) TimerEvent: {}
[13.366487] (-) TimerEvent: {}
[13.470007] (-) TimerEvent: {}
[13.575657] (-) TimerEvent: {}
[13.626470] (my_package) StdoutLine: {'line': b'running egg_info\n'}
[13.627634] (my_package) StdoutLine: {'line': b'writing ../../build/my_package/my_package.egg-info/PKG-INFO\n'}
[13.629009] (my_package) StdoutLine: {'line': b'writing dependency_links to ../../build/my_package/my_package.egg-info/dependency_links.txt\n'}
[13.629192] (my_package) StdoutLine: {'line': b'writing entry points to ../../build/my_package/my_package.egg-info/entry_points.txt\n'}
[13.629365] (my_package) StdoutLine: {'line': b'writing requirements to ../../build/my_package/my_package.egg-info/requires.txt\n'}
[13.629519] (my_package) StdoutLine: {'line': b'writing top-level names to ../../build/my_package/my_package.egg-info/top_level.txt\n'}
[13.677228] (-) TimerEvent: {}
[13.787648] (-) TimerEvent: {}
[13.889214] (-) TimerEvent: {}
[13.908425] (py_pubsub) StdoutLine: {'line': b"reading manifest file '../../build/py_pubsub/py_pubsub.egg-info/SOURCES.txt'\n"}
[13.908680] (py_pubsub) StdoutLine: {'line': b"writing manifest file '../../build/py_pubsub/py_pubsub.egg-info/SOURCES.txt'\n"}
[13.909311] (py_pubsub) StdoutLine: {'line': b'running build\n'}
[13.909575] (py_pubsub) StdoutLine: {'line': b'running build_py\n'}
[13.910847] (py_pubsub) StdoutLine: {'line': b'copying py_pubsub/pose_subscriber.py -> /home/riser14/ros_ws/build/py_pubsub/build/lib/py_pubsub\n'}
[13.912919] (py_pubsub) StdoutLine: {'line': b'running install\n'}
[13.915841] (py_pubsub) StdoutLine: {'line': b'running install_lib\n'}
[13.931431] (py_pubsub) StdoutLine: {'line': b'copying /home/riser14/ros_ws/build/py_pubsub/build/lib/py_pubsub/pose_subscriber.py -> /home/riser14/ros_ws/install/py_pubsub/lib/python3.10/site-packages/py_pubsub\n'}
[13.938722] (py_pubsub) StdoutLine: {'line': b'byte-compiling /home/riser14/ros_ws/install/py_pubsub/lib/python3.10/site-packages/py_pubsub/pose_subscriber.py to pose_subscriber.cpython-310.pyc\n'}
[13.945158] (py_pubsub) StdoutLine: {'line': b'running install_data\n'}
[13.948400] (py_pubsub) StdoutLine: {'line': b'running install_egg_info\n'}
[13.950028] (py_pubsub) StdoutLine: {'line': b"removing '/home/riser14/ros_ws/install/py_pubsub/lib/python3.10/site-packages/py_pubsub-0.0.0-py3.10.egg-info' (and everything under it)\n"}
[13.954176] (py_pubsub) StdoutLine: {'line': b'Copying ../../build/py_pubsub/py_pubsub.egg-info to /home/riser14/ros_ws/install/py_pubsub/lib/python3.10/site-packages/py_pubsub-0.0.0-py3.10.egg-info\n'}
[13.957501] (py_pubsub) StdoutLine: {'line': b'running install_scripts\n'}
[13.967891] (my_package) StderrLine: {'line': b"listing git files failed - pretending there aren't any\n"}
[13.989411] (-) TimerEvent: {}
[14.098512] (-) TimerEvent: {}
[14.142849] (py_pubsub) StdoutLine: {'line': b'Installing control_mpc script to /home/riser14/ros_ws/install/py_pubsub/lib/py_pubsub\n'}
[14.143518] (py_pubsub) StdoutLine: {'line': b'Installing control_nmpc script to /home/riser14/ros_ws/install/py_pubsub/lib/py_pubsub\n'}
[14.144168] (py_pubsub) StdoutLine: {'line': b'Installing follow script to /home/riser14/ros_ws/install/py_pubsub/lib/py_pubsub\n'}
[14.144532] (py_pubsub) StdoutLine: {'line': b'Installing listener script to /home/riser14/ros_ws/install/py_pubsub/lib/py_pubsub\n'}
[14.144759] (py_pubsub) StdoutLine: {'line': b'Installing pid script to /home/riser14/ros_ws/install/py_pubsub/lib/py_pubsub\n'}
[14.145010] (py_pubsub) StdoutLine: {'line': b'Installing pose_sub script to /home/riser14/ros_ws/install/py_pubsub/lib/py_pubsub\n'}
[14.145568] (py_pubsub) StdoutLine: {'line': b"writing list of installed files to '/home/riser14/ros_ws/build/py_pubsub/install.log'\n"}
[14.198579] (-) TimerEvent: {}
[14.297460] (py_pubsub) CommandEnded: {'returncode': 0}
[14.300456] (-) TimerEvent: {}
[14.401398] (-) TimerEvent: {}
[14.503099] (-) TimerEvent: {}
[14.604446] (-) TimerEvent: {}
[14.707928] (-) TimerEvent: {}
[14.735652] (py_pubsub) JobEnded: {'identifier': 'py_pubsub', 'rc': 0}
[14.755993] (my_package) StdoutLine: {'line': b"reading manifest file '../../build/my_package/my_package.egg-info/SOURCES.txt'\n"}
[14.762552] (my_package) StdoutLine: {'line': b"writing manifest file '../../build/my_package/my_package.egg-info/SOURCES.txt'\n"}
[14.763471] (my_package) StdoutLine: {'line': b'running build\n'}
[14.764655] (my_package) StdoutLine: {'line': b'running build_py\n'}
[14.765221] (my_package) StdoutLine: {'line': b'running install\n'}
[14.765510] (my_package) StdoutLine: {'line': b'running install_lib\n'}
[14.770996] (my_package) StdoutLine: {'line': b'running install_data\n'}
[14.775534] (my_package) StdoutLine: {'line': b'running install_egg_info\n'}
[14.777432] (my_package) StdoutLine: {'line': b"removing '/home/riser14/ros_ws/install/my_package/lib/python3.10/site-packages/my_package-0.0.0-py3.10.egg-info' (and everything under it)\n"}
[14.779241] (my_package) StdoutLine: {'line': b'Copying ../../build/my_package/my_package.egg-info to /home/riser14/ros_ws/install/my_package/lib/python3.10/site-packages/my_package-0.0.0-py3.10.egg-info\n'}
[14.788269] (my_package) StdoutLine: {'line': b'running install_scripts\n'}
[14.808155] (-) TimerEvent: {}
[14.909314] (-) TimerEvent: {}
[14.912484] (my_package) StdoutLine: {'line': b'Installing my_node script to /home/riser14/ros_ws/install/my_package/lib/my_package\n'}
[14.915857] (my_package) StdoutLine: {'line': b"writing list of installed files to '/home/riser14/ros_ws/build/my_package/install.log'\n"}
[15.009845] (-) TimerEvent: {}
[15.102720] (my_package) CommandEnded: {'returncode': 0}
[15.111997] (-) TimerEvent: {}
[15.212780] (-) TimerEvent: {}
[15.313503] (-) TimerEvent: {}
[15.415249] (-) TimerEvent: {}
[15.516209] (-) TimerEvent: {}
[15.616718] (-) TimerEvent: {}
[15.660863] (my_package) JobEnded: {'identifier': 'my_package', 'rc': 0}
[15.662480] (-) EventReactorShutdown: {}
