[8.926s] Invoking command in '/home/riser14/ros_ws/src/my_package': PYTHONPATH=/home/riser14/ros_ws/build/my_package/prefix_override:/home/riser14/ros_ws/install/my_package/lib/python3.10/site-packages:${PYTHONPATH} /usr/bin/python3 setup.py egg_info --egg-base ../../build/my_package build --build-base /home/riser14/ros_ws/build/my_package/build install --record /home/riser14/ros_ws/build/my_package/install.log --single-version-externally-managed
[10.467s] running egg_info
[10.473s] writing ../../build/my_package/my_package.egg-info/PKG-INFO
[10.473s] writing dependency_links to ../../build/my_package/my_package.egg-info/dependency_links.txt
[10.473s] writing entry points to ../../build/my_package/my_package.egg-info/entry_points.txt
[10.474s] writing requirements to ../../build/my_package/my_package.egg-info/requires.txt
[10.474s] writing top-level names to ../../build/my_package/my_package.egg-info/top_level.txt
[10.694s] listing git files failed - pretending there aren't any
[11.286s] reading manifest file '../../build/my_package/my_package.egg-info/SOURCES.txt'
[11.286s] writing manifest file '../../build/my_package/my_package.egg-info/SOURCES.txt'
[11.287s] running build
[11.288s] running build_py
[11.289s] running install
[11.295s] running install_lib
[11.300s] running install_data
[11.302s] running install_egg_info
[11.304s] removing '/home/riser14/ros_ws/install/my_package/lib/python3.10/site-packages/my_package-0.0.0-py3.10.egg-info' (and everything under it)
[11.316s] Copying ../../build/my_package/my_package.egg-info to /home/riser14/ros_ws/install/my_package/lib/python3.10/site-packages/my_package-0.0.0-py3.10.egg-info
[11.316s] running install_scripts
[11.373s] Installing my_node script to /home/riser14/ros_ws/install/my_package/lib/my_package
[11.374s] writing list of installed files to '/home/riser14/ros_ws/build/my_package/install.log'
[11.863s] Invoked command in '/home/riser14/ros_ws/src/my_package' returned '0': PYTHONPATH=/home/riser14/ros_ws/build/my_package/prefix_override:/home/riser14/ros_ws/install/my_package/lib/python3.10/site-packages:${PYTHONPATH} /usr/bin/python3 setup.py egg_info --egg-base ../../build/my_package build --build-base /home/riser14/ros_ws/build/my_package/build install --record /home/riser14/ros_ws/build/my_package/install.log --single-version-externally-managed
