[1.919s] DEBUG:colcon:Command line arguments: ['/usr/bin/colcon', 'build']
[1.920s] DEBUG:colcon:Parsed command line arguments: Namespace(log_base=None, log_level=None, verb_name='build', build_base='build', install_base='install', merge_install=False, symlink_install=False, test_result_base=None, continue_on_error=False, executor='parallel', parallel_workers=4, event_handlers=None, ignore_user_meta=False, metas=['./colcon.meta'], base_paths=['.'], packages_ignore=None, packages_ignore_regex=None, paths=None, packages_up_to=None, packages_up_to_regex=None, packages_above=None, packages_above_and_dependencies=None, packages_above_depth=None, packages_select_by_dep=None, packages_skip_by_dep=None, packages_skip_up_to=None, packages_select_build_failed=False, packages_skip_build_finished=False, packages_select_test_failures=False, packages_skip_test_passed=False, packages_select=None, packages_skip=None, packages_select_regex=None, packages_skip_regex=None, packages_start=None, packages_end=None, allow_overriding=[], cmake_args=None, cmake_target=None, cmake_target_skip_unavailable=False, cmake_clean_cache=False, cmake_clean_first=False, cmake_force_configure=False, ament_cmake_args=None, catkin_cmake_args=None, catkin_skip_building_tests=False, verb_parser=<colcon_defaults.argument_parser.defaults.DefaultArgumentsDecorator object at 0x7f29f3ecdff0>, verb_extension=<colcon_core.verb.build.BuildVerb object at 0x7f29f3ecda80>, main=<bound method BuildVerb.main of <colcon_core.verb.build.BuildVerb object at 0x7f29f3ecda80>>)
[2.058s] Level 1:colcon.colcon_core.package_discovery:discover_packages(colcon_meta) check parameters
[2.059s] Level 1:colcon.colcon_core.package_discovery:discover_packages(recursive) check parameters
[2.059s] Level 1:colcon.colcon_core.package_discovery:discover_packages(ignore) check parameters
[2.059s] Level 1:colcon.colcon_core.package_discovery:discover_packages(path) check parameters
[2.060s] Level 1:colcon.colcon_core.package_discovery:discover_packages(colcon_meta) discover
[2.060s] Level 1:colcon.colcon_core.package_discovery:discover_packages(recursive) discover
[2.060s] INFO:colcon.colcon_core.package_discovery:Crawling recursively for packages in '/home/riser14/ros_ws'
[2.061s] Level 1:colcon.colcon_core.package_identification:_identify(.) by extensions ['ignore', 'ignore_ament_install']
[2.062s] Level 1:colcon.colcon_core.package_identification:_identify(.) by extension 'ignore'
[2.062s] Level 1:colcon.colcon_core.package_identification:_identify(.) by extension 'ignore_ament_install'
[2.062s] Level 1:colcon.colcon_core.package_identification:_identify(.) by extensions ['colcon_pkg']
[2.062s] Level 1:colcon.colcon_core.package_identification:_identify(.) by extension 'colcon_pkg'
[2.063s] Level 1:colcon.colcon_core.package_identification:_identify(.) by extensions ['colcon_meta']
[2.063s] Level 1:colcon.colcon_core.package_identification:_identify(.) by extension 'colcon_meta'
[2.063s] Level 1:colcon.colcon_core.package_identification:_identify(.) by extensions ['ros']
[2.063s] Level 1:colcon.colcon_core.package_identification:_identify(.) by extension 'ros'
[2.129s] Level 1:colcon.colcon_core.package_identification:_identify(.) by extensions ['cmake', 'python']
[2.130s] Level 1:colcon.colcon_core.package_identification:_identify(.) by extension 'cmake'
[2.130s] Level 1:colcon.colcon_core.package_identification:_identify(.) by extension 'python'
[2.130s] Level 1:colcon.colcon_core.package_identification:_identify(.) by extensions ['python_setup_py']
[2.130s] Level 1:colcon.colcon_core.package_identification:_identify(.) by extension 'python_setup_py'
[2.131s] Level 1:colcon.colcon_core.package_identification:_identify(build) by extensions ['ignore', 'ignore_ament_install']
[2.131s] Level 1:colcon.colcon_core.package_identification:_identify(build) by extension 'ignore'
[2.131s] Level 1:colcon.colcon_core.package_identification:_identify(build) ignored
[2.132s] Level 1:colcon.colcon_core.package_identification:_identify(install) by extensions ['ignore', 'ignore_ament_install']
[2.132s] Level 1:colcon.colcon_core.package_identification:_identify(install) by extension 'ignore'
[2.132s] Level 1:colcon.colcon_core.package_identification:_identify(install) ignored
[2.133s] Level 1:colcon.colcon_core.package_identification:_identify(log) by extensions ['ignore', 'ignore_ament_install']
[2.133s] Level 1:colcon.colcon_core.package_identification:_identify(log) by extension 'ignore'
[2.134s] Level 1:colcon.colcon_core.package_identification:_identify(log) ignored
[2.134s] Level 1:colcon.colcon_core.package_identification:_identify(src) by extensions ['ignore', 'ignore_ament_install']
[2.134s] Level 1:colcon.colcon_core.package_identification:_identify(src) by extension 'ignore'
[2.134s] Level 1:colcon.colcon_core.package_identification:_identify(src) by extension 'ignore_ament_install'
[2.135s] Level 1:colcon.colcon_core.package_identification:_identify(src) by extensions ['colcon_pkg']
[2.135s] Level 1:colcon.colcon_core.package_identification:_identify(src) by extension 'colcon_pkg'
[2.135s] Level 1:colcon.colcon_core.package_identification:_identify(src) by extensions ['colcon_meta']
[2.136s] Level 1:colcon.colcon_core.package_identification:_identify(src) by extension 'colcon_meta'
[2.136s] Level 1:colcon.colcon_core.package_identification:_identify(src) by extensions ['ros']
[2.136s] Level 1:colcon.colcon_core.package_identification:_identify(src) by extension 'ros'
[2.137s] Level 1:colcon.colcon_core.package_identification:_identify(src) by extensions ['cmake', 'python']
[2.137s] Level 1:colcon.colcon_core.package_identification:_identify(src) by extension 'cmake'
[2.138s] Level 1:colcon.colcon_core.package_identification:_identify(src) by extension 'python'
[2.138s] Level 1:colcon.colcon_core.package_identification:_identify(src) by extensions ['python_setup_py']
[2.138s] Level 1:colcon.colcon_core.package_identification:_identify(src) by extension 'python_setup_py'
[2.139s] Level 1:colcon.colcon_core.package_identification:_identify(src/my_package) by extensions ['ignore', 'ignore_ament_install']
[2.140s] Level 1:colcon.colcon_core.package_identification:_identify(src/my_package) by extension 'ignore'
[2.140s] Level 1:colcon.colcon_core.package_identification:_identify(src/my_package) by extension 'ignore_ament_install'
[2.141s] Level 1:colcon.colcon_core.package_identification:_identify(src/my_package) by extensions ['colcon_pkg']
[2.141s] Level 1:colcon.colcon_core.package_identification:_identify(src/my_package) by extension 'colcon_pkg'
[2.141s] Level 1:colcon.colcon_core.package_identification:_identify(src/my_package) by extensions ['colcon_meta']
[2.142s] Level 1:colcon.colcon_core.package_identification:_identify(src/my_package) by extension 'colcon_meta'
[2.142s] Level 1:colcon.colcon_core.package_identification:_identify(src/my_package) by extensions ['ros']
[2.142s] Level 1:colcon.colcon_core.package_identification:_identify(src/my_package) by extension 'ros'
[2.154s] DEBUG:colcon.colcon_core.package_identification:Package 'src/my_package' with type 'ros.ament_python' and name 'my_package'
[2.154s] Level 1:colcon.colcon_core.package_discovery:discover_packages(recursive) using defaults
[2.154s] Level 1:colcon.colcon_core.package_discovery:discover_packages(ignore) discover
[2.155s] Level 1:colcon.colcon_core.package_discovery:discover_packages(ignore) using defaults
[2.155s] Level 1:colcon.colcon_core.package_discovery:discover_packages(path) discover
[2.155s] Level 1:colcon.colcon_core.package_discovery:discover_packages(path) using defaults
[2.288s] Level 1:colcon.colcon_core.package_discovery:discover_packages(prefix_path) check parameters
[2.288s] Level 1:colcon.colcon_core.package_discovery:discover_packages(prefix_path) discover
[2.303s] DEBUG:colcon.colcon_installed_package_information.package_discovery:Found 1 installed packages in /home/riser14/path_ws/install
[2.307s] DEBUG:colcon.colcon_installed_package_information.package_discovery:Found 3 installed packages in /home/riser14/turtlebot3_ws/install
[2.311s] DEBUG:colcon.colcon_installed_package_information.package_discovery:Found 1 installed packages in /home/riser14/micro_ros_ws/install
[2.315s] DEBUG:colcon.colcon_installed_package_information.package_discovery:Found 5 installed packages in /home/riser14/ros2_ws/install
[2.326s] DEBUG:colcon.colcon_installed_package_information.package_discovery:Found 488 installed packages in /opt/ros/humble
[2.335s] Level 1:colcon.colcon_core.package_discovery:discover_packages(prefix_path) using defaults
[2.724s] Level 5:colcon.colcon_core.verb:set package 'my_package' build argument 'cmake_args' from command line to 'None'
[2.724s] Level 5:colcon.colcon_core.verb:set package 'my_package' build argument 'cmake_target' from command line to 'None'
[2.724s] Level 5:colcon.colcon_core.verb:set package 'my_package' build argument 'cmake_target_skip_unavailable' from command line to 'False'
[2.724s] Level 5:colcon.colcon_core.verb:set package 'my_package' build argument 'cmake_clean_cache' from command line to 'False'
[2.724s] Level 5:colcon.colcon_core.verb:set package 'my_package' build argument 'cmake_clean_first' from command line to 'False'
[2.724s] Level 5:colcon.colcon_core.verb:set package 'my_package' build argument 'cmake_force_configure' from command line to 'False'
[2.725s] Level 5:colcon.colcon_core.verb:set package 'my_package' build argument 'ament_cmake_args' from command line to 'None'
[2.725s] Level 5:colcon.colcon_core.verb:set package 'my_package' build argument 'catkin_cmake_args' from command line to 'None'
[2.725s] Level 5:colcon.colcon_core.verb:set package 'my_package' build argument 'catkin_skip_building_tests' from command line to 'False'
[2.725s] DEBUG:colcon.colcon_core.verb:Building package 'my_package' with the following arguments: {'ament_cmake_args': None, 'build_base': '/home/riser14/ros_ws/build/my_package', 'catkin_cmake_args': None, 'catkin_skip_building_tests': False, 'cmake_args': None, 'cmake_clean_cache': False, 'cmake_clean_first': False, 'cmake_force_configure': False, 'cmake_target': None, 'cmake_target_skip_unavailable': False, 'install_base': '/home/riser14/ros_ws/install/my_package', 'merge_install': False, 'path': '/home/riser14/ros_ws/src/my_package', 'symlink_install': False, 'test_result_base': None}
[2.727s] INFO:colcon.colcon_core.executor:Executing jobs using 'parallel' executor
[2.740s] DEBUG:colcon.colcon_parallel_executor.executor.parallel:run_until_complete
[2.740s] INFO:colcon.colcon_ros.task.ament_python.build:Building ROS package in '/home/riser14/ros_ws/src/my_package' with build type 'ament_python'
[2.741s] Level 1:colcon.colcon_core.shell:create_environment_hook('my_package', 'ament_prefix_path')
[2.768s] INFO:colcon.colcon_core.plugin_system:Skipping extension 'colcon_core.shell.bat': Not used on non-Windows systems
[2.769s] INFO:colcon.colcon_core.shell:Creating environment hook '/home/riser14/ros_ws/install/my_package/share/my_package/hook/ament_prefix_path.ps1'
[2.772s] INFO:colcon.colcon_core.shell:Creating environment descriptor '/home/riser14/ros_ws/install/my_package/share/my_package/hook/ament_prefix_path.dsv'
[2.773s] INFO:colcon.colcon_core.shell:Creating environment hook '/home/riser14/ros_ws/install/my_package/share/my_package/hook/ament_prefix_path.sh'
[2.780s] INFO:colcon.colcon_core.shell:Skip shell extension 'powershell' for command environment: Not usable outside of PowerShell
[2.781s] DEBUG:colcon.colcon_core.shell:Skip shell extension 'dsv' for command environment
[4.406s] INFO:colcon.colcon_core.task.python.build:Building Python package in '/home/riser14/ros_ws/src/my_package'
[4.411s] INFO:colcon.colcon_core.shell:Skip shell extension 'powershell' for command environment: Not usable outside of PowerShell
[4.412s] DEBUG:colcon.colcon_core.shell:Skip shell extension 'dsv' for command environment
[6.210s] DEBUG:colcon.colcon_core.event_handler.log_command:Invoking command in '/home/riser14/ros_ws/src/my_package': PYTHONPATH=/home/riser14/ros_ws/build/my_package/prefix_override:/home/riser14/ros_ws/install/my_package/lib/python3.10/site-packages:${PYTHONPATH} /usr/bin/python3 setup.py egg_info --egg-base ../../build/my_package build --build-base /home/riser14/ros_ws/build/my_package/build install --record /home/riser14/ros_ws/build/my_package/install.log --single-version-externally-managed
[8.302s] DEBUG:colcon.colcon_core.event_handler.log_command:Invoked command in '/home/riser14/ros_ws/src/my_package' returned '0': PYTHONPATH=/home/riser14/ros_ws/build/my_package/prefix_override:/home/riser14/ros_ws/install/my_package/lib/python3.10/site-packages:${PYTHONPATH} /usr/bin/python3 setup.py egg_info --egg-base ../../build/my_package build --build-base /home/riser14/ros_ws/build/my_package/build install --record /home/riser14/ros_ws/build/my_package/install.log --single-version-externally-managed
[8.321s] Level 1:colcon.colcon_core.environment:checking '/home/riser14/ros_ws/install/my_package' for CMake module files
[8.323s] Level 1:colcon.colcon_core.environment:checking '/home/riser14/ros_ws/install/my_package' for CMake config files
[8.325s] Level 1:colcon.colcon_core.environment:checking '/home/riser14/ros_ws/install/my_package/lib'
[8.326s] Level 1:colcon.colcon_core.environment:checking '/home/riser14/ros_ws/install/my_package/bin'
[8.326s] Level 1:colcon.colcon_core.environment:checking '/home/riser14/ros_ws/install/my_package/lib/pkgconfig/my_package.pc'
[8.327s] Level 1:colcon.colcon_core.environment:checking '/home/riser14/ros_ws/install/my_package/lib/python3.10/site-packages'
[8.327s] Level 1:colcon.colcon_core.shell:create_environment_hook('my_package', 'pythonpath')
[8.334s] INFO:colcon.colcon_core.shell:Creating environment hook '/home/riser14/ros_ws/install/my_package/share/my_package/hook/pythonpath.ps1'
[8.335s] INFO:colcon.colcon_core.shell:Creating environment descriptor '/home/riser14/ros_ws/install/my_package/share/my_package/hook/pythonpath.dsv'
[8.336s] INFO:colcon.colcon_core.shell:Creating environment hook '/home/riser14/ros_ws/install/my_package/share/my_package/hook/pythonpath.sh'
[8.338s] Level 1:colcon.colcon_core.environment:checking '/home/riser14/ros_ws/install/my_package/bin'
[8.339s] Level 1:colcon.colcon_core.environment:create_environment_scripts_only(my_package)
[8.344s] INFO:colcon.colcon_core.shell:Creating package script '/home/riser14/ros_ws/install/my_package/share/my_package/package.ps1'
[8.348s] INFO:colcon.colcon_core.shell:Creating package descriptor '/home/riser14/ros_ws/install/my_package/share/my_package/package.dsv'
[8.350s] INFO:colcon.colcon_core.shell:Creating package script '/home/riser14/ros_ws/install/my_package/share/my_package/package.sh'
[8.353s] INFO:colcon.colcon_core.shell:Creating package script '/home/riser14/ros_ws/install/my_package/share/my_package/package.bash'
[8.356s] INFO:colcon.colcon_core.shell:Creating package script '/home/riser14/ros_ws/install/my_package/share/my_package/package.zsh'
[8.358s] Level 1:colcon.colcon_core.environment:create_file_with_runtime_dependencies(/home/riser14/ros_ws/install/my_package/share/colcon-core/packages/my_package)
[8.360s] DEBUG:colcon.colcon_parallel_executor.executor.parallel:closing loop
[8.361s] DEBUG:colcon.colcon_parallel_executor.executor.parallel:loop closed
[8.362s] DEBUG:colcon.colcon_parallel_executor.executor.parallel:run_until_complete finished with '0'
[8.362s] DEBUG:colcon.colcon_core.event_reactor:joining thread
[8.387s] INFO:colcon.colcon_core.plugin_system:Skipping extension 'colcon_notification.desktop_notification.terminal_notifier': Not used on non-Darwin systems
[8.388s] INFO:colcon.colcon_core.plugin_system:Skipping extension 'colcon_notification.desktop_notification.win32': Not used on non-Windows systems
[8.388s] INFO:colcon.colcon_notification.desktop_notification:Sending desktop notification using 'notify2'
[8.431s] DEBUG:colcon.colcon_core.event_reactor:joined thread
[8.437s] INFO:colcon.colcon_core.shell:Creating prefix script '/home/riser14/ros_ws/install/local_setup.ps1'
[8.441s] INFO:colcon.colcon_core.shell:Creating prefix util module '/home/riser14/ros_ws/install/_local_setup_util_ps1.py'
[8.446s] INFO:colcon.colcon_core.shell:Creating prefix chain script '/home/riser14/ros_ws/install/setup.ps1'
[8.454s] INFO:colcon.colcon_core.shell:Creating prefix script '/home/riser14/ros_ws/install/local_setup.sh'
[8.456s] INFO:colcon.colcon_core.shell:Creating prefix util module '/home/riser14/ros_ws/install/_local_setup_util_sh.py'
[8.457s] INFO:colcon.colcon_core.shell:Creating prefix chain script '/home/riser14/ros_ws/install/setup.sh'
[8.466s] INFO:colcon.colcon_core.shell:Creating prefix script '/home/riser14/ros_ws/install/local_setup.bash'
[8.467s] INFO:colcon.colcon_core.shell:Creating prefix chain script '/home/riser14/ros_ws/install/setup.bash'
[8.475s] INFO:colcon.colcon_core.shell:Creating prefix script '/home/riser14/ros_ws/install/local_setup.zsh'
[8.477s] INFO:colcon.colcon_core.shell:Creating prefix chain script '/home/riser14/ros_ws/install/setup.zsh'
