[2.895s] DEBUG:colcon:Command line arguments: ['/usr/bin/colcon', 'list', '-p', '--base-paths', '/home/riser14/Desktop/EEE4022S_Project']
[2.895s] DEBUG:colcon:Parsed command line arguments: Namespace(log_base=None, log_level=None, verb_name='list', build_base='build', ignore_user_meta=False, metas=['./colcon.meta'], base_paths=['/home/riser14/Desktop/EEE4022S_Project'], packages_ignore=None, packages_ignore_regex=None, paths=None, packages_up_to=None, packages_up_to_regex=None, packages_above=None, packages_above_and_dependencies=None, packages_above_depth=None, packages_select_by_dep=None, packages_skip_by_dep=None, packages_skip_up_to=None, packages_select_build_failed=False, packages_skip_build_finished=False, packages_select_test_failures=False, packages_skip_test_passed=False, packages_select=None, packages_skip=None, packages_select_regex=None, packages_skip_regex=None, packages_start=None, packages_end=None, allow_overriding=[], topological_order=False, names_only=False, paths_only=True, topological_graph=False, topological_graph_dot=False, topological_graph_density=False, topological_graph_legend=False, topological_graph_dot_cluster=False, topological_graph_dot_include_skipped=False, verb_parser=<colcon_defaults.argument_parser.defaults.DefaultArgumentsDecorator object at 0x7f96bcff73d0>, verb_extension=<colcon_package_information.verb.list.ListVerb object at 0x7f96bcff7220>, main=<bound method ListVerb.main of <colcon_package_information.verb.list.ListVerb object at 0x7f96bcff7220>>)
[3.106s] Level 1:colcon.colcon_core.package_discovery:discover_packages(colcon_meta) check parameters
[3.106s] Level 1:colcon.colcon_core.package_discovery:discover_packages(recursive) check parameters
[3.106s] Level 1:colcon.colcon_core.package_discovery:discover_packages(ignore) check parameters
[3.106s] Level 1:colcon.colcon_core.package_discovery:discover_packages(path) check parameters
[3.106s] Level 1:colcon.colcon_core.package_discovery:discover_packages(recursive) discover
[3.109s] INFO:colcon.colcon_core.package_discovery:Crawling recursively for packages in '/home/riser14/Desktop/EEE4022S_Project'
[3.109s] Level 1:colcon.colcon_core.package_identification:_identify(/home/riser14/Desktop/EEE4022S_Project) by extensions ['ignore', 'ignore_ament_install']
[3.110s] Level 1:colcon.colcon_core.package_identification:_identify(/home/riser14/Desktop/EEE4022S_Project) by extension 'ignore'
[3.110s] Level 1:colcon.colcon_core.package_identification:_identify(/home/riser14/Desktop/EEE4022S_Project) by extension 'ignore_ament_install'
[3.110s] Level 1:colcon.colcon_core.package_identification:_identify(/home/riser14/Desktop/EEE4022S_Project) by extensions ['colcon_pkg']
[3.110s] Level 1:colcon.colcon_core.package_identification:_identify(/home/riser14/Desktop/EEE4022S_Project) by extension 'colcon_pkg'
[3.110s] Level 1:colcon.colcon_core.package_identification:_identify(/home/riser14/Desktop/EEE4022S_Project) by extensions ['colcon_meta']
[3.110s] Level 1:colcon.colcon_core.package_identification:_identify(/home/riser14/Desktop/EEE4022S_Project) by extension 'colcon_meta'
[3.110s] Level 1:colcon.colcon_core.package_identification:_identify(/home/riser14/Desktop/EEE4022S_Project) by extensions ['ros']
[3.110s] Level 1:colcon.colcon_core.package_identification:_identify(/home/riser14/Desktop/EEE4022S_Project) by extension 'ros'
[3.155s] Level 1:colcon.colcon_core.package_identification:_identify(/home/riser14/Desktop/EEE4022S_Project) by extensions ['cmake', 'python']
[3.155s] Level 1:colcon.colcon_core.package_identification:_identify(/home/riser14/Desktop/EEE4022S_Project) by extension 'cmake'
[3.156s] Level 1:colcon.colcon_core.package_identification:_identify(/home/riser14/Desktop/EEE4022S_Project) by extension 'python'
[3.156s] Level 1:colcon.colcon_core.package_identification:_identify(/home/riser14/Desktop/EEE4022S_Project) by extensions ['python_setup_py']
[3.157s] Level 1:colcon.colcon_core.package_identification:_identify(/home/riser14/Desktop/EEE4022S_Project) by extension 'python_setup_py'
[3.157s] Level 1:colcon.colcon_core.package_identification:_identify(/home/riser14/Desktop/EEE4022S_Project/build) by extensions ['ignore', 'ignore_ament_install']
[3.158s] Level 1:colcon.colcon_core.package_identification:_identify(/home/riser14/Desktop/EEE4022S_Project/build) by extension 'ignore'
[3.158s] Level 1:colcon.colcon_core.package_identification:_identify(/home/riser14/Desktop/EEE4022S_Project/build) ignored
[3.158s] Level 1:colcon.colcon_core.package_identification:_identify(/home/riser14/Desktop/EEE4022S_Project/install) by extensions ['ignore', 'ignore_ament_install']
[3.158s] Level 1:colcon.colcon_core.package_identification:_identify(/home/riser14/Desktop/EEE4022S_Project/install) by extension 'ignore'
[3.158s] Level 1:colcon.colcon_core.package_identification:_identify(/home/riser14/Desktop/EEE4022S_Project/install) ignored
[3.159s] Level 1:colcon.colcon_core.package_identification:_identify(/home/riser14/Desktop/EEE4022S_Project/log) by extensions ['ignore', 'ignore_ament_install']
[3.161s] Level 1:colcon.colcon_core.package_identification:_identify(/home/riser14/Desktop/EEE4022S_Project/log) by extension 'ignore'
[3.161s] Level 1:colcon.colcon_core.package_identification:_identify(/home/riser14/Desktop/EEE4022S_Project/log) ignored
[3.161s] Level 1:colcon.colcon_core.package_identification:_identify(/home/riser14/Desktop/EEE4022S_Project/src) by extensions ['ignore', 'ignore_ament_install']
[3.161s] Level 1:colcon.colcon_core.package_identification:_identify(/home/riser14/Desktop/EEE4022S_Project/src) by extension 'ignore'
[3.162s] Level 1:colcon.colcon_core.package_identification:_identify(/home/riser14/Desktop/EEE4022S_Project/src) by extension 'ignore_ament_install'
[3.162s] Level 1:colcon.colcon_core.package_identification:_identify(/home/riser14/Desktop/EEE4022S_Project/src) by extensions ['colcon_pkg']
[3.162s] Level 1:colcon.colcon_core.package_identification:_identify(/home/riser14/Desktop/EEE4022S_Project/src) by extension 'colcon_pkg'
[3.162s] Level 1:colcon.colcon_core.package_identification:_identify(/home/riser14/Desktop/EEE4022S_Project/src) by extensions ['colcon_meta']
[3.162s] Level 1:colcon.colcon_core.package_identification:_identify(/home/riser14/Desktop/EEE4022S_Project/src) by extension 'colcon_meta'
[3.163s] Level 1:colcon.colcon_core.package_identification:_identify(/home/riser14/Desktop/EEE4022S_Project/src) by extensions ['ros']
[3.163s] Level 1:colcon.colcon_core.package_identification:_identify(/home/riser14/Desktop/EEE4022S_Project/src) by extension 'ros'
[3.165s] Level 1:colcon.colcon_core.package_identification:_identify(/home/riser14/Desktop/EEE4022S_Project/src) by extensions ['cmake', 'python']
[3.165s] Level 1:colcon.colcon_core.package_identification:_identify(/home/riser14/Desktop/EEE4022S_Project/src) by extension 'cmake'
[3.165s] Level 1:colcon.colcon_core.package_identification:_identify(/home/riser14/Desktop/EEE4022S_Project/src) by extension 'python'
[3.165s] Level 1:colcon.colcon_core.package_identification:_identify(/home/riser14/Desktop/EEE4022S_Project/src) by extensions ['python_setup_py']
[3.165s] Level 1:colcon.colcon_core.package_identification:_identify(/home/riser14/Desktop/EEE4022S_Project/src) by extension 'python_setup_py'
[3.166s] Level 1:colcon.colcon_core.package_identification:_identify(/home/riser14/Desktop/EEE4022S_Project/src/my_package) by extensions ['ignore', 'ignore_ament_install']
[3.166s] Level 1:colcon.colcon_core.package_identification:_identify(/home/riser14/Desktop/EEE4022S_Project/src/my_package) by extension 'ignore'
[3.166s] Level 1:colcon.colcon_core.package_identification:_identify(/home/riser14/Desktop/EEE4022S_Project/src/my_package) by extension 'ignore_ament_install'
[3.166s] Level 1:colcon.colcon_core.package_identification:_identify(/home/riser14/Desktop/EEE4022S_Project/src/my_package) by extensions ['colcon_pkg']
[3.166s] Level 1:colcon.colcon_core.package_identification:_identify(/home/riser14/Desktop/EEE4022S_Project/src/my_package) by extension 'colcon_pkg'
[3.166s] Level 1:colcon.colcon_core.package_identification:_identify(/home/riser14/Desktop/EEE4022S_Project/src/my_package) by extensions ['colcon_meta']
[3.166s] Level 1:colcon.colcon_core.package_identification:_identify(/home/riser14/Desktop/EEE4022S_Project/src/my_package) by extension 'colcon_meta'
[3.167s] Level 1:colcon.colcon_core.package_identification:_identify(/home/riser14/Desktop/EEE4022S_Project/src/my_package) by extensions ['ros']
[3.167s] Level 1:colcon.colcon_core.package_identification:_identify(/home/riser14/Desktop/EEE4022S_Project/src/my_package) by extension 'ros'
[3.173s] DEBUG:colcon.colcon_core.package_identification:Package '/home/riser14/Desktop/EEE4022S_Project/src/my_package' with type 'ros.ament_python' and name 'my_package'
[3.173s] Level 1:colcon.colcon_core.package_identification:_identify(/home/riser14/Desktop/EEE4022S_Project/src/py_pubsub) by extensions ['ignore', 'ignore_ament_install']
[3.174s] Level 1:colcon.colcon_core.package_identification:_identify(/home/riser14/Desktop/EEE4022S_Project/src/py_pubsub) by extension 'ignore'
[3.174s] Level 1:colcon.colcon_core.package_identification:_identify(/home/riser14/Desktop/EEE4022S_Project/src/py_pubsub) by extension 'ignore_ament_install'
[3.174s] Level 1:colcon.colcon_core.package_identification:_identify(/home/riser14/Desktop/EEE4022S_Project/src/py_pubsub) by extensions ['colcon_pkg']
[3.174s] Level 1:colcon.colcon_core.package_identification:_identify(/home/riser14/Desktop/EEE4022S_Project/src/py_pubsub) by extension 'colcon_pkg'
[3.174s] Level 1:colcon.colcon_core.package_identification:_identify(/home/riser14/Desktop/EEE4022S_Project/src/py_pubsub) by extensions ['colcon_meta']
[3.174s] Level 1:colcon.colcon_core.package_identification:_identify(/home/riser14/Desktop/EEE4022S_Project/src/py_pubsub) by extension 'colcon_meta'
[3.174s] Level 1:colcon.colcon_core.package_identification:_identify(/home/riser14/Desktop/EEE4022S_Project/src/py_pubsub) by extensions ['ros']
[3.174s] Level 1:colcon.colcon_core.package_identification:_identify(/home/riser14/Desktop/EEE4022S_Project/src/py_pubsub) by extension 'ros'
[3.185s] DEBUG:colcon.colcon_core.package_identification:Package '/home/riser14/Desktop/EEE4022S_Project/src/py_pubsub' with type 'ros.ament_python' and name 'py_pubsub'
[3.185s] Level 1:colcon.colcon_core.package_discovery:discover_packages(recursive) using defaults
