[2.169s] Invoking command in '/home/riser14/ros_ws/src/py_pubsub': PYTHONPATH=/home/riser14/ros_ws/build/py_pubsub/prefix_override:/home/riser14/ros_ws/install/py_pubsub/lib/python3.10/site-packages:${PYTHONPATH} /usr/bin/python3 setup.py egg_info --egg-base ../../build/py_pubsub build --build-base /home/riser14/ros_ws/build/py_pubsub/build install --record /home/riser14/ros_ws/build/py_pubsub/install.log --single-version-externally-managed
[2.524s] running egg_info
[2.525s] writing ../../build/py_pubsub/py_pubsub.egg-info/PKG-INFO
[2.525s] writing dependency_links to ../../build/py_pubsub/py_pubsub.egg-info/dependency_links.txt
[2.526s] writing entry points to ../../build/py_pubsub/py_pubsub.egg-info/entry_points.txt
[2.526s] writing requirements to ../../build/py_pubsub/py_pubsub.egg-info/requires.txt
[2.526s] writing top-level names to ../../build/py_pubsub/py_pubsub.egg-info/top_level.txt
[2.604s] listing git files failed - pretending there aren't any
[3.094s] reading manifest file '../../build/py_pubsub/py_pubsub.egg-info/SOURCES.txt'
[3.103s] writing manifest file '../../build/py_pubsub/py_pubsub.egg-info/SOURCES.txt'
[3.103s] running build
[3.103s] running build_py
[3.104s] copying py_pubsub/compare_images_orb.py -> /home/riser14/ros_ws/build/py_pubsub/build/lib/py_pubsub
[3.104s] running install
[3.105s] running install_lib
[3.106s] copying /home/riser14/ros_ws/build/py_pubsub/build/lib/py_pubsub/compare_images_orb.py -> /home/riser14/ros_ws/install/py_pubsub/lib/python3.10/site-packages/py_pubsub
[3.107s] byte-compiling /home/riser14/ros_ws/install/py_pubsub/lib/python3.10/site-packages/py_pubsub/compare_images_orb.py to compare_images_orb.cpython-310.pyc
[3.109s] running install_data
[3.110s] copying package.xml -> /home/riser14/ros_ws/install/py_pubsub/share/py_pubsub
[3.110s] running install_egg_info
[3.112s] removing '/home/riser14/ros_ws/install/py_pubsub/lib/python3.10/site-packages/py_pubsub-0.0.0-py3.10.egg-info' (and everything under it)
[3.112s] Copying ../../build/py_pubsub/py_pubsub.egg-info to /home/riser14/ros_ws/install/py_pubsub/lib/python3.10/site-packages/py_pubsub-0.0.0-py3.10.egg-info
[3.125s] running install_scripts
[3.155s] Installing capture script to /home/riser14/ros_ws/install/py_pubsub/lib/py_pubsub
[3.155s] Installing compare_feature script to /home/riser14/ros_ws/install/py_pubsub/lib/py_pubsub
[3.155s] Installing compare_mean_error script to /home/riser14/ros_ws/install/py_pubsub/lib/py_pubsub
[3.155s] Installing control_mpc script to /home/riser14/ros_ws/install/py_pubsub/lib/py_pubsub
[3.156s] Installing control_nmpc script to /home/riser14/ros_ws/install/py_pubsub/lib/py_pubsub
[3.156s] Installing follow script to /home/riser14/ros_ws/install/py_pubsub/lib/py_pubsub
[3.156s] Installing listener script to /home/riser14/ros_ws/install/py_pubsub/lib/py_pubsub
[3.156s] Installing pid script to /home/riser14/ros_ws/install/py_pubsub/lib/py_pubsub
[3.156s] Installing pose_sub script to /home/riser14/ros_ws/install/py_pubsub/lib/py_pubsub
[3.157s] writing list of installed files to '/home/riser14/ros_ws/build/py_pubsub/install.log'
[3.210s] Invoked command in '/home/riser14/ros_ws/src/py_pubsub' returned '0': PYTHONPATH=/home/riser14/ros_ws/build/py_pubsub/prefix_override:/home/riser14/ros_ws/install/py_pubsub/lib/python3.10/site-packages:${PYTHONPATH} /usr/bin/python3 setup.py egg_info --egg-base ../../build/py_pubsub build --build-base /home/riser14/ros_ws/build/py_pubsub/build install --record /home/riser14/ros_ws/build/py_pubsub/install.log --single-version-externally-managed
