[0.000000] (-) TimerEvent: {}
[0.000694] (-) JobUnselected: {'identifier': 'my_package'}
[0.000847] (py_pubsub) JobQueued: {'identifier': 'py_pubsub', 'dependencies': OrderedDict()}
[0.000943] (py_pubsub) JobStarted: {'identifier': 'py_pubsub'}
[0.099643] (-) TimerEvent: {}
[0.210578] (-) TimerEvent: {}
[0.312368] (-) TimerEvent: {}
[0.423297] (-) TimerEvent: {}
[0.524359] (-) TimerEvent: {}
[0.625987] (-) TimerEvent: {}
[0.727304] (-) TimerEvent: {}
[0.829015] (-) TimerEvent: {}
[0.929905] (-) TimerEvent: {}
[1.030556] (-) TimerEvent: {}
[1.131598] (-) TimerEvent: {}
[1.232909] (-) TimerEvent: {}
[1.333698] (-) TimerEvent: {}
[1.434887] (-) TimerEvent: {}
[1.535682] (-) TimerEvent: {}
[1.636684] (-) TimerEvent: {}
[1.738125] (-) TimerEvent: {}
[1.840167] (-) TimerEvent: {}
[1.943799] (-) TimerEvent: {}
[2.045154] (-) TimerEvent: {}
[2.146286] (-) TimerEvent: {}
[2.247112] (-) TimerEvent: {}
[2.347551] (-) TimerEvent: {}
[2.448208] (-) TimerEvent: {}
[2.548805] (-) TimerEvent: {}
[2.649932] (-) TimerEvent: {}
[2.750340] (-) TimerEvent: {}
[2.850901] (-) TimerEvent: {}
[2.951956] (-) TimerEvent: {}
[3.052604] (-) TimerEvent: {}
[3.153007] (-) TimerEvent: {}
[3.254057] (-) TimerEvent: {}
[3.355664] (-) TimerEvent: {}
[3.462458] (-) TimerEvent: {}
[3.564340] (-) TimerEvent: {}
[3.675342] (-) TimerEvent: {}
[3.778912] (-) TimerEvent: {}
[3.880932] (-) TimerEvent: {}
[3.982961] (-) TimerEvent: {}
[4.086860] (-) TimerEvent: {}
[4.189179] (-) TimerEvent: {}
[4.290981] (-) TimerEvent: {}
[4.392260] (-) TimerEvent: {}
[4.493238] (-) TimerEvent: {}
[4.593924] (-) TimerEvent: {}
[4.696229] (-) TimerEvent: {}
[4.797978] (-) TimerEvent: {}
[4.899178] (-) TimerEvent: {}
[5.000021] (-) TimerEvent: {}
[5.101167] (-) TimerEvent: {}
[5.202372] (-) TimerEvent: {}
[5.304690] (-) TimerEvent: {}
[5.405802] (-) TimerEvent: {}
[5.507024] (-) TimerEvent: {}
[5.607373] (-) TimerEvent: {}
[5.707956] (-) TimerEvent: {}
[5.809112] (-) TimerEvent: {}
[5.910258] (-) TimerEvent: {}
[6.010731] (-) TimerEvent: {}
[6.111959] (-) TimerEvent: {}
[6.213144] (-) TimerEvent: {}
[6.313925] (-) TimerEvent: {}
[6.414493] (-) TimerEvent: {}
[6.516077] (-) TimerEvent: {}
[6.617257] (-) TimerEvent: {}
[6.718529] (-) TimerEvent: {}
[6.819164] (-) TimerEvent: {}
[6.920745] (-) TimerEvent: {}
[7.021311] (-) TimerEvent: {}
[7.124375] (-) TimerEvent: {}
[7.225004] (-) TimerEvent: {}
[7.326079] (-) TimerEvent: {}
[7.369847] (py_pubsub) Command: {'cmd': ['/usr/bin/python3', 'setup.py', 'egg_info', '--egg-base', '../../build/py_pubsub', 'build', '--build-base', '/home/riser14/ros_ws/build/py_pubsub/build', 'install', '--record', '/home/riser14/ros_ws/build/py_pubsub/install.log', '--single-version-externally-managed'], 'cwd': '/home/riser14/ros_ws/src/py_pubsub', 'env': {'LANGUAGE': 'en_ZA:en', 'USER': 'riser14', 'XDG_SESSION_TYPE': 'wayland', 'SHLVL': '1', 'LD_LIBRARY_PATH': '/usr/lib/x86_64-linux-gnu/gazebo-11/plugins:/opt/ros/humble/opt/rviz_ogre_vendor/lib:/opt/ros/humble/lib/x86_64-linux-gnu:/opt/ros/humble/lib', 'HOME': '/home/riser14', 'OLDPWD': '/home/riser14', 'DESKTOP_SESSION': 'ubuntu', 'ROS_PYTHON_VERSION': '3', 'GNOME_SHELL_SESSION_MODE': 'ubuntu', 'GTK_MODULES': 'gail:atk-bridge', 'SYSTEMD_EXEC_PID': '1236', 'DBUS_SESSION_BUS_ADDRESS': 'unix:path=/run/user/1000/bus', 'COLORTERM': 'truecolor', 'IM_CONFIG_PHASE': '1', 'WAYLAND_DISPLAY': 'wayland-0', 'COLCON_PREFIX_PATH': '/home/riser14/ros_ws/install', 'ROS_DISTRO': 'humble', 'LOGNAME': 'riser14', '_': '/usr/bin/colcon', 'ROS_VERSION': '2', 'XDG_SESSION_CLASS': 'user', 'USERNAME': 'riser14', 'TERM': 'xterm-256color', 'GNOME_DESKTOP_SESSION_ID': 'this-is-deprecated', 'ROS_LOCALHOST_ONLY': '0', 'PATH': '/opt/ros/humble/bin:/home/riser14/.local/bin:/usr/local/sbin:/usr/local/bin:/usr/sbin:/usr/bin:/sbin:/bin:/usr/games:/usr/local/games:/snap/bin:/snap/bin', 'SESSION_MANAGER': 'local/riser14-Inspiron-5559:@/tmp/.ICE-unix/1200,unix/riser14-Inspiron-5559:/tmp/.ICE-unix/1200', 'XDG_MENU_PREFIX': 'gnome-', 'GNOME_TERMINAL_SCREEN': '/org/gnome/Terminal/screen/1119943a_c5a3_4840_84fa_06188bb2a658', 'GNOME_SETUP_DISPLAY': ':1', 'XDG_RUNTIME_DIR': '/run/user/1000', 'DISPLAY': ':0', 'LANG': 'en_US.UTF-8', 'XDG_CURRENT_DESKTOP': 'ubuntu:GNOME', 'RMW_IMPLEMENTATION': 'rmw_cyclonedds_cpp', 'XMODIFIERS': '@im=ibus', 'XDG_SESSION_DESKTOP': 'ubuntu', 'XAUTHORITY': '/run/user/1000/.mutter-Xwaylandauth.5HYSB2', 'GNOME_TERMINAL_SERVICE': ':1.423', 'SSH_AGENT_LAUNCHER': 'gnome-keyring', 'SSH_AUTH_SOCK': '/run/user/1000/keyring/ssh', 'AMENT_PREFIX_PATH': '/home/riser14/ros_ws/install/py_pubsub:/home/riser14/ros_ws/install/my_package:/opt/ros/humble', 'SHELL': '/bin/bash', 'QT_ACCESSIBILITY': '1', 'GDMSESSION': 'ubuntu', 'QT_IM_MODULE': 'ibus', 'PWD': '/home/riser14/ros_ws/build/py_pubsub', 'TURTLEBOT3_MODEL': 'waffle', 'LC_ALL': 'en_US.UTF-8', 'XDG_CONFIG_DIRS': '/etc/xdg/xdg-ubuntu:/etc/xdg', 'XDG_DATA_DIRS': '/usr/share/ubuntu:/usr/local/share/:/usr/share/:/var/lib/snapd/desktop', 'PYTHONPATH': '/home/riser14/ros_ws/build/py_pubsub/prefix_override:/home/riser14/ros_ws/install/py_pubsub/lib/python3.10/site-packages:/home/riser14/ros_ws/install/py_pubsub/lib/python3.10/site-packages:/home/riser14/ros_ws/install/my_package/lib/python3.10/site-packages:/opt/ros/humble/lib/python3.10/site-packages:/opt/ros/humble/local/lib/python3.10/dist-packages', 'COLCON': '1', 'VTE_VERSION': '6800'}, 'shell': False}
[7.429291] (-) TimerEvent: {}
[7.530827] (-) TimerEvent: {}
[7.632029] (-) TimerEvent: {}
[7.732653] (-) TimerEvent: {}
[7.834009] (-) TimerEvent: {}
[7.935081] (-) TimerEvent: {}
[8.036242] (-) TimerEvent: {}
[8.137305] (-) TimerEvent: {}
[8.238641] (-) TimerEvent: {}
[8.340108] (-) TimerEvent: {}
[8.441533] (-) TimerEvent: {}
[8.542561] (-) TimerEvent: {}
[8.643844] (-) TimerEvent: {}
[8.745080] (-) TimerEvent: {}
[8.845890] (-) TimerEvent: {}
[8.946345] (-) TimerEvent: {}
[9.047437] (-) TimerEvent: {}
[9.148607] (-) TimerEvent: {}
[9.249608] (-) TimerEvent: {}
[9.351571] (-) TimerEvent: {}
[9.452976] (-) TimerEvent: {}
[9.554042] (-) TimerEvent: {}
[9.654561] (-) TimerEvent: {}
[9.755282] (-) TimerEvent: {}
[9.807528] (py_pubsub) StdoutLine: {'line': b'running egg_info\n'}
[9.808896] (py_pubsub) StdoutLine: {'line': b'writing ../../build/py_pubsub/py_pubsub.egg-info/PKG-INFO\n'}
[9.809228] (py_pubsub) StdoutLine: {'line': b'writing dependency_links to ../../build/py_pubsub/py_pubsub.egg-info/dependency_links.txt\n'}
[9.809537] (py_pubsub) StdoutLine: {'line': b'writing entry points to ../../build/py_pubsub/py_pubsub.egg-info/entry_points.txt\n'}
[9.809783] (py_pubsub) StdoutLine: {'line': b'writing requirements to ../../build/py_pubsub/py_pubsub.egg-info/requires.txt\n'}
[9.810049] (py_pubsub) StdoutLine: {'line': b'writing top-level names to ../../build/py_pubsub/py_pubsub.egg-info/top_level.txt\n'}
[9.855538] (-) TimerEvent: {}
[9.957109] (-) TimerEvent: {}
[10.058428] (-) TimerEvent: {}
[10.160016] (-) TimerEvent: {}
[10.194351] (py_pubsub) StderrLine: {'line': b"listing git files failed - pretending there aren't any\n"}
[10.260340] (-) TimerEvent: {}
[10.361587] (-) TimerEvent: {}
[10.462726] (-) TimerEvent: {}
[10.563568] (-) TimerEvent: {}
[10.664904] (-) TimerEvent: {}
[10.766283] (-) TimerEvent: {}
[10.868180] (-) TimerEvent: {}
[10.968652] (-) TimerEvent: {}
[11.000959] (py_pubsub) StdoutLine: {'line': b"reading manifest file '../../build/py_pubsub/py_pubsub.egg-info/SOURCES.txt'\n"}
[11.004815] (py_pubsub) StdoutLine: {'line': b"writing manifest file '../../build/py_pubsub/py_pubsub.egg-info/SOURCES.txt'\n"}
[11.005141] (py_pubsub) StdoutLine: {'line': b'running build\n'}
[11.005305] (py_pubsub) StdoutLine: {'line': b'running build_py\n'}
[11.005703] (py_pubsub) StdoutLine: {'line': b'copying py_pubsub/publisher_member_function.py -> /home/riser14/ros_ws/build/py_pubsub/build/lib/py_pubsub\n'}
[11.006601] (py_pubsub) StdoutLine: {'line': b'running install\n'}
[11.011840] (py_pubsub) StdoutLine: {'line': b'running install_lib\n'}
[11.016802] (py_pubsub) StdoutLine: {'line': b'copying /home/riser14/ros_ws/build/py_pubsub/build/lib/py_pubsub/publisher_member_function.py -> /home/riser14/ros_ws/install/py_pubsub/lib/python3.10/site-packages/py_pubsub\n'}
[11.022891] (py_pubsub) StdoutLine: {'line': b'byte-compiling /home/riser14/ros_ws/install/py_pubsub/lib/python3.10/site-packages/py_pubsub/publisher_member_function.py to publisher_member_function.cpython-310.pyc\n'}
[11.041388] (py_pubsub) StdoutLine: {'line': b'running install_data\n'}
[11.047433] (py_pubsub) StdoutLine: {'line': b'running install_egg_info\n'}
[11.051203] (py_pubsub) StdoutLine: {'line': b"removing '/home/riser14/ros_ws/install/py_pubsub/lib/python3.10/site-packages/py_pubsub-0.0.0-py3.10.egg-info' (and everything under it)\n"}
[11.051746] (py_pubsub) StdoutLine: {'line': b'Copying ../../build/py_pubsub/py_pubsub.egg-info to /home/riser14/ros_ws/install/py_pubsub/lib/python3.10/site-packages/py_pubsub-0.0.0-py3.10.egg-info\n'}
[11.058920] (py_pubsub) StdoutLine: {'line': b'running install_scripts\n'}
[11.068758] (-) TimerEvent: {}
[11.143519] (py_pubsub) StdoutLine: {'line': b'Installing control_mpc script to /home/riser14/ros_ws/install/py_pubsub/lib/py_pubsub\n'}
[11.144149] (py_pubsub) StdoutLine: {'line': b'Installing control_nmpc script to /home/riser14/ros_ws/install/py_pubsub/lib/py_pubsub\n'}
[11.145642] (py_pubsub) StdoutLine: {'line': b'Installing follow script to /home/riser14/ros_ws/install/py_pubsub/lib/py_pubsub\n'}
[11.147783] (py_pubsub) StdoutLine: {'line': b'Installing listener script to /home/riser14/ros_ws/install/py_pubsub/lib/py_pubsub\n'}
[11.157980] (py_pubsub) StdoutLine: {'line': b"writing list of installed files to '/home/riser14/ros_ws/build/py_pubsub/install.log'\n"}
[11.169112] (-) TimerEvent: {}
[11.273953] (py_pubsub) CommandEnded: {'returncode': 0}
[11.275360] (-) TimerEvent: {}
[11.381343] (-) TimerEvent: {}
[11.482682] (-) TimerEvent: {}
[11.583333] (-) TimerEvent: {}
[11.691431] (-) TimerEvent: {}
[11.793981] (-) TimerEvent: {}
[11.819665] (py_pubsub) JobEnded: {'identifier': 'py_pubsub', 'rc': 0}
[11.827590] (-) EventReactorShutdown: {}
