[7.129s] Invoking command in '/home/riser14/ros_ws/build/my_package': PYTHONPATH=/home/riser14/ros_ws/build/my_package/prefix_override:/home/riser14/ros_ws/install/my_package/lib/python3.10/site-packages:${PYTHONPATH} /usr/bin/python3 setup.py develop --uninstall --editable --build-directory /home/riser14/ros_ws/build/my_package/build
[8.491s] running develop
[9.499s] Invoked command in '/home/riser14/ros_ws/build/my_package' returned '0': PYTHONPATH=/home/riser14/ros_ws/build/my_package/prefix_override:/home/riser14/ros_ws/install/my_package/lib/python3.10/site-packages:${PYTHONPATH} /usr/bin/python3 setup.py develop --uninstall --editable --build-directory /home/riser14/ros_ws/build/my_package/build
[9.501s] Invoking command in '/home/riser14/ros_ws/src/my_package': PYTHONPATH=/home/riser14/ros_ws/build/my_package/prefix_override:/home/riser14/ros_ws/install/my_package/lib/python3.10/site-packages:${PYTHONPATH} /usr/bin/python3 setup.py egg_info --egg-base ../../build/my_package build --build-base /home/riser14/ros_ws/build/my_package/build install --record /home/riser14/ros_ws/build/my_package/install.log --single-version-externally-managed
[11.206s] running egg_info
[11.208s] writing ../../build/my_package/my_package.egg-info/PKG-INFO
[11.208s] writing dependency_links to ../../build/my_package/my_package.egg-info/dependency_links.txt
[11.209s] writing entry points to ../../build/my_package/my_package.egg-info/entry_points.txt
[11.209s] writing requirements to ../../build/my_package/my_package.egg-info/requires.txt
[11.211s] writing top-level names to ../../build/my_package/my_package.egg-info/top_level.txt
[11.535s] listing git files failed - pretending there aren't any
[12.526s] reading manifest file '../../build/my_package/my_package.egg-info/SOURCES.txt'
[12.549s] writing manifest file '../../build/my_package/my_package.egg-info/SOURCES.txt'
[12.550s] running build
[12.551s] running build_py
[12.555s] running install
[12.556s] running install_lib
[12.570s] running install_data
[12.580s] running install_egg_info
[12.593s] removing '/home/riser14/ros_ws/install/my_package/lib/python3.10/site-packages/my_package-0.0.0-py3.10.egg-info' (and everything under it)
[12.602s] Copying ../../build/my_package/my_package.egg-info to /home/riser14/ros_ws/install/my_package/lib/python3.10/site-packages/my_package-0.0.0-py3.10.egg-info
[12.629s] running install_scripts
[12.772s] Installing my_node script to /home/riser14/ros_ws/install/my_package/lib/my_package
[12.790s] writing list of installed files to '/home/riser14/ros_ws/build/my_package/install.log'
[13.077s] Invoked command in '/home/riser14/ros_ws/src/my_package' returned '0': PYTHONPATH=/home/riser14/ros_ws/build/my_package/prefix_override:/home/riser14/ros_ws/install/my_package/lib/python3.10/site-packages:${PYTHONPATH} /usr/bin/python3 setup.py egg_info --egg-base ../../build/my_package build --build-base /home/riser14/ros_ws/build/my_package/build install --record /home/riser14/ros_ws/build/my_package/install.log --single-version-externally-managed
