[8.359s] Invoking command in '/home/riser14/ros_ws/src/py_pubsub': PYTHONPATH=/home/riser14/ros_ws/build/py_pubsub/prefix_override:/home/riser14/ros_ws/install/py_pubsub/lib/python3.10/site-packages:${PYTHONPATH} /usr/bin/python3 setup.py egg_info --egg-base ../../build/py_pubsub build --build-base /home/riser14/ros_ws/build/py_pubsub/build install --record /home/riser14/ros_ws/build/py_pubsub/install.log --single-version-externally-managed
[9.795s] running egg_info
[9.802s] writing ../../build/py_pubsub/py_pubsub.egg-info/PKG-INFO
[9.829s] writing dependency_links to ../../build/py_pubsub/py_pubsub.egg-info/dependency_links.txt
[9.835s] writing entry points to ../../build/py_pubsub/py_pubsub.egg-info/entry_points.txt
[9.840s] writing requirements to ../../build/py_pubsub/py_pubsub.egg-info/requires.txt
[9.843s] writing top-level names to ../../build/py_pubsub/py_pubsub.egg-info/top_level.txt
[10.280s] listing git files failed - pretending there aren't any
[10.867s] reading manifest file '../../build/py_pubsub/py_pubsub.egg-info/SOURCES.txt'
[10.880s] writing manifest file '../../build/py_pubsub/py_pubsub.egg-info/SOURCES.txt'
[10.881s] running build
[10.881s] running build_py
[10.898s] copying py_pubsub/publisher_member_function.py -> /home/riser14/ros_ws/build/py_pubsub/build/lib/py_pubsub
[10.899s] running install
[10.901s] running install_lib
[10.902s] copying /home/riser14/ros_ws/build/py_pubsub/build/lib/py_pubsub/publisher_member_function.py -> /home/riser14/ros_ws/install/py_pubsub/lib/python3.10/site-packages/py_pubsub
[10.903s] byte-compiling /home/riser14/ros_ws/install/py_pubsub/lib/python3.10/site-packages/py_pubsub/publisher_member_function.py to publisher_member_function.cpython-310.pyc
[10.908s] running install_data
[10.909s] running install_egg_info
[10.915s] removing '/home/riser14/ros_ws/install/py_pubsub/lib/python3.10/site-packages/py_pubsub-0.0.0-py3.10.egg-info' (and everything under it)
[10.917s] Copying ../../build/py_pubsub/py_pubsub.egg-info to /home/riser14/ros_ws/install/py_pubsub/lib/python3.10/site-packages/py_pubsub-0.0.0-py3.10.egg-info
[10.927s] running install_scripts
[11.035s] Installing camera_record script to /home/riser14/ros_ws/install/py_pubsub/lib/py_pubsub
[11.040s] Installing capture script to /home/riser14/ros_ws/install/py_pubsub/lib/py_pubsub
[11.041s] Installing compare_feature script to /home/riser14/ros_ws/install/py_pubsub/lib/py_pubsub
[11.043s] Installing compare_mean_error script to /home/riser14/ros_ws/install/py_pubsub/lib/py_pubsub
[11.044s] Installing control_mpc script to /home/riser14/ros_ws/install/py_pubsub/lib/py_pubsub
[11.045s] Installing control_nmpc script to /home/riser14/ros_ws/install/py_pubsub/lib/py_pubsub
[11.047s] Installing drift_measure script to /home/riser14/ros_ws/install/py_pubsub/lib/py_pubsub
[11.049s] Installing full_record script to /home/riser14/ros_ws/install/py_pubsub/lib/py_pubsub
[11.049s] Installing listener script to /home/riser14/ros_ws/install/py_pubsub/lib/py_pubsub
[11.050s] Installing pid script to /home/riser14/ros_ws/install/py_pubsub/lib/py_pubsub
[11.050s] Installing pose_sub script to /home/riser14/ros_ws/install/py_pubsub/lib/py_pubsub
[11.050s] Installing visualisation script to /home/riser14/ros_ws/install/py_pubsub/lib/py_pubsub
[11.050s] Installing waypoint follow script to /home/riser14/ros_ws/install/py_pubsub/lib/py_pubsub
[11.050s] writing list of installed files to '/home/riser14/ros_ws/build/py_pubsub/install.log'
[11.212s] Invoked command in '/home/riser14/ros_ws/src/py_pubsub' returned '0': PYTHONPATH=/home/riser14/ros_ws/build/py_pubsub/prefix_override:/home/riser14/ros_ws/install/py_pubsub/lib/python3.10/site-packages:${PYTHONPATH} /usr/bin/python3 setup.py egg_info --egg-base ../../build/py_pubsub build --build-base /home/riser14/ros_ws/build/py_pubsub/build install --record /home/riser14/ros_ws/build/py_pubsub/install.log --single-version-externally-managed
