[1.447s] Invoking command in '/home/riser14/ros_ws/src/py_pubsub': PYTHONPATH=/home/riser14/ros_ws/build/py_pubsub/prefix_override:/home/riser14/ros_ws/install/py_pubsub/lib/python3.10/site-packages:${PYTHONPATH} /usr/bin/python3 setup.py egg_info --egg-base ../../build/py_pubsub build --build-base /home/riser14/ros_ws/build/py_pubsub/build install --record /home/riser14/ros_ws/build/py_pubsub/install.log --single-version-externally-managed
[1.897s] running egg_info
[1.898s] writing ../../build/py_pubsub/py_pubsub.egg-info/PKG-INFO
[1.899s] writing dependency_links to ../../build/py_pubsub/py_pubsub.egg-info/dependency_links.txt
[1.899s] writing entry points to ../../build/py_pubsub/py_pubsub.egg-info/entry_points.txt
[1.899s] writing requirements to ../../build/py_pubsub/py_pubsub.egg-info/requires.txt
[1.899s] writing top-level names to ../../build/py_pubsub/py_pubsub.egg-info/top_level.txt
[1.970s] listing git files failed - pretending there aren't any
[2.144s] reading manifest file '../../build/py_pubsub/py_pubsub.egg-info/SOURCES.txt'
[2.146s] writing manifest file '../../build/py_pubsub/py_pubsub.egg-info/SOURCES.txt'
[2.146s] running build
[2.146s] running build_py
[2.146s] copying py_pubsub/subscriber_member_function.py -> /home/riser14/ros_ws/build/py_pubsub/build/lib/py_pubsub
[2.147s] running install
[2.148s] running install_lib
[2.149s] copying /home/riser14/ros_ws/build/py_pubsub/build/lib/py_pubsub/subscriber_member_function.py -> /home/riser14/ros_ws/install/py_pubsub/lib/python3.10/site-packages/py_pubsub
[2.151s] byte-compiling /home/riser14/ros_ws/install/py_pubsub/lib/python3.10/site-packages/py_pubsub/subscriber_member_function.py to subscriber_member_function.cpython-310.pyc
[2.152s] running install_data
[2.153s] running install_egg_info
[2.155s] removing '/home/riser14/ros_ws/install/py_pubsub/lib/python3.10/site-packages/py_pubsub-0.0.0-py3.10.egg-info' (and everything under it)
[2.156s] Copying ../../build/py_pubsub/py_pubsub.egg-info to /home/riser14/ros_ws/install/py_pubsub/lib/python3.10/site-packages/py_pubsub-0.0.0-py3.10.egg-info
[2.158s] running install_scripts
[2.197s] Installing follow script to /home/riser14/ros_ws/install/py_pubsub/lib/py_pubsub
[2.198s] Installing listener script to /home/riser14/ros_ws/install/py_pubsub/lib/py_pubsub
[2.198s] Installing talker script to /home/riser14/ros_ws/install/py_pubsub/lib/py_pubsub
[2.198s] writing list of installed files to '/home/riser14/ros_ws/build/py_pubsub/install.log'
[2.290s] Invoked command in '/home/riser14/ros_ws/src/py_pubsub' returned '0': PYTHONPATH=/home/riser14/ros_ws/build/py_pubsub/prefix_override:/home/riser14/ros_ws/install/py_pubsub/lib/python3.10/site-packages:${PYTHONPATH} /usr/bin/python3 setup.py egg_info --egg-base ../../build/py_pubsub build --build-base /home/riser14/ros_ws/build/py_pubsub/build install --record /home/riser14/ros_ws/build/py_pubsub/install.log --single-version-externally-managed
