[0.000000] (-) TimerEvent: {}
[0.000414] (my_package) JobQueued: {'identifier': 'my_package', 'dependencies': OrderedDict()}
[0.001040] (py_pubsub) JobQueued: {'identifier': 'py_pubsub', 'dependencies': OrderedDict()}
[0.004098] (my_package) JobStarted: {'identifier': 'my_package'}
[0.100582] (-) TimerEvent: {}
[0.201990] (-) TimerEvent: {}
[0.303930] (-) TimerEvent: {}
[0.405292] (-) TimerEvent: {}
[0.534986] (-) TimerEvent: {}
[0.642234] (-) TimerEvent: {}
[0.743050] (-) TimerEvent: {}
[0.844139] (-) TimerEvent: {}
[0.945016] (-) TimerEvent: {}
[1.046956] (-) TimerEvent: {}
[1.083141] (py_pubsub) JobStarted: {'identifier': 'py_pubsub'}
[1.147974] (-) TimerEvent: {}
[1.251382] (-) TimerEvent: {}
[1.352392] (-) TimerEvent: {}
[1.456189] (-) TimerEvent: {}
[1.558810] (-) TimerEvent: {}
[1.659803] (-) TimerEvent: {}
[1.760558] (-) TimerEvent: {}
[1.862762] (-) TimerEvent: {}
[1.964684] (-) TimerEvent: {}
[2.065478] (-) TimerEvent: {}
[2.169824] (-) TimerEvent: {}
[2.270831] (-) TimerEvent: {}
[2.373628] (-) TimerEvent: {}
[2.474483] (-) TimerEvent: {}
[2.575255] (-) TimerEvent: {}
[2.675935] (-) TimerEvent: {}
[2.780534] (-) TimerEvent: {}
[2.881804] (-) TimerEvent: {}
[2.982428] (-) TimerEvent: {}
[3.083406] (-) TimerEvent: {}
[3.184376] (-) TimerEvent: {}
[3.285940] (-) TimerEvent: {}
[3.387168] (-) TimerEvent: {}
[3.489074] (-) TimerEvent: {}
[3.590670] (-) TimerEvent: {}
[3.692664] (-) TimerEvent: {}
[3.794545] (-) TimerEvent: {}
[3.896624] (-) TimerEvent: {}
[3.997631] (-) TimerEvent: {}
[4.099064] (-) TimerEvent: {}
[4.201855] (-) TimerEvent: {}
[4.303308] (-) TimerEvent: {}
[4.404585] (-) TimerEvent: {}
[4.505470] (-) TimerEvent: {}
[4.614536] (-) TimerEvent: {}
[4.721371] (-) TimerEvent: {}
[4.823552] (-) TimerEvent: {}
[4.931496] (-) TimerEvent: {}
[5.032558] (-) TimerEvent: {}
[5.134995] (-) TimerEvent: {}
[5.236286] (-) TimerEvent: {}
[5.337055] (-) TimerEvent: {}
[5.438338] (-) TimerEvent: {}
[5.539604] (-) TimerEvent: {}
[5.640916] (-) TimerEvent: {}
[5.742203] (-) TimerEvent: {}
[5.843404] (-) TimerEvent: {}
[5.944709] (-) TimerEvent: {}
[6.045820] (-) TimerEvent: {}
[6.146972] (-) TimerEvent: {}
[6.247690] (-) TimerEvent: {}
[6.348122] (-) TimerEvent: {}
[6.448629] (-) TimerEvent: {}
[6.549838] (-) TimerEvent: {}
[6.650694] (-) TimerEvent: {}
[6.751404] (-) TimerEvent: {}
[6.852222] (-) TimerEvent: {}
[6.953440] (-) TimerEvent: {}
[7.054090] (-) TimerEvent: {}
[7.155203] (-) TimerEvent: {}
[7.256464] (-) TimerEvent: {}
[7.357428] (-) TimerEvent: {}
[7.458546] (-) TimerEvent: {}
[7.559628] (-) TimerEvent: {}
[7.660506] (-) TimerEvent: {}
[7.761820] (-) TimerEvent: {}
[7.862683] (-) TimerEvent: {}
[7.964266] (-) TimerEvent: {}
[8.067791] (-) TimerEvent: {}
[8.169604] (-) TimerEvent: {}
[8.272063] (-) TimerEvent: {}
[8.375027] (-) TimerEvent: {}
[8.476579] (-) TimerEvent: {}
[8.577620] (-) TimerEvent: {}
[8.678793] (-) TimerEvent: {}
[8.779783] (-) TimerEvent: {}
[8.880765] (-) TimerEvent: {}
[8.981323] (-) TimerEvent: {}
[9.082415] (-) TimerEvent: {}
[9.183078] (-) TimerEvent: {}
[9.284295] (-) TimerEvent: {}
[9.386070] (-) TimerEvent: {}
[9.487681] (-) TimerEvent: {}
[9.589417] (-) TimerEvent: {}
[9.690085] (-) TimerEvent: {}
[9.791459] (-) TimerEvent: {}
[9.892511] (-) TimerEvent: {}
[9.993810] (-) TimerEvent: {}
[10.094824] (-) TimerEvent: {}
[10.195543] (-) TimerEvent: {}
[10.295934] (-) TimerEvent: {}
[10.398461] (-) TimerEvent: {}
[10.499255] (-) TimerEvent: {}
[10.600329] (-) TimerEvent: {}
[10.701734] (-) TimerEvent: {}
[10.803893] (-) TimerEvent: {}
[10.829864] (my_package) Command: {'cmd': ['/usr/bin/python3', 'setup.py', 'egg_info', '--egg-base', '../../build/my_package', 'build', '--build-base', '/home/riser14/ros_ws/build/my_package/build', 'install', '--record', '/home/riser14/ros_ws/build/my_package/install.log', '--single-version-externally-managed'], 'cwd': '/home/riser14/ros_ws/src/my_package', 'env': {'LANGUAGE': 'en_ZA:en', 'USER': 'riser14', 'XDG_SESSION_TYPE': 'wayland', 'SHLVL': '1', 'LD_LIBRARY_PATH': '/usr/lib/x86_64-linux-gnu/gazebo-11/plugins:/opt/ros/humble/opt/rviz_ogre_vendor/lib:/opt/ros/humble/lib/x86_64-linux-gnu:/opt/ros/humble/lib', 'HOME': '/home/riser14', 'OLDPWD': '/home/riser14', 'DESKTOP_SESSION': 'ubuntu', 'ROS_PYTHON_VERSION': '3', 'GNOME_SHELL_SESSION_MODE': 'ubuntu', 'GTK_MODULES': 'gail:atk-bridge', 'SYSTEMD_EXEC_PID': '82919', 'DBUS_SESSION_BUS_ADDRESS': 'unix:path=/run/user/1000/bus', 'COLORTERM': 'truecolor', 'IM_CONFIG_PHASE': '1', 'WAYLAND_DISPLAY': 'wayland-0', 'COLCON_PREFIX_PATH': '/home/riser14/picture_ws/install:/home/riser14/ros_ws/install', 'ROS_DISTRO': 'humble', 'LOGNAME': 'riser14', '_': '/usr/bin/colcon', 'ROS_VERSION': '2', 'XDG_SESSION_CLASS': 'user', 'USERNAME': 'riser14', 'TERM': 'xterm-256color', 'GAZEBO_MODEL_PATH': ':/opt/ros/humble/share/turtlebot3_gazebo/models', 'GNOME_DESKTOP_SESSION_ID': 'this-is-deprecated', 'ROS_LOCALHOST_ONLY': '0', 'PATH': '/opt/ros/humble/bin:/usr/local/sbin:/usr/local/bin:/usr/sbin:/usr/bin:/sbin:/bin:/usr/games:/usr/local/games:/snap/bin:/snap/bin', 'SESSION_MANAGER': 'local/riser14-Inspiron-5559:@/tmp/.ICE-unix/1341,unix/riser14-Inspiron-5559:/tmp/.ICE-unix/1341', 'XDG_MENU_PREFIX': 'gnome-', 'GNOME_TERMINAL_SCREEN': '/org/gnome/Terminal/screen/6362a14c_251f_4025_9e57_4fd834c54b46', 'GNOME_SETUP_DISPLAY': ':1', 'XDG_RUNTIME_DIR': '/run/user/1000', 'DISPLAY': ':0', 'LANG': 'en_US.UTF-8', 'XDG_CURRENT_DESKTOP': 'ubuntu:GNOME', 'RMW_IMPLEMENTATION': 'rmw_cyclonedds_cpp', 'XMODIFIERS': '@im=ibus', 'XDG_SESSION_DESKTOP': 'ubuntu', 'XAUTHORITY': '/run/user/1000/.mutter-Xwaylandauth.W7X1B2', 'GNOME_TERMINAL_SERVICE': ':1.360', 'SSH_AGENT_LAUNCHER': 'gnome-keyring', 'SSH_AUTH_SOCK': '/run/user/1000/keyring/ssh', 'AMENT_PREFIX_PATH': '/home/riser14/ros_ws/install/py_pubsub:/home/riser14/ros_ws/install/my_package:/home/riser14/picture_ws/install/my_camera:/opt/ros/humble', 'SHELL': '/bin/bash', 'QT_ACCESSIBILITY': '1', 'GDMSESSION': 'ubuntu', 'QT_IM_MODULE': 'ibus', 'PWD': '/home/riser14/ros_ws/build/my_package', 'TURTLEBOT3_MODEL': 'waffle', 'LC_ALL': 'en_US.UTF-8', 'XDG_CONFIG_DIRS': '/etc/xdg/xdg-ubuntu:/etc/xdg', 'XDG_DATA_DIRS': '/usr/share/ubuntu:/usr/local/share/:/usr/share/:/var/lib/snapd/desktop', 'PYTHONPATH': '/home/riser14/ros_ws/build/my_package/prefix_override:/home/riser14/ros_ws/install/my_package/lib/python3.10/site-packages:/home/riser14/ros_ws/install/py_pubsub/lib/python3.10/site-packages:/home/riser14/ros_ws/install/my_package/lib/python3.10/site-packages:/home/riser14/picture_ws/install/my_camera/lib/python3.10/site-packages:/opt/ros/humble/lib/python3.10/site-packages:/opt/ros/humble/local/lib/python3.10/dist-packages', 'COLCON': '1', 'VTE_VERSION': '6800'}, 'shell': False}
[10.857645] (py_pubsub) Command: {'cmd': ['/usr/bin/python3', 'setup.py', 'egg_info', '--egg-base', '../../build/py_pubsub', 'build', '--build-base', '/home/riser14/ros_ws/build/py_pubsub/build', 'install', '--record', '/home/riser14/ros_ws/build/py_pubsub/install.log', '--single-version-externally-managed'], 'cwd': '/home/riser14/ros_ws/src/py_pubsub', 'env': {'LANGUAGE': 'en_ZA:en', 'USER': 'riser14', 'XDG_SESSION_TYPE': 'wayland', 'SHLVL': '1', 'LD_LIBRARY_PATH': '/usr/lib/x86_64-linux-gnu/gazebo-11/plugins:/opt/ros/humble/opt/rviz_ogre_vendor/lib:/opt/ros/humble/lib/x86_64-linux-gnu:/opt/ros/humble/lib', 'HOME': '/home/riser14', 'OLDPWD': '/home/riser14', 'DESKTOP_SESSION': 'ubuntu', 'ROS_PYTHON_VERSION': '3', 'GNOME_SHELL_SESSION_MODE': 'ubuntu', 'GTK_MODULES': 'gail:atk-bridge', 'SYSTEMD_EXEC_PID': '82919', 'DBUS_SESSION_BUS_ADDRESS': 'unix:path=/run/user/1000/bus', 'COLORTERM': 'truecolor', 'IM_CONFIG_PHASE': '1', 'WAYLAND_DISPLAY': 'wayland-0', 'COLCON_PREFIX_PATH': '/home/riser14/picture_ws/install:/home/riser14/ros_ws/install', 'ROS_DISTRO': 'humble', 'LOGNAME': 'riser14', '_': '/usr/bin/colcon', 'ROS_VERSION': '2', 'XDG_SESSION_CLASS': 'user', 'USERNAME': 'riser14', 'TERM': 'xterm-256color', 'GAZEBO_MODEL_PATH': ':/opt/ros/humble/share/turtlebot3_gazebo/models', 'GNOME_DESKTOP_SESSION_ID': 'this-is-deprecated', 'ROS_LOCALHOST_ONLY': '0', 'PATH': '/opt/ros/humble/bin:/usr/local/sbin:/usr/local/bin:/usr/sbin:/usr/bin:/sbin:/bin:/usr/games:/usr/local/games:/snap/bin:/snap/bin', 'SESSION_MANAGER': 'local/riser14-Inspiron-5559:@/tmp/.ICE-unix/1341,unix/riser14-Inspiron-5559:/tmp/.ICE-unix/1341', 'XDG_MENU_PREFIX': 'gnome-', 'GNOME_TERMINAL_SCREEN': '/org/gnome/Terminal/screen/6362a14c_251f_4025_9e57_4fd834c54b46', 'GNOME_SETUP_DISPLAY': ':1', 'XDG_RUNTIME_DIR': '/run/user/1000', 'DISPLAY': ':0', 'LANG': 'en_US.UTF-8', 'XDG_CURRENT_DESKTOP': 'ubuntu:GNOME', 'RMW_IMPLEMENTATION': 'rmw_cyclonedds_cpp', 'XMODIFIERS': '@im=ibus', 'XDG_SESSION_DESKTOP': 'ubuntu', 'XAUTHORITY': '/run/user/1000/.mutter-Xwaylandauth.W7X1B2', 'GNOME_TERMINAL_SERVICE': ':1.360', 'SSH_AGENT_LAUNCHER': 'gnome-keyring', 'SSH_AUTH_SOCK': '/run/user/1000/keyring/ssh', 'AMENT_PREFIX_PATH': '/home/riser14/ros_ws/install/py_pubsub:/home/riser14/ros_ws/install/my_package:/home/riser14/picture_ws/install/my_camera:/opt/ros/humble', 'SHELL': '/bin/bash', 'QT_ACCESSIBILITY': '1', 'GDMSESSION': 'ubuntu', 'QT_IM_MODULE': 'ibus', 'PWD': '/home/riser14/ros_ws/build/py_pubsub', 'TURTLEBOT3_MODEL': 'waffle', 'LC_ALL': 'en_US.UTF-8', 'XDG_CONFIG_DIRS': '/etc/xdg/xdg-ubuntu:/etc/xdg', 'XDG_DATA_DIRS': '/usr/share/ubuntu:/usr/local/share/:/usr/share/:/var/lib/snapd/desktop', 'PYTHONPATH': '/home/riser14/ros_ws/build/py_pubsub/prefix_override:/home/riser14/ros_ws/install/py_pubsub/lib/python3.10/site-packages:/home/riser14/ros_ws/install/py_pubsub/lib/python3.10/site-packages:/home/riser14/ros_ws/install/my_package/lib/python3.10/site-packages:/home/riser14/picture_ws/install/my_camera/lib/python3.10/site-packages:/opt/ros/humble/lib/python3.10/site-packages:/opt/ros/humble/local/lib/python3.10/dist-packages', 'COLCON': '1', 'VTE_VERSION': '6800'}, 'shell': False}
[10.904431] (-) TimerEvent: {}
[11.005011] (-) TimerEvent: {}
[11.105804] (-) TimerEvent: {}
[11.206332] (-) TimerEvent: {}
[11.307028] (-) TimerEvent: {}
[11.407480] (-) TimerEvent: {}
[11.508542] (-) TimerEvent: {}
[11.609777] (-) TimerEvent: {}
[11.711308] (-) TimerEvent: {}
[11.811789] (-) TimerEvent: {}
[11.917930] (-) TimerEvent: {}
[12.018806] (-) TimerEvent: {}
[12.127315] (-) TimerEvent: {}
[12.227848] (-) TimerEvent: {}
[12.329097] (-) TimerEvent: {}
[12.430172] (-) TimerEvent: {}
[12.516053] (py_pubsub) StdoutLine: {'line': b'running egg_info\n'}
[12.517536] (py_pubsub) StdoutLine: {'line': b'writing ../../build/py_pubsub/py_pubsub.egg-info/PKG-INFO\n'}
[12.517836] (py_pubsub) StdoutLine: {'line': b'writing dependency_links to ../../build/py_pubsub/py_pubsub.egg-info/dependency_links.txt\n'}
[12.518150] (py_pubsub) StdoutLine: {'line': b'writing entry points to ../../build/py_pubsub/py_pubsub.egg-info/entry_points.txt\n'}
[12.518360] (py_pubsub) StdoutLine: {'line': b'writing requirements to ../../build/py_pubsub/py_pubsub.egg-info/requires.txt\n'}
[12.518680] (py_pubsub) StdoutLine: {'line': b'writing top-level names to ../../build/py_pubsub/py_pubsub.egg-info/top_level.txt\n'}
[12.530273] (-) TimerEvent: {}
[12.630655] (-) TimerEvent: {}
[12.731334] (-) TimerEvent: {}
[12.781800] (my_package) StdoutLine: {'line': b'running egg_info\n'}
[12.782613] (my_package) StdoutLine: {'line': b'writing ../../build/my_package/my_package.egg-info/PKG-INFO\n'}
[12.783655] (my_package) StdoutLine: {'line': b'writing dependency_links to ../../build/my_package/my_package.egg-info/dependency_links.txt\n'}
[12.784236] (my_package) StdoutLine: {'line': b'writing entry points to ../../build/my_package/my_package.egg-info/entry_points.txt\n'}
[12.784638] (my_package) StdoutLine: {'line': b'writing requirements to ../../build/my_package/my_package.egg-info/requires.txt\n'}
[12.785642] (my_package) StdoutLine: {'line': b'writing top-level names to ../../build/my_package/my_package.egg-info/top_level.txt\n'}
[12.801024] (py_pubsub) StderrLine: {'line': b"listing git files failed - pretending there aren't any\n"}
[12.831436] (-) TimerEvent: {}
[12.932137] (-) TimerEvent: {}
[13.033444] (-) TimerEvent: {}
[13.070612] (my_package) StderrLine: {'line': b"listing git files failed - pretending there aren't any\n"}
[13.135873] (-) TimerEvent: {}
[13.240666] (-) TimerEvent: {}
[13.341177] (-) TimerEvent: {}
[13.440058] (py_pubsub) StdoutLine: {'line': b"reading manifest file '../../build/py_pubsub/py_pubsub.egg-info/SOURCES.txt'\n"}
[13.441824] (-) TimerEvent: {}
[13.449172] (py_pubsub) StdoutLine: {'line': b"writing manifest file '../../build/py_pubsub/py_pubsub.egg-info/SOURCES.txt'\n"}
[13.450970] (py_pubsub) StdoutLine: {'line': b'running build\n'}
[13.458006] (py_pubsub) StdoutLine: {'line': b'running build_py\n'}
[13.459925] (py_pubsub) StdoutLine: {'line': b'copying py_pubsub/pose_subscriber.py -> /home/riser14/ros_ws/build/py_pubsub/build/lib/py_pubsub\n'}
[13.461722] (py_pubsub) StdoutLine: {'line': b'running install\n'}
[13.468277] (py_pubsub) StdoutLine: {'line': b'running install_lib\n'}
[13.481527] (py_pubsub) StdoutLine: {'line': b'copying /home/riser14/ros_ws/build/py_pubsub/build/lib/py_pubsub/pose_subscriber.py -> /home/riser14/ros_ws/install/py_pubsub/lib/python3.10/site-packages/py_pubsub\n'}
[13.485150] (py_pubsub) StdoutLine: {'line': b'byte-compiling /home/riser14/ros_ws/install/py_pubsub/lib/python3.10/site-packages/py_pubsub/pose_subscriber.py to pose_subscriber.cpython-310.pyc\n'}
[13.494112] (py_pubsub) StdoutLine: {'line': b'running install_data\n'}
[13.499794] (py_pubsub) StdoutLine: {'line': b'running install_egg_info\n'}
[13.506677] (py_pubsub) StdoutLine: {'line': b"removing '/home/riser14/ros_ws/install/py_pubsub/lib/python3.10/site-packages/py_pubsub-0.0.0-py3.10.egg-info' (and everything under it)\n"}
[13.510070] (py_pubsub) StdoutLine: {'line': b'Copying ../../build/py_pubsub/py_pubsub.egg-info to /home/riser14/ros_ws/install/py_pubsub/lib/python3.10/site-packages/py_pubsub-0.0.0-py3.10.egg-info\n'}
[13.533278] (py_pubsub) StdoutLine: {'line': b'running install_scripts\n'}
[13.542207] (-) TimerEvent: {}
[13.638280] (my_package) StdoutLine: {'line': b"reading manifest file '../../build/my_package/my_package.egg-info/SOURCES.txt'\n"}
[13.639985] (my_package) StdoutLine: {'line': b"writing manifest file '../../build/my_package/my_package.egg-info/SOURCES.txt'\n"}
[13.640364] (my_package) StdoutLine: {'line': b'running build\n'}
[13.640547] (my_package) StdoutLine: {'line': b'running build_py\n'}
[13.640961] (my_package) StdoutLine: {'line': b'running install\n'}
[13.641599] (my_package) StdoutLine: {'line': b'running install_lib\n'}
[13.642273] (-) TimerEvent: {}
[13.648719] (my_package) StdoutLine: {'line': b'running install_data\n'}
[13.651654] (my_package) StdoutLine: {'line': b'running install_egg_info\n'}
[13.658427] (my_package) StdoutLine: {'line': b"removing '/home/riser14/ros_ws/install/my_package/lib/python3.10/site-packages/my_package-0.0.0-py3.10.egg-info' (and everything under it)\n"}
[13.662207] (my_package) StdoutLine: {'line': b'Copying ../../build/my_package/my_package.egg-info to /home/riser14/ros_ws/install/my_package/lib/python3.10/site-packages/my_package-0.0.0-py3.10.egg-info\n'}
[13.662428] (my_package) StdoutLine: {'line': b'running install_scripts\n'}
[13.666462] (py_pubsub) StdoutLine: {'line': b'Installing control_mpc script to /home/riser14/ros_ws/install/py_pubsub/lib/py_pubsub\n'}
[13.666857] (py_pubsub) StdoutLine: {'line': b'Installing control_nmpc script to /home/riser14/ros_ws/install/py_pubsub/lib/py_pubsub\n'}
[13.668292] (py_pubsub) StdoutLine: {'line': b'Installing follow script to /home/riser14/ros_ws/install/py_pubsub/lib/py_pubsub\n'}
[13.675851] (py_pubsub) StdoutLine: {'line': b'Installing listener script to /home/riser14/ros_ws/install/py_pubsub/lib/py_pubsub\n'}
[13.677089] (py_pubsub) StdoutLine: {'line': b'Installing pid script to /home/riser14/ros_ws/install/py_pubsub/lib/py_pubsub\n'}
[13.678144] (py_pubsub) StdoutLine: {'line': b'Installing pose_sub script to /home/riser14/ros_ws/install/py_pubsub/lib/py_pubsub\n'}
[13.679268] (py_pubsub) StdoutLine: {'line': b"writing list of installed files to '/home/riser14/ros_ws/build/py_pubsub/install.log'\n"}
[13.742566] (-) TimerEvent: {}
[13.771672] (my_package) StdoutLine: {'line': b'Installing my_node script to /home/riser14/ros_ws/install/my_package/lib/my_package\n'}
[13.773336] (my_package) StdoutLine: {'line': b"writing list of installed files to '/home/riser14/ros_ws/build/my_package/install.log'\n"}
[13.823158] (py_pubsub) CommandEnded: {'returncode': 0}
[13.844307] (-) TimerEvent: {}
[13.947747] (-) TimerEvent: {}
[14.048978] (-) TimerEvent: {}
[14.150674] (-) TimerEvent: {}
[14.252332] (-) TimerEvent: {}
[14.353295] (-) TimerEvent: {}
[14.396723] (py_pubsub) JobEnded: {'identifier': 'py_pubsub', 'rc': 0}
[14.408568] (my_package) CommandEnded: {'returncode': 0}
[14.453962] (-) TimerEvent: {}
[14.555984] (-) TimerEvent: {}
[14.657434] (-) TimerEvent: {}
[14.759691] (-) TimerEvent: {}
[14.861627] (-) TimerEvent: {}
[14.962694] (-) TimerEvent: {}
[15.001371] (my_package) JobEnded: {'identifier': 'my_package', 'rc': 0}
[15.008696] (-) EventReactorShutdown: {}
