[5.971s] Invoking command in '/home/riser14/ros_ws/src/my_package': PYTHONPATH=/home/riser14/ros_ws/build/my_package/prefix_override:/home/riser14/ros_ws/install/my_package/lib/python3.10/site-packages:${PYTHONPATH} /usr/bin/python3 setup.py egg_info --egg-base ../../build/my_package build --build-base /home/riser14/ros_ws/build/my_package/build install --record /home/riser14/ros_ws/build/my_package/install.log --single-version-externally-managed
[7.208s] running egg_info
[7.210s] writing ../../build/my_package/my_package.egg-info/PKG-INFO
[7.211s] writing dependency_links to ../../build/my_package/my_package.egg-info/dependency_links.txt
[7.212s] writing entry points to ../../build/my_package/my_package.egg-info/entry_points.txt
[7.213s] writing requirements to ../../build/my_package/my_package.egg-info/requires.txt
[7.215s] writing top-level names to ../../build/my_package/my_package.egg-info/top_level.txt
[7.395s] listing git files failed - pretending there aren't any
[7.851s] reading manifest file '../../build/my_package/my_package.egg-info/SOURCES.txt'
[7.854s] writing manifest file '../../build/my_package/my_package.egg-info/SOURCES.txt'
[7.855s] running build
[7.855s] running build_py
[7.861s] running install
[7.865s] running install_lib
[7.867s] running install_data
[7.870s] running install_egg_info
[7.870s] removing '/home/riser14/ros_ws/install/my_package/lib/python3.10/site-packages/my_package-0.0.0-py3.10.egg-info' (and everything under it)
[7.878s] Copying ../../build/my_package/my_package.egg-info to /home/riser14/ros_ws/install/my_package/lib/python3.10/site-packages/my_package-0.0.0-py3.10.egg-info
[7.887s] running install_scripts
[7.965s] Installing my_node script to /home/riser14/ros_ws/install/my_package/lib/my_package
[7.966s] writing list of installed files to '/home/riser14/ros_ws/build/my_package/install.log'
[8.096s] Invoked command in '/home/riser14/ros_ws/src/my_package' returned '0': PYTHONPATH=/home/riser14/ros_ws/build/my_package/prefix_override:/home/riser14/ros_ws/install/my_package/lib/python3.10/site-packages:${PYTHONPATH} /usr/bin/python3 setup.py egg_info --egg-base ../../build/my_package build --build-base /home/riser14/ros_ws/build/my_package/build install --record /home/riser14/ros_ws/build/my_package/install.log --single-version-externally-managed
