[0.000000] (-) TimerEvent: {}
[0.000153] (my_package) JobQueued: {'identifier': 'my_package', 'dependencies': OrderedDict()}
[0.000201] (py_pubsub) JobQueued: {'identifier': 'py_pubsub', 'dependencies': OrderedDict()}
[0.000242] (my_package) JobStarted: {'identifier': 'my_package'}
[0.098878] (-) TimerEvent: {}
[0.158002] (py_pubsub) JobStarted: {'identifier': 'py_pubsub'}
[0.199011] (-) TimerEvent: {}
[0.300190] (-) TimerEvent: {}
[0.400679] (-) TimerEvent: {}
[0.501001] (-) TimerEvent: {}
[0.601317] (-) TimerEvent: {}
[0.701695] (-) TimerEvent: {}
[0.802411] (-) TimerEvent: {}
[0.902744] (-) TimerEvent: {}
[1.003071] (-) TimerEvent: {}
[1.103401] (-) TimerEvent: {}
[1.203738] (-) TimerEvent: {}
[1.304134] (-) TimerEvent: {}
[1.404479] (-) TimerEvent: {}
[1.504839] (-) TimerEvent: {}
[1.605261] (-) TimerEvent: {}
[1.705582] (-) TimerEvent: {}
[1.798699] (my_package) Command: {'cmd': ['/usr/bin/python3', 'setup.py', 'egg_info', '--egg-base', '../../build/my_package', 'build', '--build-base', '/home/riser14/ros_ws/build/my_package/build', 'install', '--record', '/home/riser14/ros_ws/build/my_package/install.log', '--single-version-externally-managed'], 'cwd': '/home/riser14/ros_ws/src/my_package', 'env': {'LANGUAGE': 'en_ZA:en', 'USER': 'riser14', 'XDG_SESSION_TYPE': 'wayland', 'SHLVL': '1', 'LD_LIBRARY_PATH': '/usr/lib/x86_64-linux-gnu/gazebo-11/plugins:/opt/ros/humble/opt/rviz_ogre_vendor/lib:/opt/ros/humble/lib/x86_64-linux-gnu:/opt/ros/humble/lib', 'HOME': '/home/riser14', 'OLDPWD': '/home/riser14', 'DESKTOP_SESSION': 'ubuntu', 'ROS_PYTHON_VERSION': '3', 'GNOME_SHELL_SESSION_MODE': 'ubuntu', 'GTK_MODULES': 'gail:atk-bridge', 'SYSTEMD_EXEC_PID': '1043706', 'DBUS_SESSION_BUS_ADDRESS': 'unix:path=/run/user/1000/bus', 'COLORTERM': 'truecolor', 'IM_CONFIG_PHASE': '1', 'WAYLAND_DISPLAY': 'wayland-0', 'COLCON_PREFIX_PATH': '/home/riser14/turtlebot3_ws/install:/home/riser14/picture_ws/install:/home/riser14/ros_ws/install', 'ROS_DISTRO': 'humble', 'LOGNAME': 'riser14', '_': '/usr/bin/colcon', 'ROS_VERSION': '2', 'XDG_SESSION_CLASS': 'user', 'USERNAME': 'riser14', 'TERM': 'xterm-256color', 'GAZEBO_MODEL_PATH': ':/opt/ros/humble/share/turtlebot3_gazebo/models', 'GNOME_DESKTOP_SESSION_ID': 'this-is-deprecated', 'ROS_LOCALHOST_ONLY': '0', 'PATH': '/opt/ros/humble/bin:/usr/local/sbin:/usr/local/bin:/usr/sbin:/usr/bin:/sbin:/bin:/usr/games:/usr/local/games:/snap/bin:/snap/bin', 'SESSION_MANAGER': 'local/riser14-Inspiron-5559:@/tmp/.ICE-unix/1425,unix/riser14-Inspiron-5559:/tmp/.ICE-unix/1425', 'XDG_MENU_PREFIX': 'gnome-', 'GNOME_TERMINAL_SCREEN': '/org/gnome/Terminal/screen/4c6f3f5c_991f_4239_9b30_7d117e14d5f1', 'GNOME_SETUP_DISPLAY': ':1', 'XDG_RUNTIME_DIR': '/run/user/1000', 'DISPLAY': ':0', 'LANG': 'en_US.UTF-8', 'XDG_CURRENT_DESKTOP': 'ubuntu:GNOME', 'RMW_IMPLEMENTATION': 'rmw_cyclonedds_cpp', 'XMODIFIERS': '@im=ibus', 'XDG_SESSION_DESKTOP': 'ubuntu', 'XAUTHORITY': '/run/user/1000/.mutter-Xwaylandauth.DHTXB2', 'GNOME_TERMINAL_SERVICE': ':1.946', 'SSH_AGENT_LAUNCHER': 'gnome-keyring', 'SSH_AUTH_SOCK': '/run/user/1000/keyring/ssh', 'AMENT_PREFIX_PATH': '/home/riser14/ros_ws/install/py_pubsub:/home/riser14/ros_ws/install/my_package:/home/riser14/turtlebot3_ws/install/turtlebot3_simulations:/home/riser14/turtlebot3_ws/install/turtlebot3_gazebo:/home/riser14/turtlebot3_ws/install/turtlebot3_fake_node:/home/riser14/picture_ws/install/my_camera:/opt/ros/humble', 'SHELL': '/bin/bash', 'QT_ACCESSIBILITY': '1', 'GDMSESSION': 'ubuntu', 'QT_IM_MODULE': 'ibus', 'PWD': '/home/riser14/ros_ws/build/my_package', 'TURTLEBOT3_MODEL': 'waffle', 'LC_ALL': 'en_US.UTF-8', 'XDG_CONFIG_DIRS': '/etc/xdg/xdg-ubuntu:/etc/xdg', 'XDG_DATA_DIRS': '/usr/share/ubuntu:/usr/local/share/:/usr/share/:/var/lib/snapd/desktop', 'PYTHONPATH': '/home/riser14/ros_ws/build/my_package/prefix_override:/home/riser14/ros_ws/install/my_package/lib/python3.10/site-packages:/home/riser14/ros_ws/install/py_pubsub/lib/python3.10/site-packages:/home/riser14/ros_ws/install/my_package/lib/python3.10/site-packages:/home/riser14/picture_ws/install/my_camera/lib/python3.10/site-packages:/opt/ros/humble/lib/python3.10/site-packages:/opt/ros/humble/local/lib/python3.10/dist-packages', 'COLCON': '1', 'VTE_VERSION': '6800', 'CMAKE_PREFIX_PATH': '/home/riser14/turtlebot3_ws/install/turtlebot3_simulations:/home/riser14/turtlebot3_ws/install/turtlebot3_gazebo:/home/riser14/turtlebot3_ws/install/turtlebot3_fake_node'}, 'shell': False}
[1.805913] (-) TimerEvent: {}
[1.807912] (py_pubsub) Command: {'cmd': ['/usr/bin/python3', 'setup.py', 'egg_info', '--egg-base', '../../build/py_pubsub', 'build', '--build-base', '/home/riser14/ros_ws/build/py_pubsub/build', 'install', '--record', '/home/riser14/ros_ws/build/py_pubsub/install.log', '--single-version-externally-managed'], 'cwd': '/home/riser14/ros_ws/src/py_pubsub', 'env': {'LANGUAGE': 'en_ZA:en', 'USER': 'riser14', 'XDG_SESSION_TYPE': 'wayland', 'SHLVL': '1', 'LD_LIBRARY_PATH': '/usr/lib/x86_64-linux-gnu/gazebo-11/plugins:/opt/ros/humble/opt/rviz_ogre_vendor/lib:/opt/ros/humble/lib/x86_64-linux-gnu:/opt/ros/humble/lib', 'HOME': '/home/riser14', 'OLDPWD': '/home/riser14', 'DESKTOP_SESSION': 'ubuntu', 'ROS_PYTHON_VERSION': '3', 'GNOME_SHELL_SESSION_MODE': 'ubuntu', 'GTK_MODULES': 'gail:atk-bridge', 'SYSTEMD_EXEC_PID': '1043706', 'DBUS_SESSION_BUS_ADDRESS': 'unix:path=/run/user/1000/bus', 'COLORTERM': 'truecolor', 'IM_CONFIG_PHASE': '1', 'WAYLAND_DISPLAY': 'wayland-0', 'COLCON_PREFIX_PATH': '/home/riser14/turtlebot3_ws/install:/home/riser14/picture_ws/install:/home/riser14/ros_ws/install', 'ROS_DISTRO': 'humble', 'LOGNAME': 'riser14', '_': '/usr/bin/colcon', 'ROS_VERSION': '2', 'XDG_SESSION_CLASS': 'user', 'USERNAME': 'riser14', 'TERM': 'xterm-256color', 'GAZEBO_MODEL_PATH': ':/opt/ros/humble/share/turtlebot3_gazebo/models', 'GNOME_DESKTOP_SESSION_ID': 'this-is-deprecated', 'ROS_LOCALHOST_ONLY': '0', 'PATH': '/opt/ros/humble/bin:/usr/local/sbin:/usr/local/bin:/usr/sbin:/usr/bin:/sbin:/bin:/usr/games:/usr/local/games:/snap/bin:/snap/bin', 'SESSION_MANAGER': 'local/riser14-Inspiron-5559:@/tmp/.ICE-unix/1425,unix/riser14-Inspiron-5559:/tmp/.ICE-unix/1425', 'XDG_MENU_PREFIX': 'gnome-', 'GNOME_TERMINAL_SCREEN': '/org/gnome/Terminal/screen/4c6f3f5c_991f_4239_9b30_7d117e14d5f1', 'GNOME_SETUP_DISPLAY': ':1', 'XDG_RUNTIME_DIR': '/run/user/1000', 'DISPLAY': ':0', 'LANG': 'en_US.UTF-8', 'XDG_CURRENT_DESKTOP': 'ubuntu:GNOME', 'RMW_IMPLEMENTATION': 'rmw_cyclonedds_cpp', 'XMODIFIERS': '@im=ibus', 'XDG_SESSION_DESKTOP': 'ubuntu', 'XAUTHORITY': '/run/user/1000/.mutter-Xwaylandauth.DHTXB2', 'GNOME_TERMINAL_SERVICE': ':1.946', 'SSH_AGENT_LAUNCHER': 'gnome-keyring', 'SSH_AUTH_SOCK': '/run/user/1000/keyring/ssh', 'AMENT_PREFIX_PATH': '/home/riser14/ros_ws/install/py_pubsub:/home/riser14/ros_ws/install/my_package:/home/riser14/turtlebot3_ws/install/turtlebot3_simulations:/home/riser14/turtlebot3_ws/install/turtlebot3_gazebo:/home/riser14/turtlebot3_ws/install/turtlebot3_fake_node:/home/riser14/picture_ws/install/my_camera:/opt/ros/humble', 'SHELL': '/bin/bash', 'QT_ACCESSIBILITY': '1', 'GDMSESSION': 'ubuntu', 'QT_IM_MODULE': 'ibus', 'PWD': '/home/riser14/ros_ws/build/py_pubsub', 'TURTLEBOT3_MODEL': 'waffle', 'LC_ALL': 'en_US.UTF-8', 'XDG_CONFIG_DIRS': '/etc/xdg/xdg-ubuntu:/etc/xdg', 'XDG_DATA_DIRS': '/usr/share/ubuntu:/usr/local/share/:/usr/share/:/var/lib/snapd/desktop', 'PYTHONPATH': '/home/riser14/ros_ws/build/py_pubsub/prefix_override:/home/riser14/ros_ws/install/py_pubsub/lib/python3.10/site-packages:/home/riser14/ros_ws/install/py_pubsub/lib/python3.10/site-packages:/home/riser14/ros_ws/install/my_package/lib/python3.10/site-packages:/home/riser14/picture_ws/install/my_camera/lib/python3.10/site-packages:/opt/ros/humble/lib/python3.10/site-packages:/opt/ros/humble/local/lib/python3.10/dist-packages', 'COLCON': '1', 'VTE_VERSION': '6800', 'CMAKE_PREFIX_PATH': '/home/riser14/turtlebot3_ws/install/turtlebot3_simulations:/home/riser14/turtlebot3_ws/install/turtlebot3_gazebo:/home/riser14/turtlebot3_ws/install/turtlebot3_fake_node'}, 'shell': False}
[1.906021] (-) TimerEvent: {}
[2.006354] (-) TimerEvent: {}
[2.106691] (-) TimerEvent: {}
[2.159223] (my_package) StdoutLine: {'line': b'running egg_info\n'}
[2.159921] (my_package) StdoutLine: {'line': b'writing ../../build/my_package/my_package.egg-info/PKG-INFO\n'}
[2.160162] (my_package) StdoutLine: {'line': b'writing dependency_links to ../../build/my_package/my_package.egg-info/dependency_links.txt\n'}
[2.160405] (my_package) StdoutLine: {'line': b'writing entry points to ../../build/my_package/my_package.egg-info/entry_points.txt\n'}
[2.160666] (my_package) StdoutLine: {'line': b'writing requirements to ../../build/my_package/my_package.egg-info/requires.txt\n'}
[2.160805] (my_package) StdoutLine: {'line': b'writing top-level names to ../../build/my_package/my_package.egg-info/top_level.txt\n'}
[2.161970] (py_pubsub) StdoutLine: {'line': b'running egg_info\n'}
[2.162725] (py_pubsub) StdoutLine: {'line': b'writing ../../build/py_pubsub/py_pubsub.egg-info/PKG-INFO\n'}
[2.163003] (py_pubsub) StdoutLine: {'line': b'writing dependency_links to ../../build/py_pubsub/py_pubsub.egg-info/dependency_links.txt\n'}
[2.163250] (py_pubsub) StdoutLine: {'line': b'writing entry points to ../../build/py_pubsub/py_pubsub.egg-info/entry_points.txt\n'}
[2.163419] (py_pubsub) StdoutLine: {'line': b'writing requirements to ../../build/py_pubsub/py_pubsub.egg-info/requires.txt\n'}
[2.163582] (py_pubsub) StdoutLine: {'line': b'writing top-level names to ../../build/py_pubsub/py_pubsub.egg-info/top_level.txt\n'}
[2.206793] (-) TimerEvent: {}
[2.216225] (my_package) StderrLine: {'line': b"listing git files failed - pretending there aren't any\n"}
[2.221953] (py_pubsub) StderrLine: {'line': b"listing git files failed - pretending there aren't any\n"}
[2.306894] (-) TimerEvent: {}
[2.359416] (my_package) StdoutLine: {'line': b"reading manifest file '../../build/my_package/my_package.egg-info/SOURCES.txt'\n"}
[2.360383] (my_package) StdoutLine: {'line': b"writing manifest file '../../build/my_package/my_package.egg-info/SOURCES.txt'\n"}
[2.360698] (my_package) StdoutLine: {'line': b'running build\n'}
[2.360858] (my_package) StdoutLine: {'line': b'running build_py\n'}
[2.361069] (my_package) StdoutLine: {'line': b'running install\n'}
[2.361445] (my_package) StdoutLine: {'line': b'running install_lib\n'}
[2.362863] (my_package) StdoutLine: {'line': b'running install_data\n'}
[2.363579] (my_package) StdoutLine: {'line': b'running install_egg_info\n'}
[2.364486] (my_package) StdoutLine: {'line': b"removing '/home/riser14/ros_ws/install/my_package/lib/python3.10/site-packages/my_package-0.0.0-py3.10.egg-info' (and everything under it)\n"}
[2.364955] (my_package) StdoutLine: {'line': b'Copying ../../build/my_package/my_package.egg-info to /home/riser14/ros_ws/install/my_package/lib/python3.10/site-packages/my_package-0.0.0-py3.10.egg-info\n'}
[2.366521] (my_package) StdoutLine: {'line': b'running install_scripts\n'}
[2.368483] (py_pubsub) StdoutLine: {'line': b"reading manifest file '../../build/py_pubsub/py_pubsub.egg-info/SOURCES.txt'\n"}
[2.370348] (py_pubsub) StdoutLine: {'line': b"writing manifest file '../../build/py_pubsub/py_pubsub.egg-info/SOURCES.txt'\n"}
[2.370595] (py_pubsub) StdoutLine: {'line': b'running build\n'}
[2.370682] (py_pubsub) StdoutLine: {'line': b'running build_py\n'}
[2.371002] (py_pubsub) StdoutLine: {'line': b'copying py_pubsub/full_record.py -> /home/riser14/ros_ws/build/py_pubsub/build/lib/py_pubsub\n'}
[2.372338] (py_pubsub) StdoutLine: {'line': b'running install\n'}
[2.373164] (py_pubsub) StdoutLine: {'line': b'running install_lib\n'}
[2.374546] (py_pubsub) StdoutLine: {'line': b'copying /home/riser14/ros_ws/build/py_pubsub/build/lib/py_pubsub/full_record.py -> /home/riser14/ros_ws/install/py_pubsub/lib/python3.10/site-packages/py_pubsub\n'}
[2.375896] (py_pubsub) StdoutLine: {'line': b'byte-compiling /home/riser14/ros_ws/install/py_pubsub/lib/python3.10/site-packages/py_pubsub/full_record.py to full_record.cpython-310.pyc\n'}
[2.377437] (py_pubsub) StdoutLine: {'line': b'running install_data\n'}
[2.378575] (py_pubsub) StdoutLine: {'line': b'running install_egg_info\n'}
[2.379773] (py_pubsub) StdoutLine: {'line': b"removing '/home/riser14/ros_ws/install/py_pubsub/lib/python3.10/site-packages/py_pubsub-0.0.0-py3.10.egg-info' (and everything under it)\n"}
[2.380287] (py_pubsub) StdoutLine: {'line': b'Copying ../../build/py_pubsub/py_pubsub.egg-info to /home/riser14/ros_ws/install/py_pubsub/lib/python3.10/site-packages/py_pubsub-0.0.0-py3.10.egg-info\n'}
[2.381741] (py_pubsub) StdoutLine: {'line': b'running install_scripts\n'}
[2.402276] (my_package) StdoutLine: {'line': b'Installing my_node script to /home/riser14/ros_ws/install/my_package/lib/my_package\n'}
[2.402913] (my_package) StdoutLine: {'line': b"writing list of installed files to '/home/riser14/ros_ws/build/my_package/install.log'\n"}
[2.406998] (-) TimerEvent: {}
[2.417118] (py_pubsub) StdoutLine: {'line': b'Installing capture script to /home/riser14/ros_ws/install/py_pubsub/lib/py_pubsub\n'}
[2.417401] (py_pubsub) StdoutLine: {'line': b'Installing compare_feature script to /home/riser14/ros_ws/install/py_pubsub/lib/py_pubsub\n'}
[2.417656] (py_pubsub) StdoutLine: {'line': b'Installing compare_mean_error script to /home/riser14/ros_ws/install/py_pubsub/lib/py_pubsub\n'}
[2.417819] (py_pubsub) StdoutLine: {'line': b'Installing control_mpc script to /home/riser14/ros_ws/install/py_pubsub/lib/py_pubsub\n'}
[2.418043] (py_pubsub) StdoutLine: {'line': b'Installing control_nmpc script to /home/riser14/ros_ws/install/py_pubsub/lib/py_pubsub\n'}
[2.418226] (py_pubsub) StdoutLine: {'line': b'Installing drift_measure script to /home/riser14/ros_ws/install/py_pubsub/lib/py_pubsub\n'}
[2.418411] (py_pubsub) StdoutLine: {'line': b'Installing follow script to /home/riser14/ros_ws/install/py_pubsub/lib/py_pubsub\n'}
[2.418566] (py_pubsub) StdoutLine: {'line': b'Installing full_record script to /home/riser14/ros_ws/install/py_pubsub/lib/py_pubsub\n'}
[2.418726] (py_pubsub) StdoutLine: {'line': b'Installing listener script to /home/riser14/ros_ws/install/py_pubsub/lib/py_pubsub\n'}
[2.418896] (py_pubsub) StdoutLine: {'line': b'Installing pid script to /home/riser14/ros_ws/install/py_pubsub/lib/py_pubsub\n'}
[2.418993] (py_pubsub) StdoutLine: {'line': b'Installing pose_sub script to /home/riser14/ros_ws/install/py_pubsub/lib/py_pubsub\n'}
[2.419580] (py_pubsub) StdoutLine: {'line': b"writing list of installed files to '/home/riser14/ros_ws/build/py_pubsub/install.log'\n"}
[2.461004] (my_package) CommandEnded: {'returncode': 0}
[2.507271] (-) TimerEvent: {}
[2.538138] (my_package) JobEnded: {'identifier': 'my_package', 'rc': 0}
[2.540041] (py_pubsub) CommandEnded: {'returncode': 0}
[2.607475] (-) TimerEvent: {}
[2.612209] (py_pubsub) JobEnded: {'identifier': 'py_pubsub', 'rc': 0}
[2.613397] (-) EventReactorShutdown: {}
