[3.016s] Invoking command in '/home/riser14/ros_ws/src/py_pubsub': PYTHONPATH=/home/riser14/ros_ws/build/py_pubsub/prefix_override:/home/riser14/ros_ws/install/py_pubsub/lib/python3.10/site-packages:${PYTHONPATH} /usr/bin/python3 setup.py egg_info --egg-base ../../build/py_pubsub build --build-base /home/riser14/ros_ws/build/py_pubsub/build install --record /home/riser14/ros_ws/build/py_pubsub/install.log --single-version-externally-managed
[3.365s] running egg_info
[3.366s] writing ../../build/py_pubsub/py_pubsub.egg-info/PKG-INFO
[3.377s] writing dependency_links to ../../build/py_pubsub/py_pubsub.egg-info/dependency_links.txt
[3.377s] writing entry points to ../../build/py_pubsub/py_pubsub.egg-info/entry_points.txt
[3.377s] writing requirements to ../../build/py_pubsub/py_pubsub.egg-info/requires.txt
[3.377s] writing top-level names to ../../build/py_pubsub/py_pubsub.egg-info/top_level.txt
[3.467s] listing git files failed - pretending there aren't any
[4.167s] reading manifest file '../../build/py_pubsub/py_pubsub.egg-info/SOURCES.txt'
[4.172s] writing manifest file '../../build/py_pubsub/py_pubsub.egg-info/SOURCES.txt'
[4.173s] running build
[4.173s] running build_py
[4.196s] copying py_pubsub/camera_recording.py -> /home/riser14/ros_ws/build/py_pubsub/build/lib/py_pubsub
[4.197s] running install
[4.198s] running install_lib
[4.215s] copying /home/riser14/ros_ws/build/py_pubsub/build/lib/py_pubsub/camera_recording.py -> /home/riser14/ros_ws/install/py_pubsub/lib/python3.10/site-packages/py_pubsub
[4.236s] byte-compiling /home/riser14/ros_ws/install/py_pubsub/lib/python3.10/site-packages/py_pubsub/camera_recording.py to camera_recording.cpython-310.pyc
[4.269s] running install_data
[4.270s] running install_egg_info
[4.271s] removing '/home/riser14/ros_ws/install/py_pubsub/lib/python3.10/site-packages/py_pubsub-0.0.0-py3.10.egg-info' (and everything under it)
[4.292s] Copying ../../build/py_pubsub/py_pubsub.egg-info to /home/riser14/ros_ws/install/py_pubsub/lib/python3.10/site-packages/py_pubsub-0.0.0-py3.10.egg-info
[4.308s] running install_scripts
[4.330s] Installing camera_record script to /home/riser14/ros_ws/install/py_pubsub/lib/py_pubsub
[4.331s] Installing capture script to /home/riser14/ros_ws/install/py_pubsub/lib/py_pubsub
[4.331s] Installing compare_feature script to /home/riser14/ros_ws/install/py_pubsub/lib/py_pubsub
[4.331s] Installing compare_mean_error script to /home/riser14/ros_ws/install/py_pubsub/lib/py_pubsub
[4.331s] Installing control_mpc script to /home/riser14/ros_ws/install/py_pubsub/lib/py_pubsub
[4.331s] Installing control_nmpc script to /home/riser14/ros_ws/install/py_pubsub/lib/py_pubsub
[4.332s] Installing drift_measure script to /home/riser14/ros_ws/install/py_pubsub/lib/py_pubsub
[4.332s] Installing full_record script to /home/riser14/ros_ws/install/py_pubsub/lib/py_pubsub
[4.332s] Installing listener script to /home/riser14/ros_ws/install/py_pubsub/lib/py_pubsub
[4.332s] Installing pid script to /home/riser14/ros_ws/install/py_pubsub/lib/py_pubsub
[4.332s] Installing pose_sub script to /home/riser14/ros_ws/install/py_pubsub/lib/py_pubsub
[4.332s] Installing waypoint follow script to /home/riser14/ros_ws/install/py_pubsub/lib/py_pubsub
[4.333s] writing list of installed files to '/home/riser14/ros_ws/build/py_pubsub/install.log'
[4.383s] Invoked command in '/home/riser14/ros_ws/src/py_pubsub' returned '0': PYTHONPATH=/home/riser14/ros_ws/build/py_pubsub/prefix_override:/home/riser14/ros_ws/install/py_pubsub/lib/python3.10/site-packages:${PYTHONPATH} /usr/bin/python3 setup.py egg_info --egg-base ../../build/py_pubsub build --build-base /home/riser14/ros_ws/build/py_pubsub/build install --record /home/riser14/ros_ws/build/py_pubsub/install.log --single-version-externally-managed
