[9.527s] Invoking command in '/home/riser14/ros_ws/src/my_package': PYTHONPATH=/home/riser14/ros_ws/build/my_package/prefix_override:/home/riser14/ros_ws/install/my_package/lib/python3.10/site-packages:${PYTHONPATH} /usr/bin/python3 setup.py egg_info --egg-base ../../build/my_package build --build-base /home/riser14/ros_ws/build/my_package/build install --record /home/riser14/ros_ws/build/my_package/install.log --single-version-externally-managed
[11.099s] running egg_info
[11.105s] writing ../../build/my_package/my_package.egg-info/PKG-INFO
[11.106s] writing dependency_links to ../../build/my_package/my_package.egg-info/dependency_links.txt
[11.107s] writing entry points to ../../build/my_package/my_package.egg-info/entry_points.txt
[11.107s] writing requirements to ../../build/my_package/my_package.egg-info/requires.txt
[11.107s] writing top-level names to ../../build/my_package/my_package.egg-info/top_level.txt
[11.411s] listing git files failed - pretending there aren't any
[12.061s] reading manifest file '../../build/my_package/my_package.egg-info/SOURCES.txt'
[12.062s] writing manifest file '../../build/my_package/my_package.egg-info/SOURCES.txt'
[12.062s] running build
[12.063s] running build_py
[12.063s] running install
[12.066s] running install_lib
[12.073s] running install_data
[12.084s] running install_egg_info
[12.084s] removing '/home/riser14/ros_ws/install/my_package/lib/python3.10/site-packages/my_package-0.0.0-py3.10.egg-info' (and everything under it)
[12.084s] Copying ../../build/my_package/my_package.egg-info to /home/riser14/ros_ws/install/my_package/lib/python3.10/site-packages/my_package-0.0.0-py3.10.egg-info
[12.084s] running install_scripts
[12.175s] Installing my_node script to /home/riser14/ros_ws/install/my_package/lib/my_package
[12.178s] writing list of installed files to '/home/riser14/ros_ws/build/my_package/install.log'
[12.797s] Invoked command in '/home/riser14/ros_ws/src/my_package' returned '0': PYTHONPATH=/home/riser14/ros_ws/build/my_package/prefix_override:/home/riser14/ros_ws/install/my_package/lib/python3.10/site-packages:${PYTHONPATH} /usr/bin/python3 setup.py egg_info --egg-base ../../build/my_package build --build-base /home/riser14/ros_ws/build/my_package/build install --record /home/riser14/ros_ws/build/my_package/install.log --single-version-externally-managed
