[7.646s] Invoking command in '/home/riser14/ros_ws/build/py_pubsub': PYTHONPATH=/home/riser14/ros_ws/build/py_pubsub/prefix_override:/home/riser14/ros_ws/install/py_pubsub/lib/python3.10/site-packages:${PYTHONPATH} /usr/bin/python3 setup.py develop --uninstall --editable --build-directory /home/riser14/ros_ws/build/py_pubsub/build
[9.549s] running develop
[11.171s] Invoked command in '/home/riser14/ros_ws/build/py_pubsub' returned '0': PYTHONPATH=/home/riser14/ros_ws/build/py_pubsub/prefix_override:/home/riser14/ros_ws/install/py_pubsub/lib/python3.10/site-packages:${PYTHONPATH} /usr/bin/python3 setup.py develop --uninstall --editable --build-directory /home/riser14/ros_ws/build/py_pubsub/build
[11.177s] Invoking command in '/home/riser14/ros_ws/src/py_pubsub': PYTHONPATH=/home/riser14/ros_ws/build/py_pubsub/prefix_override:/home/riser14/ros_ws/install/py_pubsub/lib/python3.10/site-packages:${PYTHONPATH} /usr/bin/python3 setup.py egg_info --egg-base ../../build/py_pubsub build --build-base /home/riser14/ros_ws/build/py_pubsub/build install --record /home/riser14/ros_ws/build/py_pubsub/install.log --single-version-externally-managed
[13.259s] running egg_info
[13.261s] writing ../../build/py_pubsub/py_pubsub.egg-info/PKG-INFO
[13.262s] writing dependency_links to ../../build/py_pubsub/py_pubsub.egg-info/dependency_links.txt
[13.262s] writing entry points to ../../build/py_pubsub/py_pubsub.egg-info/entry_points.txt
[13.263s] writing requirements to ../../build/py_pubsub/py_pubsub.egg-info/requires.txt
[13.264s] writing top-level names to ../../build/py_pubsub/py_pubsub.egg-info/top_level.txt
[13.678s] listing git files failed - pretending there aren't any
[14.379s] reading manifest file '../../build/py_pubsub/py_pubsub.egg-info/SOURCES.txt'
[14.381s] writing manifest file '../../build/py_pubsub/py_pubsub.egg-info/SOURCES.txt'
[14.382s] running build
[14.382s] running build_py
[14.383s] copying py_pubsub/publisher_member_function.py -> /home/riser14/ros_ws/build/py_pubsub/build/lib/py_pubsub
[14.385s] running install
[14.388s] running install_lib
[14.399s] copying /home/riser14/ros_ws/build/py_pubsub/build/lib/py_pubsub/publisher_member_function.py -> /home/riser14/ros_ws/install/py_pubsub/lib/python3.10/site-packages/py_pubsub
[14.403s] byte-compiling /home/riser14/ros_ws/install/py_pubsub/lib/python3.10/site-packages/py_pubsub/publisher_member_function.py to publisher_member_function.cpython-310.pyc
[14.416s] running install_data
[14.422s] running install_egg_info
[14.424s] removing '/home/riser14/ros_ws/install/py_pubsub/lib/python3.10/site-packages/py_pubsub-0.0.0-py3.10.egg-info' (and everything under it)
[14.435s] Copying ../../build/py_pubsub/py_pubsub.egg-info to /home/riser14/ros_ws/install/py_pubsub/lib/python3.10/site-packages/py_pubsub-0.0.0-py3.10.egg-info
[14.474s] running install_scripts
[14.580s] Installing follow script to /home/riser14/ros_ws/install/py_pubsub/lib/py_pubsub
[14.581s] Installing listener script to /home/riser14/ros_ws/install/py_pubsub/lib/py_pubsub
[14.582s] Installing talker script to /home/riser14/ros_ws/install/py_pubsub/lib/py_pubsub
[14.584s] writing list of installed files to '/home/riser14/ros_ws/build/py_pubsub/install.log'
[14.828s] Invoked command in '/home/riser14/ros_ws/src/py_pubsub' returned '0': PYTHONPATH=/home/riser14/ros_ws/build/py_pubsub/prefix_override:/home/riser14/ros_ws/install/py_pubsub/lib/python3.10/site-packages:${PYTHONPATH} /usr/bin/python3 setup.py egg_info --egg-base ../../build/py_pubsub build --build-base /home/riser14/ros_ws/build/py_pubsub/build install --record /home/riser14/ros_ws/build/py_pubsub/install.log --single-version-externally-managed
