[1.960s] Invoking command in '/home/riser14/ros_ws/src/py_pubsub': PYTHONPATH=/home/riser14/ros_ws/build/py_pubsub/prefix_override:/home/riser14/ros_ws/install/py_pubsub/lib/python3.10/site-packages:${PYTHONPATH} /usr/bin/python3 setup.py egg_info --egg-base ../../build/py_pubsub build --build-base /home/riser14/ros_ws/build/py_pubsub/build install --record /home/riser14/ros_ws/build/py_pubsub/install.log --single-version-externally-managed
[2.558s] running egg_info
[2.559s] writing ../../build/py_pubsub/py_pubsub.egg-info/PKG-INFO
[2.559s] writing dependency_links to ../../build/py_pubsub/py_pubsub.egg-info/dependency_links.txt
[2.559s] writing entry points to ../../build/py_pubsub/py_pubsub.egg-info/entry_points.txt
[2.559s] writing requirements to ../../build/py_pubsub/py_pubsub.egg-info/requires.txt
[2.560s] writing top-level names to ../../build/py_pubsub/py_pubsub.egg-info/top_level.txt
[2.656s] listing git files failed - pretending there aren't any
[2.826s] reading manifest file '../../build/py_pubsub/py_pubsub.egg-info/SOURCES.txt'
[2.828s] writing manifest file '../../build/py_pubsub/py_pubsub.egg-info/SOURCES.txt'
[2.828s] running build
[2.828s] running build_py
[2.829s] copying py_pubsub/waypoint_follower.py -> /home/riser14/ros_ws/build/py_pubsub/build/lib/py_pubsub
[2.830s] running install
[2.831s] running install_lib
[2.833s] copying /home/riser14/ros_ws/build/py_pubsub/build/lib/py_pubsub/waypoint_follower.py -> /home/riser14/ros_ws/install/py_pubsub/lib/python3.10/site-packages/py_pubsub
[2.834s] byte-compiling /home/riser14/ros_ws/install/py_pubsub/lib/python3.10/site-packages/py_pubsub/waypoint_follower.py to waypoint_follower.cpython-310.pyc
[2.836s] running install_data
[2.837s] running install_egg_info
[2.838s] removing '/home/riser14/ros_ws/install/py_pubsub/lib/python3.10/site-packages/py_pubsub-0.0.0-py3.10.egg-info' (and everything under it)
[2.838s] Copying ../../build/py_pubsub/py_pubsub.egg-info to /home/riser14/ros_ws/install/py_pubsub/lib/python3.10/site-packages/py_pubsub-0.0.0-py3.10.egg-info
[2.840s] running install_scripts
[2.874s] Installing camera_record script to /home/riser14/ros_ws/install/py_pubsub/lib/py_pubsub
[2.874s] Installing capture script to /home/riser14/ros_ws/install/py_pubsub/lib/py_pubsub
[2.874s] Installing compare_feature script to /home/riser14/ros_ws/install/py_pubsub/lib/py_pubsub
[2.875s] Installing compare_mean_error script to /home/riser14/ros_ws/install/py_pubsub/lib/py_pubsub
[2.875s] Installing control_mpc script to /home/riser14/ros_ws/install/py_pubsub/lib/py_pubsub
[2.875s] Installing control_nmpc script to /home/riser14/ros_ws/install/py_pubsub/lib/py_pubsub
[2.875s] Installing drift_measure script to /home/riser14/ros_ws/install/py_pubsub/lib/py_pubsub
[2.875s] Installing follow script to /home/riser14/ros_ws/install/py_pubsub/lib/py_pubsub
[2.875s] Installing full_record script to /home/riser14/ros_ws/install/py_pubsub/lib/py_pubsub
[2.876s] Installing listener script to /home/riser14/ros_ws/install/py_pubsub/lib/py_pubsub
[2.876s] Installing pid script to /home/riser14/ros_ws/install/py_pubsub/lib/py_pubsub
[2.876s] Installing pose_sub script to /home/riser14/ros_ws/install/py_pubsub/lib/py_pubsub
[2.877s] writing list of installed files to '/home/riser14/ros_ws/build/py_pubsub/install.log'
[2.919s] Invoked command in '/home/riser14/ros_ws/src/py_pubsub' returned '0': PYTHONPATH=/home/riser14/ros_ws/build/py_pubsub/prefix_override:/home/riser14/ros_ws/install/py_pubsub/lib/python3.10/site-packages:${PYTHONPATH} /usr/bin/python3 setup.py egg_info --egg-base ../../build/py_pubsub build --build-base /home/riser14/ros_ws/build/py_pubsub/build install --record /home/riser14/ros_ws/build/py_pubsub/install.log --single-version-externally-managed
