[8.832s] Invoking command in '/home/riser14/ros_ws/src/py_pubsub': PYTHONPATH=/home/riser14/ros_ws/build/py_pubsub/prefix_override:/home/riser14/ros_ws/install/py_pubsub/lib/python3.10/site-packages:${PYTHONPATH} /usr/bin/python3 setup.py egg_info --egg-base ../../build/py_pubsub build --build-base /home/riser14/ros_ws/build/py_pubsub/build install --record /home/riser14/ros_ws/build/py_pubsub/install.log --single-version-externally-managed
[12.820s] running egg_info
[12.829s] writing ../../build/py_pubsub/py_pubsub.egg-info/PKG-INFO
[12.830s] writing dependency_links to ../../build/py_pubsub/py_pubsub.egg-info/dependency_links.txt
[12.834s] writing entry points to ../../build/py_pubsub/py_pubsub.egg-info/entry_points.txt
[12.835s] writing requirements to ../../build/py_pubsub/py_pubsub.egg-info/requires.txt
[12.844s] writing top-level names to ../../build/py_pubsub/py_pubsub.egg-info/top_level.txt
[13.550s] listing git files failed - pretending there aren't any
[14.884s] reading manifest file '../../build/py_pubsub/py_pubsub.egg-info/SOURCES.txt'
[14.897s] writing manifest file '../../build/py_pubsub/py_pubsub.egg-info/SOURCES.txt'
[14.901s] running build
[14.902s] running build_py
[14.904s] copying py_pubsub/subscriber_member_function.py -> /home/riser14/ros_ws/build/py_pubsub/build/lib/py_pubsub
[14.904s] running install
[14.912s] running install_lib
[14.923s] copying /home/riser14/ros_ws/build/py_pubsub/build/lib/py_pubsub/subscriber_member_function.py -> /home/riser14/ros_ws/install/py_pubsub/lib/python3.10/site-packages/py_pubsub
[14.933s] byte-compiling /home/riser14/ros_ws/install/py_pubsub/lib/python3.10/site-packages/py_pubsub/subscriber_member_function.py to subscriber_member_function.cpython-310.pyc
[14.938s] running install_data
[14.945s] running install_egg_info
[14.951s] removing '/home/riser14/ros_ws/install/py_pubsub/lib/python3.10/site-packages/py_pubsub-0.0.0-py3.10.egg-info' (and everything under it)
[14.954s] Copying ../../build/py_pubsub/py_pubsub.egg-info to /home/riser14/ros_ws/install/py_pubsub/lib/python3.10/site-packages/py_pubsub-0.0.0-py3.10.egg-info
[14.961s] running install_scripts
[15.149s] Installing listener script to /home/riser14/ros_ws/install/py_pubsub/lib/py_pubsub
[15.150s] Installing talker script to /home/riser14/ros_ws/install/py_pubsub/lib/py_pubsub
[15.153s] writing list of installed files to '/home/riser14/ros_ws/build/py_pubsub/install.log'
[15.399s] Invoked command in '/home/riser14/ros_ws/src/py_pubsub' returned '0': PYTHONPATH=/home/riser14/ros_ws/build/py_pubsub/prefix_override:/home/riser14/ros_ws/install/py_pubsub/lib/python3.10/site-packages:${PYTHONPATH} /usr/bin/python3 setup.py egg_info --egg-base ../../build/py_pubsub build --build-base /home/riser14/ros_ws/build/py_pubsub/build install --record /home/riser14/ros_ws/build/py_pubsub/install.log --single-version-externally-managed
