[5.871s] Invoking command in '/home/riser14/ros_ws/src/py_pubsub': PYTHONPATH=/home/riser14/ros_ws/build/py_pubsub/prefix_override:/home/riser14/ros_ws/install/py_pubsub/lib/python3.10/site-packages:${PYTHONPATH} /usr/bin/python3 setup.py egg_info --egg-base ../../build/py_pubsub build --build-base /home/riser14/ros_ws/build/py_pubsub/build install --record /home/riser14/ros_ws/build/py_pubsub/install.log --single-version-externally-managed
[6.997s] running egg_info
[6.999s] writing ../../build/py_pubsub/py_pubsub.egg-info/PKG-INFO
[7.000s] writing dependency_links to ../../build/py_pubsub/py_pubsub.egg-info/dependency_links.txt
[7.000s] writing entry points to ../../build/py_pubsub/py_pubsub.egg-info/entry_points.txt
[7.001s] writing requirements to ../../build/py_pubsub/py_pubsub.egg-info/requires.txt
[7.001s] writing top-level names to ../../build/py_pubsub/py_pubsub.egg-info/top_level.txt
[7.269s] listing git files failed - pretending there aren't any
[7.945s] reading manifest file '../../build/py_pubsub/py_pubsub.egg-info/SOURCES.txt'
[7.965s] writing manifest file '../../build/py_pubsub/py_pubsub.egg-info/SOURCES.txt'
[7.966s] running build
[7.966s] running build_py
[7.966s] copying py_pubsub/compare_images_orb.py -> /home/riser14/ros_ws/build/py_pubsub/build/lib/py_pubsub
[7.967s] running install
[7.968s] running install_lib
[7.973s] copying /home/riser14/ros_ws/build/py_pubsub/build/lib/py_pubsub/compare_images_orb.py -> /home/riser14/ros_ws/install/py_pubsub/lib/python3.10/site-packages/py_pubsub
[7.976s] byte-compiling /home/riser14/ros_ws/install/py_pubsub/lib/python3.10/site-packages/py_pubsub/compare_images_orb.py to compare_images_orb.cpython-310.pyc
[7.979s] running install_data
[7.980s] running install_egg_info
[7.986s] removing '/home/riser14/ros_ws/install/py_pubsub/lib/python3.10/site-packages/py_pubsub-0.0.0-py3.10.egg-info' (and everything under it)
[7.987s] Copying ../../build/py_pubsub/py_pubsub.egg-info to /home/riser14/ros_ws/install/py_pubsub/lib/python3.10/site-packages/py_pubsub-0.0.0-py3.10.egg-info
[7.988s] running install_scripts
[8.062s] Installing capture script to /home/riser14/ros_ws/install/py_pubsub/lib/py_pubsub
[8.062s] Installing compare_feature script to /home/riser14/ros_ws/install/py_pubsub/lib/py_pubsub
[8.065s] Installing compare_mean_error script to /home/riser14/ros_ws/install/py_pubsub/lib/py_pubsub
[8.066s] Installing control_mpc script to /home/riser14/ros_ws/install/py_pubsub/lib/py_pubsub
[8.066s] Installing control_nmpc script to /home/riser14/ros_ws/install/py_pubsub/lib/py_pubsub
[8.066s] Installing follow script to /home/riser14/ros_ws/install/py_pubsub/lib/py_pubsub
[8.066s] Installing listener script to /home/riser14/ros_ws/install/py_pubsub/lib/py_pubsub
[8.066s] Installing pid script to /home/riser14/ros_ws/install/py_pubsub/lib/py_pubsub
[8.066s] Installing pose_sub script to /home/riser14/ros_ws/install/py_pubsub/lib/py_pubsub
[8.066s] writing list of installed files to '/home/riser14/ros_ws/build/py_pubsub/install.log'
[8.184s] Invoked command in '/home/riser14/ros_ws/src/py_pubsub' returned '0': PYTHONPATH=/home/riser14/ros_ws/build/py_pubsub/prefix_override:/home/riser14/ros_ws/install/py_pubsub/lib/python3.10/site-packages:${PYTHONPATH} /usr/bin/python3 setup.py egg_info --egg-base ../../build/py_pubsub build --build-base /home/riser14/ros_ws/build/py_pubsub/build install --record /home/riser14/ros_ws/build/py_pubsub/install.log --single-version-externally-managed
