[11.464s] Invoking command in '/home/riser14/ros_ws/src/my_package': PYTHONPATH=/home/riser14/ros_ws/build/my_package/prefix_override:/home/riser14/ros_ws/install/my_package/lib/python3.10/site-packages:${PYTHONPATH} /usr/bin/python3 setup.py egg_info --egg-base ../../build/my_package build --build-base /home/riser14/ros_ws/build/my_package/build install --record /home/riser14/ros_ws/build/my_package/install.log --single-version-externally-managed
[13.574s] running egg_info
[13.586s] writing ../../build/my_package/my_package.egg-info/PKG-INFO
[13.586s] writing dependency_links to ../../build/my_package/my_package.egg-info/dependency_links.txt
[13.586s] writing entry points to ../../build/my_package/my_package.egg-info/entry_points.txt
[13.587s] writing requirements to ../../build/my_package/my_package.egg-info/requires.txt
[13.587s] writing top-level names to ../../build/my_package/my_package.egg-info/top_level.txt
[13.896s] listing git files failed - pretending there aren't any
[14.536s] reading manifest file '../../build/my_package/my_package.egg-info/SOURCES.txt'
[14.542s] writing manifest file '../../build/my_package/my_package.egg-info/SOURCES.txt'
[14.565s] running build
[14.566s] running build_py
[14.566s] running install
[14.568s] running install_lib
[14.570s] running install_data
[14.573s] running install_egg_info
[14.575s] removing '/home/riser14/ros_ws/install/my_package/lib/python3.10/site-packages/my_package-0.0.0-py3.10.egg-info' (and everything under it)
[14.585s] Copying ../../build/my_package/my_package.egg-info to /home/riser14/ros_ws/install/my_package/lib/python3.10/site-packages/my_package-0.0.0-py3.10.egg-info
[14.593s] running install_scripts
[14.676s] Installing my_node script to /home/riser14/ros_ws/install/my_package/lib/my_package
[14.682s] writing list of installed files to '/home/riser14/ros_ws/build/my_package/install.log'
[14.890s] Invoked command in '/home/riser14/ros_ws/src/my_package' returned '0': PYTHONPATH=/home/riser14/ros_ws/build/my_package/prefix_override:/home/riser14/ros_ws/install/my_package/lib/python3.10/site-packages:${PYTHONPATH} /usr/bin/python3 setup.py egg_info --egg-base ../../build/my_package build --build-base /home/riser14/ros_ws/build/my_package/build install --record /home/riser14/ros_ws/build/my_package/install.log --single-version-externally-managed
