[9.580s] Invoking command in '/home/riser14/ros_ws/src/py_pubsub': PYTHONPATH=/home/riser14/ros_ws/build/py_pubsub/prefix_override:/home/riser14/ros_ws/install/py_pubsub/lib/python3.10/site-packages:${PYTHONPATH} /usr/bin/python3 setup.py egg_info --egg-base ../../build/py_pubsub build --build-base /home/riser14/ros_ws/build/py_pubsub/build install --record /home/riser14/ros_ws/build/py_pubsub/install.log --single-version-externally-managed
[13.962s] running egg_info
[13.967s] writing ../../build/py_pubsub/py_pubsub.egg-info/PKG-INFO
[13.971s] writing dependency_links to ../../build/py_pubsub/py_pubsub.egg-info/dependency_links.txt
[13.974s] writing entry points to ../../build/py_pubsub/py_pubsub.egg-info/entry_points.txt
[13.975s] writing requirements to ../../build/py_pubsub/py_pubsub.egg-info/requires.txt
[13.976s] writing top-level names to ../../build/py_pubsub/py_pubsub.egg-info/top_level.txt
[14.661s] listing git files failed - pretending there aren't any
[16.144s] reading manifest file '../../build/py_pubsub/py_pubsub.egg-info/SOURCES.txt'
[16.159s] writing manifest file '../../build/py_pubsub/py_pubsub.egg-info/SOURCES.txt'
[16.160s] running build
[16.161s] running build_py
[16.162s] copying py_pubsub/subscriber_member_function.py -> /home/riser14/ros_ws/build/py_pubsub/build/lib/py_pubsub
[16.175s] running install
[16.176s] running install_lib
[16.181s] copying /home/riser14/ros_ws/build/py_pubsub/build/lib/py_pubsub/subscriber_member_function.py -> /home/riser14/ros_ws/install/py_pubsub/lib/python3.10/site-packages/py_pubsub
[16.185s] byte-compiling /home/riser14/ros_ws/install/py_pubsub/lib/python3.10/site-packages/py_pubsub/subscriber_member_function.py to subscriber_member_function.cpython-310.pyc
[16.193s] running install_data
[16.195s] running install_egg_info
[16.205s] removing '/home/riser14/ros_ws/install/py_pubsub/lib/python3.10/site-packages/py_pubsub-0.0.0-py3.10.egg-info' (and everything under it)
[16.212s] Copying ../../build/py_pubsub/py_pubsub.egg-info to /home/riser14/ros_ws/install/py_pubsub/lib/python3.10/site-packages/py_pubsub-0.0.0-py3.10.egg-info
[16.224s] running install_scripts
[16.426s] Installing listener script to /home/riser14/ros_ws/install/py_pubsub/lib/py_pubsub
[16.433s] Installing talker script to /home/riser14/ros_ws/install/py_pubsub/lib/py_pubsub
[16.436s] writing list of installed files to '/home/riser14/ros_ws/build/py_pubsub/install.log'
[16.672s] Invoked command in '/home/riser14/ros_ws/src/py_pubsub' returned '0': PYTHONPATH=/home/riser14/ros_ws/build/py_pubsub/prefix_override:/home/riser14/ros_ws/install/py_pubsub/lib/python3.10/site-packages:${PYTHONPATH} /usr/bin/python3 setup.py egg_info --egg-base ../../build/py_pubsub build --build-base /home/riser14/ros_ws/build/py_pubsub/build install --record /home/riser14/ros_ws/build/py_pubsub/install.log --single-version-externally-managed
