[2.369s] Invoking command in '/home/riser14/ros_ws/src/py_pubsub': PYTHONPATH=/home/riser14/ros_ws/build/py_pubsub/prefix_override:/home/riser14/ros_ws/install/py_pubsub/lib/python3.10/site-packages:${PYTHONPATH} /usr/bin/python3 setup.py egg_info --egg-base ../../build/py_pubsub build --build-base /home/riser14/ros_ws/build/py_pubsub/build install --record /home/riser14/ros_ws/build/py_pubsub/install.log --single-version-externally-managed
[2.777s] running egg_info
[2.778s] writing ../../build/py_pubsub/py_pubsub.egg-info/PKG-INFO
[2.778s] writing dependency_links to ../../build/py_pubsub/py_pubsub.egg-info/dependency_links.txt
[2.779s] writing entry points to ../../build/py_pubsub/py_pubsub.egg-info/entry_points.txt
[2.779s] writing requirements to ../../build/py_pubsub/py_pubsub.egg-info/requires.txt
[2.779s] writing top-level names to ../../build/py_pubsub/py_pubsub.egg-info/top_level.txt
[2.855s] listing git files failed - pretending there aren't any
[3.492s] reading manifest file '../../build/py_pubsub/py_pubsub.egg-info/SOURCES.txt'
[3.515s] writing manifest file '../../build/py_pubsub/py_pubsub.egg-info/SOURCES.txt'
[3.515s] running build
[3.515s] running build_py
[3.516s] copying py_pubsub/plot_on_map.py -> /home/riser14/ros_ws/build/py_pubsub/build/lib/py_pubsub
[3.530s] copying py_pubsub/waypoint_follower.py -> /home/riser14/ros_ws/build/py_pubsub/build/lib/py_pubsub
[3.531s] running install
[3.531s] running install_lib
[3.533s] copying /home/riser14/ros_ws/build/py_pubsub/build/lib/py_pubsub/plot_on_map.py -> /home/riser14/ros_ws/install/py_pubsub/lib/python3.10/site-packages/py_pubsub
[3.560s] copying /home/riser14/ros_ws/build/py_pubsub/build/lib/py_pubsub/waypoint_follower.py -> /home/riser14/ros_ws/install/py_pubsub/lib/python3.10/site-packages/py_pubsub
[3.561s] byte-compiling /home/riser14/ros_ws/install/py_pubsub/lib/python3.10/site-packages/py_pubsub/plot_on_map.py to plot_on_map.cpython-310.pyc
[3.562s] byte-compiling /home/riser14/ros_ws/install/py_pubsub/lib/python3.10/site-packages/py_pubsub/waypoint_follower.py to waypoint_follower.cpython-310.pyc
[3.563s] running install_data
[3.563s] running install_egg_info
[3.564s] removing '/home/riser14/ros_ws/install/py_pubsub/lib/python3.10/site-packages/py_pubsub-0.0.0-py3.10.egg-info' (and everything under it)
[3.565s] Copying ../../build/py_pubsub/py_pubsub.egg-info to /home/riser14/ros_ws/install/py_pubsub/lib/python3.10/site-packages/py_pubsub-0.0.0-py3.10.egg-info
[3.566s] running install_scripts
[3.592s] Installing camera_record script to /home/riser14/ros_ws/install/py_pubsub/lib/py_pubsub
[3.592s] Installing capture script to /home/riser14/ros_ws/install/py_pubsub/lib/py_pubsub
[3.593s] Installing compare_feature script to /home/riser14/ros_ws/install/py_pubsub/lib/py_pubsub
[3.593s] Installing compare_mean_error script to /home/riser14/ros_ws/install/py_pubsub/lib/py_pubsub
[3.593s] Installing control_mpc script to /home/riser14/ros_ws/install/py_pubsub/lib/py_pubsub
[3.593s] Installing control_nmpc script to /home/riser14/ros_ws/install/py_pubsub/lib/py_pubsub
[3.593s] Installing drift_measure script to /home/riser14/ros_ws/install/py_pubsub/lib/py_pubsub
[3.593s] Installing full_record script to /home/riser14/ros_ws/install/py_pubsub/lib/py_pubsub
[3.603s] Installing listener script to /home/riser14/ros_ws/install/py_pubsub/lib/py_pubsub
[3.603s] Installing pid script to /home/riser14/ros_ws/install/py_pubsub/lib/py_pubsub
[3.603s] Installing pose_sub script to /home/riser14/ros_ws/install/py_pubsub/lib/py_pubsub
[3.603s] Installing visualisation script to /home/riser14/ros_ws/install/py_pubsub/lib/py_pubsub
[3.603s] Installing waypoint follow script to /home/riser14/ros_ws/install/py_pubsub/lib/py_pubsub
[3.604s] writing list of installed files to '/home/riser14/ros_ws/build/py_pubsub/install.log'
[3.892s] Invoked command in '/home/riser14/ros_ws/src/py_pubsub' returned '0': PYTHONPATH=/home/riser14/ros_ws/build/py_pubsub/prefix_override:/home/riser14/ros_ws/install/py_pubsub/lib/python3.10/site-packages:${PYTHONPATH} /usr/bin/python3 setup.py egg_info --egg-base ../../build/py_pubsub build --build-base /home/riser14/ros_ws/build/py_pubsub/build install --record /home/riser14/ros_ws/build/py_pubsub/install.log --single-version-externally-managed
