[1.487s] Invoking command in '/home/riser14/ros_ws/build/py_pubsub': PYTHONPATH=/home/riser14/ros_ws/build/py_pubsub/prefix_override:/home/riser14/ros_ws/install/py_pubsub/lib/python3.10/site-packages:${PYTHONPATH} /usr/bin/python3 setup.py develop --uninstall --editable --build-directory /home/riser14/ros_ws/build/py_pubsub/build
[2.096s] running develop
[2.615s] Invoked command in '/home/riser14/ros_ws/build/py_pubsub' returned '0': PYTHONPATH=/home/riser14/ros_ws/build/py_pubsub/prefix_override:/home/riser14/ros_ws/install/py_pubsub/lib/python3.10/site-packages:${PYTHONPATH} /usr/bin/python3 setup.py develop --uninstall --editable --build-directory /home/riser14/ros_ws/build/py_pubsub/build
[2.620s] Invoking command in '/home/riser14/ros_ws/src/py_pubsub': PYTHONPATH=/home/riser14/ros_ws/build/py_pubsub/prefix_override:/home/riser14/ros_ws/install/py_pubsub/lib/python3.10/site-packages:${PYTHONPATH} /usr/bin/python3 setup.py egg_info --egg-base ../../build/py_pubsub build --build-base /home/riser14/ros_ws/build/py_pubsub/build install --record /home/riser14/ros_ws/build/py_pubsub/install.log --single-version-externally-managed
[3.304s] running egg_info
[3.305s] writing ../../build/py_pubsub/py_pubsub.egg-info/PKG-INFO
[3.305s] writing dependency_links to ../../build/py_pubsub/py_pubsub.egg-info/dependency_links.txt
[3.306s] writing entry points to ../../build/py_pubsub/py_pubsub.egg-info/entry_points.txt
[3.306s] writing requirements to ../../build/py_pubsub/py_pubsub.egg-info/requires.txt
[3.306s] writing top-level names to ../../build/py_pubsub/py_pubsub.egg-info/top_level.txt
[3.419s] listing git files failed - pretending there aren't any
[3.673s] reading manifest file '../../build/py_pubsub/py_pubsub.egg-info/SOURCES.txt'
[3.675s] writing manifest file '../../build/py_pubsub/py_pubsub.egg-info/SOURCES.txt'
[3.675s] running build
[3.676s] running build_py
[3.676s] running install
[3.677s] running install_lib
[3.679s] running install_data
[3.681s] running install_egg_info
[3.682s] removing '/home/riser14/ros_ws/install/py_pubsub/lib/python3.10/site-packages/py_pubsub-0.0.0-py3.10.egg-info' (and everything under it)
[3.684s] Copying ../../build/py_pubsub/py_pubsub.egg-info to /home/riser14/ros_ws/install/py_pubsub/lib/python3.10/site-packages/py_pubsub-0.0.0-py3.10.egg-info
[3.686s] running install_scripts
[3.725s] Installing follow script to /home/riser14/ros_ws/install/py_pubsub/lib/py_pubsub
[3.725s] Installing listener script to /home/riser14/ros_ws/install/py_pubsub/lib/py_pubsub
[3.725s] Installing talker script to /home/riser14/ros_ws/install/py_pubsub/lib/py_pubsub
[3.726s] writing list of installed files to '/home/riser14/ros_ws/build/py_pubsub/install.log'
[3.817s] Invoked command in '/home/riser14/ros_ws/src/py_pubsub' returned '0': PYTHONPATH=/home/riser14/ros_ws/build/py_pubsub/prefix_override:/home/riser14/ros_ws/install/py_pubsub/lib/python3.10/site-packages:${PYTHONPATH} /usr/bin/python3 setup.py egg_info --egg-base ../../build/py_pubsub build --build-base /home/riser14/ros_ws/build/py_pubsub/build install --record /home/riser14/ros_ws/build/py_pubsub/install.log --single-version-externally-managed
