[1.703s] Invoking command in '/home/riser14/ros_ws/src/py_pubsub': PYTHONPATH=/home/riser14/ros_ws/build/py_pubsub/prefix_override:/home/riser14/ros_ws/install/py_pubsub/lib/python3.10/site-packages:${PYTHONPATH} /usr/bin/python3 setup.py egg_info --egg-base ../../build/py_pubsub build --build-base /home/riser14/ros_ws/build/py_pubsub/build install --record /home/riser14/ros_ws/build/py_pubsub/install.log --single-version-externally-managed
[2.062s] running egg_info
[2.063s] writing ../../build/py_pubsub/py_pubsub.egg-info/PKG-INFO
[2.064s] writing dependency_links to ../../build/py_pubsub/py_pubsub.egg-info/dependency_links.txt
[2.064s] writing entry points to ../../build/py_pubsub/py_pubsub.egg-info/entry_points.txt
[2.064s] writing requirements to ../../build/py_pubsub/py_pubsub.egg-info/requires.txt
[2.064s] writing top-level names to ../../build/py_pubsub/py_pubsub.egg-info/top_level.txt
[2.125s] listing git files failed - pretending there aren't any
[2.266s] reading manifest file '../../build/py_pubsub/py_pubsub.egg-info/SOURCES.txt'
[2.267s] writing manifest file '../../build/py_pubsub/py_pubsub.egg-info/SOURCES.txt'
[2.267s] running build
[2.267s] running build_py
[2.268s] running install
[2.269s] running install_lib
[2.271s] running install_data
[2.272s] running install_egg_info
[2.273s] removing '/home/riser14/ros_ws/install/py_pubsub/lib/python3.10/site-packages/py_pubsub-0.0.0-py3.10.egg-info' (and everything under it)
[2.275s] Copying ../../build/py_pubsub/py_pubsub.egg-info to /home/riser14/ros_ws/install/py_pubsub/lib/python3.10/site-packages/py_pubsub-0.0.0-py3.10.egg-info
[2.275s] running install_scripts
[2.299s] Installing capture script to /home/riser14/ros_ws/install/py_pubsub/lib/py_pubsub
[2.300s] Installing compare script to /home/riser14/ros_ws/install/py_pubsub/lib/py_pubsub
[2.300s] Installing control_mpc script to /home/riser14/ros_ws/install/py_pubsub/lib/py_pubsub
[2.300s] Installing control_nmpc script to /home/riser14/ros_ws/install/py_pubsub/lib/py_pubsub
[2.300s] Installing follow script to /home/riser14/ros_ws/install/py_pubsub/lib/py_pubsub
[2.300s] Installing listener script to /home/riser14/ros_ws/install/py_pubsub/lib/py_pubsub
[2.301s] Installing pid script to /home/riser14/ros_ws/install/py_pubsub/lib/py_pubsub
[2.301s] Installing pose_sub script to /home/riser14/ros_ws/install/py_pubsub/lib/py_pubsub
[2.301s] writing list of installed files to '/home/riser14/ros_ws/build/py_pubsub/install.log'
[2.346s] Invoked command in '/home/riser14/ros_ws/src/py_pubsub' returned '0': PYTHONPATH=/home/riser14/ros_ws/build/py_pubsub/prefix_override:/home/riser14/ros_ws/install/py_pubsub/lib/python3.10/site-packages:${PYTHONPATH} /usr/bin/python3 setup.py egg_info --egg-base ../../build/py_pubsub build --build-base /home/riser14/ros_ws/build/py_pubsub/build install --record /home/riser14/ros_ws/build/py_pubsub/install.log --single-version-externally-managed
