[4.313s] Invoking command in '/home/riser14/ros_ws/src/py_pubsub': PYTHONPATH=/home/riser14/ros_ws/build/py_pubsub/prefix_override:/home/riser14/ros_ws/install/py_pubsub/lib/python3.10/site-packages:${PYTHONPATH} /usr/bin/python3 setup.py egg_info --egg-base ../../build/py_pubsub build --build-base /home/riser14/ros_ws/build/py_pubsub/build install --record /home/riser14/ros_ws/build/py_pubsub/install.log --single-version-externally-managed
[5.571s] running egg_info
[5.573s] writing ../../build/py_pubsub/py_pubsub.egg-info/PKG-INFO
[5.575s] writing dependency_links to ../../build/py_pubsub/py_pubsub.egg-info/dependency_links.txt
[5.579s] writing entry points to ../../build/py_pubsub/py_pubsub.egg-info/entry_points.txt
[5.579s] writing requirements to ../../build/py_pubsub/py_pubsub.egg-info/requires.txt
[5.580s] writing top-level names to ../../build/py_pubsub/py_pubsub.egg-info/top_level.txt
[5.788s] listing git files failed - pretending there aren't any
[6.281s] reading manifest file '../../build/py_pubsub/py_pubsub.egg-info/SOURCES.txt'
[6.282s] writing manifest file '../../build/py_pubsub/py_pubsub.egg-info/SOURCES.txt'
[6.282s] running build
[6.283s] running build_py
[6.283s] copying py_pubsub/subscriber_member_function.py -> /home/riser14/ros_ws/build/py_pubsub/build/lib/py_pubsub
[6.284s] running install
[6.285s] running install_lib
[6.287s] copying /home/riser14/ros_ws/build/py_pubsub/build/lib/py_pubsub/subscriber_member_function.py -> /home/riser14/ros_ws/install/py_pubsub/lib/python3.10/site-packages/py_pubsub
[6.288s] byte-compiling /home/riser14/ros_ws/install/py_pubsub/lib/python3.10/site-packages/py_pubsub/subscriber_member_function.py to subscriber_member_function.cpython-310.pyc
[6.289s] running install_data
[6.291s] running install_egg_info
[6.293s] removing '/home/riser14/ros_ws/install/py_pubsub/lib/python3.10/site-packages/py_pubsub-0.0.0-py3.10.egg-info' (and everything under it)
[6.293s] Copying ../../build/py_pubsub/py_pubsub.egg-info to /home/riser14/ros_ws/install/py_pubsub/lib/python3.10/site-packages/py_pubsub-0.0.0-py3.10.egg-info
[6.299s] running install_scripts
[6.367s] Installing listener script to /home/riser14/ros_ws/install/py_pubsub/lib/py_pubsub
[6.367s] Installing talker script to /home/riser14/ros_ws/install/py_pubsub/lib/py_pubsub
[6.368s] writing list of installed files to '/home/riser14/ros_ws/build/py_pubsub/install.log'
[6.513s] Invoked command in '/home/riser14/ros_ws/src/py_pubsub' returned '0': PYTHONPATH=/home/riser14/ros_ws/build/py_pubsub/prefix_override:/home/riser14/ros_ws/install/py_pubsub/lib/python3.10/site-packages:${PYTHONPATH} /usr/bin/python3 setup.py egg_info --egg-base ../../build/py_pubsub build --build-base /home/riser14/ros_ws/build/py_pubsub/build install --record /home/riser14/ros_ws/build/py_pubsub/install.log --single-version-externally-managed
