[1.671s] Invoking command in '/home/riser14/ros_ws/src/py_pubsub': PYTHONPATH=/home/riser14/ros_ws/build/py_pubsub/prefix_override:/home/riser14/ros_ws/install/py_pubsub/lib/python3.10/site-packages:${PYTHONPATH} /usr/bin/python3 setup.py egg_info --egg-base ../../build/py_pubsub build --build-base /home/riser14/ros_ws/build/py_pubsub/build install --record /home/riser14/ros_ws/build/py_pubsub/install.log --single-version-externally-managed
[2.027s] running egg_info
[2.027s] writing ../../build/py_pubsub/py_pubsub.egg-info/PKG-INFO
[2.028s] writing dependency_links to ../../build/py_pubsub/py_pubsub.egg-info/dependency_links.txt
[2.028s] writing entry points to ../../build/py_pubsub/py_pubsub.egg-info/entry_points.txt
[2.028s] writing requirements to ../../build/py_pubsub/py_pubsub.egg-info/requires.txt
[2.028s] writing top-level names to ../../build/py_pubsub/py_pubsub.egg-info/top_level.txt
[2.099s] listing git files failed - pretending there aren't any
[2.256s] reading manifest file '../../build/py_pubsub/py_pubsub.egg-info/SOURCES.txt'
[2.258s] writing manifest file '../../build/py_pubsub/py_pubsub.egg-info/SOURCES.txt'
[2.258s] running build
[2.258s] running build_py
[2.258s] copying py_pubsub/pid_control.py -> /home/riser14/ros_ws/build/py_pubsub/build/lib/py_pubsub
[2.259s] running install
[2.259s] running install_lib
[2.261s] copying /home/riser14/ros_ws/build/py_pubsub/build/lib/py_pubsub/pid_control.py -> /home/riser14/ros_ws/install/py_pubsub/lib/python3.10/site-packages/py_pubsub
[2.262s] byte-compiling /home/riser14/ros_ws/install/py_pubsub/lib/python3.10/site-packages/py_pubsub/pid_control.py to pid_control.cpython-310.pyc
[2.265s] running install_data
[2.266s] running install_egg_info
[2.267s] removing '/home/riser14/ros_ws/install/py_pubsub/lib/python3.10/site-packages/py_pubsub-0.0.0-py3.10.egg-info' (and everything under it)
[2.268s] Copying ../../build/py_pubsub/py_pubsub.egg-info to /home/riser14/ros_ws/install/py_pubsub/lib/python3.10/site-packages/py_pubsub-0.0.0-py3.10.egg-info
[2.270s] running install_scripts
[2.305s] Installing control_mpc script to /home/riser14/ros_ws/install/py_pubsub/lib/py_pubsub
[2.305s] Installing control_nmpc script to /home/riser14/ros_ws/install/py_pubsub/lib/py_pubsub
[2.305s] Installing follow script to /home/riser14/ros_ws/install/py_pubsub/lib/py_pubsub
[2.305s] Installing listener script to /home/riser14/ros_ws/install/py_pubsub/lib/py_pubsub
[2.306s] Installing pid script to /home/riser14/ros_ws/install/py_pubsub/lib/py_pubsub
[2.306s] writing list of installed files to '/home/riser14/ros_ws/build/py_pubsub/install.log'
[2.440s] Invoked command in '/home/riser14/ros_ws/src/py_pubsub' returned '0': PYTHONPATH=/home/riser14/ros_ws/build/py_pubsub/prefix_override:/home/riser14/ros_ws/install/py_pubsub/lib/python3.10/site-packages:${PYTHONPATH} /usr/bin/python3 setup.py egg_info --egg-base ../../build/py_pubsub build --build-base /home/riser14/ros_ws/build/py_pubsub/build install --record /home/riser14/ros_ws/build/py_pubsub/install.log --single-version-externally-managed
