[1.365s] Invoking command in '/home/riser14/ros_ws/src/py_pubsub': PYTHONPATH=/home/riser14/ros_ws/build/py_pubsub/prefix_override:/home/riser14/ros_ws/install/py_pubsub/lib/python3.10/site-packages:${PYTHONPATH} /usr/bin/python3 setup.py egg_info --egg-base ../../build/py_pubsub build --build-base /home/riser14/ros_ws/build/py_pubsub/build install --record /home/riser14/ros_ws/build/py_pubsub/install.log --single-version-externally-managed
[1.747s] running egg_info
[1.748s] writing ../../build/py_pubsub/py_pubsub.egg-info/PKG-INFO
[1.749s] writing dependency_links to ../../build/py_pubsub/py_pubsub.egg-info/dependency_links.txt
[1.749s] writing entry points to ../../build/py_pubsub/py_pubsub.egg-info/entry_points.txt
[1.749s] writing requirements to ../../build/py_pubsub/py_pubsub.egg-info/requires.txt
[1.749s] writing top-level names to ../../build/py_pubsub/py_pubsub.egg-info/top_level.txt
[1.810s] listing git files failed - pretending there aren't any
[1.963s] reading manifest file '../../build/py_pubsub/py_pubsub.egg-info/SOURCES.txt'
[1.964s] writing manifest file '../../build/py_pubsub/py_pubsub.egg-info/SOURCES.txt'
[1.964s] running build
[1.965s] running build_py
[1.965s] copying py_pubsub/waypoint_follower.py -> /home/riser14/ros_ws/build/py_pubsub/build/lib/py_pubsub
[1.965s] running install
[1.966s] running install_lib
[1.968s] copying /home/riser14/ros_ws/build/py_pubsub/build/lib/py_pubsub/waypoint_follower.py -> /home/riser14/ros_ws/install/py_pubsub/lib/python3.10/site-packages/py_pubsub
[1.968s] byte-compiling /home/riser14/ros_ws/install/py_pubsub/lib/python3.10/site-packages/py_pubsub/waypoint_follower.py to waypoint_follower.cpython-310.pyc
[1.970s] running install_data
[1.971s] copying package.xml -> /home/riser14/ros_ws/install/py_pubsub/share/py_pubsub
[1.971s] running install_egg_info
[1.972s] removing '/home/riser14/ros_ws/install/py_pubsub/lib/python3.10/site-packages/py_pubsub-0.0.0-py3.10.egg-info' (and everything under it)
[1.972s] Copying ../../build/py_pubsub/py_pubsub.egg-info to /home/riser14/ros_ws/install/py_pubsub/lib/python3.10/site-packages/py_pubsub-0.0.0-py3.10.egg-info
[1.974s] running install_scripts
[2.000s] Installing follow script to /home/riser14/ros_ws/install/py_pubsub/lib/py_pubsub
[2.001s] Installing listener script to /home/riser14/ros_ws/install/py_pubsub/lib/py_pubsub
[2.001s] Installing talker script to /home/riser14/ros_ws/install/py_pubsub/lib/py_pubsub
[2.001s] writing list of installed files to '/home/riser14/ros_ws/build/py_pubsub/install.log'
[2.073s] Invoked command in '/home/riser14/ros_ws/src/py_pubsub' returned '0': PYTHONPATH=/home/riser14/ros_ws/build/py_pubsub/prefix_override:/home/riser14/ros_ws/install/py_pubsub/lib/python3.10/site-packages:${PYTHONPATH} /usr/bin/python3 setup.py egg_info --egg-base ../../build/py_pubsub build --build-base /home/riser14/ros_ws/build/py_pubsub/build install --record /home/riser14/ros_ws/build/py_pubsub/install.log --single-version-externally-managed
