[6.762s] Invoking command in '/home/riser14/ros_ws/src/py_pubsub': PYTHONPATH=/home/riser14/ros_ws/build/py_pubsub/prefix_override:/home/riser14/ros_ws/install/py_pubsub/lib/python3.10/site-packages:${PYTHONPATH} /usr/bin/python3 setup.py egg_info --egg-base ../../build/py_pubsub build --build-base /home/riser14/ros_ws/build/py_pubsub/build install --record /home/riser14/ros_ws/build/py_pubsub/install.log --single-version-externally-managed
[8.525s] running egg_info
[8.526s] writing ../../build/py_pubsub/py_pubsub.egg-info/PKG-INFO
[8.527s] writing dependency_links to ../../build/py_pubsub/py_pubsub.egg-info/dependency_links.txt
[8.527s] writing entry points to ../../build/py_pubsub/py_pubsub.egg-info/entry_points.txt
[8.527s] writing requirements to ../../build/py_pubsub/py_pubsub.egg-info/requires.txt
[8.528s] writing top-level names to ../../build/py_pubsub/py_pubsub.egg-info/top_level.txt
[8.742s] listing git files failed - pretending there aren't any
[9.298s] reading manifest file '../../build/py_pubsub/py_pubsub.egg-info/SOURCES.txt'
[9.300s] writing manifest file '../../build/py_pubsub/py_pubsub.egg-info/SOURCES.txt'
[9.301s] running build
[9.301s] running build_py
[9.308s] copying py_pubsub/publisher_member_function.py -> /home/riser14/ros_ws/build/py_pubsub/build/lib/py_pubsub
[9.309s] copying py_pubsub/nmpc_0.py -> /home/riser14/ros_ws/build/py_pubsub/build/lib/py_pubsub
[9.315s] running install
[9.316s] running install_lib
[9.318s] copying /home/riser14/ros_ws/build/py_pubsub/build/lib/py_pubsub/publisher_member_function.py -> /home/riser14/ros_ws/install/py_pubsub/lib/python3.10/site-packages/py_pubsub
[9.319s] copying /home/riser14/ros_ws/build/py_pubsub/build/lib/py_pubsub/nmpc_0.py -> /home/riser14/ros_ws/install/py_pubsub/lib/python3.10/site-packages/py_pubsub
[9.320s] byte-compiling /home/riser14/ros_ws/install/py_pubsub/lib/python3.10/site-packages/py_pubsub/publisher_member_function.py to publisher_member_function.cpython-310.pyc
[9.344s] byte-compiling /home/riser14/ros_ws/install/py_pubsub/lib/python3.10/site-packages/py_pubsub/nmpc_0.py to nmpc_0.cpython-310.pyc
[9.350s] running install_data
[9.350s] running install_egg_info
[9.356s] removing '/home/riser14/ros_ws/install/py_pubsub/lib/python3.10/site-packages/py_pubsub-0.0.0-py3.10.egg-info' (and everything under it)
[9.369s] Copying ../../build/py_pubsub/py_pubsub.egg-info to /home/riser14/ros_ws/install/py_pubsub/lib/python3.10/site-packages/py_pubsub-0.0.0-py3.10.egg-info
[9.373s] running install_scripts
[9.477s] Installing camera_record script to /home/riser14/ros_ws/install/py_pubsub/lib/py_pubsub
[9.477s] Installing capture script to /home/riser14/ros_ws/install/py_pubsub/lib/py_pubsub
[9.478s] Installing compare_feature script to /home/riser14/ros_ws/install/py_pubsub/lib/py_pubsub
[9.478s] Installing compare_mean_error script to /home/riser14/ros_ws/install/py_pubsub/lib/py_pubsub
[9.478s] Installing control_mpc script to /home/riser14/ros_ws/install/py_pubsub/lib/py_pubsub
[9.479s] Installing control_nmpc script to /home/riser14/ros_ws/install/py_pubsub/lib/py_pubsub
[9.479s] Installing drift_measure script to /home/riser14/ros_ws/install/py_pubsub/lib/py_pubsub
[9.480s] Installing full_record script to /home/riser14/ros_ws/install/py_pubsub/lib/py_pubsub
[9.481s] Installing listener script to /home/riser14/ros_ws/install/py_pubsub/lib/py_pubsub
[9.499s] Installing pid script to /home/riser14/ros_ws/install/py_pubsub/lib/py_pubsub
[9.500s] Installing pose_sub script to /home/riser14/ros_ws/install/py_pubsub/lib/py_pubsub
[9.500s] Installing visualisation script to /home/riser14/ros_ws/install/py_pubsub/lib/py_pubsub
[9.500s] Installing waypoint follow script to /home/riser14/ros_ws/install/py_pubsub/lib/py_pubsub
[9.500s] writing list of installed files to '/home/riser14/ros_ws/build/py_pubsub/install.log'
[9.590s] Invoked command in '/home/riser14/ros_ws/src/py_pubsub' returned '0': PYTHONPATH=/home/riser14/ros_ws/build/py_pubsub/prefix_override:/home/riser14/ros_ws/install/py_pubsub/lib/python3.10/site-packages:${PYTHONPATH} /usr/bin/python3 setup.py egg_info --egg-base ../../build/py_pubsub build --build-base /home/riser14/ros_ws/build/py_pubsub/build install --record /home/riser14/ros_ws/build/py_pubsub/install.log --single-version-externally-managed
