[3.774s] Invoking command in '/home/riser14/ros_ws/src/py_pubsub': PYTHONPATH=/home/riser14/ros_ws/build/py_pubsub/prefix_override:/home/riser14/ros_ws/install/py_pubsub/lib/python3.10/site-packages:${PYTHONPATH} /usr/bin/python3 setup.py egg_info --egg-base ../../build/py_pubsub build --build-base /home/riser14/ros_ws/build/py_pubsub/build install --record /home/riser14/ros_ws/build/py_pubsub/install.log --single-version-externally-managed
[4.881s] running egg_info
[4.883s] writing ../../build/py_pubsub/py_pubsub.egg-info/PKG-INFO
[4.884s] writing dependency_links to ../../build/py_pubsub/py_pubsub.egg-info/dependency_links.txt
[4.884s] writing entry points to ../../build/py_pubsub/py_pubsub.egg-info/entry_points.txt
[4.893s] writing requirements to ../../build/py_pubsub/py_pubsub.egg-info/requires.txt
[4.896s] writing top-level names to ../../build/py_pubsub/py_pubsub.egg-info/top_level.txt
[5.044s] listing git files failed - pretending there aren't any
[5.552s] reading manifest file '../../build/py_pubsub/py_pubsub.egg-info/SOURCES.txt'
[5.557s] writing manifest file '../../build/py_pubsub/py_pubsub.egg-info/SOURCES.txt'
[5.557s] running build
[5.558s] running build_py
[5.558s] copying py_pubsub/publisher_member_function.py -> /home/riser14/ros_ws/build/py_pubsub/build/lib/py_pubsub
[5.559s] running install
[5.561s] running install_lib
[5.563s] copying /home/riser14/ros_ws/build/py_pubsub/build/lib/py_pubsub/publisher_member_function.py -> /home/riser14/ros_ws/install/py_pubsub/lib/python3.10/site-packages/py_pubsub
[5.566s] byte-compiling /home/riser14/ros_ws/install/py_pubsub/lib/python3.10/site-packages/py_pubsub/publisher_member_function.py to publisher_member_function.cpython-310.pyc
[5.571s] running install_data
[5.574s] running install_egg_info
[5.574s] removing '/home/riser14/ros_ws/install/py_pubsub/lib/python3.10/site-packages/py_pubsub-0.0.0-py3.10.egg-info' (and everything under it)
[5.575s] Copying ../../build/py_pubsub/py_pubsub.egg-info to /home/riser14/ros_ws/install/py_pubsub/lib/python3.10/site-packages/py_pubsub-0.0.0-py3.10.egg-info
[5.576s] running install_scripts
[5.734s] Installing follow script to /home/riser14/ros_ws/install/py_pubsub/lib/py_pubsub
[5.734s] Installing listener script to /home/riser14/ros_ws/install/py_pubsub/lib/py_pubsub
[5.735s] Installing talker script to /home/riser14/ros_ws/install/py_pubsub/lib/py_pubsub
[5.735s] writing list of installed files to '/home/riser14/ros_ws/build/py_pubsub/install.log'
[5.850s] Invoked command in '/home/riser14/ros_ws/src/py_pubsub' returned '0': PYTHONPATH=/home/riser14/ros_ws/build/py_pubsub/prefix_override:/home/riser14/ros_ws/install/py_pubsub/lib/python3.10/site-packages:${PYTHONPATH} /usr/bin/python3 setup.py egg_info --egg-base ../../build/py_pubsub build --build-base /home/riser14/ros_ws/build/py_pubsub/build install --record /home/riser14/ros_ws/build/py_pubsub/install.log --single-version-externally-managed
