[5.472s] DEBUG:colcon:Command line arguments: ['/usr/bin/colcon', 'list', '-p', '--base-paths', '/home/riser14/ros_ws']
[5.472s] DEBUG:colcon:Parsed command line arguments: Namespace(log_base=None, log_level=None, verb_name='list', build_base='build', ignore_user_meta=False, metas=['./colcon.meta'], base_paths=['/home/riser14/ros_ws'], packages_ignore=None, packages_ignore_regex=None, paths=None, packages_up_to=None, packages_up_to_regex=None, packages_above=None, packages_above_and_dependencies=None, packages_above_depth=None, packages_select_by_dep=None, packages_skip_by_dep=None, packages_skip_up_to=None, packages_select_build_failed=False, packages_skip_build_finished=False, packages_select_test_failures=False, packages_skip_test_passed=False, packages_select=None, packages_skip=None, packages_select_regex=None, packages_skip_regex=None, packages_start=None, packages_end=None, allow_overriding=[], topological_order=False, names_only=False, paths_only=True, topological_graph=False, topological_graph_dot=False, topological_graph_density=False, topological_graph_legend=False, topological_graph_dot_cluster=False, topological_graph_dot_include_skipped=False, verb_parser=<colcon_defaults.argument_parser.defaults.DefaultArgumentsDecorator object at 0x7f56abe0f1c0>, verb_extension=<colcon_package_information.verb.list.ListVerb object at 0x7f56abf35690>, main=<bound method ListVerb.main of <colcon_package_information.verb.list.ListVerb object at 0x7f56abf35690>>)
[5.712s] Level 1:colcon.colcon_core.package_discovery:discover_packages(colcon_meta) check parameters
[5.712s] Level 1:colcon.colcon_core.package_discovery:discover_packages(recursive) check parameters
[5.712s] Level 1:colcon.colcon_core.package_discovery:discover_packages(ignore) check parameters
[5.713s] Level 1:colcon.colcon_core.package_discovery:discover_packages(path) check parameters
[5.713s] Level 1:colcon.colcon_core.package_discovery:discover_packages(recursive) discover
[5.713s] INFO:colcon.colcon_core.package_discovery:Crawling recursively for packages in '/home/riser14/ros_ws'
[5.717s] Level 1:colcon.colcon_core.package_identification:_identify(/home/riser14/ros_ws) by extensions ['ignore', 'ignore_ament_install']
[5.718s] Level 1:colcon.colcon_core.package_identification:_identify(/home/riser14/ros_ws) by extension 'ignore'
[5.718s] Level 1:colcon.colcon_core.package_identification:_identify(/home/riser14/ros_ws) by extension 'ignore_ament_install'
[5.719s] Level 1:colcon.colcon_core.package_identification:_identify(/home/riser14/ros_ws) by extensions ['colcon_pkg']
[5.719s] Level 1:colcon.colcon_core.package_identification:_identify(/home/riser14/ros_ws) by extension 'colcon_pkg'
[5.720s] Level 1:colcon.colcon_core.package_identification:_identify(/home/riser14/ros_ws) by extensions ['colcon_meta']
[5.720s] Level 1:colcon.colcon_core.package_identification:_identify(/home/riser14/ros_ws) by extension 'colcon_meta'
[5.720s] Level 1:colcon.colcon_core.package_identification:_identify(/home/riser14/ros_ws) by extensions ['ros']
[5.720s] Level 1:colcon.colcon_core.package_identification:_identify(/home/riser14/ros_ws) by extension 'ros'
[5.811s] Level 1:colcon.colcon_core.package_identification:_identify(/home/riser14/ros_ws) by extensions ['cmake', 'python']
[5.811s] Level 1:colcon.colcon_core.package_identification:_identify(/home/riser14/ros_ws) by extension 'cmake'
[5.811s] Level 1:colcon.colcon_core.package_identification:_identify(/home/riser14/ros_ws) by extension 'python'
[5.812s] Level 1:colcon.colcon_core.package_identification:_identify(/home/riser14/ros_ws) by extensions ['python_setup_py']
[5.812s] Level 1:colcon.colcon_core.package_identification:_identify(/home/riser14/ros_ws) by extension 'python_setup_py'
[5.813s] Level 1:colcon.colcon_core.package_identification:_identify(/home/riser14/ros_ws/build) by extensions ['ignore', 'ignore_ament_install']
[5.814s] Level 1:colcon.colcon_core.package_identification:_identify(/home/riser14/ros_ws/build) by extension 'ignore'
[5.815s] Level 1:colcon.colcon_core.package_identification:_identify(/home/riser14/ros_ws/build) ignored
[5.816s] Level 1:colcon.colcon_core.package_identification:_identify(/home/riser14/ros_ws/install) by extensions ['ignore', 'ignore_ament_install']
[5.817s] Level 1:colcon.colcon_core.package_identification:_identify(/home/riser14/ros_ws/install) by extension 'ignore'
[5.817s] Level 1:colcon.colcon_core.package_identification:_identify(/home/riser14/ros_ws/install) ignored
[5.831s] Level 1:colcon.colcon_core.package_identification:_identify(/home/riser14/ros_ws/log) by extensions ['ignore', 'ignore_ament_install']
[5.832s] Level 1:colcon.colcon_core.package_identification:_identify(/home/riser14/ros_ws/log) by extension 'ignore'
[5.832s] Level 1:colcon.colcon_core.package_identification:_identify(/home/riser14/ros_ws/log) ignored
[5.833s] Level 1:colcon.colcon_core.package_identification:_identify(/home/riser14/ros_ws/src) by extensions ['ignore', 'ignore_ament_install']
[5.834s] Level 1:colcon.colcon_core.package_identification:_identify(/home/riser14/ros_ws/src) by extension 'ignore'
[5.835s] Level 1:colcon.colcon_core.package_identification:_identify(/home/riser14/ros_ws/src) by extension 'ignore_ament_install'
[5.836s] Level 1:colcon.colcon_core.package_identification:_identify(/home/riser14/ros_ws/src) by extensions ['colcon_pkg']
[5.836s] Level 1:colcon.colcon_core.package_identification:_identify(/home/riser14/ros_ws/src) by extension 'colcon_pkg'
[5.836s] Level 1:colcon.colcon_core.package_identification:_identify(/home/riser14/ros_ws/src) by extensions ['colcon_meta']
[5.837s] Level 1:colcon.colcon_core.package_identification:_identify(/home/riser14/ros_ws/src) by extension 'colcon_meta'
[5.837s] Level 1:colcon.colcon_core.package_identification:_identify(/home/riser14/ros_ws/src) by extensions ['ros']
[5.838s] Level 1:colcon.colcon_core.package_identification:_identify(/home/riser14/ros_ws/src) by extension 'ros'
[5.839s] Level 1:colcon.colcon_core.package_identification:_identify(/home/riser14/ros_ws/src) by extensions ['cmake', 'python']
[5.839s] Level 1:colcon.colcon_core.package_identification:_identify(/home/riser14/ros_ws/src) by extension 'cmake'
[5.840s] Level 1:colcon.colcon_core.package_identification:_identify(/home/riser14/ros_ws/src) by extension 'python'
[5.840s] Level 1:colcon.colcon_core.package_identification:_identify(/home/riser14/ros_ws/src) by extensions ['python_setup_py']
[5.841s] Level 1:colcon.colcon_core.package_identification:_identify(/home/riser14/ros_ws/src) by extension 'python_setup_py'
[5.842s] Level 1:colcon.colcon_core.package_identification:_identify(/home/riser14/ros_ws/src/my_package) by extensions ['ignore', 'ignore_ament_install']
[5.843s] Level 1:colcon.colcon_core.package_identification:_identify(/home/riser14/ros_ws/src/my_package) by extension 'ignore'
[5.843s] Level 1:colcon.colcon_core.package_identification:_identify(/home/riser14/ros_ws/src/my_package) by extension 'ignore_ament_install'
[5.844s] Level 1:colcon.colcon_core.package_identification:_identify(/home/riser14/ros_ws/src/my_package) by extensions ['colcon_pkg']
[5.844s] Level 1:colcon.colcon_core.package_identification:_identify(/home/riser14/ros_ws/src/my_package) by extension 'colcon_pkg'
[5.845s] Level 1:colcon.colcon_core.package_identification:_identify(/home/riser14/ros_ws/src/my_package) by extensions ['colcon_meta']
[5.845s] Level 1:colcon.colcon_core.package_identification:_identify(/home/riser14/ros_ws/src/my_package) by extension 'colcon_meta'
[5.846s] Level 1:colcon.colcon_core.package_identification:_identify(/home/riser14/ros_ws/src/my_package) by extensions ['ros']
[5.846s] Level 1:colcon.colcon_core.package_identification:_identify(/home/riser14/ros_ws/src/my_package) by extension 'ros'
[5.864s] DEBUG:colcon.colcon_core.package_identification:Package '/home/riser14/ros_ws/src/my_package' with type 'ros.ament_python' and name 'my_package'
[5.865s] Level 1:colcon.colcon_core.package_identification:_identify(/home/riser14/ros_ws/src/py_pubsub) by extensions ['ignore', 'ignore_ament_install']
[5.866s] Level 1:colcon.colcon_core.package_identification:_identify(/home/riser14/ros_ws/src/py_pubsub) by extension 'ignore'
[5.867s] Level 1:colcon.colcon_core.package_identification:_identify(/home/riser14/ros_ws/src/py_pubsub) by extension 'ignore_ament_install'
[5.867s] Level 1:colcon.colcon_core.package_identification:_identify(/home/riser14/ros_ws/src/py_pubsub) by extensions ['colcon_pkg']
[5.867s] Level 1:colcon.colcon_core.package_identification:_identify(/home/riser14/ros_ws/src/py_pubsub) by extension 'colcon_pkg'
[5.868s] Level 1:colcon.colcon_core.package_identification:_identify(/home/riser14/ros_ws/src/py_pubsub) by extensions ['colcon_meta']
[5.868s] Level 1:colcon.colcon_core.package_identification:_identify(/home/riser14/ros_ws/src/py_pubsub) by extension 'colcon_meta'
[5.869s] Level 1:colcon.colcon_core.package_identification:_identify(/home/riser14/ros_ws/src/py_pubsub) by extensions ['ros']
[5.869s] Level 1:colcon.colcon_core.package_identification:_identify(/home/riser14/ros_ws/src/py_pubsub) by extension 'ros'
[5.875s] DEBUG:colcon.colcon_core.package_identification:Package '/home/riser14/ros_ws/src/py_pubsub' with type 'ros.ament_python' and name 'py_pubsub'
[5.875s] Level 1:colcon.colcon_core.package_discovery:discover_packages(recursive) using defaults
