[2.239s] Invoking command in '/home/riser14/ros_ws/src/py_pubsub': PYTHONPATH=/home/riser14/ros_ws/build/py_pubsub/prefix_override:/home/riser14/ros_ws/install/py_pubsub/lib/python3.10/site-packages:${PYTHONPATH} /usr/bin/python3 setup.py egg_info --egg-base ../../build/py_pubsub build --build-base /home/riser14/ros_ws/build/py_pubsub/build install --record /home/riser14/ros_ws/build/py_pubsub/install.log --single-version-externally-managed
[2.602s] running egg_info
[2.603s] writing ../../build/py_pubsub/py_pubsub.egg-info/PKG-INFO
[2.603s] writing dependency_links to ../../build/py_pubsub/py_pubsub.egg-info/dependency_links.txt
[2.604s] writing entry points to ../../build/py_pubsub/py_pubsub.egg-info/entry_points.txt
[2.604s] writing requirements to ../../build/py_pubsub/py_pubsub.egg-info/requires.txt
[2.604s] writing top-level names to ../../build/py_pubsub/py_pubsub.egg-info/top_level.txt
[2.663s] listing git files failed - pretending there aren't any
[2.995s] reading manifest file '../../build/py_pubsub/py_pubsub.egg-info/SOURCES.txt'
[3.010s] writing manifest file '../../build/py_pubsub/py_pubsub.egg-info/SOURCES.txt'
[3.010s] running build
[3.010s] running build_py
[3.011s] copying py_pubsub/waypoint_follower.py -> /home/riser14/ros_ws/build/py_pubsub/build/lib/py_pubsub
[3.011s] running install
[3.012s] running install_lib
[3.013s] copying /home/riser14/ros_ws/build/py_pubsub/build/lib/py_pubsub/waypoint_follower.py -> /home/riser14/ros_ws/install/py_pubsub/lib/python3.10/site-packages/py_pubsub
[3.014s] byte-compiling /home/riser14/ros_ws/install/py_pubsub/lib/python3.10/site-packages/py_pubsub/waypoint_follower.py to waypoint_follower.cpython-310.pyc
[3.015s] running install_data
[3.016s] running install_egg_info
[3.017s] removing '/home/riser14/ros_ws/install/py_pubsub/lib/python3.10/site-packages/py_pubsub-0.0.0-py3.10.egg-info' (and everything under it)
[3.017s] Copying ../../build/py_pubsub/py_pubsub.egg-info to /home/riser14/ros_ws/install/py_pubsub/lib/python3.10/site-packages/py_pubsub-0.0.0-py3.10.egg-info
[3.031s] running install_scripts
[3.055s] Installing camera_record script to /home/riser14/ros_ws/install/py_pubsub/lib/py_pubsub
[3.055s] Installing capture script to /home/riser14/ros_ws/install/py_pubsub/lib/py_pubsub
[3.056s] Installing compare_feature script to /home/riser14/ros_ws/install/py_pubsub/lib/py_pubsub
[3.056s] Installing compare_mean_error script to /home/riser14/ros_ws/install/py_pubsub/lib/py_pubsub
[3.056s] Installing control_mpc script to /home/riser14/ros_ws/install/py_pubsub/lib/py_pubsub
[3.056s] Installing control_nmpc script to /home/riser14/ros_ws/install/py_pubsub/lib/py_pubsub
[3.056s] Installing drift_measure script to /home/riser14/ros_ws/install/py_pubsub/lib/py_pubsub
[3.057s] Installing full_record script to /home/riser14/ros_ws/install/py_pubsub/lib/py_pubsub
[3.057s] Installing listener script to /home/riser14/ros_ws/install/py_pubsub/lib/py_pubsub
[3.057s] Installing pid script to /home/riser14/ros_ws/install/py_pubsub/lib/py_pubsub
[3.057s] Installing pose_sub script to /home/riser14/ros_ws/install/py_pubsub/lib/py_pubsub
[3.057s] Installing waypoint follow script to /home/riser14/ros_ws/install/py_pubsub/lib/py_pubsub
[3.057s] writing list of installed files to '/home/riser14/ros_ws/build/py_pubsub/install.log'
[3.100s] Invoked command in '/home/riser14/ros_ws/src/py_pubsub' returned '0': PYTHONPATH=/home/riser14/ros_ws/build/py_pubsub/prefix_override:/home/riser14/ros_ws/install/py_pubsub/lib/python3.10/site-packages:${PYTHONPATH} /usr/bin/python3 setup.py egg_info --egg-base ../../build/py_pubsub build --build-base /home/riser14/ros_ws/build/py_pubsub/build install --record /home/riser14/ros_ws/build/py_pubsub/install.log --single-version-externally-managed
