[6.934s] Invoking command in '/home/riser14/ros_ws/build/my_package': PYTHONPATH=/home/riser14/ros_ws/build/my_package/prefix_override:/home/riser14/ros_ws/install/my_package/lib/python3.10/site-packages:${PYTHONPATH} /usr/bin/python3 setup.py develop --uninstall --editable --build-directory /home/riser14/ros_ws/build/my_package/build
[8.329s] running develop
[10.067s] Invoked command in '/home/riser14/ros_ws/build/my_package' returned '0': PYTHONPATH=/home/riser14/ros_ws/build/my_package/prefix_override:/home/riser14/ros_ws/install/my_package/lib/python3.10/site-packages:${PYTHONPATH} /usr/bin/python3 setup.py develop --uninstall --editable --build-directory /home/riser14/ros_ws/build/my_package/build
[10.070s] Invoking command in '/home/riser14/ros_ws/src/my_package': PYTHONPATH=/home/riser14/ros_ws/build/my_package/prefix_override:/home/riser14/ros_ws/install/my_package/lib/python3.10/site-packages:${PYTHONPATH} /usr/bin/python3 setup.py egg_info --egg-base ../../build/my_package build --build-base /home/riser14/ros_ws/build/my_package/build install --record /home/riser14/ros_ws/build/my_package/install.log --single-version-externally-managed
[12.737s] running egg_info
[12.738s] writing ../../build/my_package/my_package.egg-info/PKG-INFO
[12.738s] writing dependency_links to ../../build/my_package/my_package.egg-info/dependency_links.txt
[12.739s] writing entry points to ../../build/my_package/my_package.egg-info/entry_points.txt
[12.740s] writing requirements to ../../build/my_package/my_package.egg-info/requires.txt
[12.741s] writing top-level names to ../../build/my_package/my_package.egg-info/top_level.txt
[13.051s] listing git files failed - pretending there aren't any
[13.797s] reading manifest file '../../build/my_package/my_package.egg-info/SOURCES.txt'
[13.823s] writing manifest file '../../build/my_package/my_package.egg-info/SOURCES.txt'
[13.823s] running build
[13.824s] running build_py
[13.826s] running install
[13.826s] running install_lib
[13.829s] running install_data
[13.830s] running install_egg_info
[13.836s] removing '/home/riser14/ros_ws/install/my_package/lib/python3.10/site-packages/my_package-0.0.0-py3.10.egg-info' (and everything under it)
[13.845s] Copying ../../build/my_package/my_package.egg-info to /home/riser14/ros_ws/install/my_package/lib/python3.10/site-packages/my_package-0.0.0-py3.10.egg-info
[13.869s] running install_scripts
[13.999s] Installing my_node script to /home/riser14/ros_ws/install/my_package/lib/my_package
[14.000s] writing list of installed files to '/home/riser14/ros_ws/build/my_package/install.log'
[14.129s] Invoked command in '/home/riser14/ros_ws/src/my_package' returned '0': PYTHONPATH=/home/riser14/ros_ws/build/my_package/prefix_override:/home/riser14/ros_ws/install/my_package/lib/python3.10/site-packages:${PYTHONPATH} /usr/bin/python3 setup.py egg_info --egg-base ../../build/my_package build --build-base /home/riser14/ros_ws/build/my_package/build install --record /home/riser14/ros_ws/build/my_package/install.log --single-version-externally-managed
