[1.504s] Invoking command in '/home/riser14/ros_ws/build/my_package': PYTHONPATH=/home/riser14/ros_ws/build/my_package/prefix_override:/home/riser14/ros_ws/install/my_package/lib/python3.10/site-packages:${PYTHONPATH} /usr/bin/python3 setup.py develop --uninstall --editable --build-directory /home/riser14/ros_ws/build/my_package/build
[2.100s] running develop
[2.629s] Invoked command in '/home/riser14/ros_ws/build/my_package' returned '0': PYTHONPATH=/home/riser14/ros_ws/build/my_package/prefix_override:/home/riser14/ros_ws/install/my_package/lib/python3.10/site-packages:${PYTHONPATH} /usr/bin/python3 setup.py develop --uninstall --editable --build-directory /home/riser14/ros_ws/build/my_package/build
[2.629s] Invoking command in '/home/riser14/ros_ws/src/my_package': PYTHONPATH=/home/riser14/ros_ws/build/my_package/prefix_override:/home/riser14/ros_ws/install/my_package/lib/python3.10/site-packages:${PYTHONPATH} /usr/bin/python3 setup.py egg_info --egg-base ../../build/my_package build --build-base /home/riser14/ros_ws/build/my_package/build install --record /home/riser14/ros_ws/build/my_package/install.log --single-version-externally-managed
[3.277s] running egg_info
[3.279s] writing ../../build/my_package/my_package.egg-info/PKG-INFO
[3.279s] writing dependency_links to ../../build/my_package/my_package.egg-info/dependency_links.txt
[3.280s] writing entry points to ../../build/my_package/my_package.egg-info/entry_points.txt
[3.281s] writing requirements to ../../build/my_package/my_package.egg-info/requires.txt
[3.281s] writing top-level names to ../../build/my_package/my_package.egg-info/top_level.txt
[3.398s] listing git files failed - pretending there aren't any
[3.674s] reading manifest file '../../build/my_package/my_package.egg-info/SOURCES.txt'
[3.676s] writing manifest file '../../build/my_package/my_package.egg-info/SOURCES.txt'
[3.677s] running build
[3.677s] running build_py
[3.678s] running install
[3.679s] running install_lib
[3.682s] running install_data
[3.683s] running install_egg_info
[3.685s] removing '/home/riser14/ros_ws/install/my_package/lib/python3.10/site-packages/my_package-0.0.0-py3.10.egg-info' (and everything under it)
[3.692s] Copying ../../build/my_package/my_package.egg-info to /home/riser14/ros_ws/install/my_package/lib/python3.10/site-packages/my_package-0.0.0-py3.10.egg-info
[3.694s] running install_scripts
[3.737s] Installing my_node script to /home/riser14/ros_ws/install/my_package/lib/my_package
[3.738s] writing list of installed files to '/home/riser14/ros_ws/build/my_package/install.log'
[3.805s] Invoked command in '/home/riser14/ros_ws/src/my_package' returned '0': PYTHONPATH=/home/riser14/ros_ws/build/my_package/prefix_override:/home/riser14/ros_ws/install/my_package/lib/python3.10/site-packages:${PYTHONPATH} /usr/bin/python3 setup.py egg_info --egg-base ../../build/my_package build --build-base /home/riser14/ros_ws/build/my_package/build install --record /home/riser14/ros_ws/build/my_package/install.log --single-version-externally-managed
