[11.450s] Invoking command in '/home/riser14/ros_ws/src/my_package': PYTHONPATH=/home/riser14/ros_ws/build/my_package/prefix_override:/home/riser14/ros_ws/install/my_package/lib/python3.10/site-packages:${PYTHONPATH} /usr/bin/python3 setup.py egg_info --egg-base ../../build/my_package build --build-base /home/riser14/ros_ws/build/my_package/build install --record /home/riser14/ros_ws/build/my_package/install.log --single-version-externally-managed
[13.424s] running egg_info
[13.433s] writing ../../build/my_package/my_package.egg-info/PKG-INFO
[13.434s] writing dependency_links to ../../build/my_package/my_package.egg-info/dependency_links.txt
[13.435s] writing entry points to ../../build/my_package/my_package.egg-info/entry_points.txt
[13.436s] writing requirements to ../../build/my_package/my_package.egg-info/requires.txt
[13.437s] writing top-level names to ../../build/my_package/my_package.egg-info/top_level.txt
[13.746s] listing git files failed - pretending there aren't any
[14.464s] reading manifest file '../../build/my_package/my_package.egg-info/SOURCES.txt'
[14.466s] writing manifest file '../../build/my_package/my_package.egg-info/SOURCES.txt'
[14.466s] running build
[14.466s] running build_py
[14.467s] running install
[14.467s] running install_lib
[14.473s] running install_data
[14.482s] running install_egg_info
[14.485s] removing '/home/riser14/ros_ws/install/my_package/lib/python3.10/site-packages/my_package-0.0.0-py3.10.egg-info' (and everything under it)
[14.489s] Copying ../../build/my_package/my_package.egg-info to /home/riser14/ros_ws/install/my_package/lib/python3.10/site-packages/my_package-0.0.0-py3.10.egg-info
[14.489s] running install_scripts
[14.614s] Installing my_node script to /home/riser14/ros_ws/install/my_package/lib/my_package
[14.617s] writing list of installed files to '/home/riser14/ros_ws/build/my_package/install.log'
[14.807s] Invoked command in '/home/riser14/ros_ws/src/my_package' returned '0': PYTHONPATH=/home/riser14/ros_ws/build/my_package/prefix_override:/home/riser14/ros_ws/install/my_package/lib/python3.10/site-packages:${PYTHONPATH} /usr/bin/python3 setup.py egg_info --egg-base ../../build/my_package build --build-base /home/riser14/ros_ws/build/my_package/build install --record /home/riser14/ros_ws/build/my_package/install.log --single-version-externally-managed
