[7.717s] Invoking command in '/home/riser14/ros_ws/src/py_pubsub': PYTHONPATH=/home/riser14/ros_ws/build/py_pubsub/prefix_override:/home/riser14/ros_ws/install/py_pubsub/lib/python3.10/site-packages:${PYTHONPATH} /usr/bin/python3 setup.py egg_info --egg-base ../../build/py_pubsub build --build-base /home/riser14/ros_ws/build/py_pubsub/build install --record /home/riser14/ros_ws/build/py_pubsub/install.log --single-version-externally-managed
[10.845s] running egg_info
[10.850s] writing ../../build/py_pubsub/py_pubsub.egg-info/PKG-INFO
[10.853s] writing dependency_links to ../../build/py_pubsub/py_pubsub.egg-info/dependency_links.txt
[10.855s] writing entry points to ../../build/py_pubsub/py_pubsub.egg-info/entry_points.txt
[10.857s] writing requirements to ../../build/py_pubsub/py_pubsub.egg-info/requires.txt
[10.857s] writing top-level names to ../../build/py_pubsub/py_pubsub.egg-info/top_level.txt
[11.407s] listing git files failed - pretending there aren't any
[12.861s] reading manifest file '../../build/py_pubsub/py_pubsub.egg-info/SOURCES.txt'
[12.871s] writing manifest file '../../build/py_pubsub/py_pubsub.egg-info/SOURCES.txt'
[12.874s] running build
[12.875s] running build_py
[12.878s] copying py_pubsub/subscriber_member_function.py -> /home/riser14/ros_ws/build/py_pubsub/build/lib/py_pubsub
[12.884s] running install
[12.888s] running install_lib
[12.898s] copying /home/riser14/ros_ws/build/py_pubsub/build/lib/py_pubsub/subscriber_member_function.py -> /home/riser14/ros_ws/install/py_pubsub/lib/python3.10/site-packages/py_pubsub
[12.906s] byte-compiling /home/riser14/ros_ws/install/py_pubsub/lib/python3.10/site-packages/py_pubsub/subscriber_member_function.py to subscriber_member_function.cpython-310.pyc
[12.914s] running install_data
[12.919s] running install_egg_info
[12.926s] removing '/home/riser14/ros_ws/install/py_pubsub/lib/python3.10/site-packages/py_pubsub-0.0.0-py3.10.egg-info' (and everything under it)
[12.932s] Copying ../../build/py_pubsub/py_pubsub.egg-info to /home/riser14/ros_ws/install/py_pubsub/lib/python3.10/site-packages/py_pubsub-0.0.0-py3.10.egg-info
[12.939s] running install_scripts
[13.133s] Installing listener script to /home/riser14/ros_ws/install/py_pubsub/lib/py_pubsub
[13.134s] Installing talker script to /home/riser14/ros_ws/install/py_pubsub/lib/py_pubsub
[13.138s] writing list of installed files to '/home/riser14/ros_ws/build/py_pubsub/install.log'
[13.357s] Invoked command in '/home/riser14/ros_ws/src/py_pubsub' returned '0': PYTHONPATH=/home/riser14/ros_ws/build/py_pubsub/prefix_override:/home/riser14/ros_ws/install/py_pubsub/lib/python3.10/site-packages:${PYTHONPATH} /usr/bin/python3 setup.py egg_info --egg-base ../../build/py_pubsub build --build-base /home/riser14/ros_ws/build/py_pubsub/build install --record /home/riser14/ros_ws/build/py_pubsub/install.log --single-version-externally-managed
