[2.394s] Invoking command in '/home/riser14/ros_ws/src/my_package': PYTHONPATH=/home/riser14/ros_ws/build/my_package/prefix_override:/home/riser14/ros_ws/install/my_package/lib/python3.10/site-packages:${PYTHONPATH} /usr/bin/python3 setup.py egg_info --egg-base ../../build/my_package build --build-base /home/riser14/ros_ws/build/my_package/build install --record /home/riser14/ros_ws/build/my_package/install.log --single-version-externally-managed
[2.742s] running egg_info
[2.743s] writing ../../build/my_package/my_package.egg-info/PKG-INFO
[2.743s] writing dependency_links to ../../build/my_package/my_package.egg-info/dependency_links.txt
[2.744s] writing entry points to ../../build/my_package/my_package.egg-info/entry_points.txt
[2.744s] writing requirements to ../../build/my_package/my_package.egg-info/requires.txt
[2.744s] writing top-level names to ../../build/my_package/my_package.egg-info/top_level.txt
[2.824s] listing git files failed - pretending there aren't any
[3.315s] reading manifest file '../../build/my_package/my_package.egg-info/SOURCES.txt'
[3.333s] writing manifest file '../../build/my_package/my_package.egg-info/SOURCES.txt'
[3.333s] running build
[3.333s] running build_py
[3.333s] running install
[3.334s] running install_lib
[3.336s] running install_data
[3.337s] running install_egg_info
[3.338s] removing '/home/riser14/ros_ws/install/my_package/lib/python3.10/site-packages/my_package-0.0.0-py3.10.egg-info' (and everything under it)
[3.339s] Copying ../../build/my_package/my_package.egg-info to /home/riser14/ros_ws/install/my_package/lib/python3.10/site-packages/my_package-0.0.0-py3.10.egg-info
[3.360s] running install_scripts
[3.395s] Installing my_node script to /home/riser14/ros_ws/install/my_package/lib/my_package
[3.395s] writing list of installed files to '/home/riser14/ros_ws/build/my_package/install.log'
[3.582s] Invoked command in '/home/riser14/ros_ws/src/my_package' returned '0': PYTHONPATH=/home/riser14/ros_ws/build/my_package/prefix_override:/home/riser14/ros_ws/install/my_package/lib/python3.10/site-packages:${PYTHONPATH} /usr/bin/python3 setup.py egg_info --egg-base ../../build/my_package build --build-base /home/riser14/ros_ws/build/my_package/build install --record /home/riser14/ros_ws/build/my_package/install.log --single-version-externally-managed
