[1.748s] Invoking command in '/home/riser14/ros_ws/src/py_pubsub': PYTHONPATH=/home/riser14/ros_ws/build/py_pubsub/prefix_override:/home/riser14/ros_ws/install/py_pubsub/lib/python3.10/site-packages:${PYTHONPATH} /usr/bin/python3 setup.py egg_info --egg-base ../../build/py_pubsub build --build-base /home/riser14/ros_ws/build/py_pubsub/build install --record /home/riser14/ros_ws/build/py_pubsub/install.log --single-version-externally-managed
[2.108s] running egg_info
[2.109s] writing ../../build/py_pubsub/py_pubsub.egg-info/PKG-INFO
[2.109s] writing dependency_links to ../../build/py_pubsub/py_pubsub.egg-info/dependency_links.txt
[2.110s] writing entry points to ../../build/py_pubsub/py_pubsub.egg-info/entry_points.txt
[2.110s] writing requirements to ../../build/py_pubsub/py_pubsub.egg-info/requires.txt
[2.110s] writing top-level names to ../../build/py_pubsub/py_pubsub.egg-info/top_level.txt
[2.166s] listing git files failed - pretending there aren't any
[2.313s] reading manifest file '../../build/py_pubsub/py_pubsub.egg-info/SOURCES.txt'
[2.314s] writing manifest file '../../build/py_pubsub/py_pubsub.egg-info/SOURCES.txt'
[2.314s] running build
[2.314s] running build_py
[2.315s] copying py_pubsub/publisher_member_function.py -> /home/riser14/ros_ws/build/py_pubsub/build/lib/py_pubsub
[2.316s] running install
[2.316s] running install_lib
[2.318s] copying /home/riser14/ros_ws/build/py_pubsub/build/lib/py_pubsub/publisher_member_function.py -> /home/riser14/ros_ws/install/py_pubsub/lib/python3.10/site-packages/py_pubsub
[2.319s] byte-compiling /home/riser14/ros_ws/install/py_pubsub/lib/python3.10/site-packages/py_pubsub/publisher_member_function.py to publisher_member_function.cpython-310.pyc
[2.321s] running install_data
[2.322s] running install_egg_info
[2.323s] removing '/home/riser14/ros_ws/install/py_pubsub/lib/python3.10/site-packages/py_pubsub-0.0.0-py3.10.egg-info' (and everything under it)
[2.323s] Copying ../../build/py_pubsub/py_pubsub.egg-info to /home/riser14/ros_ws/install/py_pubsub/lib/python3.10/site-packages/py_pubsub-0.0.0-py3.10.egg-info
[2.324s] running install_scripts
[2.348s] Installing camera_record script to /home/riser14/ros_ws/install/py_pubsub/lib/py_pubsub
[2.348s] Installing capture script to /home/riser14/ros_ws/install/py_pubsub/lib/py_pubsub
[2.349s] Installing compare_feature script to /home/riser14/ros_ws/install/py_pubsub/lib/py_pubsub
[2.349s] Installing compare_mean_error script to /home/riser14/ros_ws/install/py_pubsub/lib/py_pubsub
[2.349s] Installing control_mpc script to /home/riser14/ros_ws/install/py_pubsub/lib/py_pubsub
[2.349s] Installing control_nmpc script to /home/riser14/ros_ws/install/py_pubsub/lib/py_pubsub
[2.350s] Installing drift_measure script to /home/riser14/ros_ws/install/py_pubsub/lib/py_pubsub
[2.350s] Installing full_record script to /home/riser14/ros_ws/install/py_pubsub/lib/py_pubsub
[2.350s] Installing listener script to /home/riser14/ros_ws/install/py_pubsub/lib/py_pubsub
[2.350s] Installing pid script to /home/riser14/ros_ws/install/py_pubsub/lib/py_pubsub
[2.351s] Installing pose_sub script to /home/riser14/ros_ws/install/py_pubsub/lib/py_pubsub
[2.351s] Installing visualisation script to /home/riser14/ros_ws/install/py_pubsub/lib/py_pubsub
[2.351s] Installing waypoint follow script to /home/riser14/ros_ws/install/py_pubsub/lib/py_pubsub
[2.351s] writing list of installed files to '/home/riser14/ros_ws/build/py_pubsub/install.log'
[2.460s] Invoked command in '/home/riser14/ros_ws/src/py_pubsub' returned '0': PYTHONPATH=/home/riser14/ros_ws/build/py_pubsub/prefix_override:/home/riser14/ros_ws/install/py_pubsub/lib/python3.10/site-packages:${PYTHONPATH} /usr/bin/python3 setup.py egg_info --egg-base ../../build/py_pubsub build --build-base /home/riser14/ros_ws/build/py_pubsub/build install --record /home/riser14/ros_ws/build/py_pubsub/install.log --single-version-externally-managed
