[0.000000] (-) TimerEvent: {}
[0.000215] (my_package) JobQueued: {'identifier': 'my_package', 'dependencies': OrderedDict()}
[0.000312] (py_pubsub) JobQueued: {'identifier': 'py_pubsub', 'dependencies': OrderedDict()}
[0.000442] (my_package) JobStarted: {'identifier': 'my_package'}
[0.099087] (-) TimerEvent: {}
[0.168040] (py_pubsub) JobStarted: {'identifier': 'py_pubsub'}
[0.199265] (-) TimerEvent: {}
[0.299793] (-) TimerEvent: {}
[0.400270] (-) TimerEvent: {}
[0.500562] (-) TimerEvent: {}
[0.600902] (-) TimerEvent: {}
[0.701251] (-) TimerEvent: {}
[0.801626] (-) TimerEvent: {}
[0.901981] (-) TimerEvent: {}
[1.002269] (-) TimerEvent: {}
[1.102611] (-) TimerEvent: {}
[1.202933] (-) TimerEvent: {}
[1.303307] (-) TimerEvent: {}
[1.403661] (-) TimerEvent: {}
[1.504023] (-) TimerEvent: {}
[1.604352] (-) TimerEvent: {}
[1.704665] (-) TimerEvent: {}
[1.805006] (-) TimerEvent: {}
[1.905343] (-) TimerEvent: {}
[2.005658] (-) TimerEvent: {}
[2.106002] (-) TimerEvent: {}
[2.126285] (py_pubsub) Command: {'cmd': ['/usr/bin/python3', 'setup.py', 'egg_info', '--egg-base', '../../build/py_pubsub', 'build', '--build-base', '/home/riser14/ros_ws/build/py_pubsub/build', 'install', '--record', '/home/riser14/ros_ws/build/py_pubsub/install.log', '--single-version-externally-managed'], 'cwd': '/home/riser14/ros_ws/src/py_pubsub', 'env': {'LANGUAGE': 'en_ZA:en', 'USER': 'riser14', 'XDG_SESSION_TYPE': 'wayland', 'SHLVL': '1', 'LD_LIBRARY_PATH': '/usr/lib/x86_64-linux-gnu/gazebo-11/plugins:/opt/ros/humble/opt/rviz_ogre_vendor/lib:/opt/ros/humble/lib/x86_64-linux-gnu:/opt/ros/humble/lib', 'HOME': '/home/riser14', 'OLDPWD': '/home/riser14', 'DESKTOP_SESSION': 'ubuntu', 'ROS_PYTHON_VERSION': '3', 'GNOME_SHELL_SESSION_MODE': 'ubuntu', 'GTK_MODULES': 'gail:atk-bridge', 'SYSTEMD_EXEC_PID': '7340', 'DBUS_SESSION_BUS_ADDRESS': 'unix:path=/run/user/1000/bus', 'COLORTERM': 'truecolor', 'IM_CONFIG_PHASE': '1', 'WAYLAND_DISPLAY': 'wayland-0', 'COLCON_PREFIX_PATH': '/home/riser14/turtlebot3_ws/install:/home/riser14/picture_ws/install:/home/riser14/ros_ws/install', 'ROS_DISTRO': 'humble', 'LOGNAME': 'riser14', '_': '/usr/bin/colcon', 'ROS_VERSION': '2', 'XDG_SESSION_CLASS': 'user', 'USERNAME': 'riser14', 'TERM': 'xterm-256color', 'GAZEBO_MODEL_PATH': ':/opt/ros/humble/share/turtlebot3_gazebo/models', 'GNOME_DESKTOP_SESSION_ID': 'this-is-deprecated', 'ROS_LOCALHOST_ONLY': '0', 'PATH': '/opt/ros/humble/bin:/usr/local/sbin:/usr/local/bin:/usr/sbin:/usr/bin:/sbin:/bin:/usr/games:/usr/local/games:/snap/bin:/snap/bin', 'SESSION_MANAGER': 'local/riser14-Inspiron-5559:@/tmp/.ICE-unix/1166,unix/riser14-Inspiron-5559:/tmp/.ICE-unix/1166', 'XDG_MENU_PREFIX': 'gnome-', 'GNOME_TERMINAL_SCREEN': '/org/gnome/Terminal/screen/6ecdf605_488a_483d_9cb5_aaa3d76b0570', 'GNOME_SETUP_DISPLAY': ':1', 'XDG_RUNTIME_DIR': '/run/user/1000', 'DISPLAY': ':0', 'LANG': 'en_US.UTF-8', 'XDG_CURRENT_DESKTOP': 'ubuntu:GNOME', 'RMW_IMPLEMENTATION': 'rmw_cyclonedds_cpp', 'XMODIFIERS': '@im=ibus', 'XDG_SESSION_DESKTOP': 'ubuntu', 'XAUTHORITY': '/run/user/1000/.mutter-Xwaylandauth.TF6RB2', 'GNOME_TERMINAL_SERVICE': ':1.111', 'SSH_AGENT_LAUNCHER': 'gnome-keyring', 'SSH_AUTH_SOCK': '/run/user/1000/keyring/ssh', 'AMENT_PREFIX_PATH': '/home/riser14/ros_ws/install/py_pubsub:/home/riser14/ros_ws/install/my_package:/home/riser14/turtlebot3_ws/install/turtlebot3_simulations:/home/riser14/turtlebot3_ws/install/turtlebot3_gazebo:/home/riser14/turtlebot3_ws/install/turtlebot3_fake_node:/home/riser14/picture_ws/install/my_camera:/opt/ros/humble', 'SHELL': '/bin/bash', 'QT_ACCESSIBILITY': '1', 'GDMSESSION': 'ubuntu', 'QT_IM_MODULE': 'ibus', 'PWD': '/home/riser14/ros_ws/build/py_pubsub', 'TURTLEBOT3_MODEL': 'waffle', 'LC_ALL': 'en_US.UTF-8', 'XDG_CONFIG_DIRS': '/etc/xdg/xdg-ubuntu:/etc/xdg', 'XDG_DATA_DIRS': '/usr/share/ubuntu:/usr/local/share/:/usr/share/:/var/lib/snapd/desktop', 'PYTHONPATH': '/home/riser14/ros_ws/build/py_pubsub/prefix_override:/home/riser14/ros_ws/install/py_pubsub/lib/python3.10/site-packages:/home/riser14/ros_ws/install/py_pubsub/lib/python3.10/site-packages:/home/riser14/ros_ws/install/my_package/lib/python3.10/site-packages:/home/riser14/picture_ws/install/my_camera/lib/python3.10/site-packages:/opt/ros/humble/lib/python3.10/site-packages:/opt/ros/humble/local/lib/python3.10/dist-packages', 'COLCON': '1', 'VTE_VERSION': '6800', 'CMAKE_PREFIX_PATH': '/home/riser14/turtlebot3_ws/install/turtlebot3_simulations:/home/riser14/turtlebot3_ws/install/turtlebot3_gazebo:/home/riser14/turtlebot3_ws/install/turtlebot3_fake_node'}, 'shell': False}
[2.204575] (my_package) Command: {'cmd': ['/usr/bin/python3', 'setup.py', 'egg_info', '--egg-base', '../../build/my_package', 'build', '--build-base', '/home/riser14/ros_ws/build/my_package/build', 'install', '--record', '/home/riser14/ros_ws/build/my_package/install.log', '--single-version-externally-managed'], 'cwd': '/home/riser14/ros_ws/src/my_package', 'env': {'LANGUAGE': 'en_ZA:en', 'USER': 'riser14', 'XDG_SESSION_TYPE': 'wayland', 'SHLVL': '1', 'LD_LIBRARY_PATH': '/usr/lib/x86_64-linux-gnu/gazebo-11/plugins:/opt/ros/humble/opt/rviz_ogre_vendor/lib:/opt/ros/humble/lib/x86_64-linux-gnu:/opt/ros/humble/lib', 'HOME': '/home/riser14', 'OLDPWD': '/home/riser14', 'DESKTOP_SESSION': 'ubuntu', 'ROS_PYTHON_VERSION': '3', 'GNOME_SHELL_SESSION_MODE': 'ubuntu', 'GTK_MODULES': 'gail:atk-bridge', 'SYSTEMD_EXEC_PID': '7340', 'DBUS_SESSION_BUS_ADDRESS': 'unix:path=/run/user/1000/bus', 'COLORTERM': 'truecolor', 'IM_CONFIG_PHASE': '1', 'WAYLAND_DISPLAY': 'wayland-0', 'COLCON_PREFIX_PATH': '/home/riser14/turtlebot3_ws/install:/home/riser14/picture_ws/install:/home/riser14/ros_ws/install', 'ROS_DISTRO': 'humble', 'LOGNAME': 'riser14', '_': '/usr/bin/colcon', 'ROS_VERSION': '2', 'XDG_SESSION_CLASS': 'user', 'USERNAME': 'riser14', 'TERM': 'xterm-256color', 'GAZEBO_MODEL_PATH': ':/opt/ros/humble/share/turtlebot3_gazebo/models', 'GNOME_DESKTOP_SESSION_ID': 'this-is-deprecated', 'ROS_LOCALHOST_ONLY': '0', 'PATH': '/opt/ros/humble/bin:/usr/local/sbin:/usr/local/bin:/usr/sbin:/usr/bin:/sbin:/bin:/usr/games:/usr/local/games:/snap/bin:/snap/bin', 'SESSION_MANAGER': 'local/riser14-Inspiron-5559:@/tmp/.ICE-unix/1166,unix/riser14-Inspiron-5559:/tmp/.ICE-unix/1166', 'XDG_MENU_PREFIX': 'gnome-', 'GNOME_TERMINAL_SCREEN': '/org/gnome/Terminal/screen/6ecdf605_488a_483d_9cb5_aaa3d76b0570', 'GNOME_SETUP_DISPLAY': ':1', 'XDG_RUNTIME_DIR': '/run/user/1000', 'DISPLAY': ':0', 'LANG': 'en_US.UTF-8', 'XDG_CURRENT_DESKTOP': 'ubuntu:GNOME', 'RMW_IMPLEMENTATION': 'rmw_cyclonedds_cpp', 'XMODIFIERS': '@im=ibus', 'XDG_SESSION_DESKTOP': 'ubuntu', 'XAUTHORITY': '/run/user/1000/.mutter-Xwaylandauth.TF6RB2', 'GNOME_TERMINAL_SERVICE': ':1.111', 'SSH_AGENT_LAUNCHER': 'gnome-keyring', 'SSH_AUTH_SOCK': '/run/user/1000/keyring/ssh', 'AMENT_PREFIX_PATH': '/home/riser14/ros_ws/install/py_pubsub:/home/riser14/ros_ws/install/my_package:/home/riser14/turtlebot3_ws/install/turtlebot3_simulations:/home/riser14/turtlebot3_ws/install/turtlebot3_gazebo:/home/riser14/turtlebot3_ws/install/turtlebot3_fake_node:/home/riser14/picture_ws/install/my_camera:/opt/ros/humble', 'SHELL': '/bin/bash', 'QT_ACCESSIBILITY': '1', 'GDMSESSION': 'ubuntu', 'QT_IM_MODULE': 'ibus', 'PWD': '/home/riser14/ros_ws/build/my_package', 'TURTLEBOT3_MODEL': 'waffle', 'LC_ALL': 'en_US.UTF-8', 'XDG_CONFIG_DIRS': '/etc/xdg/xdg-ubuntu:/etc/xdg', 'XDG_DATA_DIRS': '/usr/share/ubuntu:/usr/local/share/:/usr/share/:/var/lib/snapd/desktop', 'PYTHONPATH': '/home/riser14/ros_ws/build/my_package/prefix_override:/home/riser14/ros_ws/install/my_package/lib/python3.10/site-packages:/home/riser14/ros_ws/install/py_pubsub/lib/python3.10/site-packages:/home/riser14/ros_ws/install/my_package/lib/python3.10/site-packages:/home/riser14/picture_ws/install/my_camera/lib/python3.10/site-packages:/opt/ros/humble/lib/python3.10/site-packages:/opt/ros/humble/local/lib/python3.10/dist-packages', 'COLCON': '1', 'VTE_VERSION': '6800', 'CMAKE_PREFIX_PATH': '/home/riser14/turtlebot3_ws/install/turtlebot3_simulations:/home/riser14/turtlebot3_ws/install/turtlebot3_gazebo:/home/riser14/turtlebot3_ws/install/turtlebot3_fake_node'}, 'shell': False}
[2.206436] (-) TimerEvent: {}
[2.306895] (-) TimerEvent: {}
[2.407275] (-) TimerEvent: {}
[2.507622] (-) TimerEvent: {}
[2.607954] (-) TimerEvent: {}
[2.708275] (-) TimerEvent: {}
[2.725867] (py_pubsub) StdoutLine: {'line': b'running egg_info\n'}
[2.726959] (py_pubsub) StdoutLine: {'line': b'writing ../../build/py_pubsub/py_pubsub.egg-info/PKG-INFO\n'}
[2.727245] (py_pubsub) StdoutLine: {'line': b'writing dependency_links to ../../build/py_pubsub/py_pubsub.egg-info/dependency_links.txt\n'}
[2.727574] (py_pubsub) StdoutLine: {'line': b'writing entry points to ../../build/py_pubsub/py_pubsub.egg-info/entry_points.txt\n'}
[2.727803] (py_pubsub) StdoutLine: {'line': b'writing requirements to ../../build/py_pubsub/py_pubsub.egg-info/requires.txt\n'}
[2.728005] (py_pubsub) StdoutLine: {'line': b'writing top-level names to ../../build/py_pubsub/py_pubsub.egg-info/top_level.txt\n'}
[2.808373] (-) TimerEvent: {}
[2.810903] (my_package) StdoutLine: {'line': b'running egg_info\n'}
[2.812051] (my_package) StdoutLine: {'line': b'writing ../../build/my_package/my_package.egg-info/PKG-INFO\n'}
[2.812365] (my_package) StdoutLine: {'line': b'writing dependency_links to ../../build/my_package/my_package.egg-info/dependency_links.txt\n'}
[2.812610] (my_package) StdoutLine: {'line': b'writing entry points to ../../build/my_package/my_package.egg-info/entry_points.txt\n'}
[2.812847] (my_package) StdoutLine: {'line': b'writing requirements to ../../build/my_package/my_package.egg-info/requires.txt\n'}
[2.813088] (my_package) StdoutLine: {'line': b'writing top-level names to ../../build/my_package/my_package.egg-info/top_level.txt\n'}
[2.823763] (py_pubsub) StderrLine: {'line': b"listing git files failed - pretending there aren't any\n"}
[2.885238] (my_package) StderrLine: {'line': b"listing git files failed - pretending there aren't any\n"}
[2.908487] (-) TimerEvent: {}
[2.994509] (py_pubsub) StdoutLine: {'line': b"reading manifest file '../../build/py_pubsub/py_pubsub.egg-info/SOURCES.txt'\n"}
[2.996313] (py_pubsub) StdoutLine: {'line': b"writing manifest file '../../build/py_pubsub/py_pubsub.egg-info/SOURCES.txt'\n"}
[2.996525] (py_pubsub) StdoutLine: {'line': b'running build\n'}
[2.996606] (py_pubsub) StdoutLine: {'line': b'running build_py\n'}
[2.997412] (py_pubsub) StdoutLine: {'line': b'copying py_pubsub/waypoint_follower.py -> /home/riser14/ros_ws/build/py_pubsub/build/lib/py_pubsub\n'}
[2.998467] (py_pubsub) StdoutLine: {'line': b'running install\n'}
[2.999211] (py_pubsub) StdoutLine: {'line': b'running install_lib\n'}
[3.000824] (py_pubsub) StdoutLine: {'line': b'copying /home/riser14/ros_ws/build/py_pubsub/build/lib/py_pubsub/waypoint_follower.py -> /home/riser14/ros_ws/install/py_pubsub/lib/python3.10/site-packages/py_pubsub\n'}
[3.002469] (py_pubsub) StdoutLine: {'line': b'byte-compiling /home/riser14/ros_ws/install/py_pubsub/lib/python3.10/site-packages/py_pubsub/waypoint_follower.py to waypoint_follower.cpython-310.pyc\n'}
[3.003956] (py_pubsub) StdoutLine: {'line': b'running install_data\n'}
[3.005042] (py_pubsub) StdoutLine: {'line': b'running install_egg_info\n'}
[3.006272] (py_pubsub) StdoutLine: {'line': b"removing '/home/riser14/ros_ws/install/py_pubsub/lib/python3.10/site-packages/py_pubsub-0.0.0-py3.10.egg-info' (and everything under it)\n"}
[3.006766] (py_pubsub) StdoutLine: {'line': b'Copying ../../build/py_pubsub/py_pubsub.egg-info to /home/riser14/ros_ws/install/py_pubsub/lib/python3.10/site-packages/py_pubsub-0.0.0-py3.10.egg-info\n'}
[3.008262] (py_pubsub) StdoutLine: {'line': b'running install_scripts\n'}
[3.008548] (-) TimerEvent: {}
[3.041908] (py_pubsub) StdoutLine: {'line': b'Installing camera_record script to /home/riser14/ros_ws/install/py_pubsub/lib/py_pubsub\n'}
[3.042235] (py_pubsub) StdoutLine: {'line': b'Installing capture script to /home/riser14/ros_ws/install/py_pubsub/lib/py_pubsub\n'}
[3.042537] (py_pubsub) StdoutLine: {'line': b'Installing compare_feature script to /home/riser14/ros_ws/install/py_pubsub/lib/py_pubsub\n'}
[3.042759] (py_pubsub) StdoutLine: {'line': b'Installing compare_mean_error script to /home/riser14/ros_ws/install/py_pubsub/lib/py_pubsub\n'}
[3.042976] (py_pubsub) StdoutLine: {'line': b'Installing control_mpc script to /home/riser14/ros_ws/install/py_pubsub/lib/py_pubsub\n'}
[3.043194] (py_pubsub) StdoutLine: {'line': b'Installing control_nmpc script to /home/riser14/ros_ws/install/py_pubsub/lib/py_pubsub\n'}
[3.043432] (py_pubsub) StdoutLine: {'line': b'Installing drift_measure script to /home/riser14/ros_ws/install/py_pubsub/lib/py_pubsub\n'}
[3.043633] (py_pubsub) StdoutLine: {'line': b'Installing follow script to /home/riser14/ros_ws/install/py_pubsub/lib/py_pubsub\n'}
[3.043817] (py_pubsub) StdoutLine: {'line': b'Installing full_record script to /home/riser14/ros_ws/install/py_pubsub/lib/py_pubsub\n'}
[3.043948] (py_pubsub) StdoutLine: {'line': b'Installing listener script to /home/riser14/ros_ws/install/py_pubsub/lib/py_pubsub\n'}
[3.044095] (py_pubsub) StdoutLine: {'line': b'Installing pid script to /home/riser14/ros_ws/install/py_pubsub/lib/py_pubsub\n'}
[3.044209] (py_pubsub) StdoutLine: {'line': b'Installing pose_sub script to /home/riser14/ros_ws/install/py_pubsub/lib/py_pubsub\n'}
[3.044852] (py_pubsub) StdoutLine: {'line': b"writing list of installed files to '/home/riser14/ros_ws/build/py_pubsub/install.log'\n"}
[3.057141] (my_package) StdoutLine: {'line': b"reading manifest file '../../build/my_package/my_package.egg-info/SOURCES.txt'\n"}
[3.058136] (my_package) StdoutLine: {'line': b"writing manifest file '../../build/my_package/my_package.egg-info/SOURCES.txt'\n"}
[3.058402] (my_package) StdoutLine: {'line': b'running build\n'}
[3.058529] (my_package) StdoutLine: {'line': b'running build_py\n'}
[3.058687] (my_package) StdoutLine: {'line': b'running install\n'}
[3.059275] (my_package) StdoutLine: {'line': b'running install_lib\n'}
[3.060865] (my_package) StdoutLine: {'line': b'running install_data\n'}
[3.061553] (my_package) StdoutLine: {'line': b'running install_egg_info\n'}
[3.062471] (my_package) StdoutLine: {'line': b"removing '/home/riser14/ros_ws/install/my_package/lib/python3.10/site-packages/my_package-0.0.0-py3.10.egg-info' (and everything under it)\n"}
[3.062939] (my_package) StdoutLine: {'line': b'Copying ../../build/my_package/my_package.egg-info to /home/riser14/ros_ws/install/my_package/lib/python3.10/site-packages/my_package-0.0.0-py3.10.egg-info\n'}
[3.064380] (my_package) StdoutLine: {'line': b'running install_scripts\n'}
[3.086797] (py_pubsub) CommandEnded: {'returncode': 0}
[3.088629] (my_package) StdoutLine: {'line': b'Installing my_node script to /home/riser14/ros_ws/install/my_package/lib/my_package\n'}
[3.089095] (my_package) StdoutLine: {'line': b"writing list of installed files to '/home/riser14/ros_ws/build/my_package/install.log'\n"}
[3.108918] (-) TimerEvent: {}
[3.180423] (py_pubsub) JobEnded: {'identifier': 'py_pubsub', 'rc': 0}
[3.181911] (my_package) CommandEnded: {'returncode': 0}
[3.209034] (-) TimerEvent: {}
[3.255192] (my_package) JobEnded: {'identifier': 'my_package', 'rc': 0}
[3.256323] (-) EventReactorShutdown: {}
